<?xml version="1.0" encoding="UTF-8"?>
<testsuite xmlns:xsi="http://www.w3.org/2001/XMLSchema-instance" xsi:noNamespaceSchemaLocation="https://maven.apache.org/surefire/maven-surefire-plugin/xsd/surefire-test-report-3.0.xsd" version="3.0" name="NameCheap.nameCheap.NameCheapApplicationTests" time="16.887" tests="1" errors="0" skipped="0" failures="0">
  <properties>
    <property name="java.specification.version" value="20"/>
    <property name="sun.cpu.isalist" value="amd64"/>
    <property name="sun.jnu.encoding" value="Cp1252"/>
    <property name="java.class.path" value="C:\Users\Admin\Documents\NetBeansProjects\aurora\target\test-classes;C:\Users\Admin\Documents\NetBeansProjects\aurora\target\classes;C:\Users\Admin\.m2\repository\org\springframework\boot\spring-boot-starter-data-jdbc\3.3.0\spring-boot-starter-data-jdbc-3.3.0.jar;C:\Users\Admin\.m2\repository\org\springframework\boot\spring-boot-starter-jdbc\3.3.0\spring-boot-starter-jdbc-3.3.0.jar;C:\Users\Admin\.m2\repository\com\zaxxer\HikariCP\5.1.0\HikariCP-5.1.0.jar;C:\Users\Admin\.m2\repository\org\springframework\data\spring-data-jdbc\3.3.0\spring-data-jdbc-3.3.0.jar;C:\Users\Admin\.m2\repository\org\springframework\data\spring-data-relational\3.3.0\spring-data-relational-3.3.0.jar;C:\Users\Admin\.m2\repository\com\github\jsqlparser\jsqlparser\4.6\jsqlparser-4.6.jar;C:\Users\Admin\.m2\repository\org\springframework\data\spring-data-commons\3.3.0\spring-data-commons-3.3.0.jar;C:\Users\Admin\.m2\repository\org\springframework\spring-tx\6.1.8\spring-tx-6.1.8.jar;C:\Users\Admin\.m2\repository\org\springframework\spring-context\6.1.8\spring-context-6.1.8.jar;C:\Users\Admin\.m2\repository\org\springframework\spring-beans\6.1.8\spring-beans-6.1.8.jar;C:\Users\Admin\.m2\repository\org\springframework\boot\spring-boot-starter-data-jpa\3.3.0\spring-boot-starter-data-jpa-3.3.0.jar;C:\Users\Admin\.m2\repository\org\springframework\boot\spring-boot-starter-aop\3.3.0\spring-boot-starter-aop-3.3.0.jar;C:\Users\Admin\.m2\repository\org\aspectj\aspectjweaver\1.9.22\aspectjweaver-1.9.22.jar;C:\Users\Admin\.m2\repository\org\hibernate\orm\hibernate-core\6.5.2.Final\hibernate-core-6.5.2.Final.jar;C:\Users\Admin\.m2\repository\jakarta\persistence\jakarta.persistence-api\3.1.0\jakarta.persistence-api-3.1.0.jar;C:\Users\Admin\.m2\repository\jakarta\transaction\jakarta.transaction-api\2.0.1\jakarta.transaction-api-2.0.1.jar;C:\Users\Admin\.m2\repository\org\jboss\logging\jboss-logging\3.5.3.Final\jboss-logging-3.5.3.Final.jar;C:\Users\Admin\.m2\repository\org\hibernate\common\hibernate-commons-annotations\6.0.6.Final\hibernate-commons-annotations-6.0.6.Final.jar;C:\Users\Admin\.m2\repository\io\smallrye\jandex\3.1.2\jandex-3.1.2.jar;C:\Users\Admin\.m2\repository\com\fasterxml\classmate\1.7.0\classmate-1.7.0.jar;C:\Users\Admin\.m2\repository\net\bytebuddy\byte-buddy\1.14.16\byte-buddy-1.14.16.jar;C:\Users\Admin\.m2\repository\org\glassfish\jaxb\jaxb-runtime\4.0.5\jaxb-runtime-4.0.5.jar;C:\Users\Admin\.m2\repository\org\glassfish\jaxb\jaxb-core\4.0.5\jaxb-core-4.0.5.jar;C:\Users\Admin\.m2\repository\org\glassfish\jaxb\txw2\4.0.5\txw2-4.0.5.jar;C:\Users\Admin\.m2\repository\com\sun\istack\istack-commons-runtime\4.1.2\istack-commons-runtime-4.1.2.jar;C:\Users\Admin\.m2\repository\jakarta\inject\jakarta.inject-api\2.0.1\jakarta.inject-api-2.0.1.jar;C:\Users\Admin\.m2\repository\org\antlr\antlr4-runtime\4.13.0\antlr4-runtime-4.13.0.jar;C:\Users\Admin\.m2\repository\org\springframework\data\spring-data-jpa\3.3.0\spring-data-jpa-3.3.0.jar;C:\Users\Admin\.m2\repository\jakarta\annotation\jakarta.annotation-api\2.1.1\jakarta.annotation-api-2.1.1.jar;C:\Users\Admin\.m2\repository\org\springframework\spring-aspects\6.1.8\spring-aspects-6.1.8.jar;C:\Users\Admin\.m2\repository\org\springframework\boot\spring-boot-starter-integration\3.3.0\spring-boot-starter-integration-3.3.0.jar;C:\Users\Admin\.m2\repository\org\springframework\integration\spring-integration-core\6.3.0\spring-integration-core-6.3.0.jar;C:\Users\Admin\.m2\repository\org\springframework\spring-messaging\6.1.8\spring-messaging-6.1.8.jar;C:\Users\Admin\.m2\repository\org\springframework\retry\spring-retry\2.0.6\spring-retry-2.0.6.jar;C:\Users\Admin\.m2\repository\io\micrometer\micrometer-observation\1.13.0\micrometer-observation-1.13.0.jar;C:\Users\Admin\.m2\repository\io\micrometer\micrometer-commons\1.13.0\micrometer-commons-1.13.0.jar;C:\Users\Admin\.m2\repository\org\springframework\boot\spring-boot-starter-mail\3.3.0\spring-boot-starter-mail-3.3.0.jar;C:\Users\Admin\.m2\repository\org\springframework\boot\spring-boot-starter\3.3.0\spring-boot-starter-3.3.0.jar;C:\Users\Admin\.m2\repository\org\springframework\boot\spring-boot\3.3.0\spring-boot-3.3.0.jar;C:\Users\Admin\.m2\repository\org\springframework\boot\spring-boot-autoconfigure\3.3.0\spring-boot-autoconfigure-3.3.0.jar;C:\Users\Admin\.m2\repository\org\springframework\boot\spring-boot-starter-logging\3.3.0\spring-boot-starter-logging-3.3.0.jar;C:\Users\Admin\.m2\repository\ch\qos\logback\logback-classic\1.5.6\logback-classic-1.5.6.jar;C:\Users\Admin\.m2\repository\ch\qos\logback\logback-core\1.5.6\logback-core-1.5.6.jar;C:\Users\Admin\.m2\repository\org\apache\logging\log4j\log4j-to-slf4j\2.23.1\log4j-to-slf4j-2.23.1.jar;C:\Users\Admin\.m2\repository\org\apache\logging\log4j\log4j-api\2.23.1\log4j-api-2.23.1.jar;C:\Users\Admin\.m2\repository\org\slf4j\jul-to-slf4j\2.0.13\jul-to-slf4j-2.0.13.jar;C:\Users\Admin\.m2\repository\org\yaml\snakeyaml\2.2\snakeyaml-2.2.jar;C:\Users\Admin\.m2\repository\org\springframework\spring-context-support\6.1.8\spring-context-support-6.1.8.jar;C:\Users\Admin\.m2\repository\org\eclipse\angus\jakarta.mail\2.0.3\jakarta.mail-2.0.3.jar;C:\Users\Admin\.m2\repository\jakarta\activation\jakarta.activation-api\2.1.3\jakarta.activation-api-2.1.3.jar;C:\Users\Admin\.m2\repository\org\eclipse\angus\angus-activation\2.0.2\angus-activation-2.0.2.jar;C:\Users\Admin\.m2\repository\org\springframework\boot\spring-boot-starter-security\3.3.0\spring-boot-starter-security-3.3.0.jar;C:\Users\Admin\.m2\repository\org\springframework\spring-aop\6.1.8\spring-aop-6.1.8.jar;C:\Users\Admin\.m2\repository\org\springframework\security\spring-security-config\6.3.0\spring-security-config-6.3.0.jar;C:\Users\Admin\.m2\repository\org\springframework\security\spring-security-web\6.3.0\spring-security-web-6.3.0.jar;C:\Users\Admin\.m2\repository\org\springframework\spring-expression\6.1.8\spring-expression-6.1.8.jar;C:\Users\Admin\.m2\repository\org\springframework\boot\spring-boot-starter-thymeleaf\3.3.0\spring-boot-starter-thymeleaf-3.3.0.jar;C:\Users\Admin\.m2\repository\org\thymeleaf\thymeleaf-spring6\3.1.2.RELEASE\thymeleaf-spring6-3.1.2.RELEASE.jar;C:\Users\Admin\.m2\repository\org\thymeleaf\thymeleaf\3.1.2.RELEASE\thymeleaf-3.1.2.RELEASE.jar;C:\Users\Admin\.m2\repository\org\attoparser\attoparser\2.0.7.RELEASE\attoparser-2.0.7.RELEASE.jar;C:\Users\Admin\.m2\repository\org\unbescape\unbescape\1.1.6.RELEASE\unbescape-1.1.6.RELEASE.jar;C:\Users\Admin\.m2\repository\org\springframework\boot\spring-boot-starter-web\3.3.0\spring-boot-starter-web-3.3.0.jar;C:\Users\Admin\.m2\repository\org\springframework\boot\spring-boot-starter-json\3.3.0\spring-boot-starter-json-3.3.0.jar;C:\Users\Admin\.m2\repository\com\fasterxml\jackson\core\jackson-databind\2.17.1\jackson-databind-2.17.1.jar;C:\Users\Admin\.m2\repository\com\fasterxml\jackson\core\jackson-annotations\2.17.1\jackson-annotations-2.17.1.jar;C:\Users\Admin\.m2\repository\com\fasterxml\jackson\core\jackson-core\2.17.1\jackson-core-2.17.1.jar;C:\Users\Admin\.m2\repository\com\fasterxml\jackson\datatype\jackson-datatype-jdk8\2.17.1\jackson-datatype-jdk8-2.17.1.jar;C:\Users\Admin\.m2\repository\com\fasterxml\jackson\datatype\jackson-datatype-jsr310\2.17.1\jackson-datatype-jsr310-2.17.1.jar;C:\Users\Admin\.m2\repository\com\fasterxml\jackson\module\jackson-module-parameter-names\2.17.1\jackson-module-parameter-names-2.17.1.jar;C:\Users\Admin\.m2\repository\org\springframework\boot\spring-boot-starter-tomcat\3.3.0\spring-boot-starter-tomcat-3.3.0.jar;C:\Users\Admin\.m2\repository\org\apache\tomcat\embed\tomcat-embed-core\10.1.24\tomcat-embed-core-10.1.24.jar;C:\Users\Admin\.m2\repository\org\apache\tomcat\embed\tomcat-embed-el\10.1.24\tomcat-embed-el-10.1.24.jar;C:\Users\Admin\.m2\repository\org\apache\tomcat\embed\tomcat-embed-websocket\10.1.24\tomcat-embed-websocket-10.1.24.jar;C:\Users\Admin\.m2\repository\org\springframework\spring-web\6.1.8\spring-web-6.1.8.jar;C:\Users\Admin\.m2\repository\org\springframework\spring-webmvc\6.1.8\spring-webmvc-6.1.8.jar;C:\Users\Admin\.m2\repository\org\springframework\boot\spring-boot-starter-webflux\3.3.0\spring-boot-starter-webflux-3.3.0.jar;C:\Users\Admin\.m2\repository\org\springframework\boot\spring-boot-starter-reactor-netty\3.3.0\spring-boot-starter-reactor-netty-3.3.0.jar;C:\Users\Admin\.m2\repository\io\projectreactor\netty\reactor-netty-http\1.1.19\reactor-netty-http-1.1.19.jar;C:\Users\Admin\.m2\repository\io\netty\netty-codec-http\4.1.110.Final\netty-codec-http-4.1.110.Final.jar;C:\Users\Admin\.m2\repository\io\netty\netty-common\4.1.110.Final\netty-common-4.1.110.Final.jar;C:\Users\Admin\.m2\repository\io\netty\netty-buffer\4.1.110.Final\netty-buffer-4.1.110.Final.jar;C:\Users\Admin\.m2\repository\io\netty\netty-transport\4.1.110.Final\netty-transport-4.1.110.Final.jar;C:\Users\Admin\.m2\repository\io\netty\netty-codec\4.1.110.Final\netty-codec-4.1.110.Final.jar;C:\Users\Admin\.m2\repository\io\netty\netty-handler\4.1.110.Final\netty-handler-4.1.110.Final.jar;C:\Users\Admin\.m2\repository\io\netty\netty-codec-http2\4.1.110.Final\netty-codec-http2-4.1.110.Final.jar;C:\Users\Admin\.m2\repository\io\netty\netty-resolver-dns\4.1.110.Final\netty-resolver-dns-4.1.110.Final.jar;C:\Users\Admin\.m2\repository\io\netty\netty-resolver\4.1.110.Final\netty-resolver-4.1.110.Final.jar;C:\Users\Admin\.m2\repository\io\netty\netty-codec-dns\4.1.110.Final\netty-codec-dns-4.1.110.Final.jar;C:\Users\Admin\.m2\repository\io\netty\netty-resolver-dns-native-macos\4.1.110.Final\netty-resolver-dns-native-macos-4.1.110.Final-osx-x86_64.jar;C:\Users\Admin\.m2\repository\io\netty\netty-resolver-dns-classes-macos\4.1.110.Final\netty-resolver-dns-classes-macos-4.1.110.Final.jar;C:\Users\Admin\.m2\repository\io\netty\netty-transport-native-epoll\4.1.110.Final\netty-transport-native-epoll-4.1.110.Final-linux-x86_64.jar;C:\Users\Admin\.m2\repository\io\netty\netty-transport-native-unix-common\4.1.110.Final\netty-transport-native-unix-common-4.1.110.Final.jar;C:\Users\Admin\.m2\repository\io\netty\netty-transport-classes-epoll\4.1.110.Final\netty-transport-classes-epoll-4.1.110.Final.jar;C:\Users\Admin\.m2\repository\io\projectreactor\netty\reactor-netty-core\1.1.19\reactor-netty-core-1.1.19.jar;C:\Users\Admin\.m2\repository\io\netty\netty-handler-proxy\4.1.110.Final\netty-handler-proxy-4.1.110.Final.jar;C:\Users\Admin\.m2\repository\io\netty\netty-codec-socks\4.1.110.Final\netty-codec-socks-4.1.110.Final.jar;C:\Users\Admin\.m2\repository\org\springframework\spring-webflux\6.1.8\spring-webflux-6.1.8.jar;C:\Users\Admin\.m2\repository\org\springframework\integration\spring-integration-http\6.3.0\spring-integration-http-6.3.0.jar;C:\Users\Admin\.m2\repository\org\springframework\integration\spring-integration-jdbc\6.3.0\spring-integration-jdbc-6.3.0.jar;C:\Users\Admin\.m2\repository\org\springframework\spring-jdbc\6.1.8\spring-jdbc-6.1.8.jar;C:\Users\Admin\.m2\repository\org\springframework\integration\spring-integration-jpa\6.3.0\spring-integration-jpa-6.3.0.jar;C:\Users\Admin\.m2\repository\org\springframework\spring-orm\6.1.8\spring-orm-6.1.8.jar;C:\Users\Admin\.m2\repository\org\springframework\integration\spring-integration-mail\6.3.0\spring-integration-mail-6.3.0.jar;C:\Users\Admin\.m2\repository\org\springframework\integration\spring-integration-webflux\6.3.0\spring-integration-webflux-6.3.0.jar;C:\Users\Admin\.m2\repository\org\thymeleaf\extras\thymeleaf-extras-springsecurity6\3.1.2.RELEASE\thymeleaf-extras-springsecurity6-3.1.2.RELEASE.jar;C:\Users\Admin\.m2\repository\org\slf4j\slf4j-api\2.0.13\slf4j-api-2.0.13.jar;C:\Users\Admin\.m2\repository\com\mysql\mysql-connector-j\8.3.0\mysql-connector-j-8.3.0.jar;C:\Users\Admin\.m2\repository\org\projectlombok\lombok\1.18.32\lombok-1.18.32.jar;C:\Users\Admin\.m2\repository\org\springframework\boot\spring-boot-starter-test\3.3.0\spring-boot-starter-test-3.3.0.jar;C:\Users\Admin\.m2\repository\org\springframework\boot\spring-boot-test\3.3.0\spring-boot-test-3.3.0.jar;C:\Users\Admin\.m2\repository\org\springframework\boot\spring-boot-test-autoconfigure\3.3.0\spring-boot-test-autoconfigure-3.3.0.jar;C:\Users\Admin\.m2\repository\com\jayway\jsonpath\json-path\2.9.0\json-path-2.9.0.jar;C:\Users\Admin\.m2\repository\jakarta\xml\bind\jakarta.xml.bind-api\4.0.2\jakarta.xml.bind-api-4.0.2.jar;C:\Users\Admin\.m2\repository\net\minidev\json-smart\2.5.1\json-smart-2.5.1.jar;C:\Users\Admin\.m2\repository\net\minidev\accessors-smart\2.5.1\accessors-smart-2.5.1.jar;C:\Users\Admin\.m2\repository\org\ow2\asm\asm\9.6\asm-9.6.jar;C:\Users\Admin\.m2\repository\org\assertj\assertj-core\3.25.3\assertj-core-3.25.3.jar;C:\Users\Admin\.m2\repository\org\awaitility\awaitility\4.2.1\awaitility-4.2.1.jar;C:\Users\Admin\.m2\repository\org\hamcrest\hamcrest\2.2\hamcrest-2.2.jar;C:\Users\Admin\.m2\repository\org\junit\jupiter\junit-jupiter\5.10.2\junit-jupiter-5.10.2.jar;C:\Users\Admin\.m2\repository\org\junit\jupiter\junit-jupiter-api\5.10.2\junit-jupiter-api-5.10.2.jar;C:\Users\Admin\.m2\repository\org\opentest4j\opentest4j\1.3.0\opentest4j-1.3.0.jar;C:\Users\Admin\.m2\repository\org\junit\platform\junit-platform-commons\1.10.2\junit-platform-commons-1.10.2.jar;C:\Users\Admin\.m2\repository\org\apiguardian\apiguardian-api\1.1.2\apiguardian-api-1.1.2.jar;C:\Users\Admin\.m2\repository\org\junit\jupiter\junit-jupiter-params\5.10.2\junit-jupiter-params-5.10.2.jar;C:\Users\Admin\.m2\repository\org\junit\jupiter\junit-jupiter-engine\5.10.2\junit-jupiter-engine-5.10.2.jar;C:\Users\Admin\.m2\repository\org\junit\platform\junit-platform-engine\1.10.2\junit-platform-engine-1.10.2.jar;C:\Users\Admin\.m2\repository\org\mockito\mockito-core\5.11.0\mockito-core-5.11.0.jar;C:\Users\Admin\.m2\repository\net\bytebuddy\byte-buddy-agent\1.14.16\byte-buddy-agent-1.14.16.jar;C:\Users\Admin\.m2\repository\org\objenesis\objenesis\3.3\objenesis-3.3.jar;C:\Users\Admin\.m2\repository\org\mockito\mockito-junit-jupiter\5.11.0\mockito-junit-jupiter-5.11.0.jar;C:\Users\Admin\.m2\repository\org\skyscreamer\jsonassert\1.5.1\jsonassert-1.5.1.jar;C:\Users\Admin\.m2\repository\com\vaadin\external\google\android-json\0.0.20131108.vaadin1\android-json-0.0.20131108.vaadin1.jar;C:\Users\Admin\.m2\repository\org\springframework\spring-core\6.1.8\spring-core-6.1.8.jar;C:\Users\Admin\.m2\repository\org\springframework\spring-jcl\6.1.8\spring-jcl-6.1.8.jar;C:\Users\Admin\.m2\repository\org\springframework\spring-test\6.1.8\spring-test-6.1.8.jar;C:\Users\Admin\.m2\repository\org\xmlunit\xmlunit-core\2.9.1\xmlunit-core-2.9.1.jar;C:\Users\Admin\.m2\repository\io\projectreactor\reactor-test\3.6.6\reactor-test-3.6.6.jar;C:\Users\Admin\.m2\repository\io\projectreactor\reactor-core\3.6.6\reactor-core-3.6.6.jar;C:\Users\Admin\.m2\repository\org\reactivestreams\reactive-streams\1.0.4\reactive-streams-1.0.4.jar;C:\Users\Admin\.m2\repository\org\springframework\integration\spring-integration-test\6.3.0\spring-integration-test-6.3.0.jar;C:\Users\Admin\.m2\repository\org\springframework\integration\spring-integration-test-support\6.3.0\spring-integration-test-support-6.3.0.jar;C:\Users\Admin\.m2\repository\org\hamcrest\hamcrest-library\2.2\hamcrest-library-2.2.jar;C:\Users\Admin\.m2\repository\org\hamcrest\hamcrest-core\2.2\hamcrest-core-2.2.jar;C:\Users\Admin\.m2\repository\org\springframework\security\spring-security-test\6.3.0\spring-security-test-6.3.0.jar;C:\Users\Admin\.m2\repository\org\springframework\security\spring-security-core\6.3.0\spring-security-core-6.3.0.jar;C:\Users\Admin\.m2\repository\org\springframework\security\spring-security-crypto\6.3.0\spring-security-crypto-6.3.0.jar;"/>
    <property name="java.vm.vendor" value="Oracle Corporation"/>
    <property name="sun.arch.data.model" value="64"/>
    <property name="user.variant" value=""/>
    <property name="DB_USERNAME" value="u949606062_admin2"/>
    <property name="java.vendor.url" value="https://java.oracle.com/"/>
    <property name="user.timezone" value="America/Bogota"/>
    <property name="org.jboss.logging.provider" value="slf4j"/>
    <property name="DB_ADD" value="jdbc:mysql://srv1069.hstgr.io:3306/u949606062_aurora?zeroDateTimeBehavior=CONVERT_TO_NULL"/>
    <property name="os.name" value="Windows 10"/>
    <property name="java.vm.specification.version" value="20"/>
    <property name="SV_PORT" value="1012"/>
    <property name="sun.java.launcher" value="SUN_STANDARD"/>
    <property name="user.country" value="US"/>
    <property name="sun.boot.library.path" value="C:\Program Files\Java\jdk-20\bin"/>
    <property name="sun.java.command" value="C:\Users\Admin\AppData\Local\Temp\surefire1729245672946685650\surefirebooter-20240723150412578_3.jar C:\Users\Admin\AppData\Local\Temp\surefire1729245672946685650 2024-07-23T15-04-12_427-jvmRun1 surefire-20240723150412578_1tmp surefire_0-20240723150412578_2tmp"/>
    <property name="jdk.debug" value="release"/>
    <property name="surefire.test.class.path" value="C:\Users\Admin\Documents\NetBeansProjects\aurora\target\test-classes;C:\Users\Admin\Documents\NetBeansProjects\aurora\target\classes;C:\Users\Admin\.m2\repository\org\springframework\boot\spring-boot-starter-data-jdbc\3.3.0\spring-boot-starter-data-jdbc-3.3.0.jar;C:\Users\Admin\.m2\repository\org\springframework\boot\spring-boot-starter-jdbc\3.3.0\spring-boot-starter-jdbc-3.3.0.jar;C:\Users\Admin\.m2\repository\com\zaxxer\HikariCP\5.1.0\HikariCP-5.1.0.jar;C:\Users\Admin\.m2\repository\org\springframework\data\spring-data-jdbc\3.3.0\spring-data-jdbc-3.3.0.jar;C:\Users\Admin\.m2\repository\org\springframework\data\spring-data-relational\3.3.0\spring-data-relational-3.3.0.jar;C:\Users\Admin\.m2\repository\com\github\jsqlparser\jsqlparser\4.6\jsqlparser-4.6.jar;C:\Users\Admin\.m2\repository\org\springframework\data\spring-data-commons\3.3.0\spring-data-commons-3.3.0.jar;C:\Users\Admin\.m2\repository\org\springframework\spring-tx\6.1.8\spring-tx-6.1.8.jar;C:\Users\Admin\.m2\repository\org\springframework\spring-context\6.1.8\spring-context-6.1.8.jar;C:\Users\Admin\.m2\repository\org\springframework\spring-beans\6.1.8\spring-beans-6.1.8.jar;C:\Users\Admin\.m2\repository\org\springframework\boot\spring-boot-starter-data-jpa\3.3.0\spring-boot-starter-data-jpa-3.3.0.jar;C:\Users\Admin\.m2\repository\org\springframework\boot\spring-boot-starter-aop\3.3.0\spring-boot-starter-aop-3.3.0.jar;C:\Users\Admin\.m2\repository\org\aspectj\aspectjweaver\1.9.22\aspectjweaver-1.9.22.jar;C:\Users\Admin\.m2\repository\org\hibernate\orm\hibernate-core\6.5.2.Final\hibernate-core-6.5.2.Final.jar;C:\Users\Admin\.m2\repository\jakarta\persistence\jakarta.persistence-api\3.1.0\jakarta.persistence-api-3.1.0.jar;C:\Users\Admin\.m2\repository\jakarta\transaction\jakarta.transaction-api\2.0.1\jakarta.transaction-api-2.0.1.jar;C:\Users\Admin\.m2\repository\org\jboss\logging\jboss-logging\3.5.3.Final\jboss-logging-3.5.3.Final.jar;C:\Users\Admin\.m2\repository\org\hibernate\common\hibernate-commons-annotations\6.0.6.Final\hibernate-commons-annotations-6.0.6.Final.jar;C:\Users\Admin\.m2\repository\io\smallrye\jandex\3.1.2\jandex-3.1.2.jar;C:\Users\Admin\.m2\repository\com\fasterxml\classmate\1.7.0\classmate-1.7.0.jar;C:\Users\Admin\.m2\repository\net\bytebuddy\byte-buddy\1.14.16\byte-buddy-1.14.16.jar;C:\Users\Admin\.m2\repository\org\glassfish\jaxb\jaxb-runtime\4.0.5\jaxb-runtime-4.0.5.jar;C:\Users\Admin\.m2\repository\org\glassfish\jaxb\jaxb-core\4.0.5\jaxb-core-4.0.5.jar;C:\Users\Admin\.m2\repository\org\glassfish\jaxb\txw2\4.0.5\txw2-4.0.5.jar;C:\Users\Admin\.m2\repository\com\sun\istack\istack-commons-runtime\4.1.2\istack-commons-runtime-4.1.2.jar;C:\Users\Admin\.m2\repository\jakarta\inject\jakarta.inject-api\2.0.1\jakarta.inject-api-2.0.1.jar;C:\Users\Admin\.m2\repository\org\antlr\antlr4-runtime\4.13.0\antlr4-runtime-4.13.0.jar;C:\Users\Admin\.m2\repository\org\springframework\data\spring-data-jpa\3.3.0\spring-data-jpa-3.3.0.jar;C:\Users\Admin\.m2\repository\jakarta\annotation\jakarta.annotation-api\2.1.1\jakarta.annotation-api-2.1.1.jar;C:\Users\Admin\.m2\repository\org\springframework\spring-aspects\6.1.8\spring-aspects-6.1.8.jar;C:\Users\Admin\.m2\repository\org\springframework\boot\spring-boot-starter-integration\3.3.0\spring-boot-starter-integration-3.3.0.jar;C:\Users\Admin\.m2\repository\org\springframework\integration\spring-integration-core\6.3.0\spring-integration-core-6.3.0.jar;C:\Users\Admin\.m2\repository\org\springframework\spring-messaging\6.1.8\spring-messaging-6.1.8.jar;C:\Users\Admin\.m2\repository\org\springframework\retry\spring-retry\2.0.6\spring-retry-2.0.6.jar;C:\Users\Admin\.m2\repository\io\micrometer\micrometer-observation\1.13.0\micrometer-observation-1.13.0.jar;C:\Users\Admin\.m2\repository\io\micrometer\micrometer-commons\1.13.0\micrometer-commons-1.13.0.jar;C:\Users\Admin\.m2\repository\org\springframework\boot\spring-boot-starter-mail\3.3.0\spring-boot-starter-mail-3.3.0.jar;C:\Users\Admin\.m2\repository\org\springframework\boot\spring-boot-starter\3.3.0\spring-boot-starter-3.3.0.jar;C:\Users\Admin\.m2\repository\org\springframework\boot\spring-boot\3.3.0\spring-boot-3.3.0.jar;C:\Users\Admin\.m2\repository\org\springframework\boot\spring-boot-autoconfigure\3.3.0\spring-boot-autoconfigure-3.3.0.jar;C:\Users\Admin\.m2\repository\org\springframework\boot\spring-boot-starter-logging\3.3.0\spring-boot-starter-logging-3.3.0.jar;C:\Users\Admin\.m2\repository\ch\qos\logback\logback-classic\1.5.6\logback-classic-1.5.6.jar;C:\Users\Admin\.m2\repository\ch\qos\logback\logback-core\1.5.6\logback-core-1.5.6.jar;C:\Users\Admin\.m2\repository\org\apache\logging\log4j\log4j-to-slf4j\2.23.1\log4j-to-slf4j-2.23.1.jar;C:\Users\Admin\.m2\repository\org\apache\logging\log4j\log4j-api\2.23.1\log4j-api-2.23.1.jar;C:\Users\Admin\.m2\repository\org\slf4j\jul-to-slf4j\2.0.13\jul-to-slf4j-2.0.13.jar;C:\Users\Admin\.m2\repository\org\yaml\snakeyaml\2.2\snakeyaml-2.2.jar;C:\Users\Admin\.m2\repository\org\springframework\spring-context-support\6.1.8\spring-context-support-6.1.8.jar;C:\Users\Admin\.m2\repository\org\eclipse\angus\jakarta.mail\2.0.3\jakarta.mail-2.0.3.jar;C:\Users\Admin\.m2\repository\jakarta\activation\jakarta.activation-api\2.1.3\jakarta.activation-api-2.1.3.jar;C:\Users\Admin\.m2\repository\org\eclipse\angus\angus-activation\2.0.2\angus-activation-2.0.2.jar;C:\Users\Admin\.m2\repository\org\springframework\boot\spring-boot-starter-security\3.3.0\spring-boot-starter-security-3.3.0.jar;C:\Users\Admin\.m2\repository\org\springframework\spring-aop\6.1.8\spring-aop-6.1.8.jar;C:\Users\Admin\.m2\repository\org\springframework\security\spring-security-config\6.3.0\spring-security-config-6.3.0.jar;C:\Users\Admin\.m2\repository\org\springframework\security\spring-security-web\6.3.0\spring-security-web-6.3.0.jar;C:\Users\Admin\.m2\repository\org\springframework\spring-expression\6.1.8\spring-expression-6.1.8.jar;C:\Users\Admin\.m2\repository\org\springframework\boot\spring-boot-starter-thymeleaf\3.3.0\spring-boot-starter-thymeleaf-3.3.0.jar;C:\Users\Admin\.m2\repository\org\thymeleaf\thymeleaf-spring6\3.1.2.RELEASE\thymeleaf-spring6-3.1.2.RELEASE.jar;C:\Users\Admin\.m2\repository\org\thymeleaf\thymeleaf\3.1.2.RELEASE\thymeleaf-3.1.2.RELEASE.jar;C:\Users\Admin\.m2\repository\org\attoparser\attoparser\2.0.7.RELEASE\attoparser-2.0.7.RELEASE.jar;C:\Users\Admin\.m2\repository\org\unbescape\unbescape\1.1.6.RELEASE\unbescape-1.1.6.RELEASE.jar;C:\Users\Admin\.m2\repository\org\springframework\boot\spring-boot-starter-web\3.3.0\spring-boot-starter-web-3.3.0.jar;C:\Users\Admin\.m2\repository\org\springframework\boot\spring-boot-starter-json\3.3.0\spring-boot-starter-json-3.3.0.jar;C:\Users\Admin\.m2\repository\com\fasterxml\jackson\core\jackson-databind\2.17.1\jackson-databind-2.17.1.jar;C:\Users\Admin\.m2\repository\com\fasterxml\jackson\core\jackson-annotations\2.17.1\jackson-annotations-2.17.1.jar;C:\Users\Admin\.m2\repository\com\fasterxml\jackson\core\jackson-core\2.17.1\jackson-core-2.17.1.jar;C:\Users\Admin\.m2\repository\com\fasterxml\jackson\datatype\jackson-datatype-jdk8\2.17.1\jackson-datatype-jdk8-2.17.1.jar;C:\Users\Admin\.m2\repository\com\fasterxml\jackson\datatype\jackson-datatype-jsr310\2.17.1\jackson-datatype-jsr310-2.17.1.jar;C:\Users\Admin\.m2\repository\com\fasterxml\jackson\module\jackson-module-parameter-names\2.17.1\jackson-module-parameter-names-2.17.1.jar;C:\Users\Admin\.m2\repository\org\springframework\boot\spring-boot-starter-tomcat\3.3.0\spring-boot-starter-tomcat-3.3.0.jar;C:\Users\Admin\.m2\repository\org\apache\tomcat\embed\tomcat-embed-core\10.1.24\tomcat-embed-core-10.1.24.jar;C:\Users\Admin\.m2\repository\org\apache\tomcat\embed\tomcat-embed-el\10.1.24\tomcat-embed-el-10.1.24.jar;C:\Users\Admin\.m2\repository\org\apache\tomcat\embed\tomcat-embed-websocket\10.1.24\tomcat-embed-websocket-10.1.24.jar;C:\Users\Admin\.m2\repository\org\springframework\spring-web\6.1.8\spring-web-6.1.8.jar;C:\Users\Admin\.m2\repository\org\springframework\spring-webmvc\6.1.8\spring-webmvc-6.1.8.jar;C:\Users\Admin\.m2\repository\org\springframework\boot\spring-boot-starter-webflux\3.3.0\spring-boot-starter-webflux-3.3.0.jar;C:\Users\Admin\.m2\repository\org\springframework\boot\spring-boot-starter-reactor-netty\3.3.0\spring-boot-starter-reactor-netty-3.3.0.jar;C:\Users\Admin\.m2\repository\io\projectreactor\netty\reactor-netty-http\1.1.19\reactor-netty-http-1.1.19.jar;C:\Users\Admin\.m2\repository\io\netty\netty-codec-http\4.1.110.Final\netty-codec-http-4.1.110.Final.jar;C:\Users\Admin\.m2\repository\io\netty\netty-common\4.1.110.Final\netty-common-4.1.110.Final.jar;C:\Users\Admin\.m2\repository\io\netty\netty-buffer\4.1.110.Final\netty-buffer-4.1.110.Final.jar;C:\Users\Admin\.m2\repository\io\netty\netty-transport\4.1.110.Final\netty-transport-4.1.110.Final.jar;C:\Users\Admin\.m2\repository\io\netty\netty-codec\4.1.110.Final\netty-codec-4.1.110.Final.jar;C:\Users\Admin\.m2\repository\io\netty\netty-handler\4.1.110.Final\netty-handler-4.1.110.Final.jar;C:\Users\Admin\.m2\repository\io\netty\netty-codec-http2\4.1.110.Final\netty-codec-http2-4.1.110.Final.jar;C:\Users\Admin\.m2\repository\io\netty\netty-resolver-dns\4.1.110.Final\netty-resolver-dns-4.1.110.Final.jar;C:\Users\Admin\.m2\repository\io\netty\netty-resolver\4.1.110.Final\netty-resolver-4.1.110.Final.jar;C:\Users\Admin\.m2\repository\io\netty\netty-codec-dns\4.1.110.Final\netty-codec-dns-4.1.110.Final.jar;C:\Users\Admin\.m2\repository\io\netty\netty-resolver-dns-native-macos\4.1.110.Final\netty-resolver-dns-native-macos-4.1.110.Final-osx-x86_64.jar;C:\Users\Admin\.m2\repository\io\netty\netty-resolver-dns-classes-macos\4.1.110.Final\netty-resolver-dns-classes-macos-4.1.110.Final.jar;C:\Users\Admin\.m2\repository\io\netty\netty-transport-native-epoll\4.1.110.Final\netty-transport-native-epoll-4.1.110.Final-linux-x86_64.jar;C:\Users\Admin\.m2\repository\io\netty\netty-transport-native-unix-common\4.1.110.Final\netty-transport-native-unix-common-4.1.110.Final.jar;C:\Users\Admin\.m2\repository\io\netty\netty-transport-classes-epoll\4.1.110.Final\netty-transport-classes-epoll-4.1.110.Final.jar;C:\Users\Admin\.m2\repository\io\projectreactor\netty\reactor-netty-core\1.1.19\reactor-netty-core-1.1.19.jar;C:\Users\Admin\.m2\repository\io\netty\netty-handler-proxy\4.1.110.Final\netty-handler-proxy-4.1.110.Final.jar;C:\Users\Admin\.m2\repository\io\netty\netty-codec-socks\4.1.110.Final\netty-codec-socks-4.1.110.Final.jar;C:\Users\Admin\.m2\repository\org\springframework\spring-webflux\6.1.8\spring-webflux-6.1.8.jar;C:\Users\Admin\.m2\repository\org\springframework\integration\spring-integration-http\6.3.0\spring-integration-http-6.3.0.jar;C:\Users\Admin\.m2\repository\org\springframework\integration\spring-integration-jdbc\6.3.0\spring-integration-jdbc-6.3.0.jar;C:\Users\Admin\.m2\repository\org\springframework\spring-jdbc\6.1.8\spring-jdbc-6.1.8.jar;C:\Users\Admin\.m2\repository\org\springframework\integration\spring-integration-jpa\6.3.0\spring-integration-jpa-6.3.0.jar;C:\Users\Admin\.m2\repository\org\springframework\spring-orm\6.1.8\spring-orm-6.1.8.jar;C:\Users\Admin\.m2\repository\org\springframework\integration\spring-integration-mail\6.3.0\spring-integration-mail-6.3.0.jar;C:\Users\Admin\.m2\repository\org\springframework\integration\spring-integration-webflux\6.3.0\spring-integration-webflux-6.3.0.jar;C:\Users\Admin\.m2\repository\org\thymeleaf\extras\thymeleaf-extras-springsecurity6\3.1.2.RELEASE\thymeleaf-extras-springsecurity6-3.1.2.RELEASE.jar;C:\Users\Admin\.m2\repository\org\slf4j\slf4j-api\2.0.13\slf4j-api-2.0.13.jar;C:\Users\Admin\.m2\repository\com\mysql\mysql-connector-j\8.3.0\mysql-connector-j-8.3.0.jar;C:\Users\Admin\.m2\repository\org\projectlombok\lombok\1.18.32\lombok-1.18.32.jar;C:\Users\Admin\.m2\repository\org\springframework\boot\spring-boot-starter-test\3.3.0\spring-boot-starter-test-3.3.0.jar;C:\Users\Admin\.m2\repository\org\springframework\boot\spring-boot-test\3.3.0\spring-boot-test-3.3.0.jar;C:\Users\Admin\.m2\repository\org\springframework\boot\spring-boot-test-autoconfigure\3.3.0\spring-boot-test-autoconfigure-3.3.0.jar;C:\Users\Admin\.m2\repository\com\jayway\jsonpath\json-path\2.9.0\json-path-2.9.0.jar;C:\Users\Admin\.m2\repository\jakarta\xml\bind\jakarta.xml.bind-api\4.0.2\jakarta.xml.bind-api-4.0.2.jar;C:\Users\Admin\.m2\repository\net\minidev\json-smart\2.5.1\json-smart-2.5.1.jar;C:\Users\Admin\.m2\repository\net\minidev\accessors-smart\2.5.1\accessors-smart-2.5.1.jar;C:\Users\Admin\.m2\repository\org\ow2\asm\asm\9.6\asm-9.6.jar;C:\Users\Admin\.m2\repository\org\assertj\assertj-core\3.25.3\assertj-core-3.25.3.jar;C:\Users\Admin\.m2\repository\org\awaitility\awaitility\4.2.1\awaitility-4.2.1.jar;C:\Users\Admin\.m2\repository\org\hamcrest\hamcrest\2.2\hamcrest-2.2.jar;C:\Users\Admin\.m2\repository\org\junit\jupiter\junit-jupiter\5.10.2\junit-jupiter-5.10.2.jar;C:\Users\Admin\.m2\repository\org\junit\jupiter\junit-jupiter-api\5.10.2\junit-jupiter-api-5.10.2.jar;C:\Users\Admin\.m2\repository\org\opentest4j\opentest4j\1.3.0\opentest4j-1.3.0.jar;C:\Users\Admin\.m2\repository\org\junit\platform\junit-platform-commons\1.10.2\junit-platform-commons-1.10.2.jar;C:\Users\Admin\.m2\repository\org\apiguardian\apiguardian-api\1.1.2\apiguardian-api-1.1.2.jar;C:\Users\Admin\.m2\repository\org\junit\jupiter\junit-jupiter-params\5.10.2\junit-jupiter-params-5.10.2.jar;C:\Users\Admin\.m2\repository\org\junit\jupiter\junit-jupiter-engine\5.10.2\junit-jupiter-engine-5.10.2.jar;C:\Users\Admin\.m2\repository\org\junit\platform\junit-platform-engine\1.10.2\junit-platform-engine-1.10.2.jar;C:\Users\Admin\.m2\repository\org\mockito\mockito-core\5.11.0\mockito-core-5.11.0.jar;C:\Users\Admin\.m2\repository\net\bytebuddy\byte-buddy-agent\1.14.16\byte-buddy-agent-1.14.16.jar;C:\Users\Admin\.m2\repository\org\objenesis\objenesis\3.3\objenesis-3.3.jar;C:\Users\Admin\.m2\repository\org\mockito\mockito-junit-jupiter\5.11.0\mockito-junit-jupiter-5.11.0.jar;C:\Users\Admin\.m2\repository\org\skyscreamer\jsonassert\1.5.1\jsonassert-1.5.1.jar;C:\Users\Admin\.m2\repository\com\vaadin\external\google\android-json\0.0.20131108.vaadin1\android-json-0.0.20131108.vaadin1.jar;C:\Users\Admin\.m2\repository\org\springframework\spring-core\6.1.8\spring-core-6.1.8.jar;C:\Users\Admin\.m2\repository\org\springframework\spring-jcl\6.1.8\spring-jcl-6.1.8.jar;C:\Users\Admin\.m2\repository\org\springframework\spring-test\6.1.8\spring-test-6.1.8.jar;C:\Users\Admin\.m2\repository\org\xmlunit\xmlunit-core\2.9.1\xmlunit-core-2.9.1.jar;C:\Users\Admin\.m2\repository\io\projectreactor\reactor-test\3.6.6\reactor-test-3.6.6.jar;C:\Users\Admin\.m2\repository\io\projectreactor\reactor-core\3.6.6\reactor-core-3.6.6.jar;C:\Users\Admin\.m2\repository\org\reactivestreams\reactive-streams\1.0.4\reactive-streams-1.0.4.jar;C:\Users\Admin\.m2\repository\org\springframework\integration\spring-integration-test\6.3.0\spring-integration-test-6.3.0.jar;C:\Users\Admin\.m2\repository\org\springframework\integration\spring-integration-test-support\6.3.0\spring-integration-test-support-6.3.0.jar;C:\Users\Admin\.m2\repository\org\hamcrest\hamcrest-library\2.2\hamcrest-library-2.2.jar;C:\Users\Admin\.m2\repository\org\hamcrest\hamcrest-core\2.2\hamcrest-core-2.2.jar;C:\Users\Admin\.m2\repository\org\springframework\security\spring-security-test\6.3.0\spring-security-test-6.3.0.jar;C:\Users\Admin\.m2\repository\org\springframework\security\spring-security-core\6.3.0\spring-security-core-6.3.0.jar;C:\Users\Admin\.m2\repository\org\springframework\security\spring-security-crypto\6.3.0\spring-security-crypto-6.3.0.jar;"/>
    <property name="sun.cpu.endian" value="little"/>
    <property name="user.home" value="C:\Users\Admin"/>
    <property name="user.language" value="en"/>
    <property name="java.specification.vendor" value="Oracle Corporation"/>
    <property name="J_MAIL" value="auroraSupport@auroramarblegranite.com"/>
    <property name="java.version.date" value="2023-04-18"/>
    <property name="java.home" value="C:\Program Files\Java\jdk-20"/>
    <property name="file.separator" value="\"/>
    <property name="basedir" value="C:\Users\Admin\Documents\NetBeansProjects\aurora"/>
    <property name="java.vm.compressedOopsMode" value="32-bit"/>
    <property name="J_MAIL_PASS" value="Supergamo123."/>
    <property name="line.separator" value="&#10;"/>
    <property name="java.vm.specification.vendor" value="Oracle Corporation"/>
    <property name="java.specification.name" value="Java Platform API Specification"/>
    <property name="FILE_LOG_CHARSET" value="UTF-8"/>
    <property name="java.awt.headless" value="true"/>
    <property name="surefire.real.class.path" value="C:\Users\Admin\AppData\Local\Temp\surefire1729245672946685650\surefirebooter-20240723150412578_3.jar"/>
    <property name="user.script" value=""/>
    <property name="sun.management.compiler" value="HotSpot 64-Bit Tiered Compilers"/>
    <property name="java.runtime.version" value="20.0.1+9-29"/>
    <property name="user.name" value="Admin"/>
    <property name="stdout.encoding" value="Cp1252"/>
    <property name="path.separator" value=";"/>
    <property name="os.version" value="10.0"/>
    <property name="java.runtime.name" value="Java(TM) SE Runtime Environment"/>
    <property name="file.encoding" value="UTF-8"/>
    <property name="java.vm.name" value="Java HotSpot(TM) 64-Bit Server VM"/>
    <property name="maven.ext.class.path" value="C:\Program Files\NetBeans-19\netbeans\java\maven-nblib\netbeans-eventspy.jar"/>
    <property name="localRepository" value="C:\Users\Admin\.m2\repository"/>
    <property name="java.vendor.url.bug" value="https://bugreport.java.com/bugreport/"/>
    <property name="java.io.tmpdir" value="C:\Users\Admin\AppData\Local\Temp\"/>
    <property name="java.version" value="20.0.1"/>
    <property name="user.dir" value="C:\Users\Admin\Documents\NetBeansProjects\aurora"/>
    <property name="os.arch" value="amd64"/>
    <property name="java.vm.specification.name" value="Java Virtual Machine Specification"/>
    <property name="PID" value="52024"/>
    <property name="sun.os.patch.level" value=""/>
    <property name="CONSOLE_LOG_CHARSET" value="UTF-8"/>
    <property name="native.encoding" value="Cp1252"/>
    <property name="java.library.path" value="C:\Program Files\Java\jdk-20\bin;C:\Windows\Sun\Java\bin;C:\Windows\system32;C:\Windows;C:\Program Files\Common Files\Oracle\Java\javapath;C:\Program Files (x86)\Common Files\Oracle\Java\javapath;C:\Windows\system32;C:\Windows;C:\Windows\System32\Wbem;C:\Windows\System32\WindowsPowerShell\v1.0\;C:\Windows\System32\OpenSSH\;C:\Program Files (x86)\IBM\Client Access\Emulator;C:\Program Files (x86)\IBM\Client Access\Shared;C:\Program Files (x86)\IBM\Client Access\;C:\Program Files\Java\apache-maven-3.9.5\bin;C:\Program Files\Java\jdk-20\bin;C:\Program Files\Java\jre-1.8\bin;C:\Program Files\Intel\WiFi\bin\;C:\Program Files\Common Files\Intel\WirelessCommon\;C:\Program Files\Git\cmd;;C:\Program Files\PuTTY\;C:\Program Files\Docker\Docker\resources\bin;C:\Program Files\Git LFS;C:\Users\Admin\AppData\Local\Microsoft\WindowsApps;C:\Program Files\Intel\WiFi\bin\;C:\Program Files\Common Files\Intel\WirelessCommon\;C:\Users\Admin\AppData\Local\Programs\Microsoft VS Code\bin;."/>
    <property name="java.vm.info" value="mixed mode, sharing"/>
    <property name="stderr.encoding" value="Cp1252"/>
    <property name="java.vendor" value="Oracle Corporation"/>
    <property name="java.vm.version" value="20.0.1+9-29"/>
    <property name="sun.io.unicode.encoding" value="UnicodeLittle"/>
    <property name="java.class.version" value="64.0"/>
    <property name="LOGGED_APPLICATION_NAME" value="[app_aurora] "/>
    <property name="DB_PASSWORD" value="Supergamo123."/>
  </properties>
  <testcase name="contextLoads" classname="NameCheap.nameCheap.NameCheapApplicationTests" time="0.453">
    <system-out><![CDATA[15:04:13.513 [main] INFO org.springframework.test.context.support.AnnotationConfigContextLoaderUtils -- Could not detect default configuration classes for test class [NameCheap.nameCheap.NameCheapApplicationTests]: NameCheapApplicationTests does not declare any static, non-private, non-final, nested classes annotated with @Configuration.
15:04:13.643 [main] INFO org.springframework.boot.test.context.SpringBootTestContextBootstrapper -- Found @SpringBootConfiguration NameCheap.nameCheap.NameCheapApplication for test class NameCheap.nameCheap.NameCheapApplicationTests
  .   ____          _            __ _ _
 /\\ / ___'_ __ _ _(_)_ __  __ _ \ \ \ \
( ( )\___ | '_ | '_| | '_ \/ _` | \ \ \ \
 \\/  ___)| |_)| | | | | || (_| |  ) ) ) )
  '  |____| .__|_| |_|_| |_\__, | / / / /
 =========|_|==============|___/=/_/_/_/

 :: Spring Boot ::                (v3.3.0)

2024-07-23T15:04:14.146-05:00  INFO 52024 --- [app_aurora] [           main] N.nameCheap.NameCheapApplicationTests    : Starting NameCheapApplicationTests using Java 20.0.1 with PID 52024 (started by Admin in C:\Users\Admin\Documents\NetBeansProjects\aurora)
2024-07-23T15:04:14.148-05:00  INFO 52024 --- [app_aurora] [           main] N.nameCheap.NameCheapApplicationTests    : No active profile set, falling back to 1 default profile: "default"
2024-07-23T15:04:14.148-05:00 DEBUG 52024 --- [app_aurora] [           main] o.s.boot.SpringApplication               : Loading source class NameCheap.nameCheap.NameCheapApplication
2024-07-23T15:04:14.183-05:00 DEBUG 52024 --- [app_aurora] [           main] o.s.w.c.s.GenericWebApplicationContext   : Refreshing org.springframework.web.context.support.GenericWebApplicationContext@6a175569
2024-07-23T15:04:14.555-05:00 DEBUG 52024 --- [app_aurora] [           main] ySourcesPropertyResolver$DefaultResolver : Found key 'DB_ADD' in PropertySource 'systemProperties' with value of type String
2024-07-23T15:04:14.864-05:00  INFO 52024 --- [app_aurora] [           main] .s.d.r.c.RepositoryConfigurationDelegate : Multiple Spring Data modules found, entering strict repository configuration mode
2024-07-23T15:04:14.864-05:00  INFO 52024 --- [app_aurora] [           main] .s.d.r.c.RepositoryConfigurationDelegate : Bootstrapping Spring Data JDBC repositories in DEFAULT mode.
2024-07-23T15:04:14.884-05:00 DEBUG 52024 --- [app_aurora] [           main] o.s.b.a.AutoConfigurationPackages        : @EnableAutoConfiguration was declared on a class in the package 'NameCheap.nameCheap'. Automatic @Repository and @Entity scanning is enabled.
2024-07-23T15:04:14.894-05:00  INFO 52024 --- [app_aurora] [           main] .RepositoryConfigurationExtensionSupport : Spring Data JDBC - Could not safely identify store assignment for repository candidate interface NameCheap.nameCheap.repositorios.ImagenRepositorio; If you want this repository to be a JDBC repository, consider annotating your entities with one of these annotations: org.springframework.data.relational.core.mapping.Table.
2024-07-23T15:04:14.894-05:00  INFO 52024 --- [app_aurora] [           main] .RepositoryConfigurationExtensionSupport : Spring Data JDBC - Could not safely identify store assignment for repository candidate interface NameCheap.nameCheap.repositorios.InformacionRepositorio; If you want this repository to be a JDBC repository, consider annotating your entities with one of these annotations: org.springframework.data.relational.core.mapping.Table.
2024-07-23T15:04:14.904-05:00  INFO 52024 --- [app_aurora] [           main] .RepositoryConfigurationExtensionSupport : Spring Data JDBC - Could not safely identify store assignment for repository candidate interface NameCheap.nameCheap.repositorios.PasswordResetTokenRepositorio; If you want this repository to be a JDBC repository, consider annotating your entities with one of these annotations: org.springframework.data.relational.core.mapping.Table.
2024-07-23T15:04:14.905-05:00  INFO 52024 --- [app_aurora] [           main] .RepositoryConfigurationExtensionSupport : Spring Data JDBC - Could not safely identify store assignment for repository candidate interface NameCheap.nameCheap.repositorios.RolRepositorio; If you want this repository to be a JDBC repository, consider annotating your entities with one of these annotations: org.springframework.data.relational.core.mapping.Table.
2024-07-23T15:04:14.906-05:00  INFO 52024 --- [app_aurora] [           main] .RepositoryConfigurationExtensionSupport : Spring Data JDBC - Could not safely identify store assignment for repository candidate interface NameCheap.nameCheap.repositorios.UsuarioRepositorio; If you want this repository to be a JDBC repository, consider annotating your entities with one of these annotations: org.springframework.data.relational.core.mapping.Table.
2024-07-23T15:04:14.906-05:00  INFO 52024 --- [app_aurora] [           main] .s.d.r.c.RepositoryConfigurationDelegate : Finished Spring Data repository scanning in 33 ms. Found 0 JDBC repository interfaces.
2024-07-23T15:04:14.914-05:00  INFO 52024 --- [app_aurora] [           main] .s.d.r.c.RepositoryConfigurationDelegate : Multiple Spring Data modules found, entering strict repository configuration mode
2024-07-23T15:04:14.914-05:00  INFO 52024 --- [app_aurora] [           main] .s.d.r.c.RepositoryConfigurationDelegate : Bootstrapping Spring Data JPA repositories in DEFAULT mode.
2024-07-23T15:04:15.034-05:00  INFO 52024 --- [app_aurora] [           main] .s.d.r.c.RepositoryConfigurationDelegate : Finished Spring Data repository scanning in 114 ms. Found 5 JPA repository interfaces.
2024-07-23T15:04:15.188-05:00  INFO 52024 --- [app_aurora] [           main] faultConfiguringBeanFactoryPostProcessor : No bean named 'errorChannel' has been explicitly defined. Therefore, a default PublishSubscribeChannel will be created.
2024-07-23T15:04:15.198-05:00  INFO 52024 --- [app_aurora] [           main] faultConfiguringBeanFactoryPostProcessor : No bean named 'integrationHeaderChannelRegistry' has been explicitly defined. Therefore, a default DefaultHeaderChannelRegistry will be created.
2024-07-23T15:04:15.514-05:00 DEBUG 52024 --- [app_aurora] [           main] ySourcesPropertyResolver$DefaultResolver : Found key 'DB_PASSWORD' in PropertySource 'systemProperties' with value of type String
2024-07-23T15:04:15.514-05:00 DEBUG 52024 --- [app_aurora] [           main] ySourcesPropertyResolver$DefaultResolver : Found key 'DB_ADD' in PropertySource 'systemProperties' with value of type String
2024-07-23T15:04:15.515-05:00 DEBUG 52024 --- [app_aurora] [           main] ySourcesPropertyResolver$DefaultResolver : Found key 'DB_USERNAME' in PropertySource 'systemProperties' with value of type String
2024-07-23T15:04:15.578-05:00  INFO 52024 --- [app_aurora] [           main] com.zaxxer.hikari.HikariDataSource       : aurora - Starting...
2024-07-23T15:04:17.967-05:00  INFO 52024 --- [app_aurora] [           main] com.zaxxer.hikari.pool.HikariPool        : aurora - Added connection com.mysql.cj.jdbc.ConnectionImpl@43588265
2024-07-23T15:04:17.969-05:00  INFO 52024 --- [app_aurora] [           main] com.zaxxer.hikari.HikariDataSource       : aurora - Start completed.
2024-07-23T15:04:18.061-05:00 DEBUG 52024 --- [app_aurora] [           main] o.hibernate.jpa.internal.util.LogHelper  : PersistenceUnitInfo [
	name: default
	persistence provider classname: null
	classloader: jdk.internal.loader.ClassLoaders$AppClassLoader@70dea4e
	excludeUnlistedClasses: true
	JTA datasource: null
	Non JTA datasource: HikariDataSource (aurora)
	Transaction type: RESOURCE_LOCAL
	PU root URL: file:/C:/Users/Admin/Documents/NetBeansProjects/aurora/target/test-classes/
	Shared Cache Mode: UNSPECIFIED
	Validation Mode: AUTO
	Jar files URLs []
	Managed classes names [
		NameCheap.nameCheap.entidades.Imagen
		NameCheap.nameCheap.entidades.Informacion
		NameCheap.nameCheap.entidades.PasswordResetToken
		NameCheap.nameCheap.entidades.Rol
		NameCheap.nameCheap.entidades.Usuario]
	Mapping files names []
	Properties []
2024-07-23T15:04:18.074-05:00 DEBUG 52024 --- [app_aurora] [           main] o.h.i.internal.IntegratorServiceImpl     : Adding Integrator [org.hibernate.boot.beanvalidation.BeanValidationIntegrator].
2024-07-23T15:04:18.076-05:00 DEBUG 52024 --- [app_aurora] [           main] o.h.i.internal.IntegratorServiceImpl     : Adding Integrator [org.hibernate.cache.internal.CollectionCacheInvalidator].
2024-07-23T15:04:18.121-05:00  INFO 52024 --- [app_aurora] [           main] org.hibernate.Version                    : HHH000412: Hibernate ORM core version 6.5.2.Final
2024-07-23T15:04:18.122-05:00 DEBUG 52024 --- [app_aurora] [           main] org.hibernate.cfg.Environment            : HHH000206: 'hibernate.properties' not found
2024-07-23T15:04:18.147-05:00 DEBUG 52024 --- [app_aurora] [           main] org.hibernate.orm.idgen.factory          : Registering IdentifierGenerator strategy [uuid2] -> [org.hibernate.id.UUIDGenerator]
2024-07-23T15:04:18.148-05:00 DEBUG 52024 --- [app_aurora] [           main] org.hibernate.orm.idgen.factory          : Registering IdentifierGenerator strategy [guid] -> [org.hibernate.id.GUIDGenerator]
2024-07-23T15:04:18.148-05:00 DEBUG 52024 --- [app_aurora] [           main] org.hibernate.orm.idgen.factory          : Registering IdentifierGenerator strategy [uuid] -> [org.hibernate.id.UUIDHexGenerator]
2024-07-23T15:04:18.149-05:00 DEBUG 52024 --- [app_aurora] [           main] org.hibernate.orm.idgen.factory          : Registering IdentifierGenerator strategy [uuid.hex] -> [org.hibernate.id.UUIDHexGenerator]
2024-07-23T15:04:18.149-05:00 DEBUG 52024 --- [app_aurora] [           main] org.hibernate.orm.idgen.factory          : Registering IdentifierGenerator strategy [assigned] -> [org.hibernate.id.Assigned]
2024-07-23T15:04:18.150-05:00 DEBUG 52024 --- [app_aurora] [           main] org.hibernate.orm.idgen.factory          : Registering IdentifierGenerator strategy [identity] -> [org.hibernate.id.IdentityGenerator]
2024-07-23T15:04:18.150-05:00 DEBUG 52024 --- [app_aurora] [           main] org.hibernate.orm.idgen.factory          : Registering IdentifierGenerator strategy [select] -> [org.hibernate.id.SelectGenerator]
2024-07-23T15:04:18.151-05:00 DEBUG 52024 --- [app_aurora] [           main] org.hibernate.orm.idgen.factory          : Registering IdentifierGenerator strategy [sequence] -> [org.hibernate.id.enhanced.SequenceStyleGenerator]
2024-07-23T15:04:18.152-05:00 DEBUG 52024 --- [app_aurora] [           main] org.hibernate.orm.idgen.factory          : Registering IdentifierGenerator strategy [increment] -> [org.hibernate.id.IncrementGenerator]
2024-07-23T15:04:18.152-05:00 DEBUG 52024 --- [app_aurora] [           main] org.hibernate.orm.idgen.factory          : Registering IdentifierGenerator strategy [foreign] -> [org.hibernate.id.ForeignGenerator]
2024-07-23T15:04:18.153-05:00 DEBUG 52024 --- [app_aurora] [           main] org.hibernate.orm.idgen.factory          : Registering IdentifierGenerator strategy [enhanced-sequence] -> [org.hibernate.id.enhanced.SequenceStyleGenerator]
2024-07-23T15:04:18.153-05:00 DEBUG 52024 --- [app_aurora] [           main] org.hibernate.orm.idgen.factory          : Registering IdentifierGenerator strategy [enhanced-table] -> [org.hibernate.id.enhanced.TableGenerator]
2024-07-23T15:04:18.160-05:00 DEBUG 52024 --- [app_aurora] [           main] o.h.c.internal.RegionFactoryInitiator    : Cannot default RegionFactory based on registered strategies as `[]` RegionFactory strategies were registered
2024-07-23T15:04:18.161-05:00  INFO 52024 --- [app_aurora] [           main] o.h.c.internal.RegionFactoryInitiator    : HHH000026: Second-level cache disabled
2024-07-23T15:04:18.246-05:00 DEBUG 52024 --- [app_aurora] [           main] org.hibernate.type.BasicTypeRegistry     : Adding type registration boolean -> org.hibernate.type.BasicTypeReference@64c95480
2024-07-23T15:04:18.246-05:00 DEBUG 52024 --- [app_aurora] [           main] org.hibernate.type.BasicTypeRegistry     : Adding type registration boolean -> org.hibernate.type.BasicTypeReference@64c95480
2024-07-23T15:04:18.246-05:00 DEBUG 52024 --- [app_aurora] [           main] org.hibernate.type.BasicTypeRegistry     : Adding type registration java.lang.Boolean -> org.hibernate.type.BasicTypeReference@64c95480
2024-07-23T15:04:18.246-05:00 DEBUG 52024 --- [app_aurora] [           main] org.hibernate.type.BasicTypeRegistry     : Adding type registration numeric_boolean -> org.hibernate.type.BasicTypeReference@69499c6f
2024-07-23T15:04:18.246-05:00 DEBUG 52024 --- [app_aurora] [           main] org.hibernate.type.BasicTypeRegistry     : Adding type registration org.hibernate.type.NumericBooleanConverter -> org.hibernate.type.BasicTypeReference@69499c6f
2024-07-23T15:04:18.246-05:00 DEBUG 52024 --- [app_aurora] [           main] org.hibernate.type.BasicTypeRegistry     : Adding type registration true_false -> org.hibernate.type.BasicTypeReference@3451fc88
2024-07-23T15:04:18.247-05:00 DEBUG 52024 --- [app_aurora] [           main] org.hibernate.type.BasicTypeRegistry     : Adding type registration org.hibernate.type.TrueFalseConverter -> org.hibernate.type.BasicTypeReference@3451fc88
2024-07-23T15:04:18.247-05:00 DEBUG 52024 --- [app_aurora] [           main] org.hibernate.type.BasicTypeRegistry     : Adding type registration yes_no -> org.hibernate.type.BasicTypeReference@1e0294a7
2024-07-23T15:04:18.247-05:00 DEBUG 52024 --- [app_aurora] [           main] org.hibernate.type.BasicTypeRegistry     : Adding type registration org.hibernate.type.YesNoConverter -> org.hibernate.type.BasicTypeReference@1e0294a7
2024-07-23T15:04:18.248-05:00 DEBUG 52024 --- [app_aurora] [           main] org.hibernate.type.BasicTypeRegistry     : Adding type registration byte -> org.hibernate.type.BasicTypeReference@3041beb3
2024-07-23T15:04:18.248-05:00 DEBUG 52024 --- [app_aurora] [           main] org.hibernate.type.BasicTypeRegistry     : Adding type registration byte -> org.hibernate.type.BasicTypeReference@3041beb3
2024-07-23T15:04:18.248-05:00 DEBUG 52024 --- [app_aurora] [           main] org.hibernate.type.BasicTypeRegistry     : Adding type registration java.lang.Byte -> org.hibernate.type.BasicTypeReference@3041beb3
2024-07-23T15:04:18.248-05:00 DEBUG 52024 --- [app_aurora] [           main] org.hibernate.type.BasicTypeRegistry     : Adding type registration binary -> org.hibernate.type.BasicTypeReference@15cee630
2024-07-23T15:04:18.248-05:00 DEBUG 52024 --- [app_aurora] [           main] org.hibernate.type.BasicTypeRegistry     : Adding type registration byte[] -> org.hibernate.type.BasicTypeReference@15cee630
2024-07-23T15:04:18.248-05:00 DEBUG 52024 --- [app_aurora] [           main] org.hibernate.type.BasicTypeRegistry     : Adding type registration [B -> org.hibernate.type.BasicTypeReference@15cee630
2024-07-23T15:04:18.248-05:00 DEBUG 52024 --- [app_aurora] [           main] org.hibernate.type.BasicTypeRegistry     : Adding type registration binary_wrapper -> org.hibernate.type.BasicTypeReference@2e40fdbd
2024-07-23T15:04:18.248-05:00 DEBUG 52024 --- [app_aurora] [           main] org.hibernate.type.BasicTypeRegistry     : Adding type registration wrapper-binary -> org.hibernate.type.BasicTypeReference@2e40fdbd
2024-07-23T15:04:18.248-05:00 DEBUG 52024 --- [app_aurora] [           main] org.hibernate.type.BasicTypeRegistry     : Adding type registration image -> org.hibernate.type.BasicTypeReference@246de37e
2024-07-23T15:04:18.248-05:00 DEBUG 52024 --- [app_aurora] [           main] org.hibernate.type.BasicTypeRegistry     : Adding type registration blob -> org.hibernate.type.BasicTypeReference@19647566
2024-07-23T15:04:18.248-05:00 DEBUG 52024 --- [app_aurora] [           main] org.hibernate.type.BasicTypeRegistry     : Adding type registration java.sql.Blob -> org.hibernate.type.BasicTypeReference@19647566
2024-07-23T15:04:18.248-05:00 DEBUG 52024 --- [app_aurora] [           main] org.hibernate.type.BasicTypeRegistry     : Adding type registration materialized_blob -> org.hibernate.type.BasicTypeReference@7b79ff1c
2024-07-23T15:04:18.248-05:00 DEBUG 52024 --- [app_aurora] [           main] org.hibernate.type.BasicTypeRegistry     : Adding type registration materialized_blob_wrapper -> org.hibernate.type.BasicTypeReference@527d48db
2024-07-23T15:04:18.248-05:00 DEBUG 52024 --- [app_aurora] [           main] org.hibernate.type.BasicTypeRegistry     : Adding type registration short -> org.hibernate.type.BasicTypeReference@194037f9
2024-07-23T15:04:18.248-05:00 DEBUG 52024 --- [app_aurora] [           main] org.hibernate.type.BasicTypeRegistry     : Adding type registration short -> org.hibernate.type.BasicTypeReference@194037f9
2024-07-23T15:04:18.248-05:00 DEBUG 52024 --- [app_aurora] [           main] org.hibernate.type.BasicTypeRegistry     : Adding type registration java.lang.Short -> org.hibernate.type.BasicTypeReference@194037f9
2024-07-23T15:04:18.248-05:00 DEBUG 52024 --- [app_aurora] [           main] org.hibernate.type.BasicTypeRegistry     : Adding type registration integer -> org.hibernate.type.BasicTypeReference@2335aef2
2024-07-23T15:04:18.248-05:00 DEBUG 52024 --- [app_aurora] [           main] org.hibernate.type.BasicTypeRegistry     : Adding type registration int -> org.hibernate.type.BasicTypeReference@2335aef2
2024-07-23T15:04:18.248-05:00 DEBUG 52024 --- [app_aurora] [           main] org.hibernate.type.BasicTypeRegistry     : Adding type registration java.lang.Integer -> org.hibernate.type.BasicTypeReference@2335aef2
2024-07-23T15:04:18.248-05:00 DEBUG 52024 --- [app_aurora] [           main] org.hibernate.type.BasicTypeRegistry     : Adding type registration long -> org.hibernate.type.BasicTypeReference@17003497
2024-07-23T15:04:18.248-05:00 DEBUG 52024 --- [app_aurora] [           main] org.hibernate.type.BasicTypeRegistry     : Adding type registration long -> org.hibernate.type.BasicTypeReference@17003497
2024-07-23T15:04:18.249-05:00 DEBUG 52024 --- [app_aurora] [           main] org.hibernate.type.BasicTypeRegistry     : Adding type registration java.lang.Long -> org.hibernate.type.BasicTypeReference@17003497
2024-07-23T15:04:18.249-05:00 DEBUG 52024 --- [app_aurora] [           main] org.hibernate.type.BasicTypeRegistry     : Adding type registration float -> org.hibernate.type.BasicTypeReference@2f038d3c
2024-07-23T15:04:18.249-05:00 DEBUG 52024 --- [app_aurora] [           main] org.hibernate.type.BasicTypeRegistry     : Adding type registration float -> org.hibernate.type.BasicTypeReference@2f038d3c
2024-07-23T15:04:18.249-05:00 DEBUG 52024 --- [app_aurora] [           main] org.hibernate.type.BasicTypeRegistry     : Adding type registration java.lang.Float -> org.hibernate.type.BasicTypeReference@2f038d3c
2024-07-23T15:04:18.249-05:00 DEBUG 52024 --- [app_aurora] [           main] org.hibernate.type.BasicTypeRegistry     : Adding type registration double -> org.hibernate.type.BasicTypeReference@376498da
2024-07-23T15:04:18.249-05:00 DEBUG 52024 --- [app_aurora] [           main] org.hibernate.type.BasicTypeRegistry     : Adding type registration double -> org.hibernate.type.BasicTypeReference@376498da
2024-07-23T15:04:18.249-05:00 DEBUG 52024 --- [app_aurora] [           main] org.hibernate.type.BasicTypeRegistry     : Adding type registration java.lang.Double -> org.hibernate.type.BasicTypeReference@376498da
2024-07-23T15:04:18.249-05:00 DEBUG 52024 --- [app_aurora] [           main] org.hibernate.type.BasicTypeRegistry     : Adding type registration big_integer -> org.hibernate.type.BasicTypeReference@39a8e2fa
2024-07-23T15:04:18.249-05:00 DEBUG 52024 --- [app_aurora] [           main] org.hibernate.type.BasicTypeRegistry     : Adding type registration java.math.BigInteger -> org.hibernate.type.BasicTypeReference@39a8e2fa
2024-07-23T15:04:18.249-05:00 DEBUG 52024 --- [app_aurora] [           main] org.hibernate.type.BasicTypeRegistry     : Adding type registration big_decimal -> org.hibernate.type.BasicTypeReference@2f9addd4
2024-07-23T15:04:18.249-05:00 DEBUG 52024 --- [app_aurora] [           main] org.hibernate.type.BasicTypeRegistry     : Adding type registration java.math.BigDecimal -> org.hibernate.type.BasicTypeReference@2f9addd4
2024-07-23T15:04:18.249-05:00 DEBUG 52024 --- [app_aurora] [           main] org.hibernate.type.BasicTypeRegistry     : Adding type registration character -> org.hibernate.type.BasicTypeReference@1c43df76
2024-07-23T15:04:18.249-05:00 DEBUG 52024 --- [app_aurora] [           main] org.hibernate.type.BasicTypeRegistry     : Adding type registration char -> org.hibernate.type.BasicTypeReference@1c43df76
2024-07-23T15:04:18.250-05:00 DEBUG 52024 --- [app_aurora] [           main] org.hibernate.type.BasicTypeRegistry     : Adding type registration java.lang.Character -> org.hibernate.type.BasicTypeReference@1c43df76
2024-07-23T15:04:18.250-05:00 DEBUG 52024 --- [app_aurora] [           main] org.hibernate.type.BasicTypeRegistry     : Adding type registration character_nchar -> org.hibernate.type.BasicTypeReference@ff2266c
2024-07-23T15:04:18.250-05:00 DEBUG 52024 --- [app_aurora] [           main] org.hibernate.type.BasicTypeRegistry     : Adding type registration string -> org.hibernate.type.BasicTypeReference@71b3ba5a
2024-07-23T15:04:18.250-05:00 DEBUG 52024 --- [app_aurora] [           main] org.hibernate.type.BasicTypeRegistry     : Adding type registration java.lang.String -> org.hibernate.type.BasicTypeReference@71b3ba5a
2024-07-23T15:04:18.250-05:00 DEBUG 52024 --- [app_aurora] [           main] org.hibernate.type.BasicTypeRegistry     : Adding type registration nstring -> org.hibernate.type.BasicTypeReference@83ebdc5
2024-07-23T15:04:18.250-05:00 DEBUG 52024 --- [app_aurora] [           main] org.hibernate.type.BasicTypeRegistry     : Adding type registration characters -> org.hibernate.type.BasicTypeReference@a047bdb
2024-07-23T15:04:18.250-05:00 DEBUG 52024 --- [app_aurora] [           main] org.hibernate.type.BasicTypeRegistry     : Adding type registration char[] -> org.hibernate.type.BasicTypeReference@a047bdb
2024-07-23T15:04:18.250-05:00 DEBUG 52024 --- [app_aurora] [           main] org.hibernate.type.BasicTypeRegistry     : Adding type registration [C -> org.hibernate.type.BasicTypeReference@a047bdb
2024-07-23T15:04:18.250-05:00 DEBUG 52024 --- [app_aurora] [           main] org.hibernate.type.BasicTypeRegistry     : Adding type registration wrapper-characters -> org.hibernate.type.BasicTypeReference@14dbfdb1
2024-07-23T15:04:18.250-05:00 DEBUG 52024 --- [app_aurora] [           main] org.hibernate.type.BasicTypeRegistry     : Adding type registration text -> org.hibernate.type.BasicTypeReference@7856f41a
2024-07-23T15:04:18.250-05:00 DEBUG 52024 --- [app_aurora] [           main] org.hibernate.type.BasicTypeRegistry     : Adding type registration ntext -> org.hibernate.type.BasicTypeReference@5fbae40
2024-07-23T15:04:18.250-05:00 DEBUG 52024 --- [app_aurora] [           main] org.hibernate.type.BasicTypeRegistry     : Adding type registration clob -> org.hibernate.type.BasicTypeReference@2c08c787
2024-07-23T15:04:18.250-05:00 DEBUG 52024 --- [app_aurora] [           main] org.hibernate.type.BasicTypeRegistry     : Adding type registration java.sql.Clob -> org.hibernate.type.BasicTypeReference@2c08c787
2024-07-23T15:04:18.250-05:00 DEBUG 52024 --- [app_aurora] [           main] org.hibernate.type.BasicTypeRegistry     : Adding type registration nclob -> org.hibernate.type.BasicTypeReference@67f591c2
2024-07-23T15:04:18.251-05:00 DEBUG 52024 --- [app_aurora] [           main] org.hibernate.type.BasicTypeRegistry     : Adding type registration java.sql.NClob -> org.hibernate.type.BasicTypeReference@67f591c2
2024-07-23T15:04:18.251-05:00 DEBUG 52024 --- [app_aurora] [           main] org.hibernate.type.BasicTypeRegistry     : Adding type registration materialized_clob -> org.hibernate.type.BasicTypeReference@284c4f02
2024-07-23T15:04:18.251-05:00 DEBUG 52024 --- [app_aurora] [           main] org.hibernate.type.BasicTypeRegistry     : Adding type registration materialized_clob_char_array -> org.hibernate.type.BasicTypeReference@709d6de5
2024-07-23T15:04:18.251-05:00 DEBUG 52024 --- [app_aurora] [           main] org.hibernate.type.BasicTypeRegistry     : Adding type registration materialized_clob_character_array -> org.hibernate.type.BasicTypeReference@1a43a88e
2024-07-23T15:04:18.251-05:00 DEBUG 52024 --- [app_aurora] [           main] org.hibernate.type.BasicTypeRegistry     : Adding type registration materialized_nclob -> org.hibernate.type.BasicTypeReference@51f34185
2024-07-23T15:04:18.251-05:00 DEBUG 52024 --- [app_aurora] [           main] org.hibernate.type.BasicTypeRegistry     : Adding type registration materialized_nclob_character_array -> org.hibernate.type.BasicTypeReference@1b8d20e6
2024-07-23T15:04:18.251-05:00 DEBUG 52024 --- [app_aurora] [           main] org.hibernate.type.BasicTypeRegistry     : Adding type registration materialized_nclob_char_array -> org.hibernate.type.BasicTypeReference@e49437
2024-07-23T15:04:18.251-05:00 DEBUG 52024 --- [app_aurora] [           main] org.hibernate.type.BasicTypeRegistry     : Adding type registration Duration -> org.hibernate.type.BasicTypeReference@7645b7d
2024-07-23T15:04:18.251-05:00 DEBUG 52024 --- [app_aurora] [           main] org.hibernate.type.BasicTypeRegistry     : Adding type registration java.time.Duration -> org.hibernate.type.BasicTypeReference@7645b7d
2024-07-23T15:04:18.251-05:00 DEBUG 52024 --- [app_aurora] [           main] org.hibernate.type.BasicTypeRegistry     : Adding type registration LocalDateTime -> org.hibernate.type.BasicTypeReference@4c50cd7d
2024-07-23T15:04:18.251-05:00 DEBUG 52024 --- [app_aurora] [           main] org.hibernate.type.BasicTypeRegistry     : Adding type registration java.time.LocalDateTime -> org.hibernate.type.BasicTypeReference@4c50cd7d
2024-07-23T15:04:18.251-05:00 DEBUG 52024 --- [app_aurora] [           main] org.hibernate.type.BasicTypeRegistry     : Adding type registration LocalDate -> org.hibernate.type.BasicTypeReference@3ea84e01
2024-07-23T15:04:18.251-05:00 DEBUG 52024 --- [app_aurora] [           main] org.hibernate.type.BasicTypeRegistry     : Adding type registration java.time.LocalDate -> org.hibernate.type.BasicTypeReference@3ea84e01
2024-07-23T15:04:18.251-05:00 DEBUG 52024 --- [app_aurora] [           main] org.hibernate.type.BasicTypeRegistry     : Adding type registration LocalTime -> org.hibernate.type.BasicTypeReference@1a4930cf
2024-07-23T15:04:18.252-05:00 DEBUG 52024 --- [app_aurora] [           main] org.hibernate.type.BasicTypeRegistry     : Adding type registration java.time.LocalTime -> org.hibernate.type.BasicTypeReference@1a4930cf
2024-07-23T15:04:18.252-05:00 DEBUG 52024 --- [app_aurora] [           main] org.hibernate.type.BasicTypeRegistry     : Adding type registration OffsetDateTime -> org.hibernate.type.BasicTypeReference@3fd33f48
2024-07-23T15:04:18.252-05:00 DEBUG 52024 --- [app_aurora] [           main] org.hibernate.type.BasicTypeRegistry     : Adding type registration java.time.OffsetDateTime -> org.hibernate.type.BasicTypeReference@3fd33f48
2024-07-23T15:04:18.252-05:00 DEBUG 52024 --- [app_aurora] [           main] org.hibernate.type.BasicTypeRegistry     : Adding type registration OffsetDateTimeWithTimezone -> org.hibernate.type.BasicTypeReference@75a226ea
2024-07-23T15:04:18.252-05:00 DEBUG 52024 --- [app_aurora] [           main] org.hibernate.type.BasicTypeRegistry     : Adding type registration OffsetDateTimeWithoutTimezone -> org.hibernate.type.BasicTypeReference@986b619
2024-07-23T15:04:18.252-05:00 DEBUG 52024 --- [app_aurora] [           main] org.hibernate.type.BasicTypeRegistry     : Adding type registration OffsetTime -> org.hibernate.type.BasicTypeReference@5a1a20ae
2024-07-23T15:04:18.252-05:00 DEBUG 52024 --- [app_aurora] [           main] org.hibernate.type.BasicTypeRegistry     : Adding type registration java.time.OffsetTime -> org.hibernate.type.BasicTypeReference@5a1a20ae
2024-07-23T15:04:18.252-05:00 DEBUG 52024 --- [app_aurora] [           main] org.hibernate.type.BasicTypeRegistry     : Adding type registration OffsetTimeUtc -> org.hibernate.type.BasicTypeReference@7c956dda
2024-07-23T15:04:18.252-05:00 DEBUG 52024 --- [app_aurora] [           main] org.hibernate.type.BasicTypeRegistry     : Adding type registration OffsetTimeWithTimezone -> org.hibernate.type.BasicTypeReference@186481d4
2024-07-23T15:04:18.252-05:00 DEBUG 52024 --- [app_aurora] [           main] org.hibernate.type.BasicTypeRegistry     : Adding type registration OffsetTimeWithoutTimezone -> org.hibernate.type.BasicTypeReference@24eecabf
2024-07-23T15:04:18.252-05:00 DEBUG 52024 --- [app_aurora] [           main] org.hibernate.type.BasicTypeRegistry     : Adding type registration ZonedDateTime -> org.hibernate.type.BasicTypeReference@2ffa91dc
2024-07-23T15:04:18.252-05:00 DEBUG 52024 --- [app_aurora] [           main] org.hibernate.type.BasicTypeRegistry     : Adding type registration java.time.ZonedDateTime -> org.hibernate.type.BasicTypeReference@2ffa91dc
2024-07-23T15:04:18.252-05:00 DEBUG 52024 --- [app_aurora] [           main] org.hibernate.type.BasicTypeRegistry     : Adding type registration ZonedDateTimeWithTimezone -> org.hibernate.type.BasicTypeReference@78d6c244
2024-07-23T15:04:18.252-05:00 DEBUG 52024 --- [app_aurora] [           main] org.hibernate.type.BasicTypeRegistry     : Adding type registration ZonedDateTimeWithoutTimezone -> org.hibernate.type.BasicTypeReference@448086ab
2024-07-23T15:04:18.252-05:00 DEBUG 52024 --- [app_aurora] [           main] org.hibernate.type.BasicTypeRegistry     : Adding type registration date -> org.hibernate.type.BasicTypeReference@16e907b6
2024-07-23T15:04:18.252-05:00 DEBUG 52024 --- [app_aurora] [           main] org.hibernate.type.BasicTypeRegistry     : Adding type registration java.sql.Date -> org.hibernate.type.BasicTypeReference@16e907b6
2024-07-23T15:04:18.252-05:00 DEBUG 52024 --- [app_aurora] [           main] org.hibernate.type.BasicTypeRegistry     : Adding type registration time -> org.hibernate.type.BasicTypeReference@6de610c6
2024-07-23T15:04:18.253-05:00 DEBUG 52024 --- [app_aurora] [           main] org.hibernate.type.BasicTypeRegistry     : Adding type registration java.sql.Time -> org.hibernate.type.BasicTypeReference@6de610c6
2024-07-23T15:04:18.253-05:00 DEBUG 52024 --- [app_aurora] [           main] org.hibernate.type.BasicTypeRegistry     : Adding type registration timestamp -> org.hibernate.type.BasicTypeReference@23ec2bdc
2024-07-23T15:04:18.253-05:00 DEBUG 52024 --- [app_aurora] [           main] org.hibernate.type.BasicTypeRegistry     : Adding type registration java.sql.Timestamp -> org.hibernate.type.BasicTypeReference@23ec2bdc
2024-07-23T15:04:18.253-05:00 DEBUG 52024 --- [app_aurora] [           main] org.hibernate.type.BasicTypeRegistry     : Adding type registration java.util.Date -> org.hibernate.type.BasicTypeReference@23ec2bdc
2024-07-23T15:04:18.253-05:00 DEBUG 52024 --- [app_aurora] [           main] org.hibernate.type.BasicTypeRegistry     : Adding type registration calendar -> org.hibernate.type.BasicTypeReference@631944d4
2024-07-23T15:04:18.253-05:00 DEBUG 52024 --- [app_aurora] [           main] org.hibernate.type.BasicTypeRegistry     : Adding type registration java.util.Calendar -> org.hibernate.type.BasicTypeReference@631944d4
2024-07-23T15:04:18.253-05:00 DEBUG 52024 --- [app_aurora] [           main] org.hibernate.type.BasicTypeRegistry     : Adding type registration java.util.GregorianCalendar -> org.hibernate.type.BasicTypeReference@631944d4
2024-07-23T15:04:18.253-05:00 DEBUG 52024 --- [app_aurora] [           main] org.hibernate.type.BasicTypeRegistry     : Adding type registration calendar_date -> org.hibernate.type.BasicTypeReference@3d132bb6
2024-07-23T15:04:18.253-05:00 DEBUG 52024 --- [app_aurora] [           main] org.hibernate.type.BasicTypeRegistry     : Adding type registration calendar_time -> org.hibernate.type.BasicTypeReference@60ae7cf2
2024-07-23T15:04:18.253-05:00 DEBUG 52024 --- [app_aurora] [           main] org.hibernate.type.BasicTypeRegistry     : Adding type registration instant -> org.hibernate.type.BasicTypeReference@225e09f0
2024-07-23T15:04:18.253-05:00 DEBUG 52024 --- [app_aurora] [           main] org.hibernate.type.BasicTypeRegistry     : Adding type registration java.time.Instant -> org.hibernate.type.BasicTypeReference@225e09f0
2024-07-23T15:04:18.253-05:00 DEBUG 52024 --- [app_aurora] [           main] org.hibernate.type.BasicTypeRegistry     : Adding type registration uuid -> org.hibernate.type.BasicTypeReference@bc8d68b
2024-07-23T15:04:18.253-05:00 DEBUG 52024 --- [app_aurora] [           main] org.hibernate.type.BasicTypeRegistry     : Adding type registration java.util.UUID -> org.hibernate.type.BasicTypeReference@bc8d68b
2024-07-23T15:04:18.253-05:00 DEBUG 52024 --- [app_aurora] [           main] org.hibernate.type.BasicTypeRegistry     : Adding type registration pg-uuid -> org.hibernate.type.BasicTypeReference@bc8d68b
2024-07-23T15:04:18.253-05:00 DEBUG 52024 --- [app_aurora] [           main] org.hibernate.type.BasicTypeRegistry     : Adding type registration uuid-binary -> org.hibernate.type.BasicTypeReference@2fa212df
2024-07-23T15:04:18.253-05:00 DEBUG 52024 --- [app_aurora] [           main] org.hibernate.type.BasicTypeRegistry     : Adding type registration uuid-char -> org.hibernate.type.BasicTypeReference@3cf8a235
2024-07-23T15:04:18.253-05:00 DEBUG 52024 --- [app_aurora] [           main] org.hibernate.type.BasicTypeRegistry     : Adding type registration class -> org.hibernate.type.BasicTypeReference@6e3b2dd3
2024-07-23T15:04:18.253-05:00 DEBUG 52024 --- [app_aurora] [           main] org.hibernate.type.BasicTypeRegistry     : Adding type registration java.lang.Class -> org.hibernate.type.BasicTypeReference@6e3b2dd3
2024-07-23T15:04:18.253-05:00 DEBUG 52024 --- [app_aurora] [           main] org.hibernate.type.BasicTypeRegistry     : Adding type registration currency -> org.hibernate.type.BasicTypeReference@238ad211
2024-07-23T15:04:18.254-05:00 DEBUG 52024 --- [app_aurora] [           main] org.hibernate.type.BasicTypeRegistry     : Adding type registration Currency -> org.hibernate.type.BasicTypeReference@238ad211
2024-07-23T15:04:18.254-05:00 DEBUG 52024 --- [app_aurora] [           main] org.hibernate.type.BasicTypeRegistry     : Adding type registration java.util.Currency -> org.hibernate.type.BasicTypeReference@238ad211
2024-07-23T15:04:18.254-05:00 DEBUG 52024 --- [app_aurora] [           main] org.hibernate.type.BasicTypeRegistry     : Adding type registration locale -> org.hibernate.type.BasicTypeReference@6591f8ea
2024-07-23T15:04:18.254-05:00 DEBUG 52024 --- [app_aurora] [           main] org.hibernate.type.BasicTypeRegistry     : Adding type registration java.util.Locale -> org.hibernate.type.BasicTypeReference@6591f8ea
2024-07-23T15:04:18.254-05:00 DEBUG 52024 --- [app_aurora] [           main] org.hibernate.type.BasicTypeRegistry     : Adding type registration serializable -> org.hibernate.type.BasicTypeReference@5273143e
2024-07-23T15:04:18.254-05:00 DEBUG 52024 --- [app_aurora] [           main] org.hibernate.type.BasicTypeRegistry     : Adding type registration java.io.Serializable -> org.hibernate.type.BasicTypeReference@5273143e
2024-07-23T15:04:18.254-05:00 DEBUG 52024 --- [app_aurora] [           main] org.hibernate.type.BasicTypeRegistry     : Adding type registration timezone -> org.hibernate.type.BasicTypeReference@279c4e3b
2024-07-23T15:04:18.254-05:00 DEBUG 52024 --- [app_aurora] [           main] org.hibernate.type.BasicTypeRegistry     : Adding type registration java.util.TimeZone -> org.hibernate.type.BasicTypeReference@279c4e3b
2024-07-23T15:04:18.254-05:00 DEBUG 52024 --- [app_aurora] [           main] org.hibernate.type.BasicTypeRegistry     : Adding type registration ZoneOffset -> org.hibernate.type.BasicTypeReference@334b392d
2024-07-23T15:04:18.254-05:00 DEBUG 52024 --- [app_aurora] [           main] org.hibernate.type.BasicTypeRegistry     : Adding type registration java.time.ZoneOffset -> org.hibernate.type.BasicTypeReference@334b392d
2024-07-23T15:04:18.255-05:00 DEBUG 52024 --- [app_aurora] [           main] org.hibernate.type.BasicTypeRegistry     : Adding type registration url -> org.hibernate.type.BasicTypeReference@59f7c106
2024-07-23T15:04:18.255-05:00 DEBUG 52024 --- [app_aurora] [           main] org.hibernate.type.BasicTypeRegistry     : Adding type registration java.net.URL -> org.hibernate.type.BasicTypeReference@59f7c106
2024-07-23T15:04:18.255-05:00 DEBUG 52024 --- [app_aurora] [           main] org.hibernate.type.BasicTypeRegistry     : Adding type registration vector -> org.hibernate.type.BasicTypeReference@136fece2
2024-07-23T15:04:18.255-05:00 DEBUG 52024 --- [app_aurora] [           main] org.hibernate.type.BasicTypeRegistry     : Adding type registration row_version -> org.hibernate.type.BasicTypeReference@56478522
2024-07-23T15:04:18.260-05:00 DEBUG 52024 --- [app_aurora] [           main] org.hibernate.type.BasicTypeRegistry     : Adding type registration object -> org.hibernate.type.JavaObjectType@627acb38
2024-07-23T15:04:18.260-05:00 DEBUG 52024 --- [app_aurora] [           main] org.hibernate.type.BasicTypeRegistry     : Adding type registration java.lang.Object -> org.hibernate.type.JavaObjectType@627acb38
2024-07-23T15:04:18.261-05:00 DEBUG 52024 --- [app_aurora] [           main] org.hibernate.type.BasicTypeRegistry     : Adding type registration null -> org.hibernate.type.NullType@7d126083
2024-07-23T15:04:18.261-05:00 DEBUG 52024 --- [app_aurora] [           main] org.hibernate.type.BasicTypeRegistry     : Adding type registration imm_date -> org.hibernate.type.BasicTypeReference@76ffc17c
2024-07-23T15:04:18.261-05:00 DEBUG 52024 --- [app_aurora] [           main] org.hibernate.type.BasicTypeRegistry     : Adding type registration imm_time -> org.hibernate.type.BasicTypeReference@3a8fb023
2024-07-23T15:04:18.261-05:00 DEBUG 52024 --- [app_aurora] [           main] org.hibernate.type.BasicTypeRegistry     : Adding type registration imm_timestamp -> org.hibernate.type.BasicTypeReference@26d73519
2024-07-23T15:04:18.261-05:00 DEBUG 52024 --- [app_aurora] [           main] org.hibernate.type.BasicTypeRegistry     : Adding type registration imm_calendar -> org.hibernate.type.BasicTypeReference@48af5f38
2024-07-23T15:04:18.261-05:00 DEBUG 52024 --- [app_aurora] [           main] org.hibernate.type.BasicTypeRegistry     : Adding type registration imm_calendar_date -> org.hibernate.type.BasicTypeReference@40538370
2024-07-23T15:04:18.261-05:00 DEBUG 52024 --- [app_aurora] [           main] org.hibernate.type.BasicTypeRegistry     : Adding type registration imm_calendar_time -> org.hibernate.type.BasicTypeReference@71a2df1
2024-07-23T15:04:18.262-05:00 DEBUG 52024 --- [app_aurora] [           main] org.hibernate.type.BasicTypeRegistry     : Adding type registration imm_binary -> org.hibernate.type.BasicTypeReference@18faaff6
2024-07-23T15:04:18.262-05:00 DEBUG 52024 --- [app_aurora] [           main] org.hibernate.type.BasicTypeRegistry     : Adding type registration imm_serializable -> org.hibernate.type.BasicTypeReference@2a9e754e
2024-07-23T15:04:18.267-05:00 DEBUG 52024 --- [app_aurora] [           main] o.h.boot.internal.BootstrapContextImpl   : Injecting JPA temp ClassLoader [org.springframework.instrument.classloading.SimpleThrowawayClassLoader@7573c7b5] into BootstrapContext; was [null]
2024-07-23T15:04:18.267-05:00 DEBUG 52024 --- [app_aurora] [           main] o.h.boot.internal.ClassLoaderAccessImpl  : ClassLoaderAccessImpl#injectTempClassLoader(org.springframework.instrument.classloading.SimpleThrowawayClassLoader@7573c7b5) [was null]
2024-07-23T15:04:18.267-05:00 DEBUG 52024 --- [app_aurora] [           main] o.h.boot.internal.BootstrapContextImpl   : Injecting ScanEnvironment [org.hibernate.jpa.boot.internal.StandardJpaScanEnvironmentImpl@29f95272] into BootstrapContext; was [null]
2024-07-23T15:04:18.268-05:00 DEBUG 52024 --- [app_aurora] [           main] o.h.boot.internal.BootstrapContextImpl   : Injecting ScanOptions [org.hibernate.boot.archive.scan.internal.StandardScanOptions@c754401] into BootstrapContext; was [org.hibernate.boot.archive.scan.internal.StandardScanOptions@1da53f4f]
2024-07-23T15:04:18.503-05:00  INFO 52024 --- [app_aurora] [           main] o.s.o.j.p.SpringPersistenceUnitInfo      : No LoadTimeWeaver setup: ignoring JPA class transformer
2024-07-23T15:04:18.504-05:00 DEBUG 52024 --- [app_aurora] [           main] o.h.boot.internal.BootstrapContextImpl   : Injecting JPA temp ClassLoader [null] into BootstrapContext; was [org.springframework.instrument.classloading.SimpleThrowawayClassLoader@7573c7b5]
2024-07-23T15:04:18.505-05:00 DEBUG 52024 --- [app_aurora] [           main] o.h.boot.internal.ClassLoaderAccessImpl  : ClassLoaderAccessImpl#injectTempClassLoader(null) [was org.springframework.instrument.classloading.SimpleThrowawayClassLoader@7573c7b5]
2024-07-23T15:04:18.758-05:00 DEBUG 52024 --- [app_aurora] [           main] o.h.e.j.e.i.JdbcEnvironmentInitiator     : Database ->
	   name : MySQL
	version : 5.5.5-10.11.7-MariaDB-cll-lve
	  major : 5
	  minor : 5
2024-07-23T15:04:18.758-05:00 DEBUG 52024 --- [app_aurora] [           main] o.h.e.j.e.i.JdbcEnvironmentInitiator     : Driver ->
	   name : MySQL Connector/J
	version : mysql-connector-j-8.3.0 (Revision: 805f872a57875f311cb82487efcfb070411a3fa0)
	  major : 8
	  minor : 3
2024-07-23T15:04:18.758-05:00 DEBUG 52024 --- [app_aurora] [           main] o.h.e.j.e.i.JdbcEnvironmentInitiator     : JDBC version : 4.2
2024-07-23T15:04:18.984-05:00  WARN 52024 --- [app_aurora] [           main] org.hibernate.dialect.Dialect            : HHH000511: The 5.5.5 version for [org.hibernate.dialect.MySQLDialect] is no longer supported, hence certain features may not work properly. The minimum supported version is 8.0.0. Check the community dialects project for available legacy versions.
2024-07-23T15:04:18.984-05:00  WARN 52024 --- [app_aurora] [           main] org.hibernate.orm.deprecation            : HHH90000025: MySQLDialect does not need to be specified explicitly using 'hibernate.dialect' (remove the property setting and it will be selected by default)
2024-07-23T15:04:18.989-05:00 DEBUG 52024 --- [app_aurora] [           main] org.hibernate.orm.dialect                : HHH035001: Using dialect: org.hibernate.dialect.MySQLDialect, version: 5.5.5
2024-07-23T15:04:18.994-05:00 DEBUG 52024 --- [app_aurora] [           main] o.h.e.j.env.spi.IdentifierHelperBuilder  : JDBC driver metadata reported database stores quoted identifiers in more than one case
2024-07-23T15:04:18.994-05:00 DEBUG 52024 --- [app_aurora] [           main] o.h.e.j.env.spi.IdentifierHelperBuilder  : IdentifierCaseStrategy for both quoted and unquoted identifiers was set to the same strategy [MIXED]; that will likely lead to problems in schema update and validation if using quoted identifiers
2024-07-23T15:04:18.994-05:00 DEBUG 52024 --- [app_aurora] [           main] org.hibernate.orm.jdbc.lob               : HHH10010001: Disabling contextual LOB creation as hibernate.jdbc.lob.non_contextual_creation is true
2024-07-23T15:04:19.004-05:00 DEBUG 52024 --- [app_aurora] [           main] o.h.t.d.sql.spi.DdlTypeRegistry          : addDescriptor(12, org.hibernate.type.descriptor.sql.internal.CapacityDependentDdlType@73e399cc) replaced previous registration(org.hibernate.type.descriptor.sql.internal.CapacityDependentDdlType@3dd591b9)
2024-07-23T15:04:19.004-05:00 DEBUG 52024 --- [app_aurora] [           main] o.h.t.d.sql.spi.DdlTypeRegistry          : addDescriptor(-9, org.hibernate.type.descriptor.sql.internal.CapacityDependentDdlType@538905d2) replaced previous registration(org.hibernate.type.descriptor.sql.internal.CapacityDependentDdlType@7e8c58fd)
2024-07-23T15:04:19.004-05:00 DEBUG 52024 --- [app_aurora] [           main] o.h.t.d.sql.spi.DdlTypeRegistry          : addDescriptor(-3, org.hibernate.type.descriptor.sql.internal.CapacityDependentDdlType@11ce9319) replaced previous registration(org.hibernate.type.descriptor.sql.internal.CapacityDependentDdlType@780c0)
2024-07-23T15:04:19.004-05:00 DEBUG 52024 --- [app_aurora] [           main] o.h.t.d.sql.spi.DdlTypeRegistry          : addDescriptor(4003, org.hibernate.type.descriptor.sql.internal.DdlTypeImpl@1b3bb287) replaced previous registration(org.hibernate.type.descriptor.sql.internal.DdlTypeImpl@7ec5aad)
2024-07-23T15:04:19.004-05:00 DEBUG 52024 --- [app_aurora] [           main] o.h.t.d.sql.spi.DdlTypeRegistry          : addDescriptor(4001, org.hibernate.type.descriptor.sql.internal.DdlTypeImpl@625f5712) replaced previous registration(org.hibernate.type.descriptor.sql.internal.DdlTypeImpl@5e62ca19)
2024-07-23T15:04:19.004-05:00 DEBUG 52024 --- [app_aurora] [           main] o.h.t.d.sql.spi.DdlTypeRegistry          : addDescriptor(4002, org.hibernate.type.descriptor.sql.internal.DdlTypeImpl@188bf4d8) replaced previous registration(org.hibernate.type.descriptor.sql.internal.DdlTypeImpl@7dd7ec56)
2024-07-23T15:04:19.004-05:00 DEBUG 52024 --- [app_aurora] [           main] o.h.t.d.sql.spi.DdlTypeRegistry          : addDescriptor(2004, org.hibernate.type.descriptor.sql.internal.CapacityDependentDdlType@6528d339) replaced previous registration(org.hibernate.type.descriptor.sql.internal.DdlTypeImpl@2dd2ff87)
2024-07-23T15:04:19.004-05:00 DEBUG 52024 --- [app_aurora] [           main] o.h.t.d.sql.spi.DdlTypeRegistry          : addDescriptor(2005, org.hibernate.type.descriptor.sql.internal.CapacityDependentDdlType@6a38e3d1) replaced previous registration(org.hibernate.type.descriptor.sql.internal.DdlTypeImpl@28cf179c)
2024-07-23T15:04:19.004-05:00 DEBUG 52024 --- [app_aurora] [           main] o.h.t.d.sql.spi.DdlTypeRegistry          : addDescriptor(2011, org.hibernate.type.descriptor.sql.internal.CapacityDependentDdlType@bdda8a7) replaced previous registration(org.hibernate.type.descriptor.sql.internal.DdlTypeImpl@3149409c)
2024-07-23T15:04:19.004-05:00 DEBUG 52024 --- [app_aurora] [           main] o.h.t.d.jdbc.spi.JdbcTypeRegistry        : addDescriptor(NCharTypeDescriptor) replaced previous registration(CharTypeDescriptor)
2024-07-23T15:04:19.004-05:00 DEBUG 52024 --- [app_aurora] [           main] o.h.t.d.jdbc.spi.JdbcTypeRegistry        : addDescriptor(NVarcharTypeDescriptor) replaced previous registration(VarcharTypeDescriptor)
2024-07-23T15:04:19.004-05:00 DEBUG 52024 --- [app_aurora] [           main] o.h.t.d.jdbc.spi.JdbcTypeRegistry        : addDescriptor(LongNVarcharTypeDescriptor) replaced previous registration(LongVarcharTypeDescriptor)
2024-07-23T15:04:19.009-05:00 DEBUG 52024 --- [app_aurora] [           main] o.h.t.d.jdbc.spi.JdbcTypeRegistry        : addDescriptor(NClobTypeDescriptor(DEFAULT)) replaced previous registration(ClobTypeDescriptor(DEFAULT))
2024-07-23T15:04:19.009-05:00 DEBUG 52024 --- [app_aurora] [           main] o.h.t.d.jdbc.spi.JdbcTypeRegistry        : addDescriptor(2005, ClobTypeDescriptor(STREAM_BINDING)) replaced previous registration(ClobTypeDescriptor(DEFAULT))
2024-07-23T15:04:19.009-05:00 DEBUG 52024 --- [app_aurora] [           main] org.hibernate.type.BasicTypeRegistry     : Adding type registration null -> org.hibernate.type.NullType@7a021f49
2024-07-23T15:04:19.009-05:00 DEBUG 52024 --- [app_aurora] [           main] org.hibernate.type.BasicTypeRegistry     : Type registration key [null] overrode previous entry : `org.hibernate.type.NullType@7d126083`
2024-07-23T15:04:19.014-05:00 DEBUG 52024 --- [app_aurora] [           main] org.hibernate.type.BasicTypeRegistry     : Adding type registration org.hibernate.type.DurationType -> basicType@1(java.time.Duration,3015)
2024-07-23T15:04:19.014-05:00 DEBUG 52024 --- [app_aurora] [           main] org.hibernate.type.BasicTypeRegistry     : Adding type registration Duration -> basicType@1(java.time.Duration,3015)
2024-07-23T15:04:19.014-05:00 DEBUG 52024 --- [app_aurora] [           main] org.hibernate.type.BasicTypeRegistry     : Adding type registration java.time.Duration -> basicType@1(java.time.Duration,3015)
2024-07-23T15:04:19.014-05:00 DEBUG 52024 --- [app_aurora] [           main] org.hibernate.type.BasicTypeRegistry     : Adding type registration org.hibernate.type.OffsetDateTimeType -> basicType@2(java.time.OffsetDateTime,3003)
2024-07-23T15:04:19.014-05:00 DEBUG 52024 --- [app_aurora] [           main] org.hibernate.type.BasicTypeRegistry     : Adding type registration OffsetDateTime -> basicType@2(java.time.OffsetDateTime,3003)
2024-07-23T15:04:19.014-05:00 DEBUG 52024 --- [app_aurora] [           main] org.hibernate.type.BasicTypeRegistry     : Adding type registration java.time.OffsetDateTime -> basicType@2(java.time.OffsetDateTime,3003)
2024-07-23T15:04:19.014-05:00 DEBUG 52024 --- [app_aurora] [           main] org.hibernate.type.BasicTypeRegistry     : Adding type registration org.hibernate.type.ZonedDateTimeType -> basicType@3(java.time.ZonedDateTime,3003)
2024-07-23T15:04:19.014-05:00 DEBUG 52024 --- [app_aurora] [           main] org.hibernate.type.BasicTypeRegistry     : Adding type registration ZonedDateTime -> basicType@3(java.time.ZonedDateTime,3003)
2024-07-23T15:04:19.014-05:00 DEBUG 52024 --- [app_aurora] [           main] org.hibernate.type.BasicTypeRegistry     : Adding type registration java.time.ZonedDateTime -> basicType@3(java.time.ZonedDateTime,3003)
2024-07-23T15:04:19.014-05:00 DEBUG 52024 --- [app_aurora] [           main] org.hibernate.type.BasicTypeRegistry     : Adding type registration org.hibernate.type.OffsetTimeType -> basicType@4(java.time.OffsetTime,3007)
2024-07-23T15:04:19.014-05:00 DEBUG 52024 --- [app_aurora] [           main] org.hibernate.type.BasicTypeRegistry     : Adding type registration OffsetTime -> basicType@4(java.time.OffsetTime,3007)
2024-07-23T15:04:19.014-05:00 DEBUG 52024 --- [app_aurora] [           main] org.hibernate.type.BasicTypeRegistry     : Adding type registration java.time.OffsetTime -> basicType@4(java.time.OffsetTime,3007)
2024-07-23T15:04:19.024-05:00 DEBUG 52024 --- [app_aurora] [           main] o.h.type.spi.TypeConfiguration$Scope     : Scoping TypeConfiguration [org.hibernate.type.spi.TypeConfiguration@7bc8ffbc] to MetadataBuildingContext [org.hibernate.boot.internal.MetadataBuildingContextRootImpl@120d13ae]
2024-07-23T15:04:19.054-05:00 DEBUG 52024 --- [app_aurora] [           main] o.h.boot.model.relational.Namespace      : Created database namespace [logicalName=Name{catalog=null, schema=null}, physicalName=Name{catalog=null, schema=null}]
2024-07-23T15:04:19.074-05:00 DEBUG 52024 --- [app_aurora] [           main] o.h.boot.model.internal.EntityBinder     : Binding entity from annotated class: NameCheap.nameCheap.entidades.Imagen
2024-07-23T15:04:19.084-05:00 DEBUG 52024 --- [app_aurora] [           main] o.h.boot.model.internal.EntityBinder     : Import with entity name Imagen
2024-07-23T15:04:19.089-05:00 DEBUG 52024 --- [app_aurora] [           main] o.h.boot.model.internal.EntityBinder     : Bind entity NameCheap.nameCheap.entidades.Imagen on table imagen
2024-07-23T15:04:19.099-05:00 DEBUG 52024 --- [app_aurora] [           main] o.h.boot.model.internal.AnnotatedColumn  : Binding column: AnnotatedDiscriminatorColumn(column='DTYPE')
2024-07-23T15:04:19.114-05:00 DEBUG 52024 --- [app_aurora] [           main] o.h.boot.model.internal.AnnotatedColumn  : Binding column: AnnotatedColumn()
2024-07-23T15:04:19.119-05:00 DEBUG 52024 --- [app_aurora] [           main] o.h.boot.internal.ClassLoaderAccessImpl  : Not known whether passed class name [NameCheap.nameCheap.entidades.Imagen] is safe
2024-07-23T15:04:19.119-05:00 DEBUG 52024 --- [app_aurora] [           main] o.h.boot.internal.ClassLoaderAccessImpl  : No temp ClassLoader provided; using live ClassLoader for loading potentially unsafe class : NameCheap.nameCheap.entidades.Imagen
2024-07-23T15:04:19.119-05:00 DEBUG 52024 --- [app_aurora] [           main] o.h.boot.model.internal.PropertyBinder   : MetadataSourceProcessor property id with lazy=false
2024-07-23T15:04:19.124-05:00 DEBUG 52024 --- [app_aurora] [           main] o.h.b.m.internal.AbstractPropertyHolder  : Attempting to locate auto-apply AttributeConverter for property [NameCheap.nameCheap.entidades.Imagen:id]
2024-07-23T15:04:19.129-05:00 DEBUG 52024 --- [app_aurora] [           main] o.h.b.model.internal.BasicValueBinder    : building BasicValue for id
2024-07-23T15:04:19.134-05:00 DEBUG 52024 --- [app_aurora] [           main] org.hibernate.mapping.BasicValue         : Skipping column re-registration: imagen.id
2024-07-23T15:04:19.134-05:00 DEBUG 52024 --- [app_aurora] [           main] o.h.boot.model.internal.PropertyBinder   : Building property id
2024-07-23T15:04:19.137-05:00 DEBUG 52024 --- [app_aurora] [           main] o.h.boot.model.internal.BinderHelper     : #makeIdGenerator(BasicValue([Column(id)]), id, org.hibernate.id.enhanced.SequenceStyleGenerator, , ...)
2024-07-23T15:04:19.138-05:00 DEBUG 52024 --- [app_aurora] [           main] o.h.boot.model.internal.AnnotatedColumn  : Binding column: AnnotatedColumn()
2024-07-23T15:04:19.138-05:00 DEBUG 52024 --- [app_aurora] [           main] o.h.boot.model.internal.PropertyBinder   : MetadataSourceProcessor property fileType with lazy=false
2024-07-23T15:04:19.138-05:00 DEBUG 52024 --- [app_aurora] [           main] o.h.b.m.internal.AbstractPropertyHolder  : Attempting to locate auto-apply AttributeConverter for property [NameCheap.nameCheap.entidades.Imagen:fileType]
2024-07-23T15:04:19.139-05:00 DEBUG 52024 --- [app_aurora] [           main] o.h.b.model.internal.BasicValueBinder    : building BasicValue for fileType
2024-07-23T15:04:19.139-05:00 DEBUG 52024 --- [app_aurora] [           main] org.hibernate.mapping.BasicValue         : Skipping column re-registration: imagen.file_type
2024-07-23T15:04:19.139-05:00 DEBUG 52024 --- [app_aurora] [           main] o.h.boot.model.internal.PropertyBinder   : Building property fileType
2024-07-23T15:04:19.141-05:00 DEBUG 52024 --- [app_aurora] [           main] o.h.boot.model.internal.AnnotatedColumn  : Binding column: AnnotatedJoinColumn()
2024-07-23T15:04:19.141-05:00 DEBUG 52024 --- [app_aurora] [           main] o.h.boot.model.internal.AnnotatedColumn  : Binding column: AnnotatedColumn()
2024-07-23T15:04:19.145-05:00 DEBUG 52024 --- [app_aurora] [           main] o.h.boot.model.internal.PropertyBinder   : Building property info
2024-07-23T15:04:19.145-05:00 DEBUG 52024 --- [app_aurora] [           main] o.h.boot.model.internal.AnnotatedColumn  : Binding column: AnnotatedColumn()
2024-07-23T15:04:19.145-05:00 DEBUG 52024 --- [app_aurora] [           main] o.h.boot.model.internal.PropertyBinder   : MetadataSourceProcessor property nombreImagen with lazy=false
2024-07-23T15:04:19.145-05:00 DEBUG 52024 --- [app_aurora] [           main] o.h.b.m.internal.AbstractPropertyHolder  : Attempting to locate auto-apply AttributeConverter for property [NameCheap.nameCheap.entidades.Imagen:nombreImagen]
2024-07-23T15:04:19.146-05:00 DEBUG 52024 --- [app_aurora] [           main] o.h.b.model.internal.BasicValueBinder    : building BasicValue for nombreImagen
2024-07-23T15:04:19.146-05:00 DEBUG 52024 --- [app_aurora] [           main] org.hibernate.mapping.BasicValue         : Skipping column re-registration: imagen.nombre_imagen
2024-07-23T15:04:19.146-05:00 DEBUG 52024 --- [app_aurora] [           main] o.h.boot.model.internal.PropertyBinder   : Building property nombreImagen
2024-07-23T15:04:19.146-05:00 DEBUG 52024 --- [app_aurora] [           main] o.h.boot.model.internal.AnnotatedColumn  : Binding column: AnnotatedColumn()
2024-07-23T15:04:19.146-05:00 DEBUG 52024 --- [app_aurora] [           main] o.h.boot.model.internal.PropertyBinder   : MetadataSourceProcessor property ruta with lazy=false
2024-07-23T15:04:19.146-05:00 DEBUG 52024 --- [app_aurora] [           main] o.h.b.m.internal.AbstractPropertyHolder  : Attempting to locate auto-apply AttributeConverter for property [NameCheap.nameCheap.entidades.Imagen:ruta]
2024-07-23T15:04:19.146-05:00 DEBUG 52024 --- [app_aurora] [           main] o.h.b.model.internal.BasicValueBinder    : building BasicValue for ruta
2024-07-23T15:04:19.146-05:00 DEBUG 52024 --- [app_aurora] [           main] org.hibernate.mapping.BasicValue         : Skipping column re-registration: imagen.ruta
2024-07-23T15:04:19.146-05:00 DEBUG 52024 --- [app_aurora] [           main] o.h.boot.model.internal.PropertyBinder   : Building property ruta
2024-07-23T15:04:19.146-05:00 DEBUG 52024 --- [app_aurora] [           main] o.h.boot.model.internal.AnnotatedColumn  : Binding column: AnnotatedColumn()
2024-07-23T15:04:19.147-05:00 DEBUG 52024 --- [app_aurora] [           main] o.h.boot.model.internal.PropertyBinder   : MetadataSourceProcessor property tamano with lazy=false
2024-07-23T15:04:19.147-05:00 DEBUG 52024 --- [app_aurora] [           main] o.h.b.m.internal.AbstractPropertyHolder  : Attempting to locate auto-apply AttributeConverter for property [NameCheap.nameCheap.entidades.Imagen:tamano]
2024-07-23T15:04:19.147-05:00 DEBUG 52024 --- [app_aurora] [           main] o.h.b.model.internal.BasicValueBinder    : building BasicValue for tamano
2024-07-23T15:04:19.147-05:00 DEBUG 52024 --- [app_aurora] [           main] org.hibernate.mapping.BasicValue         : Skipping column re-registration: imagen.tamano
2024-07-23T15:04:19.147-05:00 DEBUG 52024 --- [app_aurora] [           main] o.h.boot.model.internal.PropertyBinder   : Building property tamano
2024-07-23T15:04:19.147-05:00 DEBUG 52024 --- [app_aurora] [           main] o.h.boot.model.internal.AnnotatedColumn  : Binding column: AnnotatedColumn()
2024-07-23T15:04:19.147-05:00 DEBUG 52024 --- [app_aurora] [           main] o.h.boot.model.internal.PropertyBinder   : MetadataSourceProcessor property titulo with lazy=false
2024-07-23T15:04:19.147-05:00 DEBUG 52024 --- [app_aurora] [           main] o.h.b.m.internal.AbstractPropertyHolder  : Attempting to locate auto-apply AttributeConverter for property [NameCheap.nameCheap.entidades.Imagen:titulo]
2024-07-23T15:04:19.147-05:00 DEBUG 52024 --- [app_aurora] [           main] o.h.b.model.internal.BasicValueBinder    : building BasicValue for titulo
2024-07-23T15:04:19.147-05:00 DEBUG 52024 --- [app_aurora] [           main] org.hibernate.mapping.BasicValue         : Skipping column re-registration: imagen.titulo
2024-07-23T15:04:19.147-05:00 DEBUG 52024 --- [app_aurora] [           main] o.h.boot.model.internal.PropertyBinder   : Building property titulo
2024-07-23T15:04:19.148-05:00 DEBUG 52024 --- [app_aurora] [           main] o.h.b.r.c.i.ClassLoaderServiceImpl       : HHH000194: Package not found or no package-info.java: NameCheap.nameCheap.entidades
2024-07-23T15:04:19.153-05:00 DEBUG 52024 --- [app_aurora] [           main] o.h.boot.model.internal.EntityBinder     : Binding entity from annotated class: NameCheap.nameCheap.entidades.Informacion
2024-07-23T15:04:19.153-05:00 DEBUG 52024 --- [app_aurora] [           main] o.h.boot.model.internal.EntityBinder     : Import with entity name Informacion
2024-07-23T15:04:19.153-05:00 DEBUG 52024 --- [app_aurora] [           main] o.h.boot.model.internal.EntityBinder     : Bind entity NameCheap.nameCheap.entidades.Informacion on table informacion
2024-07-23T15:04:19.153-05:00 DEBUG 52024 --- [app_aurora] [           main] o.h.boot.model.internal.AnnotatedColumn  : Binding column: AnnotatedDiscriminatorColumn(column='DTYPE')
2024-07-23T15:04:19.156-05:00 DEBUG 52024 --- [app_aurora] [           main] o.h.boot.model.internal.AnnotatedColumn  : Binding column: AnnotatedColumn()
2024-07-23T15:04:19.156-05:00 DEBUG 52024 --- [app_aurora] [           main] o.h.boot.internal.ClassLoaderAccessImpl  : Not known whether passed class name [NameCheap.nameCheap.entidades.Informacion] is safe
2024-07-23T15:04:19.156-05:00 DEBUG 52024 --- [app_aurora] [           main] o.h.boot.internal.ClassLoaderAccessImpl  : No temp ClassLoader provided; using live ClassLoader for loading potentially unsafe class : NameCheap.nameCheap.entidades.Informacion
2024-07-23T15:04:19.156-05:00 DEBUG 52024 --- [app_aurora] [           main] o.h.boot.model.internal.PropertyBinder   : MetadataSourceProcessor property id with lazy=false
2024-07-23T15:04:19.156-05:00 DEBUG 52024 --- [app_aurora] [           main] o.h.b.m.internal.AbstractPropertyHolder  : Attempting to locate auto-apply AttributeConverter for property [NameCheap.nameCheap.entidades.Informacion:id]
2024-07-23T15:04:19.156-05:00 DEBUG 52024 --- [app_aurora] [           main] o.h.b.model.internal.BasicValueBinder    : building BasicValue for id
2024-07-23T15:04:19.156-05:00 DEBUG 52024 --- [app_aurora] [           main] org.hibernate.mapping.BasicValue         : Skipping column re-registration: informacion.id
2024-07-23T15:04:19.157-05:00 DEBUG 52024 --- [app_aurora] [           main] o.h.boot.model.internal.PropertyBinder   : Building property id
2024-07-23T15:04:19.157-05:00 DEBUG 52024 --- [app_aurora] [           main] o.h.boot.model.internal.BinderHelper     : #makeIdGenerator(BasicValue([Column(id)]), id, org.hibernate.id.enhanced.SequenceStyleGenerator, , ...)
2024-07-23T15:04:19.157-05:00 DEBUG 52024 --- [app_aurora] [           main] o.h.boot.model.internal.AnnotatedColumn  : Binding column: AnnotatedColumn()
2024-07-23T15:04:19.157-05:00 DEBUG 52024 --- [app_aurora] [           main] o.h.boot.model.internal.PropertyBinder   : MetadataSourceProcessor property iconoServicio with lazy=false
2024-07-23T15:04:19.157-05:00 DEBUG 52024 --- [app_aurora] [           main] o.h.b.m.internal.AbstractPropertyHolder  : Attempting to locate auto-apply AttributeConverter for property [NameCheap.nameCheap.entidades.Informacion:iconoServicio]
2024-07-23T15:04:19.157-05:00 DEBUG 52024 --- [app_aurora] [           main] o.h.b.model.internal.BasicValueBinder    : building BasicValue for iconoServicio
2024-07-23T15:04:19.157-05:00 DEBUG 52024 --- [app_aurora] [           main] org.hibernate.mapping.BasicValue         : Skipping column re-registration: informacion.icono_servicio
2024-07-23T15:04:19.157-05:00 DEBUG 52024 --- [app_aurora] [           main] o.h.boot.model.internal.PropertyBinder   : Building property iconoServicio
2024-07-23T15:04:19.169-05:00 DEBUG 52024 --- [app_aurora] [           main] o.h.boot.model.internal.AnnotatedColumn  : Binding column: IndexColumn(column='imagen_ORDER')
2024-07-23T15:04:19.170-05:00 DEBUG 52024 --- [app_aurora] [           main] o.h.boot.model.internal.AnnotatedColumn  : Binding column: AnnotatedColumn()
2024-07-23T15:04:19.171-05:00 DEBUG 52024 --- [app_aurora] [           main] o.h.boot.model.internal.AnnotatedColumn  : Binding column: AnnotatedColumn(column='imagen_KEY')
2024-07-23T15:04:19.172-05:00 DEBUG 52024 --- [app_aurora] [           main] o.h.boot.model.internal.AnnotatedColumn  : Binding column: AnnotatedJoinColumn(column='imagen_KEY')
2024-07-23T15:04:19.172-05:00 DEBUG 52024 --- [app_aurora] [           main] o.h.boot.model.internal.AnnotatedColumn  : Binding column: AnnotatedJoinColumn()
2024-07-23T15:04:19.172-05:00 DEBUG 52024 --- [app_aurora] [           main] o.h.boot.model.internal.AnnotatedColumn  : Binding column: AnnotatedJoinColumn()
2024-07-23T15:04:19.174-05:00 DEBUG 52024 --- [app_aurora] [           main] o.h.b.model.internal.CollectionBinder    : Collection role: NameCheap.nameCheap.entidades.Informacion.imagen
2024-07-23T15:04:19.175-05:00 DEBUG 52024 --- [app_aurora] [           main] o.h.boot.model.internal.PropertyBinder   : Building property imagen
2024-07-23T15:04:19.176-05:00 DEBUG 52024 --- [app_aurora] [           main] o.h.boot.model.internal.AnnotatedColumn  : Binding column: AnnotatedColumn()
2024-07-23T15:04:19.176-05:00 DEBUG 52024 --- [app_aurora] [           main] o.h.boot.model.internal.PropertyBinder   : MetadataSourceProcessor property seccion with lazy=false
2024-07-23T15:04:19.176-05:00 DEBUG 52024 --- [app_aurora] [           main] o.h.b.m.internal.AbstractPropertyHolder  : Attempting to locate auto-apply AttributeConverter for property [NameCheap.nameCheap.entidades.Informacion:seccion]
2024-07-23T15:04:19.176-05:00 DEBUG 52024 --- [app_aurora] [           main] o.h.b.model.internal.BasicValueBinder    : building BasicValue for seccion
2024-07-23T15:04:19.176-05:00 DEBUG 52024 --- [app_aurora] [           main] org.hibernate.mapping.BasicValue         : Skipping column re-registration: informacion.seccion
2024-07-23T15:04:19.176-05:00 DEBUG 52024 --- [app_aurora] [           main] o.h.boot.model.internal.PropertyBinder   : Building property seccion
2024-07-23T15:04:19.176-05:00 DEBUG 52024 --- [app_aurora] [           main] o.h.boot.model.internal.AnnotatedColumn  : Binding column: AnnotatedColumn()
2024-07-23T15:04:19.176-05:00 DEBUG 52024 --- [app_aurora] [           main] o.h.boot.model.internal.PropertyBinder   : MetadataSourceProcessor property texto with lazy=false
2024-07-23T15:04:19.177-05:00 DEBUG 52024 --- [app_aurora] [           main] o.h.b.m.internal.AbstractPropertyHolder  : Attempting to locate auto-apply AttributeConverter for property [NameCheap.nameCheap.entidades.Informacion:texto]
2024-07-23T15:04:19.177-05:00 DEBUG 52024 --- [app_aurora] [           main] o.h.b.model.internal.BasicValueBinder    : building BasicValue for texto
2024-07-23T15:04:19.177-05:00 DEBUG 52024 --- [app_aurora] [           main] org.hibernate.mapping.BasicValue         : Skipping column re-registration: informacion.texto
2024-07-23T15:04:19.177-05:00 DEBUG 52024 --- [app_aurora] [           main] o.h.boot.model.internal.PropertyBinder   : Building property texto
2024-07-23T15:04:19.177-05:00 DEBUG 52024 --- [app_aurora] [           main] o.h.boot.model.internal.AnnotatedColumn  : Binding column: AnnotatedColumn()
2024-07-23T15:04:19.177-05:00 DEBUG 52024 --- [app_aurora] [           main] o.h.boot.model.internal.PropertyBinder   : MetadataSourceProcessor property titulo with lazy=false
2024-07-23T15:04:19.177-05:00 DEBUG 52024 --- [app_aurora] [           main] o.h.b.m.internal.AbstractPropertyHolder  : Attempting to locate auto-apply AttributeConverter for property [NameCheap.nameCheap.entidades.Informacion:titulo]
2024-07-23T15:04:19.177-05:00 DEBUG 52024 --- [app_aurora] [           main] o.h.b.model.internal.BasicValueBinder    : building BasicValue for titulo
2024-07-23T15:04:19.177-05:00 DEBUG 52024 --- [app_aurora] [           main] org.hibernate.mapping.BasicValue         : Skipping column re-registration: informacion.titulo
2024-07-23T15:04:19.177-05:00 DEBUG 52024 --- [app_aurora] [           main] o.h.boot.model.internal.PropertyBinder   : Building property titulo
2024-07-23T15:04:19.178-05:00 DEBUG 52024 --- [app_aurora] [           main] o.h.b.r.c.i.ClassLoaderServiceImpl       : HHH000194: Package not found or no package-info.java: NameCheap.nameCheap.entidades
2024-07-23T15:04:19.178-05:00 DEBUG 52024 --- [app_aurora] [           main] o.h.boot.model.internal.EntityBinder     : Binding entity from annotated class: NameCheap.nameCheap.entidades.PasswordResetToken
2024-07-23T15:04:19.178-05:00 DEBUG 52024 --- [app_aurora] [           main] o.h.boot.model.internal.EntityBinder     : Import with entity name PasswordResetToken
2024-07-23T15:04:19.178-05:00 DEBUG 52024 --- [app_aurora] [           main] o.h.boot.model.internal.EntityBinder     : Bind entity NameCheap.nameCheap.entidades.PasswordResetToken on table password_reset_token
2024-07-23T15:04:19.179-05:00 DEBUG 52024 --- [app_aurora] [           main] o.h.boot.model.internal.AnnotatedColumn  : Binding column: AnnotatedDiscriminatorColumn(column='DTYPE')
2024-07-23T15:04:19.180-05:00 DEBUG 52024 --- [app_aurora] [           main] o.h.boot.model.internal.AnnotatedColumn  : Binding column: AnnotatedColumn()
2024-07-23T15:04:19.180-05:00 DEBUG 52024 --- [app_aurora] [           main] o.h.boot.internal.ClassLoaderAccessImpl  : Not known whether passed class name [NameCheap.nameCheap.entidades.PasswordResetToken] is safe
2024-07-23T15:04:19.180-05:00 DEBUG 52024 --- [app_aurora] [           main] o.h.boot.internal.ClassLoaderAccessImpl  : No temp ClassLoader provided; using live ClassLoader for loading potentially unsafe class : NameCheap.nameCheap.entidades.PasswordResetToken
2024-07-23T15:04:19.180-05:00 DEBUG 52024 --- [app_aurora] [           main] o.h.boot.model.internal.PropertyBinder   : MetadataSourceProcessor property id with lazy=false
2024-07-23T15:04:19.180-05:00 DEBUG 52024 --- [app_aurora] [           main] o.h.b.m.internal.AbstractPropertyHolder  : Attempting to locate auto-apply AttributeConverter for property [NameCheap.nameCheap.entidades.PasswordResetToken:id]
2024-07-23T15:04:19.180-05:00 DEBUG 52024 --- [app_aurora] [           main] o.h.b.model.internal.BasicValueBinder    : building BasicValue for id
2024-07-23T15:04:19.180-05:00 DEBUG 52024 --- [app_aurora] [           main] org.hibernate.mapping.BasicValue         : Skipping column re-registration: password_reset_token.id
2024-07-23T15:04:19.180-05:00 DEBUG 52024 --- [app_aurora] [           main] o.h.boot.model.internal.PropertyBinder   : Building property id
2024-07-23T15:04:19.181-05:00 DEBUG 52024 --- [app_aurora] [           main] o.h.boot.model.internal.BinderHelper     : #makeIdGenerator(BasicValue([Column(id)]), id, org.hibernate.id.enhanced.SequenceStyleGenerator, , ...)
2024-07-23T15:04:19.181-05:00 DEBUG 52024 --- [app_aurora] [           main] o.h.boot.model.internal.AnnotatedColumn  : Binding column: AnnotatedColumn()
2024-07-23T15:04:19.181-05:00 DEBUG 52024 --- [app_aurora] [           main] o.h.boot.model.internal.PropertyBinder   : MetadataSourceProcessor property email with lazy=false
2024-07-23T15:04:19.181-05:00 DEBUG 52024 --- [app_aurora] [           main] o.h.b.m.internal.AbstractPropertyHolder  : Attempting to locate auto-apply AttributeConverter for property [NameCheap.nameCheap.entidades.PasswordResetToken:email]
2024-07-23T15:04:19.181-05:00 DEBUG 52024 --- [app_aurora] [           main] o.h.b.model.internal.BasicValueBinder    : building BasicValue for email
2024-07-23T15:04:19.181-05:00 DEBUG 52024 --- [app_aurora] [           main] org.hibernate.mapping.BasicValue         : Skipping column re-registration: password_reset_token.email
2024-07-23T15:04:19.181-05:00 DEBUG 52024 --- [app_aurora] [           main] o.h.boot.model.internal.PropertyBinder   : Building property email
2024-07-23T15:04:19.181-05:00 DEBUG 52024 --- [app_aurora] [           main] o.h.boot.model.internal.AnnotatedColumn  : Binding column: AnnotatedColumn()
2024-07-23T15:04:19.181-05:00 DEBUG 52024 --- [app_aurora] [           main] o.h.boot.model.internal.PropertyBinder   : MetadataSourceProcessor property expirationTime with lazy=false
2024-07-23T15:04:19.181-05:00 DEBUG 52024 --- [app_aurora] [           main] o.h.b.m.internal.AbstractPropertyHolder  : Attempting to locate auto-apply AttributeConverter for property [NameCheap.nameCheap.entidades.PasswordResetToken:expirationTime]
2024-07-23T15:04:19.181-05:00 DEBUG 52024 --- [app_aurora] [           main] o.h.b.model.internal.BasicValueBinder    : building BasicValue for expirationTime
2024-07-23T15:04:19.181-05:00 DEBUG 52024 --- [app_aurora] [           main] org.hibernate.mapping.BasicValue         : Skipping column re-registration: password_reset_token.expiration_time
2024-07-23T15:04:19.181-05:00 DEBUG 52024 --- [app_aurora] [           main] o.h.boot.model.internal.PropertyBinder   : Building property expirationTime
2024-07-23T15:04:19.181-05:00 DEBUG 52024 --- [app_aurora] [           main] o.h.boot.model.internal.AnnotatedColumn  : Binding column: AnnotatedColumn()
2024-07-23T15:04:19.182-05:00 DEBUG 52024 --- [app_aurora] [           main] o.h.boot.model.internal.PropertyBinder   : MetadataSourceProcessor property token with lazy=false
2024-07-23T15:04:19.182-05:00 DEBUG 52024 --- [app_aurora] [           main] o.h.b.m.internal.AbstractPropertyHolder  : Attempting to locate auto-apply AttributeConverter for property [NameCheap.nameCheap.entidades.PasswordResetToken:token]
2024-07-23T15:04:19.182-05:00 DEBUG 52024 --- [app_aurora] [           main] o.h.b.model.internal.BasicValueBinder    : building BasicValue for token
2024-07-23T15:04:19.182-05:00 DEBUG 52024 --- [app_aurora] [           main] org.hibernate.mapping.BasicValue         : Skipping column re-registration: password_reset_token.token
2024-07-23T15:04:19.182-05:00 DEBUG 52024 --- [app_aurora] [           main] o.h.boot.model.internal.PropertyBinder   : Building property token
2024-07-23T15:04:19.182-05:00 DEBUG 52024 --- [app_aurora] [           main] o.h.boot.model.internal.AnnotatedColumn  : Binding column: AnnotatedJoinColumn()
2024-07-23T15:04:19.182-05:00 DEBUG 52024 --- [app_aurora] [           main] o.h.boot.model.internal.AnnotatedColumn  : Binding column: AnnotatedColumn()
2024-07-23T15:04:19.182-05:00 DEBUG 52024 --- [app_aurora] [           main] o.h.boot.model.internal.PropertyBinder   : Building property usuario
2024-07-23T15:04:19.183-05:00 DEBUG 52024 --- [app_aurora] [           main] o.h.b.r.c.i.ClassLoaderServiceImpl       : HHH000194: Package not found or no package-info.java: NameCheap.nameCheap.entidades
2024-07-23T15:04:19.183-05:00 DEBUG 52024 --- [app_aurora] [           main] o.h.boot.model.internal.EntityBinder     : Binding entity from annotated class: NameCheap.nameCheap.entidades.Rol
2024-07-23T15:04:19.184-05:00 DEBUG 52024 --- [app_aurora] [           main] o.h.boot.model.internal.EntityBinder     : Import with entity name Rol
2024-07-23T15:04:19.184-05:00 DEBUG 52024 --- [app_aurora] [           main] o.h.boot.model.internal.EntityBinder     : Bind entity NameCheap.nameCheap.entidades.Rol on table rol
2024-07-23T15:04:19.184-05:00 DEBUG 52024 --- [app_aurora] [           main] o.h.boot.model.internal.AnnotatedColumn  : Binding column: AnnotatedDiscriminatorColumn(column='DTYPE')
2024-07-23T15:04:19.187-05:00 DEBUG 52024 --- [app_aurora] [           main] o.h.boot.model.internal.AnnotatedColumn  : Binding column: AnnotatedColumn()
2024-07-23T15:04:19.187-05:00 DEBUG 52024 --- [app_aurora] [           main] o.h.boot.internal.ClassLoaderAccessImpl  : Not known whether passed class name [NameCheap.nameCheap.entidades.Rol] is safe
2024-07-23T15:04:19.187-05:00 DEBUG 52024 --- [app_aurora] [           main] o.h.boot.internal.ClassLoaderAccessImpl  : No temp ClassLoader provided; using live ClassLoader for loading potentially unsafe class : NameCheap.nameCheap.entidades.Rol
2024-07-23T15:04:19.187-05:00 DEBUG 52024 --- [app_aurora] [           main] o.h.boot.model.internal.PropertyBinder   : MetadataSourceProcessor property id with lazy=false
2024-07-23T15:04:19.187-05:00 DEBUG 52024 --- [app_aurora] [           main] o.h.b.m.internal.AbstractPropertyHolder  : Attempting to locate auto-apply AttributeConverter for property [NameCheap.nameCheap.entidades.Rol:id]
2024-07-23T15:04:19.187-05:00 DEBUG 52024 --- [app_aurora] [           main] o.h.b.model.internal.BasicValueBinder    : building BasicValue for id
2024-07-23T15:04:19.187-05:00 DEBUG 52024 --- [app_aurora] [           main] org.hibernate.mapping.BasicValue         : Skipping column re-registration: rol.id
2024-07-23T15:04:19.188-05:00 DEBUG 52024 --- [app_aurora] [           main] o.h.boot.model.internal.PropertyBinder   : Building property id
2024-07-23T15:04:19.188-05:00 DEBUG 52024 --- [app_aurora] [           main] o.h.boot.model.internal.BinderHelper     : #makeIdGenerator(BasicValue([Column(id)]), id, org.hibernate.id.enhanced.SequenceStyleGenerator, , ...)
2024-07-23T15:04:19.188-05:00 DEBUG 52024 --- [app_aurora] [           main] o.h.boot.model.internal.AnnotatedColumn  : Binding column: AnnotatedColumn()
2024-07-23T15:04:19.188-05:00 DEBUG 52024 --- [app_aurora] [           main] o.h.boot.model.internal.PropertyBinder   : MetadataSourceProcessor property descripcion with lazy=false
2024-07-23T15:04:19.188-05:00 DEBUG 52024 --- [app_aurora] [           main] o.h.b.m.internal.AbstractPropertyHolder  : Attempting to locate auto-apply AttributeConverter for property [NameCheap.nameCheap.entidades.Rol:descripcion]
2024-07-23T15:04:19.188-05:00 DEBUG 52024 --- [app_aurora] [           main] o.h.b.model.internal.BasicValueBinder    : building BasicValue for descripcion
2024-07-23T15:04:19.188-05:00 DEBUG 52024 --- [app_aurora] [           main] org.hibernate.mapping.BasicValue         : Skipping column re-registration: rol.descripcion
2024-07-23T15:04:19.188-05:00 DEBUG 52024 --- [app_aurora] [           main] o.h.boot.model.internal.PropertyBinder   : Building property descripcion
2024-07-23T15:04:19.188-05:00 DEBUG 52024 --- [app_aurora] [           main] o.h.boot.model.internal.AnnotatedColumn  : Binding column: AnnotatedColumn()
2024-07-23T15:04:19.188-05:00 DEBUG 52024 --- [app_aurora] [           main] o.h.boot.model.internal.PropertyBinder   : MetadataSourceProcessor property nombre with lazy=false
2024-07-23T15:04:19.188-05:00 DEBUG 52024 --- [app_aurora] [           main] o.h.b.m.internal.AbstractPropertyHolder  : Attempting to locate auto-apply AttributeConverter for property [NameCheap.nameCheap.entidades.Rol:nombre]
2024-07-23T15:04:19.188-05:00 DEBUG 52024 --- [app_aurora] [           main] o.h.b.model.internal.BasicValueBinder    : building BasicValue for nombre
2024-07-23T15:04:19.188-05:00 DEBUG 52024 --- [app_aurora] [           main] org.hibernate.mapping.BasicValue         : Skipping column re-registration: rol.nombre
2024-07-23T15:04:19.188-05:00 DEBUG 52024 --- [app_aurora] [           main] o.h.boot.model.internal.PropertyBinder   : Building property nombre
2024-07-23T15:04:19.189-05:00 DEBUG 52024 --- [app_aurora] [           main] o.h.boot.model.internal.AnnotatedColumn  : Binding column: AnnotatedJoinColumn(column='usuario_id')
2024-07-23T15:04:19.189-05:00 DEBUG 52024 --- [app_aurora] [           main] o.h.boot.model.internal.AnnotatedColumn  : Binding column: AnnotatedColumn()
2024-07-23T15:04:19.189-05:00 DEBUG 52024 --- [app_aurora] [           main] o.h.boot.model.internal.AnnotatedColumn  : Binding column: IndexColumn(column='usuario_ORDER')
2024-07-23T15:04:19.189-05:00 DEBUG 52024 --- [app_aurora] [           main] o.h.boot.model.internal.AnnotatedColumn  : Binding column: AnnotatedColumn()
2024-07-23T15:04:19.189-05:00 DEBUG 52024 --- [app_aurora] [           main] o.h.boot.model.internal.AnnotatedColumn  : Binding column: AnnotatedColumn(column='usuario_KEY')
2024-07-23T15:04:19.189-05:00 DEBUG 52024 --- [app_aurora] [           main] o.h.boot.model.internal.AnnotatedColumn  : Binding column: AnnotatedJoinColumn(column='usuario_KEY')
2024-07-23T15:04:19.190-05:00 DEBUG 52024 --- [app_aurora] [           main] o.h.boot.model.internal.AnnotatedColumn  : Binding column: AnnotatedJoinColumn()
2024-07-23T15:04:19.190-05:00 DEBUG 52024 --- [app_aurora] [           main] o.h.boot.model.internal.AnnotatedColumn  : Binding column: AnnotatedJoinColumn()
2024-07-23T15:04:19.190-05:00 DEBUG 52024 --- [app_aurora] [           main] o.h.b.model.internal.CollectionBinder    : Collection role: NameCheap.nameCheap.entidades.Rol.usuario
2024-07-23T15:04:19.190-05:00 DEBUG 52024 --- [app_aurora] [           main] o.h.boot.model.internal.PropertyBinder   : Building property usuario
2024-07-23T15:04:19.191-05:00 DEBUG 52024 --- [app_aurora] [           main] o.h.b.r.c.i.ClassLoaderServiceImpl       : HHH000194: Package not found or no package-info.java: NameCheap.nameCheap.entidades
2024-07-23T15:04:19.191-05:00 DEBUG 52024 --- [app_aurora] [           main] o.h.boot.model.internal.EntityBinder     : Binding entity from annotated class: NameCheap.nameCheap.entidades.Usuario
2024-07-23T15:04:19.191-05:00 DEBUG 52024 --- [app_aurora] [           main] o.h.boot.model.internal.EntityBinder     : Import with entity name Usuario
2024-07-23T15:04:19.191-05:00 DEBUG 52024 --- [app_aurora] [           main] o.h.boot.model.internal.EntityBinder     : Bind entity NameCheap.nameCheap.entidades.Usuario on table usuario
2024-07-23T15:04:19.191-05:00 DEBUG 52024 --- [app_aurora] [           main] o.h.boot.model.internal.AnnotatedColumn  : Binding column: AnnotatedDiscriminatorColumn(column='DTYPE')
2024-07-23T15:04:19.192-05:00 DEBUG 52024 --- [app_aurora] [           main] o.h.boot.model.internal.AnnotatedColumn  : Binding column: AnnotatedColumn()
2024-07-23T15:04:19.192-05:00 DEBUG 52024 --- [app_aurora] [           main] o.h.boot.internal.ClassLoaderAccessImpl  : Not known whether passed class name [NameCheap.nameCheap.entidades.Usuario] is safe
2024-07-23T15:04:19.192-05:00 DEBUG 52024 --- [app_aurora] [           main] o.h.boot.internal.ClassLoaderAccessImpl  : No temp ClassLoader provided; using live ClassLoader for loading potentially unsafe class : NameCheap.nameCheap.entidades.Usuario
2024-07-23T15:04:19.193-05:00 DEBUG 52024 --- [app_aurora] [           main] o.h.boot.model.internal.PropertyBinder   : MetadataSourceProcessor property id with lazy=false
2024-07-23T15:04:19.193-05:00 DEBUG 52024 --- [app_aurora] [           main] o.h.b.m.internal.AbstractPropertyHolder  : Attempting to locate auto-apply AttributeConverter for property [NameCheap.nameCheap.entidades.Usuario:id]
2024-07-23T15:04:19.193-05:00 DEBUG 52024 --- [app_aurora] [           main] o.h.b.model.internal.BasicValueBinder    : building BasicValue for id
2024-07-23T15:04:19.193-05:00 DEBUG 52024 --- [app_aurora] [           main] org.hibernate.mapping.BasicValue         : Skipping column re-registration: usuario.id
2024-07-23T15:04:19.193-05:00 DEBUG 52024 --- [app_aurora] [           main] o.h.boot.model.internal.PropertyBinder   : Building property id
2024-07-23T15:04:19.193-05:00 DEBUG 52024 --- [app_aurora] [           main] o.h.boot.model.internal.BinderHelper     : #makeIdGenerator(BasicValue([Column(id)]), id, org.hibernate.id.enhanced.SequenceStyleGenerator, , ...)
2024-07-23T15:04:19.193-05:00 DEBUG 52024 --- [app_aurora] [           main] o.h.boot.model.internal.AnnotatedColumn  : Binding column: AnnotatedColumn()
2024-07-23T15:04:19.193-05:00 DEBUG 52024 --- [app_aurora] [           main] o.h.boot.model.internal.PropertyBinder   : MetadataSourceProcessor property email with lazy=false
2024-07-23T15:04:19.193-05:00 DEBUG 52024 --- [app_aurora] [           main] o.h.b.m.internal.AbstractPropertyHolder  : Attempting to locate auto-apply AttributeConverter for property [NameCheap.nameCheap.entidades.Usuario:email]
2024-07-23T15:04:19.193-05:00 DEBUG 52024 --- [app_aurora] [           main] o.h.b.model.internal.BasicValueBinder    : building BasicValue for email
2024-07-23T15:04:19.193-05:00 DEBUG 52024 --- [app_aurora] [           main] org.hibernate.mapping.BasicValue         : Skipping column re-registration: usuario.email
2024-07-23T15:04:19.193-05:00 DEBUG 52024 --- [app_aurora] [           main] o.h.boot.model.internal.PropertyBinder   : Building property email
2024-07-23T15:04:19.193-05:00 DEBUG 52024 --- [app_aurora] [           main] o.h.boot.model.internal.AnnotatedColumn  : Binding column: AnnotatedColumn()
2024-07-23T15:04:19.193-05:00 DEBUG 52024 --- [app_aurora] [           main] o.h.boot.model.internal.PropertyBinder   : MetadataSourceProcessor property nombre with lazy=false
2024-07-23T15:04:19.194-05:00 DEBUG 52024 --- [app_aurora] [           main] o.h.b.m.internal.AbstractPropertyHolder  : Attempting to locate auto-apply AttributeConverter for property [NameCheap.nameCheap.entidades.Usuario:nombre]
2024-07-23T15:04:19.194-05:00 DEBUG 52024 --- [app_aurora] [           main] o.h.b.model.internal.BasicValueBinder    : building BasicValue for nombre
2024-07-23T15:04:19.194-05:00 DEBUG 52024 --- [app_aurora] [           main] org.hibernate.mapping.BasicValue         : Skipping column re-registration: usuario.nombre
2024-07-23T15:04:19.194-05:00 DEBUG 52024 --- [app_aurora] [           main] o.h.boot.model.internal.PropertyBinder   : Building property nombre
2024-07-23T15:04:19.194-05:00 DEBUG 52024 --- [app_aurora] [           main] o.h.boot.model.internal.AnnotatedColumn  : Binding column: AnnotatedColumn()
2024-07-23T15:04:19.194-05:00 DEBUG 52024 --- [app_aurora] [           main] o.h.boot.model.internal.PropertyBinder   : MetadataSourceProcessor property password with lazy=false
2024-07-23T15:04:19.194-05:00 DEBUG 52024 --- [app_aurora] [           main] o.h.b.m.internal.AbstractPropertyHolder  : Attempting to locate auto-apply AttributeConverter for property [NameCheap.nameCheap.entidades.Usuario:password]
2024-07-23T15:04:19.194-05:00 DEBUG 52024 --- [app_aurora] [           main] o.h.b.model.internal.BasicValueBinder    : building BasicValue for password
2024-07-23T15:04:19.194-05:00 DEBUG 52024 --- [app_aurora] [           main] org.hibernate.mapping.BasicValue         : Skipping column re-registration: usuario.password
2024-07-23T15:04:19.194-05:00 DEBUG 52024 --- [app_aurora] [           main] o.h.boot.model.internal.PropertyBinder   : Building property password
2024-07-23T15:04:19.194-05:00 DEBUG 52024 --- [app_aurora] [           main] o.h.boot.model.internal.AnnotatedColumn  : Binding column: AnnotatedJoinColumn()
2024-07-23T15:04:19.194-05:00 DEBUG 52024 --- [app_aurora] [           main] o.h.boot.model.internal.AnnotatedColumn  : Binding column: AnnotatedColumn()
2024-07-23T15:04:19.194-05:00 DEBUG 52024 --- [app_aurora] [           main] o.h.boot.model.internal.PropertyBinder   : Building property rol
2024-07-23T15:04:19.195-05:00 DEBUG 52024 --- [app_aurora] [           main] o.h.boot.model.internal.AnnotatedColumn  : Binding column: AnnotatedColumn()
2024-07-23T15:04:19.195-05:00 DEBUG 52024 --- [app_aurora] [           main] o.h.boot.model.internal.PropertyBinder   : MetadataSourceProcessor property username with lazy=false
2024-07-23T15:04:19.195-05:00 DEBUG 52024 --- [app_aurora] [           main] o.h.b.m.internal.AbstractPropertyHolder  : Attempting to locate auto-apply AttributeConverter for property [NameCheap.nameCheap.entidades.Usuario:username]
2024-07-23T15:04:19.195-05:00 DEBUG 52024 --- [app_aurora] [           main] o.h.b.model.internal.BasicValueBinder    : building BasicValue for username
2024-07-23T15:04:19.195-05:00 DEBUG 52024 --- [app_aurora] [           main] org.hibernate.mapping.BasicValue         : Skipping column re-registration: usuario.username
2024-07-23T15:04:19.195-05:00 DEBUG 52024 --- [app_aurora] [           main] o.h.boot.model.internal.PropertyBinder   : Building property username
2024-07-23T15:04:19.196-05:00 DEBUG 52024 --- [app_aurora] [           main] o.h.b.r.c.i.ClassLoaderServiceImpl       : HHH000194: Package not found or no package-info.java: NameCheap.nameCheap.entidades
2024-07-23T15:04:19.197-05:00 DEBUG 52024 --- [app_aurora] [           main] o.h.b.model.internal.BasicValueBinder    : Starting `BasicValueBinder#fillSimpleValue` for id
2024-07-23T15:04:19.199-05:00 DEBUG 52024 --- [app_aurora] [           main] o.h.b.model.internal.BasicValueBinder    : Starting `BasicValueBinder#fillSimpleValue` for fileType
2024-07-23T15:04:19.199-05:00 DEBUG 52024 --- [app_aurora] [           main] o.h.b.model.internal.BasicValueBinder    : Starting `BasicValueBinder#fillSimpleValue` for nombreImagen
2024-07-23T15:04:19.199-05:00 DEBUG 52024 --- [app_aurora] [           main] o.h.b.model.internal.BasicValueBinder    : Starting `BasicValueBinder#fillSimpleValue` for ruta
2024-07-23T15:04:19.199-05:00 DEBUG 52024 --- [app_aurora] [           main] o.h.b.model.internal.BasicValueBinder    : Starting `BasicValueBinder#fillSimpleValue` for tamano
2024-07-23T15:04:19.199-05:00 DEBUG 52024 --- [app_aurora] [           main] o.h.b.model.internal.BasicValueBinder    : Starting `BasicValueBinder#fillSimpleValue` for titulo
2024-07-23T15:04:19.199-05:00 DEBUG 52024 --- [app_aurora] [           main] o.h.b.model.internal.BasicValueBinder    : Starting `BasicValueBinder#fillSimpleValue` for id
2024-07-23T15:04:19.199-05:00 DEBUG 52024 --- [app_aurora] [           main] o.h.b.model.internal.BasicValueBinder    : Starting `BasicValueBinder#fillSimpleValue` for iconoServicio
2024-07-23T15:04:19.199-05:00 DEBUG 52024 --- [app_aurora] [           main] o.h.b.model.internal.BasicValueBinder    : Starting `BasicValueBinder#fillSimpleValue` for seccion
2024-07-23T15:04:19.199-05:00 DEBUG 52024 --- [app_aurora] [           main] o.h.b.model.internal.BasicValueBinder    : Starting `BasicValueBinder#fillSimpleValue` for texto
2024-07-23T15:04:19.199-05:00 DEBUG 52024 --- [app_aurora] [           main] o.h.b.model.internal.BasicValueBinder    : Starting `BasicValueBinder#fillSimpleValue` for titulo
2024-07-23T15:04:19.199-05:00 DEBUG 52024 --- [app_aurora] [           main] o.h.b.model.internal.BasicValueBinder    : Starting `BasicValueBinder#fillSimpleValue` for id
2024-07-23T15:04:19.199-05:00 DEBUG 52024 --- [app_aurora] [           main] o.h.b.model.internal.BasicValueBinder    : Starting `BasicValueBinder#fillSimpleValue` for email
2024-07-23T15:04:19.199-05:00 DEBUG 52024 --- [app_aurora] [           main] o.h.b.model.internal.BasicValueBinder    : Starting `BasicValueBinder#fillSimpleValue` for expirationTime
2024-07-23T15:04:19.200-05:00 DEBUG 52024 --- [app_aurora] [           main] o.h.b.model.internal.BasicValueBinder    : Starting `BasicValueBinder#fillSimpleValue` for token
2024-07-23T15:04:19.200-05:00 DEBUG 52024 --- [app_aurora] [           main] o.h.b.model.internal.BasicValueBinder    : Starting `BasicValueBinder#fillSimpleValue` for id
2024-07-23T15:04:19.200-05:00 DEBUG 52024 --- [app_aurora] [           main] o.h.b.model.internal.BasicValueBinder    : Starting `BasicValueBinder#fillSimpleValue` for descripcion
2024-07-23T15:04:19.200-05:00 DEBUG 52024 --- [app_aurora] [           main] o.h.b.model.internal.BasicValueBinder    : Starting `BasicValueBinder#fillSimpleValue` for nombre
2024-07-23T15:04:19.200-05:00 DEBUG 52024 --- [app_aurora] [           main] o.h.b.model.internal.BasicValueBinder    : Starting `BasicValueBinder#fillSimpleValue` for id
2024-07-23T15:04:19.200-05:00 DEBUG 52024 --- [app_aurora] [           main] o.h.b.model.internal.BasicValueBinder    : Starting `BasicValueBinder#fillSimpleValue` for email
2024-07-23T15:04:19.200-05:00 DEBUG 52024 --- [app_aurora] [           main] o.h.b.model.internal.BasicValueBinder    : Starting `BasicValueBinder#fillSimpleValue` for nombre
2024-07-23T15:04:19.200-05:00 DEBUG 52024 --- [app_aurora] [           main] o.h.b.model.internal.BasicValueBinder    : Starting `BasicValueBinder#fillSimpleValue` for password
2024-07-23T15:04:19.200-05:00 DEBUG 52024 --- [app_aurora] [           main] o.h.b.model.internal.BasicValueBinder    : Starting `BasicValueBinder#fillSimpleValue` for username
2024-07-23T15:04:19.209-05:00 DEBUG 52024 --- [app_aurora] [           main] org.hibernate.mapping.PrimaryKey         : Forcing column [id] to be non-null as it is part of the primary key for table [imagen]
2024-07-23T15:04:19.210-05:00 DEBUG 52024 --- [app_aurora] [           main] org.hibernate.mapping.PrimaryKey         : Forcing column [id] to be non-null as it is part of the primary key for table [informacion]
2024-07-23T15:04:19.210-05:00 DEBUG 52024 --- [app_aurora] [           main] org.hibernate.mapping.PrimaryKey         : Forcing column [id] to be non-null as it is part of the primary key for table [password_reset_token]
2024-07-23T15:04:19.210-05:00 DEBUG 52024 --- [app_aurora] [           main] org.hibernate.mapping.PrimaryKey         : Forcing column [id] to be non-null as it is part of the primary key for table [rol]
2024-07-23T15:04:19.210-05:00 DEBUG 52024 --- [app_aurora] [           main] org.hibernate.mapping.PrimaryKey         : Forcing column [id] to be non-null as it is part of the primary key for table [usuario]
2024-07-23T15:04:19.210-05:00 DEBUG 52024 --- [app_aurora] [           main] o.h.b.m.internal.CollectionSecondPass    : Second pass for collection: NameCheap.nameCheap.entidades.Rol.usuario
2024-07-23T15:04:19.210-05:00 DEBUG 52024 --- [app_aurora] [           main] o.h.b.model.internal.CollectionBinder    : Binding a OneToMany: NameCheap.nameCheap.entidades.Rol.usuario through a foreign key
2024-07-23T15:04:19.212-05:00 DEBUG 52024 --- [app_aurora] [           main] o.h.b.model.internal.CollectionBinder    : Mapping collection: NameCheap.nameCheap.entidades.Rol.usuario -> usuario
2024-07-23T15:04:19.214-05:00 DEBUG 52024 --- [app_aurora] [           main] o.h.b.m.internal.CollectionSecondPass    : Mapped collection key: usuario_id, one-to-many: NameCheap.nameCheap.entidades.Usuario
2024-07-23T15:04:19.214-05:00 DEBUG 52024 --- [app_aurora] [           main] o.h.b.m.internal.CollectionSecondPass    : Second pass for collection: NameCheap.nameCheap.entidades.Informacion.imagen
2024-07-23T15:04:19.214-05:00 DEBUG 52024 --- [app_aurora] [           main] o.h.b.model.internal.CollectionBinder    : Binding a ManyToMany: NameCheap.nameCheap.entidades.Informacion.imagen
2024-07-23T15:04:19.217-05:00 DEBUG 52024 --- [app_aurora] [           main] o.h.b.r.c.i.ClassLoaderServiceImpl       : HHH000194: Package not found or no package-info.java: NameCheap.nameCheap.entidades
2024-07-23T15:04:19.220-05:00 DEBUG 52024 --- [app_aurora] [           main] o.h.b.m.internal.CollectionSecondPass    : Mapped collection key: informacion_id, element: imagen_id
2024-07-23T15:04:19.296-05:00 DEBUG 52024 --- [app_aurora] [           main] o.hibernate.internal.SessionFactoryImpl  : Building session factory
2024-07-23T15:04:19.342-05:00 DEBUG 52024 --- [app_aurora] [           main] .h.s.i.SessionFactoryServiceRegistryImpl : EventListenerRegistry access via ServiceRegistry is deprecated.  Use `sessionFactory.getEventEngine().getListenerRegistry()` instead
2024-07-23T15:04:19.343-05:00 DEBUG 52024 --- [app_aurora] [           main] o.hibernate.internal.SessionFactoryImpl  : Instantiating SessionFactory with settings: {java.specification.version=20, sun.cpu.isalist=amd64, hibernate.resource.beans.container=org.springframework.orm.hibernate5.SpringBeanContainer@54033a65, hibernate.connection.handling_mode=DELAYED_ACQUISITION_AND_HOLD, sun.jnu.encoding=Cp1252, hibernate.dialect=org.hibernate.dialect.MySQLDialect, hibernate.implicit_naming_strategy=org.springframework.boot.orm.jpa.hibernate.SpringImplicitNamingStrategy, java.class.path=C:\Users\Admin\Documents\NetBeansProjects\aurora\target\test-classes;C:\Users\Admin\Documents\NetBeansProjects\aurora\target\classes;C:\Users\Admin\.m2\repository\org\springframework\boot\spring-boot-starter-data-jdbc\3.3.0\spring-boot-starter-data-jdbc-3.3.0.jar;C:\Users\Admin\.m2\repository\org\springframework\boot\spring-boot-starter-jdbc\3.3.0\spring-boot-starter-jdbc-3.3.0.jar;C:\Users\Admin\.m2\repository\com\zaxxer\HikariCP\5.1.0\HikariCP-5.1.0.jar;C:\Users\Admin\.m2\repository\org\springframework\data\spring-data-jdbc\3.3.0\spring-data-jdbc-3.3.0.jar;C:\Users\Admin\.m2\repository\org\springframework\data\spring-data-relational\3.3.0\spring-data-relational-3.3.0.jar;C:\Users\Admin\.m2\repository\com\github\jsqlparser\jsqlparser\4.6\jsqlparser-4.6.jar;C:\Users\Admin\.m2\repository\org\springframework\data\spring-data-commons\3.3.0\spring-data-commons-3.3.0.jar;C:\Users\Admin\.m2\repository\org\springframework\spring-tx\6.1.8\spring-tx-6.1.8.jar;C:\Users\Admin\.m2\repository\org\springframework\spring-context\6.1.8\spring-context-6.1.8.jar;C:\Users\Admin\.m2\repository\org\springframework\spring-beans\6.1.8\spring-beans-6.1.8.jar;C:\Users\Admin\.m2\repository\org\springframework\boot\spring-boot-starter-data-jpa\3.3.0\spring-boot-starter-data-jpa-3.3.0.jar;C:\Users\Admin\.m2\repository\org\springframework\boot\spring-boot-starter-aop\3.3.0\spring-boot-starter-aop-3.3.0.jar;C:\Users\Admin\.m2\repository\org\aspectj\aspectjweaver\1.9.22\aspectjweaver-1.9.22.jar;C:\Users\Admin\.m2\repository\org\hibernate\orm\hibernate-core\6.5.2.Final\hibernate-core-6.5.2.Final.jar;C:\Users\Admin\.m2\repository\jakarta\persistence\jakarta.persistence-api\3.1.0\jakarta.persistence-api-3.1.0.jar;C:\Users\Admin\.m2\repository\jakarta\transaction\jakarta.transaction-api\2.0.1\jakarta.transaction-api-2.0.1.jar;C:\Users\Admin\.m2\repository\org\jboss\logging\jboss-logging\3.5.3.Final\jboss-logging-3.5.3.Final.jar;C:\Users\Admin\.m2\repository\org\hibernate\common\hibernate-commons-annotations\6.0.6.Final\hibernate-commons-annotations-6.0.6.Final.jar;C:\Users\Admin\.m2\repository\io\smallrye\jandex\3.1.2\jandex-3.1.2.jar;C:\Users\Admin\.m2\repository\com\fasterxml\classmate\1.7.0\classmate-1.7.0.jar;C:\Users\Admin\.m2\repository\net\bytebuddy\byte-buddy\1.14.16\byte-buddy-1.14.16.jar;C:\Users\Admin\.m2\repository\org\glassfish\jaxb\jaxb-runtime\4.0.5\jaxb-runtime-4.0.5.jar;C:\Users\Admin\.m2\repository\org\glassfish\jaxb\jaxb-core\4.0.5\jaxb-core-4.0.5.jar;C:\Users\Admin\.m2\repository\org\glassfish\jaxb\txw2\4.0.5\txw2-4.0.5.jar;C:\Users\Admin\.m2\repository\com\sun\istack\istack-commons-runtime\4.1.2\istack-commons-runtime-4.1.2.jar;C:\Users\Admin\.m2\repository\jakarta\inject\jakarta.inject-api\2.0.1\jakarta.inject-api-2.0.1.jar;C:\Users\Admin\.m2\repository\org\antlr\antlr4-runtime\4.13.0\antlr4-runtime-4.13.0.jar;C:\Users\Admin\.m2\repository\org\springframework\data\spring-data-jpa\3.3.0\spring-data-jpa-3.3.0.jar;C:\Users\Admin\.m2\repository\jakarta\annotation\jakarta.annotation-api\2.1.1\jakarta.annotation-api-2.1.1.jar;C:\Users\Admin\.m2\repository\org\springframework\spring-aspects\6.1.8\spring-aspects-6.1.8.jar;C:\Users\Admin\.m2\repository\org\springframework\boot\spring-boot-starter-integration\3.3.0\spring-boot-starter-integration-3.3.0.jar;C:\Users\Admin\.m2\repository\org\springframework\integration\spring-integration-core\6.3.0\spring-integration-core-6.3.0.jar;C:\Users\Admin\.m2\repository\org\springframework\spring-messaging\6.1.8\spring-messaging-6.1.8.jar;C:\Users\Admin\.m2\repository\org\springframework\retry\spring-retry\2.0.6\spring-retry-2.0.6.jar;C:\Users\Admin\.m2\repository\io\micrometer\micrometer-observation\1.13.0\micrometer-observation-1.13.0.jar;C:\Users\Admin\.m2\repository\io\micrometer\micrometer-commons\1.13.0\micrometer-commons-1.13.0.jar;C:\Users\Admin\.m2\repository\org\springframework\boot\spring-boot-starter-mail\3.3.0\spring-boot-starter-mail-3.3.0.jar;C:\Users\Admin\.m2\repository\org\springframework\boot\spring-boot-starter\3.3.0\spring-boot-starter-3.3.0.jar;C:\Users\Admin\.m2\repository\org\springframework\boot\spring-boot\3.3.0\spring-boot-3.3.0.jar;C:\Users\Admin\.m2\repository\org\springframework\boot\spring-boot-autoconfigure\3.3.0\spring-boot-autoconfigure-3.3.0.jar;C:\Users\Admin\.m2\repository\org\springframework\boot\spring-boot-starter-logging\3.3.0\spring-boot-starter-logging-3.3.0.jar;C:\Users\Admin\.m2\repository\ch\qos\logback\logback-classic\1.5.6\logback-classic-1.5.6.jar;C:\Users\Admin\.m2\repository\ch\qos\logback\logback-core\1.5.6\logback-core-1.5.6.jar;C:\Users\Admin\.m2\repository\org\apache\logging\log4j\log4j-to-slf4j\2.23.1\log4j-to-slf4j-2.23.1.jar;C:\Users\Admin\.m2\repository\org\apache\logging\log4j\log4j-api\2.23.1\log4j-api-2.23.1.jar;C:\Users\Admin\.m2\repository\org\slf4j\jul-to-slf4j\2.0.13\jul-to-slf4j-2.0.13.jar;C:\Users\Admin\.m2\repository\org\yaml\snakeyaml\2.2\snakeyaml-2.2.jar;C:\Users\Admin\.m2\repository\org\springframework\spring-context-support\6.1.8\spring-context-support-6.1.8.jar;C:\Users\Admin\.m2\repository\org\eclipse\angus\jakarta.mail\2.0.3\jakarta.mail-2.0.3.jar;C:\Users\Admin\.m2\repository\jakarta\activation\jakarta.activation-api\2.1.3\jakarta.activation-api-2.1.3.jar;C:\Users\Admin\.m2\repository\org\eclipse\angus\angus-activation\2.0.2\angus-activation-2.0.2.jar;C:\Users\Admin\.m2\repository\org\springframework\boot\spring-boot-starter-security\3.3.0\spring-boot-starter-security-3.3.0.jar;C:\Users\Admin\.m2\repository\org\springframework\spring-aop\6.1.8\spring-aop-6.1.8.jar;C:\Users\Admin\.m2\repository\org\springframework\security\spring-security-config\6.3.0\spring-security-config-6.3.0.jar;C:\Users\Admin\.m2\repository\org\springframework\security\spring-security-web\6.3.0\spring-security-web-6.3.0.jar;C:\Users\Admin\.m2\repository\org\springframework\spring-expression\6.1.8\spring-expression-6.1.8.jar;C:\Users\Admin\.m2\repository\org\springframework\boot\spring-boot-starter-thymeleaf\3.3.0\spring-boot-starter-thymeleaf-3.3.0.jar;C:\Users\Admin\.m2\repository\org\thymeleaf\thymeleaf-spring6\3.1.2.RELEASE\thymeleaf-spring6-3.1.2.RELEASE.jar;C:\Users\Admin\.m2\repository\org\thymeleaf\thymeleaf\3.1.2.RELEASE\thymeleaf-3.1.2.RELEASE.jar;C:\Users\Admin\.m2\repository\org\attoparser\attoparser\2.0.7.RELEASE\attoparser-2.0.7.RELEASE.jar;C:\Users\Admin\.m2\repository\org\unbescape\unbescape\1.1.6.RELEASE\unbescape-1.1.6.RELEASE.jar;C:\Users\Admin\.m2\repository\org\springframework\boot\spring-boot-starter-web\3.3.0\spring-boot-starter-web-3.3.0.jar;C:\Users\Admin\.m2\repository\org\springframework\boot\spring-boot-starter-json\3.3.0\spring-boot-starter-json-3.3.0.jar;C:\Users\Admin\.m2\repository\com\fasterxml\jackson\core\jackson-databind\2.17.1\jackson-databind-2.17.1.jar;C:\Users\Admin\.m2\repository\com\fasterxml\jackson\core\jackson-annotations\2.17.1\jackson-annotations-2.17.1.jar;C:\Users\Admin\.m2\repository\com\fasterxml\jackson\core\jackson-core\2.17.1\jackson-core-2.17.1.jar;C:\Users\Admin\.m2\repository\com\fasterxml\jackson\datatype\jackson-datatype-jdk8\2.17.1\jackson-datatype-jdk8-2.17.1.jar;C:\Users\Admin\.m2\repository\com\fasterxml\jackson\datatype\jackson-datatype-jsr310\2.17.1\jackson-datatype-jsr310-2.17.1.jar;C:\Users\Admin\.m2\repository\com\fasterxml\jackson\module\jackson-module-parameter-names\2.17.1\jackson-module-parameter-names-2.17.1.jar;C:\Users\Admin\.m2\repository\org\springframework\boot\spring-boot-starter-tomcat\3.3.0\spring-boot-starter-tomcat-3.3.0.jar;C:\Users\Admin\.m2\repository\org\apache\tomcat\embed\tomcat-embed-core\10.1.24\tomcat-embed-core-10.1.24.jar;C:\Users\Admin\.m2\repository\org\apache\tomcat\embed\tomcat-embed-el\10.1.24\tomcat-embed-el-10.1.24.jar;C:\Users\Admin\.m2\repository\org\apache\tomcat\embed\tomcat-embed-websocket\10.1.24\tomcat-embed-websocket-10.1.24.jar;C:\Users\Admin\.m2\repository\org\springframework\spring-web\6.1.8\spring-web-6.1.8.jar;C:\Users\Admin\.m2\repository\org\springframework\spring-webmvc\6.1.8\spring-webmvc-6.1.8.jar;C:\Users\Admin\.m2\repository\org\springframework\boot\spring-boot-starter-webflux\3.3.0\spring-boot-starter-webflux-3.3.0.jar;C:\Users\Admin\.m2\repository\org\springframework\boot\spring-boot-starter-reactor-netty\3.3.0\spring-boot-starter-reactor-netty-3.3.0.jar;C:\Users\Admin\.m2\repository\io\projectreactor\netty\reactor-netty-http\1.1.19\reactor-netty-http-1.1.19.jar;C:\Users\Admin\.m2\repository\io\netty\netty-codec-http\4.1.110.Final\netty-codec-http-4.1.110.Final.jar;C:\Users\Admin\.m2\repository\io\netty\netty-common\4.1.110.Final\netty-common-4.1.110.Final.jar;C:\Users\Admin\.m2\repository\io\netty\netty-buffer\4.1.110.Final\netty-buffer-4.1.110.Final.jar;C:\Users\Admin\.m2\repository\io\netty\netty-transport\4.1.110.Final\netty-transport-4.1.110.Final.jar;C:\Users\Admin\.m2\repository\io\netty\netty-codec\4.1.110.Final\netty-codec-4.1.110.Final.jar;C:\Users\Admin\.m2\repository\io\netty\netty-handler\4.1.110.Final\netty-handler-4.1.110.Final.jar;C:\Users\Admin\.m2\repository\io\netty\netty-codec-http2\4.1.110.Final\netty-codec-http2-4.1.110.Final.jar;C:\Users\Admin\.m2\repository\io\netty\netty-resolver-dns\4.1.110.Final\netty-resolver-dns-4.1.110.Final.jar;C:\Users\Admin\.m2\repository\io\netty\netty-resolver\4.1.110.Final\netty-resolver-4.1.110.Final.jar;C:\Users\Admin\.m2\repository\io\netty\netty-codec-dns\4.1.110.Final\netty-codec-dns-4.1.110.Final.jar;C:\Users\Admin\.m2\repository\io\netty\netty-resolver-dns-native-macos\4.1.110.Final\netty-resolver-dns-native-macos-4.1.110.Final-osx-x86_64.jar;C:\Users\Admin\.m2\repository\io\netty\netty-resolver-dns-classes-macos\4.1.110.Final\netty-resolver-dns-classes-macos-4.1.110.Final.jar;C:\Users\Admin\.m2\repository\io\netty\netty-transport-native-epoll\4.1.110.Final\netty-transport-native-epoll-4.1.110.Final-linux-x86_64.jar;C:\Users\Admin\.m2\repository\io\netty\netty-transport-native-unix-common\4.1.110.Final\netty-transport-native-unix-common-4.1.110.Final.jar;C:\Users\Admin\.m2\repository\io\netty\netty-transport-classes-epoll\4.1.110.Final\netty-transport-classes-epoll-4.1.110.Final.jar;C:\Users\Admin\.m2\repository\io\projectreactor\netty\reactor-netty-core\1.1.19\reactor-netty-core-1.1.19.jar;C:\Users\Admin\.m2\repository\io\netty\netty-handler-proxy\4.1.110.Final\netty-handler-proxy-4.1.110.Final.jar;C:\Users\Admin\.m2\repository\io\netty\netty-codec-socks\4.1.110.Final\netty-codec-socks-4.1.110.Final.jar;C:\Users\Admin\.m2\repository\org\springframework\spring-webflux\6.1.8\spring-webflux-6.1.8.jar;C:\Users\Admin\.m2\repository\org\springframework\integration\spring-integration-http\6.3.0\spring-integration-http-6.3.0.jar;C:\Users\Admin\.m2\repository\org\springframework\integration\spring-integration-jdbc\6.3.0\spring-integration-jdbc-6.3.0.jar;C:\Users\Admin\.m2\repository\org\springframework\spring-jdbc\6.1.8\spring-jdbc-6.1.8.jar;C:\Users\Admin\.m2\repository\org\springframework\integration\spring-integration-jpa\6.3.0\spring-integration-jpa-6.3.0.jar;C:\Users\Admin\.m2\repository\org\springframework\spring-orm\6.1.8\spring-orm-6.1.8.jar;C:\Users\Admin\.m2\repository\org\springframework\integration\spring-integration-mail\6.3.0\spring-integration-mail-6.3.0.jar;C:\Users\Admin\.m2\repository\org\springframework\integration\spring-integration-webflux\6.3.0\spring-integration-webflux-6.3.0.jar;C:\Users\Admin\.m2\repository\org\thymeleaf\extras\thymeleaf-extras-springsecurity6\3.1.2.RELEASE\thymeleaf-extras-springsecurity6-3.1.2.RELEASE.jar;C:\Users\Admin\.m2\repository\org\slf4j\slf4j-api\2.0.13\slf4j-api-2.0.13.jar;C:\Users\Admin\.m2\repository\com\mysql\mysql-connector-j\8.3.0\mysql-connector-j-8.3.0.jar;C:\Users\Admin\.m2\repository\org\projectlombok\lombok\1.18.32\lombok-1.18.32.jar;C:\Users\Admin\.m2\repository\org\springframework\boot\spring-boot-starter-test\3.3.0\spring-boot-starter-test-3.3.0.jar;C:\Users\Admin\.m2\repository\org\springframework\boot\spring-boot-test\3.3.0\spring-boot-test-3.3.0.jar;C:\Users\Admin\.m2\repository\org\springframework\boot\spring-boot-test-autoconfigure\3.3.0\spring-boot-test-autoconfigure-3.3.0.jar;C:\Users\Admin\.m2\repository\com\jayway\jsonpath\json-path\2.9.0\json-path-2.9.0.jar;C:\Users\Admin\.m2\repository\jakarta\xml\bind\jakarta.xml.bind-api\4.0.2\jakarta.xml.bind-api-4.0.2.jar;C:\Users\Admin\.m2\repository\net\minidev\json-smart\2.5.1\json-smart-2.5.1.jar;C:\Users\Admin\.m2\repository\net\minidev\accessors-smart\2.5.1\accessors-smart-2.5.1.jar;C:\Users\Admin\.m2\repository\org\ow2\asm\asm\9.6\asm-9.6.jar;C:\Users\Admin\.m2\repository\org\assertj\assertj-core\3.25.3\assertj-core-3.25.3.jar;C:\Users\Admin\.m2\repository\org\awaitility\awaitility\4.2.1\awaitility-4.2.1.jar;C:\Users\Admin\.m2\repository\org\hamcrest\hamcrest\2.2\hamcrest-2.2.jar;C:\Users\Admin\.m2\repository\org\junit\jupiter\junit-jupiter\5.10.2\junit-jupiter-5.10.2.jar;C:\Users\Admin\.m2\repository\org\junit\jupiter\junit-jupiter-api\5.10.2\junit-jupiter-api-5.10.2.jar;C:\Users\Admin\.m2\repository\org\opentest4j\opentest4j\1.3.0\opentest4j-1.3.0.jar;C:\Users\Admin\.m2\repository\org\junit\platform\junit-platform-commons\1.10.2\junit-platform-commons-1.10.2.jar;C:\Users\Admin\.m2\repository\org\apiguardian\apiguardian-api\1.1.2\apiguardian-api-1.1.2.jar;C:\Users\Admin\.m2\repository\org\junit\jupiter\junit-jupiter-params\5.10.2\junit-jupiter-params-5.10.2.jar;C:\Users\Admin\.m2\repository\org\junit\jupiter\junit-jupiter-engine\5.10.2\junit-jupiter-engine-5.10.2.jar;C:\Users\Admin\.m2\repository\org\junit\platform\junit-platform-engine\1.10.2\junit-platform-engine-1.10.2.jar;C:\Users\Admin\.m2\repository\org\mockito\mockito-core\5.11.0\mockito-core-5.11.0.jar;C:\Users\Admin\.m2\repository\net\bytebuddy\byte-buddy-agent\1.14.16\byte-buddy-agent-1.14.16.jar;C:\Users\Admin\.m2\repository\org\objenesis\objenesis\3.3\objenesis-3.3.jar;C:\Users\Admin\.m2\repository\org\mockito\mockito-junit-jupiter\5.11.0\mockito-junit-jupiter-5.11.0.jar;C:\Users\Admin\.m2\repository\org\skyscreamer\jsonassert\1.5.1\jsonassert-1.5.1.jar;C:\Users\Admin\.m2\repository\com\vaadin\external\google\android-json\0.0.20131108.vaadin1\android-json-0.0.20131108.vaadin1.jar;C:\Users\Admin\.m2\repository\org\springframework\spring-core\6.1.8\spring-core-6.1.8.jar;C:\Users\Admin\.m2\repository\org\springframework\spring-jcl\6.1.8\spring-jcl-6.1.8.jar;C:\Users\Admin\.m2\repository\org\springframework\spring-test\6.1.8\spring-test-6.1.8.jar;C:\Users\Admin\.m2\repository\org\xmlunit\xmlunit-core\2.9.1\xmlunit-core-2.9.1.jar;C:\Users\Admin\.m2\repository\io\projectreactor\reactor-test\3.6.6\reactor-test-3.6.6.jar;C:\Users\Admin\.m2\repository\io\projectreactor\reactor-core\3.6.6\reactor-core-3.6.6.jar;C:\Users\Admin\.m2\repository\org\reactivestreams\reactive-streams\1.0.4\reactive-streams-1.0.4.jar;C:\Users\Admin\.m2\repository\org\springframework\integration\spring-integration-test\6.3.0\spring-integration-test-6.3.0.jar;C:\Users\Admin\.m2\repository\org\springframework\integration\spring-integration-test-support\6.3.0\spring-integration-test-support-6.3.0.jar;C:\Users\Admin\.m2\repository\org\hamcrest\hamcrest-library\2.2\hamcrest-library-2.2.jar;C:\Users\Admin\.m2\repository\org\hamcrest\hamcrest-core\2.2\hamcrest-core-2.2.jar;C:\Users\Admin\.m2\repository\org\springframework\security\spring-security-test\6.3.0\spring-security-test-6.3.0.jar;C:\Users\Admin\.m2\repository\org\springframework\security\spring-security-core\6.3.0\spring-security-core-6.3.0.jar;C:\Users\Admin\.m2\repository\org\springframework\security\spring-security-crypto\6.3.0\spring-security-crypto-6.3.0.jar;, hibernate.jdbc.lob.non_contextual_creation=true, java.vm.vendor=Oracle Corporation, sun.arch.data.model=64, user.variant=, java.vendor.url=https://java.oracle.com/, DB_USERNAME=u949606062_admin2, user.timezone=America/Bogota, jakarta.persistence.sharedCache.mode=UNSPECIFIED, org.jboss.logging.provider=slf4j, DB_ADD=jdbc:mysql://srv1069.hstgr.io:3306/u949606062_aurora?zeroDateTimeBehavior=CONVERT_TO_NULL, java.vm.specification.version=20, os.name=Windows 10, SV_PORT=1012, jakarta.persistence.nonJtaDataSource=HikariDataSource (aurora), sun.java.launcher=SUN_STANDARD, user.country=US, sun.boot.library.path=C:\Program Files\Java\jdk-20\bin, sun.java.command=C:\Users\Admin\AppData\Local\Temp\surefire1729245672946685650\surefirebooter-20240723150412578_3.jar C:\Users\Admin\AppData\Local\Temp\surefire1729245672946685650 2024-07-23T15-04-12_427-jvmRun1 surefire-20240723150412578_1tmp surefire_0-20240723150412578_2tmp, javax.persistence.nonJtaDataSource=HikariDataSource (aurora), hibernate.transaction.jta.platform=org.hibernate.engine.transaction.jta.platform.internal.NoJtaPlatform@4fb99927, jdk.debug=release, surefire.test.class.path=C:\Users\Admin\Documents\NetBeansProjects\aurora\target\test-classes;C:\Users\Admin\Documents\NetBeansProjects\aurora\target\classes;C:\Users\Admin\.m2\repository\org\springframework\boot\spring-boot-starter-data-jdbc\3.3.0\spring-boot-starter-data-jdbc-3.3.0.jar;C:\Users\Admin\.m2\repository\org\springframework\boot\spring-boot-starter-jdbc\3.3.0\spring-boot-starter-jdbc-3.3.0.jar;C:\Users\Admin\.m2\repository\com\zaxxer\HikariCP\5.1.0\HikariCP-5.1.0.jar;C:\Users\Admin\.m2\repository\org\springframework\data\spring-data-jdbc\3.3.0\spring-data-jdbc-3.3.0.jar;C:\Users\Admin\.m2\repository\org\springframework\data\spring-data-relational\3.3.0\spring-data-relational-3.3.0.jar;C:\Users\Admin\.m2\repository\com\github\jsqlparser\jsqlparser\4.6\jsqlparser-4.6.jar;C:\Users\Admin\.m2\repository\org\springframework\data\spring-data-commons\3.3.0\spring-data-commons-3.3.0.jar;C:\Users\Admin\.m2\repository\org\springframework\spring-tx\6.1.8\spring-tx-6.1.8.jar;C:\Users\Admin\.m2\repository\org\springframework\spring-context\6.1.8\spring-context-6.1.8.jar;C:\Users\Admin\.m2\repository\org\springframework\spring-beans\6.1.8\spring-beans-6.1.8.jar;C:\Users\Admin\.m2\repository\org\springframework\boot\spring-boot-starter-data-jpa\3.3.0\spring-boot-starter-data-jpa-3.3.0.jar;C:\Users\Admin\.m2\repository\org\springframework\boot\spring-boot-starter-aop\3.3.0\spring-boot-starter-aop-3.3.0.jar;C:\Users\Admin\.m2\repository\org\aspectj\aspectjweaver\1.9.22\aspectjweaver-1.9.22.jar;C:\Users\Admin\.m2\repository\org\hibernate\orm\hibernate-core\6.5.2.Final\hibernate-core-6.5.2.Final.jar;C:\Users\Admin\.m2\repository\jakarta\persistence\jakarta.persistence-api\3.1.0\jakarta.persistence-api-3.1.0.jar;C:\Users\Admin\.m2\repository\jakarta\transaction\jakarta.transaction-api\2.0.1\jakarta.transaction-api-2.0.1.jar;C:\Users\Admin\.m2\repository\org\jboss\logging\jboss-logging\3.5.3.Final\jboss-logging-3.5.3.Final.jar;C:\Users\Admin\.m2\repository\org\hibernate\common\hibernate-commons-annotations\6.0.6.Final\hibernate-commons-annotations-6.0.6.Final.jar;C:\Users\Admin\.m2\repository\io\smallrye\jandex\3.1.2\jandex-3.1.2.jar;C:\Users\Admin\.m2\repository\com\fasterxml\classmate\1.7.0\classmate-1.7.0.jar;C:\Users\Admin\.m2\repository\net\bytebuddy\byte-buddy\1.14.16\byte-buddy-1.14.16.jar;C:\Users\Admin\.m2\repository\org\glassfish\jaxb\jaxb-runtime\4.0.5\jaxb-runtime-4.0.5.jar;C:\Users\Admin\.m2\repository\org\glassfish\jaxb\jaxb-core\4.0.5\jaxb-core-4.0.5.jar;C:\Users\Admin\.m2\repository\org\glassfish\jaxb\txw2\4.0.5\txw2-4.0.5.jar;C:\Users\Admin\.m2\repository\com\sun\istack\istack-commons-runtime\4.1.2\istack-commons-runtime-4.1.2.jar;C:\Users\Admin\.m2\repository\jakarta\inject\jakarta.inject-api\2.0.1\jakarta.inject-api-2.0.1.jar;C:\Users\Admin\.m2\repository\org\antlr\antlr4-runtime\4.13.0\antlr4-runtime-4.13.0.jar;C:\Users\Admin\.m2\repository\org\springframework\data\spring-data-jpa\3.3.0\spring-data-jpa-3.3.0.jar;C:\Users\Admin\.m2\repository\jakarta\annotation\jakarta.annotation-api\2.1.1\jakarta.annotation-api-2.1.1.jar;C:\Users\Admin\.m2\repository\org\springframework\spring-aspects\6.1.8\spring-aspects-6.1.8.jar;C:\Users\Admin\.m2\repository\org\springframework\boot\spring-boot-starter-integration\3.3.0\spring-boot-starter-integration-3.3.0.jar;C:\Users\Admin\.m2\repository\org\springframework\integration\spring-integration-core\6.3.0\spring-integration-core-6.3.0.jar;C:\Users\Admin\.m2\repository\org\springframework\spring-messaging\6.1.8\spring-messaging-6.1.8.jar;C:\Users\Admin\.m2\repository\org\springframework\retry\spring-retry\2.0.6\spring-retry-2.0.6.jar;C:\Users\Admin\.m2\repository\io\micrometer\micrometer-observation\1.13.0\micrometer-observation-1.13.0.jar;C:\Users\Admin\.m2\repository\io\micrometer\micrometer-commons\1.13.0\micrometer-commons-1.13.0.jar;C:\Users\Admin\.m2\repository\org\springframework\boot\spring-boot-starter-mail\3.3.0\spring-boot-starter-mail-3.3.0.jar;C:\Users\Admin\.m2\repository\org\springframework\boot\spring-boot-starter\3.3.0\spring-boot-starter-3.3.0.jar;C:\Users\Admin\.m2\repository\org\springframework\boot\spring-boot\3.3.0\spring-boot-3.3.0.jar;C:\Users\Admin\.m2\repository\org\springframework\boot\spring-boot-autoconfigure\3.3.0\spring-boot-autoconfigure-3.3.0.jar;C:\Users\Admin\.m2\repository\org\springframework\boot\spring-boot-starter-logging\3.3.0\spring-boot-starter-logging-3.3.0.jar;C:\Users\Admin\.m2\repository\ch\qos\logback\logback-classic\1.5.6\logback-classic-1.5.6.jar;C:\Users\Admin\.m2\repository\ch\qos\logback\logback-core\1.5.6\logback-core-1.5.6.jar;C:\Users\Admin\.m2\repository\org\apache\logging\log4j\log4j-to-slf4j\2.23.1\log4j-to-slf4j-2.23.1.jar;C:\Users\Admin\.m2\repository\org\apache\logging\log4j\log4j-api\2.23.1\log4j-api-2.23.1.jar;C:\Users\Admin\.m2\repository\org\slf4j\jul-to-slf4j\2.0.13\jul-to-slf4j-2.0.13.jar;C:\Users\Admin\.m2\repository\org\yaml\snakeyaml\2.2\snakeyaml-2.2.jar;C:\Users\Admin\.m2\repository\org\springframework\spring-context-support\6.1.8\spring-context-support-6.1.8.jar;C:\Users\Admin\.m2\repository\org\eclipse\angus\jakarta.mail\2.0.3\jakarta.mail-2.0.3.jar;C:\Users\Admin\.m2\repository\jakarta\activation\jakarta.activation-api\2.1.3\jakarta.activation-api-2.1.3.jar;C:\Users\Admin\.m2\repository\org\eclipse\angus\angus-activation\2.0.2\angus-activation-2.0.2.jar;C:\Users\Admin\.m2\repository\org\springframework\boot\spring-boot-starter-security\3.3.0\spring-boot-starter-security-3.3.0.jar;C:\Users\Admin\.m2\repository\org\springframework\spring-aop\6.1.8\spring-aop-6.1.8.jar;C:\Users\Admin\.m2\repository\org\springframework\security\spring-security-config\6.3.0\spring-security-config-6.3.0.jar;C:\Users\Admin\.m2\repository\org\springframework\security\spring-security-web\6.3.0\spring-security-web-6.3.0.jar;C:\Users\Admin\.m2\repository\org\springframework\spring-expression\6.1.8\spring-expression-6.1.8.jar;C:\Users\Admin\.m2\repository\org\springframework\boot\spring-boot-starter-thymeleaf\3.3.0\spring-boot-starter-thymeleaf-3.3.0.jar;C:\Users\Admin\.m2\repository\org\thymeleaf\thymeleaf-spring6\3.1.2.RELEASE\thymeleaf-spring6-3.1.2.RELEASE.jar;C:\Users\Admin\.m2\repository\org\thymeleaf\thymeleaf\3.1.2.RELEASE\thymeleaf-3.1.2.RELEASE.jar;C:\Users\Admin\.m2\repository\org\attoparser\attoparser\2.0.7.RELEASE\attoparser-2.0.7.RELEASE.jar;C:\Users\Admin\.m2\repository\org\unbescape\unbescape\1.1.6.RELEASE\unbescape-1.1.6.RELEASE.jar;C:\Users\Admin\.m2\repository\org\springframework\boot\spring-boot-starter-web\3.3.0\spring-boot-starter-web-3.3.0.jar;C:\Users\Admin\.m2\repository\org\springframework\boot\spring-boot-starter-json\3.3.0\spring-boot-starter-json-3.3.0.jar;C:\Users\Admin\.m2\repository\com\fasterxml\jackson\core\jackson-databind\2.17.1\jackson-databind-2.17.1.jar;C:\Users\Admin\.m2\repository\com\fasterxml\jackson\core\jackson-annotations\2.17.1\jackson-annotations-2.17.1.jar;C:\Users\Admin\.m2\repository\com\fasterxml\jackson\core\jackson-core\2.17.1\jackson-core-2.17.1.jar;C:\Users\Admin\.m2\repository\com\fasterxml\jackson\datatype\jackson-datatype-jdk8\2.17.1\jackson-datatype-jdk8-2.17.1.jar;C:\Users\Admin\.m2\repository\com\fasterxml\jackson\datatype\jackson-datatype-jsr310\2.17.1\jackson-datatype-jsr310-2.17.1.jar;C:\Users\Admin\.m2\repository\com\fasterxml\jackson\module\jackson-module-parameter-names\2.17.1\jackson-module-parameter-names-2.17.1.jar;C:\Users\Admin\.m2\repository\org\springframework\boot\spring-boot-starter-tomcat\3.3.0\spring-boot-starter-tomcat-3.3.0.jar;C:\Users\Admin\.m2\repository\org\apache\tomcat\embed\tomcat-embed-core\10.1.24\tomcat-embed-core-10.1.24.jar;C:\Users\Admin\.m2\repository\org\apache\tomcat\embed\tomcat-embed-el\10.1.24\tomcat-embed-el-10.1.24.jar;C:\Users\Admin\.m2\repository\org\apache\tomcat\embed\tomcat-embed-websocket\10.1.24\tomcat-embed-websocket-10.1.24.jar;C:\Users\Admin\.m2\repository\org\springframework\spring-web\6.1.8\spring-web-6.1.8.jar;C:\Users\Admin\.m2\repository\org\springframework\spring-webmvc\6.1.8\spring-webmvc-6.1.8.jar;C:\Users\Admin\.m2\repository\org\springframework\boot\spring-boot-starter-webflux\3.3.0\spring-boot-starter-webflux-3.3.0.jar;C:\Users\Admin\.m2\repository\org\springframework\boot\spring-boot-starter-reactor-netty\3.3.0\spring-boot-starter-reactor-netty-3.3.0.jar;C:\Users\Admin\.m2\repository\io\projectreactor\netty\reactor-netty-http\1.1.19\reactor-netty-http-1.1.19.jar;C:\Users\Admin\.m2\repository\io\netty\netty-codec-http\4.1.110.Final\netty-codec-http-4.1.110.Final.jar;C:\Users\Admin\.m2\repository\io\netty\netty-common\4.1.110.Final\netty-common-4.1.110.Final.jar;C:\Users\Admin\.m2\repository\io\netty\netty-buffer\4.1.110.Final\netty-buffer-4.1.110.Final.jar;C:\Users\Admin\.m2\repository\io\netty\netty-transport\4.1.110.Final\netty-transport-4.1.110.Final.jar;C:\Users\Admin\.m2\repository\io\netty\netty-codec\4.1.110.Final\netty-codec-4.1.110.Final.jar;C:\Users\Admin\.m2\repository\io\netty\netty-handler\4.1.110.Final\netty-handler-4.1.110.Final.jar;C:\Users\Admin\.m2\repository\io\netty\netty-codec-http2\4.1.110.Final\netty-codec-http2-4.1.110.Final.jar;C:\Users\Admin\.m2\repository\io\netty\netty-resolver-dns\4.1.110.Final\netty-resolver-dns-4.1.110.Final.jar;C:\Users\Admin\.m2\repository\io\netty\netty-resolver\4.1.110.Final\netty-resolver-4.1.110.Final.jar;C:\Users\Admin\.m2\repository\io\netty\netty-codec-dns\4.1.110.Final\netty-codec-dns-4.1.110.Final.jar;C:\Users\Admin\.m2\repository\io\netty\netty-resolver-dns-native-macos\4.1.110.Final\netty-resolver-dns-native-macos-4.1.110.Final-osx-x86_64.jar;C:\Users\Admin\.m2\repository\io\netty\netty-resolver-dns-classes-macos\4.1.110.Final\netty-resolver-dns-classes-macos-4.1.110.Final.jar;C:\Users\Admin\.m2\repository\io\netty\netty-transport-native-epoll\4.1.110.Final\netty-transport-native-epoll-4.1.110.Final-linux-x86_64.jar;C:\Users\Admin\.m2\repository\io\netty\netty-transport-native-unix-common\4.1.110.Final\netty-transport-native-unix-common-4.1.110.Final.jar;C:\Users\Admin\.m2\repository\io\netty\netty-transport-classes-epoll\4.1.110.Final\netty-transport-classes-epoll-4.1.110.Final.jar;C:\Users\Admin\.m2\repository\io\projectreactor\netty\reactor-netty-core\1.1.19\reactor-netty-core-1.1.19.jar;C:\Users\Admin\.m2\repository\io\netty\netty-handler-proxy\4.1.110.Final\netty-handler-proxy-4.1.110.Final.jar;C:\Users\Admin\.m2\repository\io\netty\netty-codec-socks\4.1.110.Final\netty-codec-socks-4.1.110.Final.jar;C:\Users\Admin\.m2\repository\org\springframework\spring-webflux\6.1.8\spring-webflux-6.1.8.jar;C:\Users\Admin\.m2\repository\org\springframework\integration\spring-integration-http\6.3.0\spring-integration-http-6.3.0.jar;C:\Users\Admin\.m2\repository\org\springframework\integration\spring-integration-jdbc\6.3.0\spring-integration-jdbc-6.3.0.jar;C:\Users\Admin\.m2\repository\org\springframework\spring-jdbc\6.1.8\spring-jdbc-6.1.8.jar;C:\Users\Admin\.m2\repository\org\springframework\integration\spring-integration-jpa\6.3.0\spring-integration-jpa-6.3.0.jar;C:\Users\Admin\.m2\repository\org\springframework\spring-orm\6.1.8\spring-orm-6.1.8.jar;C:\Users\Admin\.m2\repository\org\springframework\integration\spring-integration-mail\6.3.0\spring-integration-mail-6.3.0.jar;C:\Users\Admin\.m2\repository\org\springframework\integration\spring-integration-webflux\6.3.0\spring-integration-webflux-6.3.0.jar;C:\Users\Admin\.m2\repository\org\thymeleaf\extras\thymeleaf-extras-springsecurity6\3.1.2.RELEASE\thymeleaf-extras-springsecurity6-3.1.2.RELEASE.jar;C:\Users\Admin\.m2\repository\org\slf4j\slf4j-api\2.0.13\slf4j-api-2.0.13.jar;C:\Users\Admin\.m2\repository\com\mysql\mysql-connector-j\8.3.0\mysql-connector-j-8.3.0.jar;C:\Users\Admin\.m2\repository\org\projectlombok\lombok\1.18.32\lombok-1.18.32.jar;C:\Users\Admin\.m2\repository\org\springframework\boot\spring-boot-starter-test\3.3.0\spring-boot-starter-test-3.3.0.jar;C:\Users\Admin\.m2\repository\org\springframework\boot\spring-boot-test\3.3.0\spring-boot-test-3.3.0.jar;C:\Users\Admin\.m2\repository\org\springframework\boot\spring-boot-test-autoconfigure\3.3.0\spring-boot-test-autoconfigure-3.3.0.jar;C:\Users\Admin\.m2\repository\com\jayway\jsonpath\json-path\2.9.0\json-path-2.9.0.jar;C:\Users\Admin\.m2\repository\jakarta\xml\bind\jakarta.xml.bind-api\4.0.2\jakarta.xml.bind-api-4.0.2.jar;C:\Users\Admin\.m2\repository\net\minidev\json-smart\2.5.1\json-smart-2.5.1.jar;C:\Users\Admin\.m2\repository\net\minidev\accessors-smart\2.5.1\accessors-smart-2.5.1.jar;C:\Users\Admin\.m2\repository\org\ow2\asm\asm\9.6\asm-9.6.jar;C:\Users\Admin\.m2\repository\org\assertj\assertj-core\3.25.3\assertj-core-3.25.3.jar;C:\Users\Admin\.m2\repository\org\awaitility\awaitility\4.2.1\awaitility-4.2.1.jar;C:\Users\Admin\.m2\repository\org\hamcrest\hamcrest\2.2\hamcrest-2.2.jar;C:\Users\Admin\.m2\repository\org\junit\jupiter\junit-jupiter\5.10.2\junit-jupiter-5.10.2.jar;C:\Users\Admin\.m2\repository\org\junit\jupiter\junit-jupiter-api\5.10.2\junit-jupiter-api-5.10.2.jar;C:\Users\Admin\.m2\repository\org\opentest4j\opentest4j\1.3.0\opentest4j-1.3.0.jar;C:\Users\Admin\.m2\repository\org\junit\platform\junit-platform-commons\1.10.2\junit-platform-commons-1.10.2.jar;C:\Users\Admin\.m2\repository\org\apiguardian\apiguardian-api\1.1.2\apiguardian-api-1.1.2.jar;C:\Users\Admin\.m2\repository\org\junit\jupiter\junit-jupiter-params\5.10.2\junit-jupiter-params-5.10.2.jar;C:\Users\Admin\.m2\repository\org\junit\jupiter\junit-jupiter-engine\5.10.2\junit-jupiter-engine-5.10.2.jar;C:\Users\Admin\.m2\repository\org\junit\platform\junit-platform-engine\1.10.2\junit-platform-engine-1.10.2.jar;C:\Users\Admin\.m2\repository\org\mockito\mockito-core\5.11.0\mockito-core-5.11.0.jar;C:\Users\Admin\.m2\repository\net\bytebuddy\byte-buddy-agent\1.14.16\byte-buddy-agent-1.14.16.jar;C:\Users\Admin\.m2\repository\org\objenesis\objenesis\3.3\objenesis-3.3.jar;C:\Users\Admin\.m2\repository\org\mockito\mockito-junit-jupiter\5.11.0\mockito-junit-jupiter-5.11.0.jar;C:\Users\Admin\.m2\repository\org\skyscreamer\jsonassert\1.5.1\jsonassert-1.5.1.jar;C:\Users\Admin\.m2\repository\com\vaadin\external\google\android-json\0.0.20131108.vaadin1\android-json-0.0.20131108.vaadin1.jar;C:\Users\Admin\.m2\repository\org\springframework\spring-core\6.1.8\spring-core-6.1.8.jar;C:\Users\Admin\.m2\repository\org\springframework\spring-jcl\6.1.8\spring-jcl-6.1.8.jar;C:\Users\Admin\.m2\repository\org\springframework\spring-test\6.1.8\spring-test-6.1.8.jar;C:\Users\Admin\.m2\repository\org\xmlunit\xmlunit-core\2.9.1\xmlunit-core-2.9.1.jar;C:\Users\Admin\.m2\repository\io\projectreactor\reactor-test\3.6.6\reactor-test-3.6.6.jar;C:\Users\Admin\.m2\repository\io\projectreactor\reactor-core\3.6.6\reactor-core-3.6.6.jar;C:\Users\Admin\.m2\repository\org\reactivestreams\reactive-streams\1.0.4\reactive-streams-1.0.4.jar;C:\Users\Admin\.m2\repository\org\springframework\integration\spring-integration-test\6.3.0\spring-integration-test-6.3.0.jar;C:\Users\Admin\.m2\repository\org\springframework\integration\spring-integration-test-support\6.3.0\spring-integration-test-support-6.3.0.jar;C:\Users\Admin\.m2\repository\org\hamcrest\hamcrest-library\2.2\hamcrest-library-2.2.jar;C:\Users\Admin\.m2\repository\org\hamcrest\hamcrest-core\2.2\hamcrest-core-2.2.jar;C:\Users\Admin\.m2\repository\org\springframework\security\spring-security-test\6.3.0\spring-security-test-6.3.0.jar;C:\Users\Admin\.m2\repository\org\springframework\security\spring-security-core\6.3.0\spring-security-core-6.3.0.jar;C:\Users\Admin\.m2\repository\org\springframework\security\spring-security-crypto\6.3.0\spring-security-crypto-6.3.0.jar;, sun.cpu.endian=little, hibernate.cdi.extensions=true, user.home=C:\Users\Admin, user.language=en, java.specification.vendor=Oracle Corporation, J_MAIL=auroraSupport@auroramarblegranite.com, java.version.date=2023-04-18, java.home=C:\Program Files\Java\jdk-20, file.separator=\, basedir=C:\Users\Admin\Documents\NetBeansProjects\aurora, java.vm.compressedOopsMode=32-bit, J_MAIL_PASS=Supergamo123., line.separator=
, hibernate.persistenceUnitName=default, java.vm.specification.vendor=Oracle Corporation, java.specification.name=Java Platform API Specification, FILE_LOG_CHARSET=UTF-8, hibernate.transaction.coordinator_class=class org.hibernate.resource.transaction.backend.jdbc.internal.JdbcResourceLocalTransactionCoordinatorBuilderImpl, java.awt.headless=true, surefire.real.class.path=C:\Users\Admin\AppData\Local\Temp\surefire1729245672946685650\surefirebooter-20240723150412578_3.jar, jakarta.persistence.validation.mode=AUTO, hibernate.hbm2ddl.auto=update, user.script=, sun.management.compiler=HotSpot 64-Bit Tiered Compilers, java.runtime.version=20.0.1+9-29, user.name=Admin, stdout.encoding=Cp1252, path.separator=;, os.version=10.0, java.runtime.name=Java(TM) SE Runtime Environment, file.encoding=UTF-8, java.vm.name=Java HotSpot(TM) 64-Bit Server VM, maven.ext.class.path=C:\Program Files\NetBeans-19\netbeans\java\maven-nblib\netbeans-eventspy.jar, localRepository=C:\Users\Admin\.m2\repository, java.vendor.url.bug=https://bugreport.java.com/bugreport/, java.io.tmpdir=C:\Users\Admin\AppData\Local\Temp\, java.version=20.0.1, hibernate.physical_naming_strategy=org.hibernate.boot.model.naming.CamelCaseToUnderscoresNamingStrategy, user.dir=C:\Users\Admin\Documents\NetBeansProjects\aurora, os.arch=amd64, java.vm.specification.name=Java Virtual Machine Specification, PID=52024, sun.os.patch.level=, CONSOLE_LOG_CHARSET=UTF-8, hibernate.boot.CfgXmlAccessService.key=org.hibernate.boot.registry.StandardServiceRegistryBuilder$1@2d9df336, native.encoding=Cp1252, java.library.path=C:\Program Files\Java\jdk-20\bin;C:\Windows\Sun\Java\bin;C:\Windows\system32;C:\Windows;C:\Program Files\Common Files\Oracle\Java\javapath;C:\Program Files (x86)\Common Files\Oracle\Java\javapath;C:\Windows\system32;C:\Windows;C:\Windows\System32\Wbem;C:\Windows\System32\WindowsPowerShell\v1.0\;C:\Windows\System32\OpenSSH\;C:\Program Files (x86)\IBM\Client Access\Emulator;C:\Program Files (x86)\IBM\Client Access\Shared;C:\Program Files (x86)\IBM\Client Access\;C:\Program Files\Java\apache-maven-3.9.5\bin;C:\Program Files\Java\jdk-20\bin;C:\Program Files\Java\jre-1.8\bin;C:\Program Files\Intel\WiFi\bin\;C:\Program Files\Common Files\Intel\WirelessCommon\;C:\Program Files\Git\cmd;;C:\Program Files\PuTTY\;C:\Program Files\Docker\Docker\resources\bin;C:\Program Files\Git LFS;C:\Users\Admin\AppData\Local\Microsoft\WindowsApps;C:\Program Files\Intel\WiFi\bin\;C:\Program Files\Common Files\Intel\WirelessCommon\;C:\Users\Admin\AppData\Local\Programs\Microsoft VS Code\bin;., stderr.encoding=Cp1252, java.vendor=Oracle Corporation, java.vm.info=mixed mode, sharing, java.vm.version=20.0.1+9-29, sun.io.unicode.encoding=UnicodeLittle, hibernate.archive.scanner=org.hibernate.boot.archive.scan.internal.DisabledScanner, hibernate.connection.datasource=HikariDataSource (aurora), java.class.version=64.0, LOGGED_APPLICATION_NAME=[app_aurora] , DB_PASSWORD=Supergamo123.}
2024-07-23T15:04:19.348-05:00 DEBUG 52024 --- [app_aurora] [           main] o.hibernate.internal.SessionFactoryImpl  : Session factory constructed with filter configurations : {}
2024-07-23T15:04:19.392-05:00 DEBUG 52024 --- [app_aurora] [           main] o.h.q.sqm.function.SqmFunctionRegistry   : Registered SqmFunctionTemplate [NamedSqmFunctionTemplate(max)] under max; prior registration was null
2024-07-23T15:04:19.393-05:00 DEBUG 52024 --- [app_aurora] [           main] o.h.q.sqm.function.SqmFunctionRegistry   : Registered SqmFunctionTemplate [NamedSqmFunctionTemplate(min)] under min; prior registration was null
2024-07-23T15:04:19.393-05:00 DEBUG 52024 --- [app_aurora] [           main] o.h.q.sqm.function.SqmFunctionRegistry   : Registered SqmFunctionTemplate [NamedSqmFunctionTemplate(sum)] under sum; prior registration was null
2024-07-23T15:04:19.394-05:00 DEBUG 52024 --- [app_aurora] [           main] o.h.q.sqm.function.SqmFunctionRegistry   : Registered SqmFunctionTemplate [NamedSqmFunctionTemplate(avg)] under avg; prior registration was null
2024-07-23T15:04:19.395-05:00 DEBUG 52024 --- [app_aurora] [           main] o.h.q.sqm.function.SqmFunctionRegistry   : Registered SqmFunctionTemplate [org.hibernate.dialect.function.CountFunction@5e198c40] under count; prior registration was null
2024-07-23T15:04:19.397-05:00 DEBUG 52024 --- [app_aurora] [           main] o.h.q.sqm.function.SqmFunctionRegistry   : Registered SqmFunctionTemplate [org.hibernate.dialect.function.EveryAnyEmulation@497fd334] under every; prior registration was null
2024-07-23T15:04:19.397-05:00 DEBUG 52024 --- [app_aurora] [           main] o.h.q.sqm.function.SqmFunctionRegistry   : Registered SqmFunctionTemplate [org.hibernate.dialect.function.EveryAnyEmulation@280c3dc0] under any; prior registration was null
2024-07-23T15:04:19.398-05:00 DEBUG 52024 --- [app_aurora] [           main] o.h.q.sqm.function.SqmFunctionRegistry   : Registered SqmFunctionTemplate [NamedSqmFunctionTemplate(floor)] under floor; prior registration was null
2024-07-23T15:04:19.398-05:00 DEBUG 52024 --- [app_aurora] [           main] o.h.q.sqm.function.SqmFunctionRegistry   : Registered SqmFunctionTemplate [NamedSqmFunctionTemplate(ceiling)] under ceiling; prior registration was null
2024-07-23T15:04:19.398-05:00 DEBUG 52024 --- [app_aurora] [           main] o.h.q.sqm.function.SqmFunctionRegistry   : Registered SqmFunctionTemplate [NamedSqmFunctionTemplate(mod)] under mod; prior registration was null
2024-07-23T15:04:19.398-05:00 DEBUG 52024 --- [app_aurora] [           main] o.h.q.sqm.function.SqmFunctionRegistry   : Registered SqmFunctionTemplate [NamedSqmFunctionTemplate(abs)] under abs; prior registration was null
2024-07-23T15:04:19.398-05:00 DEBUG 52024 --- [app_aurora] [           main] o.h.q.sqm.function.SqmFunctionRegistry   : Registered SqmFunctionTemplate [NamedSqmFunctionTemplate(sign)] under sign; prior registration was null
2024-07-23T15:04:19.398-05:00 DEBUG 52024 --- [app_aurora] [           main] o.h.q.sqm.function.SqmFunctionRegistry   : Registered SqmFunctionTemplate [NamedSqmFunctionTemplate(sqrt)] under sqrt; prior registration was null
2024-07-23T15:04:19.398-05:00 DEBUG 52024 --- [app_aurora] [           main] o.h.q.sqm.function.SqmFunctionRegistry   : Registered SqmFunctionTemplate [NamedSqmFunctionTemplate(ln)] under ln; prior registration was null
2024-07-23T15:04:19.398-05:00 DEBUG 52024 --- [app_aurora] [           main] o.h.q.sqm.function.SqmFunctionRegistry   : Registered SqmFunctionTemplate [NamedSqmFunctionTemplate(exp)] under exp; prior registration was null
2024-07-23T15:04:19.398-05:00 DEBUG 52024 --- [app_aurora] [           main] o.h.q.sqm.function.SqmFunctionRegistry   : Registered SqmFunctionTemplate [NamedSqmFunctionTemplate(power)] under power; prior registration was null
2024-07-23T15:04:19.399-05:00 DEBUG 52024 --- [app_aurora] [           main] o.h.q.sqm.function.SqmFunctionRegistry   : Registered SqmFunctionTemplate [NamedSqmFunctionTemplate(round)] under round; prior registration was null
2024-07-23T15:04:19.399-05:00 DEBUG 52024 --- [app_aurora] [           main] o.h.q.sqm.function.SqmFunctionRegistry   : Registered SqmFunctionTemplate [NamedSqmFunctionTemplate(sin)] under sin; prior registration was null
2024-07-23T15:04:19.399-05:00 DEBUG 52024 --- [app_aurora] [           main] o.h.q.sqm.function.SqmFunctionRegistry   : Registered SqmFunctionTemplate [NamedSqmFunctionTemplate(cos)] under cos; prior registration was null
2024-07-23T15:04:19.399-05:00 DEBUG 52024 --- [app_aurora] [           main] o.h.q.sqm.function.SqmFunctionRegistry   : Registered SqmFunctionTemplate [NamedSqmFunctionTemplate(tan)] under tan; prior registration was null
2024-07-23T15:04:19.399-05:00 DEBUG 52024 --- [app_aurora] [           main] o.h.q.sqm.function.SqmFunctionRegistry   : Registered SqmFunctionTemplate [NamedSqmFunctionTemplate(asin)] under asin; prior registration was null
2024-07-23T15:04:19.399-05:00 DEBUG 52024 --- [app_aurora] [           main] o.h.q.sqm.function.SqmFunctionRegistry   : Registered SqmFunctionTemplate [NamedSqmFunctionTemplate(acos)] under acos; prior registration was null
2024-07-23T15:04:19.399-05:00 DEBUG 52024 --- [app_aurora] [           main] o.h.q.sqm.function.SqmFunctionRegistry   : Registered SqmFunctionTemplate [NamedSqmFunctionTemplate(atan)] under atan; prior registration was null
2024-07-23T15:04:19.399-05:00 DEBUG 52024 --- [app_aurora] [           main] o.h.q.sqm.function.SqmFunctionRegistry   : Registered SqmFunctionTemplate [NamedSqmFunctionTemplate(atan2)] under atan2; prior registration was null
2024-07-23T15:04:19.402-05:00 DEBUG 52024 --- [app_aurora] [           main] o.h.q.sqm.function.SqmFunctionRegistry   : Registered SqmFunctionTemplate [org.hibernate.query.sqm.function.PatternBasedSqmFunctionDescriptor@750c23a3] under sinh; prior registration was null
2024-07-23T15:04:19.402-05:00 DEBUG 52024 --- [app_aurora] [           main] o.h.q.sqm.function.SqmFunctionRegistry   : Registered SqmFunctionTemplate [org.hibernate.query.sqm.function.PatternBasedSqmFunctionDescriptor@238280df] under cosh; prior registration was null
2024-07-23T15:04:19.402-05:00 DEBUG 52024 --- [app_aurora] [           main] o.h.q.sqm.function.SqmFunctionRegistry   : Registered SqmFunctionTemplate [org.hibernate.query.sqm.function.PatternBasedSqmFunctionDescriptor@182fd26b] under tanh; prior registration was null
2024-07-23T15:04:19.402-05:00 DEBUG 52024 --- [app_aurora] [           main] o.h.q.sqm.function.SqmFunctionRegistry   : Registered SqmFunctionTemplate [org.hibernate.query.sqm.function.PatternBasedSqmFunctionDescriptor@5dc120ab] under pi; prior registration was null
2024-07-23T15:04:19.402-05:00 DEBUG 52024 --- [app_aurora] [           main] o.h.q.sqm.function.SqmFunctionRegistry   : Registered SqmFunctionTemplate [org.hibernate.query.sqm.function.PatternBasedSqmFunctionDescriptor@49c4118b] under log; prior registration was null
2024-07-23T15:04:19.403-05:00 DEBUG 52024 --- [app_aurora] [           main] o.h.q.sqm.function.SqmFunctionRegistry   : Registered SqmFunctionTemplate [NamedSqmFunctionTemplate(coalesce)] under coalesce; prior registration was null
2024-07-23T15:04:19.403-05:00 DEBUG 52024 --- [app_aurora] [           main] o.h.q.sqm.function.SqmFunctionRegistry   : Registered SqmFunctionTemplate [NamedSqmFunctionTemplate(nullif)] under nullif; prior registration was null
2024-07-23T15:04:19.403-05:00 DEBUG 52024 --- [app_aurora] [           main] o.h.q.sqm.function.SqmFunctionRegistry   : Registered SqmFunctionTemplate [NamedSqmFunctionTemplate(left)] under left; prior registration was null
2024-07-23T15:04:19.403-05:00 DEBUG 52024 --- [app_aurora] [           main] o.h.q.sqm.function.SqmFunctionRegistry   : Registered SqmFunctionTemplate [NamedSqmFunctionTemplate(right)] under right; prior registration was null
2024-07-23T15:04:19.403-05:00 DEBUG 52024 --- [app_aurora] [           main] o.h.q.sqm.function.SqmFunctionRegistry   : Registered SqmFunctionTemplate [NamedSqmFunctionTemplate(replace)] under replace; prior registration was null
2024-07-23T15:04:19.403-05:00 DEBUG 52024 --- [app_aurora] [           main] o.h.q.sqm.function.SqmFunctionRegistry   : Registered SqmFunctionTemplate [NamedSqmFunctionTemplate(concat)] under concat; prior registration was null
2024-07-23T15:04:19.403-05:00 DEBUG 52024 --- [app_aurora] [           main] o.h.q.sqm.function.SqmFunctionRegistry   : Registered SqmFunctionTemplate [NamedSqmFunctionTemplate(lower)] under lower; prior registration was null
2024-07-23T15:04:19.403-05:00 DEBUG 52024 --- [app_aurora] [           main] o.h.q.sqm.function.SqmFunctionRegistry   : Registered SqmFunctionTemplate [NamedSqmFunctionTemplate(upper)] under upper; prior registration was null
2024-07-23T15:04:19.403-05:00 DEBUG 52024 --- [app_aurora] [           main] o.h.q.sqm.function.SqmFunctionRegistry   : Registered SqmFunctionTemplate [NamedSqmFunctionTemplate(substring)] under substring; prior registration was null
2024-07-23T15:04:19.404-05:00 DEBUG 52024 --- [app_aurora] [           main] o.h.q.sqm.function.SqmFunctionRegistry   : Registered SqmFunctionTemplate [NamedSqmFunctionTemplate(locate)] under locate; prior registration was null
2024-07-23T15:04:19.404-05:00 DEBUG 52024 --- [app_aurora] [           main] o.h.q.sqm.function.SqmFunctionRegistry   : Registered SqmFunctionTemplate [NamedSqmFunctionTemplate(character_length)] under character_length; prior registration was null
2024-07-23T15:04:19.404-05:00 DEBUG 52024 --- [app_aurora] [           main] o.h.q.sqm.function.SqmFunctionRegistry   : Registering alternate key : length -> character_length
2024-07-23T15:04:19.405-05:00 DEBUG 52024 --- [app_aurora] [           main] o.h.q.sqm.function.SqmFunctionRegistry   : Registered SqmFunctionTemplate [org.hibernate.dialect.function.LocatePositionEmulation@13018f00] under position; prior registration was null
2024-07-23T15:04:19.406-05:00 DEBUG 52024 --- [app_aurora] [           main] o.h.q.sqm.function.SqmFunctionRegistry   : Registered SqmFunctionTemplate [org.hibernate.dialect.function.InsertSubstringOverlayEmulation@2e2cd42c] under overlay; prior registration was null
2024-07-23T15:04:19.407-05:00 DEBUG 52024 --- [app_aurora] [           main] o.h.q.sqm.function.SqmFunctionRegistry   : Registered SqmFunctionTemplate [org.hibernate.dialect.function.TrimFunction@71cc0e35] under trim; prior registration was null
2024-07-23T15:04:19.408-05:00 DEBUG 52024 --- [app_aurora] [           main] o.h.q.sqm.function.SqmFunctionRegistry   : Registered SqmFunctionTemplate [org.hibernate.dialect.function.CastFunction@2f498f21] under cast; prior registration was null
2024-07-23T15:04:19.408-05:00 DEBUG 52024 --- [app_aurora] [           main] o.h.q.sqm.function.SqmFunctionRegistry   : Registered SqmFunctionTemplate [org.hibernate.query.sqm.function.PatternBasedSqmFunctionDescriptor@90394d] under collate; prior registration was null
2024-07-23T15:04:19.409-05:00 DEBUG 52024 --- [app_aurora] [           main] o.h.q.sqm.function.SqmFunctionRegistry   : Registered SqmFunctionTemplate [org.hibernate.dialect.function.ExtractFunction@d271d6c] under extract; prior registration was null
2024-07-23T15:04:19.409-05:00 DEBUG 52024 --- [app_aurora] [           main] o.h.q.sqm.function.SqmFunctionRegistry   : Registered SqmFunctionTemplate [NamedSqmFunctionTemplate(least)] under least; prior registration was null
2024-07-23T15:04:19.409-05:00 DEBUG 52024 --- [app_aurora] [           main] o.h.q.sqm.function.SqmFunctionRegistry   : Registered SqmFunctionTemplate [NamedSqmFunctionTemplate(greatest)] under greatest; prior registration was null
2024-07-23T15:04:19.409-05:00 DEBUG 52024 --- [app_aurora] [           main] o.h.q.sqm.function.SqmFunctionRegistry   : Registered SqmFunctionTemplate [org.hibernate.dialect.function.CoalesceIfnullEmulation@4136b193] under ifnull; prior registration was null
2024-07-23T15:04:19.409-05:00 DEBUG 52024 --- [app_aurora] [           main] o.h.q.sqm.function.SqmFunctionRegistry   : Registered SqmFunctionTemplate [NamedSqmFunctionTemplate(lpad)] under lpad; prior registration was null
2024-07-23T15:04:19.409-05:00 DEBUG 52024 --- [app_aurora] [           main] o.h.q.sqm.function.SqmFunctionRegistry   : Registered SqmFunctionTemplate [NamedSqmFunctionTemplate(rpad)] under rpad; prior registration was null
2024-07-23T15:04:19.410-05:00 DEBUG 52024 --- [app_aurora] [           main] o.h.q.sqm.function.SqmFunctionRegistry   : Registered SqmFunctionTemplate [org.hibernate.dialect.function.LpadRpadPadEmulation@2ffcdc9b] under pad; prior registration was null
2024-07-23T15:04:19.410-05:00 DEBUG 52024 --- [app_aurora] [           main] o.h.q.sqm.function.SqmFunctionRegistry   : Registered SqmFunctionTemplate [org.hibernate.dialect.function.CastStrEmulation@19f1f330] under str; prior registration was null
2024-07-23T15:04:19.412-05:00 DEBUG 52024 --- [app_aurora] [           main] o.h.q.sqm.function.SqmFunctionRegistry   : Registered SqmFunctionTemplate [org.hibernate.dialect.function.FormatFunction@632b96b8] under format; prior registration was null
2024-07-23T15:04:19.412-05:00 DEBUG 52024 --- [app_aurora] [           main] o.h.q.sqm.function.SqmFunctionRegistry   : Registered SqmFunctionTemplate [org.hibernate.dialect.function.TimestampaddFunction@5a07ae2f] under timestampadd; prior registration was null
2024-07-23T15:04:19.413-05:00 DEBUG 52024 --- [app_aurora] [           main] o.h.q.sqm.function.SqmFunctionRegistry   : Registered SqmFunctionTemplate [org.hibernate.dialect.function.TimestampdiffFunction@293ecff6] under timestampdiff; prior registration was null
2024-07-23T15:04:19.413-05:00 DEBUG 52024 --- [app_aurora] [           main] o.h.q.sqm.function.SqmFunctionRegistry   : Registering alternate key : dateadd -> timestampadd
2024-07-23T15:04:19.413-05:00 DEBUG 52024 --- [app_aurora] [           main] o.h.q.sqm.function.SqmFunctionRegistry   : Registering alternate key : datediff -> timestampdiff
2024-07-23T15:04:19.413-05:00 DEBUG 52024 --- [app_aurora] [           main] o.h.q.sqm.function.SqmFunctionRegistry   : Registered SqmFunctionTemplate [org.hibernate.dialect.function.CurrentFunction@21dd9203] under current_date; prior registration was null
2024-07-23T15:04:19.413-05:00 DEBUG 52024 --- [app_aurora] [           main] o.h.q.sqm.function.SqmFunctionRegistry   : Registered SqmFunctionTemplate [org.hibernate.dialect.function.CurrentFunction@dbcf7c3] under current_time; prior registration was null
2024-07-23T15:04:19.413-05:00 DEBUG 52024 --- [app_aurora] [           main] o.h.q.sqm.function.SqmFunctionRegistry   : Registered SqmFunctionTemplate [org.hibernate.dialect.function.CurrentFunction@1e466d] under current_timestamp; prior registration was null
2024-07-23T15:04:19.413-05:00 DEBUG 52024 --- [app_aurora] [           main] o.h.q.sqm.function.SqmFunctionRegistry   : Registering alternate key : current date -> current_date
2024-07-23T15:04:19.413-05:00 DEBUG 52024 --- [app_aurora] [           main] o.h.q.sqm.function.SqmFunctionRegistry   : Registering alternate key : current time -> current_time
2024-07-23T15:04:19.413-05:00 DEBUG 52024 --- [app_aurora] [           main] o.h.q.sqm.function.SqmFunctionRegistry   : Registering alternate key : current timestamp -> current_timestamp
2024-07-23T15:04:19.413-05:00 DEBUG 52024 --- [app_aurora] [           main] o.h.q.sqm.function.SqmFunctionRegistry   : Registered SqmFunctionTemplate [org.hibernate.dialect.function.CurrentFunction@63243c8f] under local_date; prior registration was null
2024-07-23T15:04:19.413-05:00 DEBUG 52024 --- [app_aurora] [           main] o.h.q.sqm.function.SqmFunctionRegistry   : Registered SqmFunctionTemplate [org.hibernate.dialect.function.CurrentFunction@2ea4e762] under local_time; prior registration was null
2024-07-23T15:04:19.413-05:00 DEBUG 52024 --- [app_aurora] [           main] o.h.q.sqm.function.SqmFunctionRegistry   : Registered SqmFunctionTemplate [org.hibernate.dialect.function.CurrentFunction@444c0f9a] under local_datetime; prior registration was null
2024-07-23T15:04:19.413-05:00 DEBUG 52024 --- [app_aurora] [           main] o.h.q.sqm.function.SqmFunctionRegistry   : Registered SqmFunctionTemplate [org.hibernate.dialect.function.CurrentFunction@36931450] under offset_datetime; prior registration was null
2024-07-23T15:04:19.413-05:00 DEBUG 52024 --- [app_aurora] [           main] o.h.q.sqm.function.SqmFunctionRegistry   : Registering alternate key : local date -> local_date
2024-07-23T15:04:19.413-05:00 DEBUG 52024 --- [app_aurora] [           main] o.h.q.sqm.function.SqmFunctionRegistry   : Registering alternate key : local time -> local_time
2024-07-23T15:04:19.413-05:00 DEBUG 52024 --- [app_aurora] [           main] o.h.q.sqm.function.SqmFunctionRegistry   : Registering alternate key : local datetime -> local_datetime
2024-07-23T15:04:19.413-05:00 DEBUG 52024 --- [app_aurora] [           main] o.h.q.sqm.function.SqmFunctionRegistry   : Registering alternate key : offset datetime -> offset_datetime
2024-07-23T15:04:19.413-05:00 DEBUG 52024 --- [app_aurora] [           main] o.h.q.sqm.function.SqmFunctionRegistry   : Registered SqmFunctionTemplate [org.hibernate.dialect.function.CurrentFunction@74919649] under instant; prior registration was null
2024-07-23T15:04:19.413-05:00 DEBUG 52024 --- [app_aurora] [           main] o.h.q.sqm.function.SqmFunctionRegistry   : Registering alternate key : current_instant -> instant
2024-07-23T15:04:19.414-05:00 DEBUG 52024 --- [app_aurora] [           main] o.h.q.sqm.function.SqmFunctionRegistry   : Registered SqmFunctionTemplate [org.hibernate.dialect.function.SqlFunction@f575d2b] under sql; prior registration was null
2024-07-23T15:04:19.414-05:00 DEBUG 52024 --- [app_aurora] [           main] o.h.q.sqm.function.SqmFunctionRegistry   : Registered SqmFunctionTemplate [NamedSqmFunctionTemplate(soundex)] under soundex; prior registration was null
2024-07-23T15:04:19.414-05:00 DEBUG 52024 --- [app_aurora] [           main] o.h.q.sqm.function.SqmFunctionRegistry   : Registered SqmFunctionTemplate [NamedSqmFunctionTemplate(radians)] under radians; prior registration was null
2024-07-23T15:04:19.414-05:00 DEBUG 52024 --- [app_aurora] [           main] o.h.q.sqm.function.SqmFunctionRegistry   : Registered SqmFunctionTemplate [NamedSqmFunctionTemplate(degrees)] under degrees; prior registration was null
2024-07-23T15:04:19.414-05:00 DEBUG 52024 --- [app_aurora] [           main] o.h.q.sqm.function.SqmFunctionRegistry   : Registered SqmFunctionTemplate [NamedSqmFunctionTemplate(cot)] under cot; prior registration was null
2024-07-23T15:04:19.414-05:00 DEBUG 52024 --- [app_aurora] [           main] o.h.q.sqm.function.SqmFunctionRegistry   : Registered SqmFunctionTemplate [NamedSqmFunctionTemplate(log)] under log; prior registration was org.hibernate.query.sqm.function.PatternBasedSqmFunctionDescriptor@49c4118b
2024-07-23T15:04:19.414-05:00 DEBUG 52024 --- [app_aurora] [           main] o.h.q.sqm.function.SqmFunctionRegistry   : Registered SqmFunctionTemplate [NamedSqmFunctionTemplate(log2)] under log2; prior registration was null
2024-07-23T15:04:19.414-05:00 DEBUG 52024 --- [app_aurora] [           main] o.h.q.sqm.function.SqmFunctionRegistry   : Registered SqmFunctionTemplate [NamedSqmFunctionTemplate(log10)] under log10; prior registration was null
2024-07-23T15:04:19.414-05:00 DEBUG 52024 --- [app_aurora] [           main] o.h.q.sqm.function.SqmFunctionRegistry   : Registered SqmFunctionTemplate [NamedSqmFunctionTemplate(ltrim)] under ltrim; prior registration was null
2024-07-23T15:04:19.414-05:00 DEBUG 52024 --- [app_aurora] [           main] o.h.q.sqm.function.SqmFunctionRegistry   : Registered SqmFunctionTemplate [NamedSqmFunctionTemplate(rtrim)] under rtrim; prior registration was null
2024-07-23T15:04:19.414-05:00 DEBUG 52024 --- [app_aurora] [           main] o.h.q.sqm.function.SqmFunctionRegistry   : Registered SqmFunctionTemplate [NamedSqmFunctionTemplate(octet_length)] under octet_length; prior registration was null
2024-07-23T15:04:19.414-05:00 DEBUG 52024 --- [app_aurora] [           main] o.h.q.sqm.function.SqmFunctionRegistry   : Registered SqmFunctionTemplate [NamedSqmFunctionTemplate(reverse)] under reverse; prior registration was null
2024-07-23T15:04:19.414-05:00 DEBUG 52024 --- [app_aurora] [           main] o.h.q.sqm.function.SqmFunctionRegistry   : Registered SqmFunctionTemplate [NamedSqmFunctionTemplate(space)] under space; prior registration was null
2024-07-23T15:04:19.414-05:00 DEBUG 52024 --- [app_aurora] [           main] o.h.q.sqm.function.SqmFunctionRegistry   : Registered SqmFunctionTemplate [NamedSqmFunctionTemplate(repeat)] under repeat; prior registration was null
2024-07-23T15:04:19.415-05:00 DEBUG 52024 --- [app_aurora] [           main] o.h.q.sqm.function.SqmFunctionRegistry   : Registered SqmFunctionTemplate [org.hibernate.query.sqm.function.MultipatternSqmFunctionDescriptor@2ba08f26] under lpad; prior registration was NamedSqmFunctionTemplate(lpad)
2024-07-23T15:04:19.415-05:00 DEBUG 52024 --- [app_aurora] [           main] o.h.q.sqm.function.SqmFunctionRegistry   : Registered SqmFunctionTemplate [org.hibernate.query.sqm.function.MultipatternSqmFunctionDescriptor@6033f36c] under rpad; prior registration was NamedSqmFunctionTemplate(rpad)
2024-07-23T15:04:19.415-05:00 DEBUG 52024 --- [app_aurora] [           main] o.h.q.sqm.function.SqmFunctionRegistry   : Registered SqmFunctionTemplate [NamedSqmFunctionTemplate(md5)] under md5; prior registration was null
2024-07-23T15:04:19.415-05:00 DEBUG 52024 --- [app_aurora] [           main] o.h.q.sqm.function.SqmFunctionRegistry   : Registered SqmFunctionTemplate [NamedSqmFunctionTemplate(day)] under day; prior registration was null
2024-07-23T15:04:19.415-05:00 DEBUG 52024 --- [app_aurora] [           main] o.h.q.sqm.function.SqmFunctionRegistry   : Registered SqmFunctionTemplate [NamedSqmFunctionTemplate(month)] under month; prior registration was null
2024-07-23T15:04:19.415-05:00 DEBUG 52024 --- [app_aurora] [           main] o.h.q.sqm.function.SqmFunctionRegistry   : Registered SqmFunctionTemplate [NamedSqmFunctionTemplate(year)] under year; prior registration was null
2024-07-23T15:04:19.415-05:00 DEBUG 52024 --- [app_aurora] [           main] o.h.q.sqm.function.SqmFunctionRegistry   : Registered SqmFunctionTemplate [NamedSqmFunctionTemplate(hour)] under hour; prior registration was null
2024-07-23T15:04:19.415-05:00 DEBUG 52024 --- [app_aurora] [           main] o.h.q.sqm.function.SqmFunctionRegistry   : Registered SqmFunctionTemplate [NamedSqmFunctionTemplate(minute)] under minute; prior registration was null
2024-07-23T15:04:19.415-05:00 DEBUG 52024 --- [app_aurora] [           main] o.h.q.sqm.function.SqmFunctionRegistry   : Registered SqmFunctionTemplate [NamedSqmFunctionTemplate(second)] under second; prior registration was null
2024-07-23T15:04:19.415-05:00 DEBUG 52024 --- [app_aurora] [           main] o.h.q.sqm.function.SqmFunctionRegistry   : Registered SqmFunctionTemplate [NamedSqmFunctionTemplate(microsecond)] under microsecond; prior registration was null
2024-07-23T15:04:19.415-05:00 DEBUG 52024 --- [app_aurora] [           main] o.h.q.sqm.function.SqmFunctionRegistry   : Registered SqmFunctionTemplate [NamedSqmFunctionTemplate(dayofweek)] under dayofweek; prior registration was null
2024-07-23T15:04:19.415-05:00 DEBUG 52024 --- [app_aurora] [           main] o.h.q.sqm.function.SqmFunctionRegistry   : Registered SqmFunctionTemplate [NamedSqmFunctionTemplate(dayofmonth)] under dayofmonth; prior registration was null
2024-07-23T15:04:19.415-05:00 DEBUG 52024 --- [app_aurora] [           main] o.h.q.sqm.function.SqmFunctionRegistry   : Registering alternate key : day -> dayofmonth
2024-07-23T15:04:19.415-05:00 DEBUG 52024 --- [app_aurora] [           main] o.h.q.sqm.function.SqmFunctionRegistry   : Registered SqmFunctionTemplate [NamedSqmFunctionTemplate(dayofyear)] under dayofyear; prior registration was null
2024-07-23T15:04:19.415-05:00 DEBUG 52024 --- [app_aurora] [           main] o.h.q.sqm.function.SqmFunctionRegistry   : Registered SqmFunctionTemplate [NamedSqmFunctionTemplate(week)] under week; prior registration was null
2024-07-23T15:04:19.415-05:00 DEBUG 52024 --- [app_aurora] [           main] o.h.q.sqm.function.SqmFunctionRegistry   : Registered SqmFunctionTemplate [NamedSqmFunctionTemplate(quarter)] under quarter; prior registration was null
2024-07-23T15:04:19.415-05:00 DEBUG 52024 --- [app_aurora] [           main] o.h.q.sqm.function.SqmFunctionRegistry   : Registered SqmFunctionTemplate [NamedSqmFunctionTemplate(monthname)] under monthname; prior registration was null
2024-07-23T15:04:19.415-05:00 DEBUG 52024 --- [app_aurora] [           main] o.h.q.sqm.function.SqmFunctionRegistry   : Registered SqmFunctionTemplate [NamedSqmFunctionTemplate(dayname)] under dayname; prior registration was null
2024-07-23T15:04:19.415-05:00 DEBUG 52024 --- [app_aurora] [           main] o.h.q.sqm.function.SqmFunctionRegistry   : Registered SqmFunctionTemplate [NamedSqmFunctionTemplate(last_day)] under last_day; prior registration was null
2024-07-23T15:04:19.415-05:00 DEBUG 52024 --- [app_aurora] [           main] o.h.q.sqm.function.SqmFunctionRegistry   : Registered SqmFunctionTemplate [NamedSqmFunctionTemplate(date)] under date; prior registration was null
2024-07-23T15:04:19.416-05:00 DEBUG 52024 --- [app_aurora] [           main] o.h.q.sqm.function.SqmFunctionRegistry   : Registered SqmFunctionTemplate [NamedSqmFunctionTemplate(timestamp)] under timestamp; prior registration was null
2024-07-23T15:04:19.417-05:00 DEBUG 52024 --- [app_aurora] [           main] o.h.q.sqm.function.SqmFunctionRegistry   : Registered SqmFunctionTemplate [NamedSqmFunctionTemplate(time)] under time; prior registration was null
2024-07-23T15:04:19.417-05:00 DEBUG 52024 --- [app_aurora] [           main] o.h.q.sqm.function.SqmFunctionRegistry   : Registered SqmFunctionTemplate [NamedSqmFunctionTemplate(utc_date)] under utc_date; prior registration was null
2024-07-23T15:04:19.417-05:00 DEBUG 52024 --- [app_aurora] [           main] o.h.q.sqm.function.SqmFunctionRegistry   : Registered SqmFunctionTemplate [NamedSqmFunctionTemplate(utc_time)] under utc_time; prior registration was null
2024-07-23T15:04:19.417-05:00 DEBUG 52024 --- [app_aurora] [           main] o.h.q.sqm.function.SqmFunctionRegistry   : Registered SqmFunctionTemplate [NamedSqmFunctionTemplate(utc_timestamp)] under utc_timestamp; prior registration was null
2024-07-23T15:04:19.417-05:00 DEBUG 52024 --- [app_aurora] [           main] o.h.q.sqm.function.SqmFunctionRegistry   : Registered SqmFunctionTemplate [NamedSqmFunctionTemplate(rand)] under rand; prior registration was null
2024-07-23T15:04:19.417-05:00 DEBUG 52024 --- [app_aurora] [           main] o.h.q.sqm.function.SqmFunctionRegistry   : Registered SqmFunctionTemplate [NamedSqmFunctionTemplate(crc32)] under crc32; prior registration was null
2024-07-23T15:04:19.417-05:00 DEBUG 52024 --- [app_aurora] [           main] o.h.q.sqm.function.SqmFunctionRegistry   : Registered SqmFunctionTemplate [NamedSqmFunctionTemplate(sha1)] under sha1; prior registration was null
2024-07-23T15:04:19.417-05:00 DEBUG 52024 --- [app_aurora] [           main] o.h.q.sqm.function.SqmFunctionRegistry   : Registered SqmFunctionTemplate [NamedSqmFunctionTemplate(sha2)] under sha2; prior registration was null
2024-07-23T15:04:19.417-05:00 DEBUG 52024 --- [app_aurora] [           main] o.h.q.sqm.function.SqmFunctionRegistry   : Registered SqmFunctionTemplate [NamedSqmFunctionTemplate(sha)] under sha; prior registration was null
2024-07-23T15:04:19.417-05:00 DEBUG 52024 --- [app_aurora] [           main] o.h.q.sqm.function.SqmFunctionRegistry   : Registered SqmFunctionTemplate [NamedSqmFunctionTemplate(bit_length)] under bit_length; prior registration was null
2024-07-23T15:04:19.417-05:00 DEBUG 52024 --- [app_aurora] [           main] o.h.q.sqm.function.SqmFunctionRegistry   : Registered SqmFunctionTemplate [NamedSqmFunctionTemplate(octet_length)] under octet_length; prior registration was NamedSqmFunctionTemplate(octet_length)
2024-07-23T15:04:19.417-05:00 DEBUG 52024 --- [app_aurora] [           main] o.h.q.sqm.function.SqmFunctionRegistry   : Registered SqmFunctionTemplate [NamedSqmFunctionTemplate(ascii)] under ascii; prior registration was null
2024-07-23T15:04:19.417-05:00 DEBUG 52024 --- [app_aurora] [           main] o.h.q.sqm.function.SqmFunctionRegistry   : Registered SqmFunctionTemplate [NamedSqmFunctionTemplate(instr)] under instr; prior registration was null
2024-07-23T15:04:19.417-05:00 DEBUG 52024 --- [app_aurora] [           main] o.h.q.sqm.function.SqmFunctionRegistry   : Registered SqmFunctionTemplate [NamedSqmFunctionTemplate(substr)] under substr; prior registration was null
2024-07-23T15:04:19.417-05:00 DEBUG 52024 --- [app_aurora] [           main] o.h.q.sqm.function.SqmFunctionRegistry   : Registered SqmFunctionTemplate [org.hibernate.query.sqm.function.PatternBasedSqmFunctionDescriptor@50b624da] under position; prior registration was org.hibernate.dialect.function.LocatePositionEmulation@13018f00
2024-07-23T15:04:19.417-05:00 DEBUG 52024 --- [app_aurora] [           main] o.h.q.sqm.function.SqmFunctionRegistry   : Registered SqmFunctionTemplate [NamedSqmFunctionTemplate(curtime)] under curtime; prior registration was null
2024-07-23T15:04:19.418-05:00 DEBUG 52024 --- [app_aurora] [           main] o.h.q.sqm.function.SqmFunctionRegistry   : Registered SqmFunctionTemplate [NamedSqmFunctionTemplate(curdate)] under curdate; prior registration was null
2024-07-23T15:04:19.418-05:00 DEBUG 52024 --- [app_aurora] [           main] o.h.q.sqm.function.SqmFunctionRegistry   : Registered SqmFunctionTemplate [NamedSqmFunctionTemplate(now)] under now; prior registration was null
2024-07-23T15:04:19.423-05:00 DEBUG 52024 --- [app_aurora] [           main] o.h.q.sqm.function.SqmFunctionRegistry   : Registered SqmFunctionTemplate [org.hibernate.dialect.function.TruncFunction@1002b06d] under trunc; prior registration was null
2024-07-23T15:04:19.423-05:00 DEBUG 52024 --- [app_aurora] [           main] o.h.q.sqm.function.SqmFunctionRegistry   : Registering alternate key : truncate -> trunc
2024-07-23T15:04:19.424-05:00 DEBUG 52024 --- [app_aurora] [           main] o.h.q.sqm.function.SqmFunctionRegistry   : Registered SqmFunctionTemplate [NamedSqmFunctionTemplate(insert)] under insert; prior registration was null
2024-07-23T15:04:19.424-05:00 DEBUG 52024 --- [app_aurora] [           main] o.h.q.sqm.function.SqmFunctionRegistry   : Registered SqmFunctionTemplate [org.hibernate.query.sqm.function.PatternBasedSqmFunctionDescriptor@234bfc8c] under bitand; prior registration was null
2024-07-23T15:04:19.424-05:00 DEBUG 52024 --- [app_aurora] [           main] o.h.q.sqm.function.SqmFunctionRegistry   : Registered SqmFunctionTemplate [org.hibernate.query.sqm.function.PatternBasedSqmFunctionDescriptor@5008559a] under bitor; prior registration was null
2024-07-23T15:04:19.424-05:00 DEBUG 52024 --- [app_aurora] [           main] o.h.q.sqm.function.SqmFunctionRegistry   : Registered SqmFunctionTemplate [org.hibernate.query.sqm.function.PatternBasedSqmFunctionDescriptor@4c0bfe9e] under bitxor; prior registration was null
2024-07-23T15:04:19.424-05:00 DEBUG 52024 --- [app_aurora] [           main] o.h.q.sqm.function.SqmFunctionRegistry   : Registered SqmFunctionTemplate [org.hibernate.query.sqm.function.PatternBasedSqmFunctionDescriptor@490fbeaa] under bitnot; prior registration was null
2024-07-23T15:04:19.424-05:00 DEBUG 52024 --- [app_aurora] [           main] o.h.q.sqm.function.SqmFunctionRegistry   : Registered SqmFunctionTemplate [NamedSqmFunctionTemplate(bit_and)] under bit_and; prior registration was null
2024-07-23T15:04:19.424-05:00 DEBUG 52024 --- [app_aurora] [           main] o.h.q.sqm.function.SqmFunctionRegistry   : Registered SqmFunctionTemplate [NamedSqmFunctionTemplate(bit_or)] under bit_or; prior registration was null
2024-07-23T15:04:19.424-05:00 DEBUG 52024 --- [app_aurora] [           main] o.h.q.sqm.function.SqmFunctionRegistry   : Registered SqmFunctionTemplate [NamedSqmFunctionTemplate(stddev)] under stddev; prior registration was null
2024-07-23T15:04:19.424-05:00 DEBUG 52024 --- [app_aurora] [           main] o.h.q.sqm.function.SqmFunctionRegistry   : Registered SqmFunctionTemplate [NamedSqmFunctionTemplate(stddev_pop)] under stddev_pop; prior registration was null
2024-07-23T15:04:19.424-05:00 DEBUG 52024 --- [app_aurora] [           main] o.h.q.sqm.function.SqmFunctionRegistry   : Registered SqmFunctionTemplate [NamedSqmFunctionTemplate(stddev_samp)] under stddev_samp; prior registration was null
2024-07-23T15:04:19.424-05:00 DEBUG 52024 --- [app_aurora] [           main] o.h.q.sqm.function.SqmFunctionRegistry   : Registered SqmFunctionTemplate [NamedSqmFunctionTemplate(variance)] under variance; prior registration was null
2024-07-23T15:04:19.424-05:00 DEBUG 52024 --- [app_aurora] [           main] o.h.q.sqm.function.SqmFunctionRegistry   : Registered SqmFunctionTemplate [NamedSqmFunctionTemplate(var_pop)] under var_pop; prior registration was null
2024-07-23T15:04:19.425-05:00 DEBUG 52024 --- [app_aurora] [           main] o.h.q.sqm.function.SqmFunctionRegistry   : Registered SqmFunctionTemplate [NamedSqmFunctionTemplate(var_samp)] under var_samp; prior registration was null
2024-07-23T15:04:19.425-05:00 DEBUG 52024 --- [app_aurora] [           main] o.h.q.sqm.function.SqmFunctionRegistry   : Registered SqmFunctionTemplate [NamedSqmFunctionTemplate(datediff)] under datediff; prior registration was null
2024-07-23T15:04:19.425-05:00 DEBUG 52024 --- [app_aurora] [           main] o.h.q.sqm.function.SqmFunctionRegistry   : Registered SqmFunctionTemplate [NamedSqmFunctionTemplate(adddate)] under adddate; prior registration was null
2024-07-23T15:04:19.425-05:00 DEBUG 52024 --- [app_aurora] [           main] o.h.q.sqm.function.SqmFunctionRegistry   : Registered SqmFunctionTemplate [NamedSqmFunctionTemplate(subdate)] under subdate; prior registration was null
2024-07-23T15:04:19.425-05:00 DEBUG 52024 --- [app_aurora] [           main] o.h.q.sqm.function.SqmFunctionRegistry   : Registered SqmFunctionTemplate [NamedSqmFunctionTemplate(addtime)] under addtime; prior registration was null
2024-07-23T15:04:19.425-05:00 DEBUG 52024 --- [app_aurora] [           main] o.h.q.sqm.function.SqmFunctionRegistry   : Registered SqmFunctionTemplate [NamedSqmFunctionTemplate(subtime)] under subtime; prior registration was null
2024-07-23T15:04:19.425-05:00 DEBUG 52024 --- [app_aurora] [           main] o.h.q.sqm.function.SqmFunctionRegistry   : Registered SqmFunctionTemplate [org.hibernate.dialect.function.FormatFunction@35dc849b] under format; prior registration was org.hibernate.dialect.function.FormatFunction@632b96b8
2024-07-23T15:04:19.425-05:00 DEBUG 52024 --- [app_aurora] [           main] o.h.q.sqm.function.SqmFunctionRegistry   : Registered SqmFunctionTemplate [NamedSqmFunctionTemplate(makedate)] under makedate; prior registration was null
2024-07-23T15:04:19.425-05:00 DEBUG 52024 --- [app_aurora] [           main] o.h.q.sqm.function.SqmFunctionRegistry   : Registered SqmFunctionTemplate [NamedSqmFunctionTemplate(maketime)] under maketime; prior registration was null
2024-07-23T15:04:19.425-05:00 DEBUG 52024 --- [app_aurora] [           main] o.h.q.sqm.function.SqmFunctionRegistry   : Registered SqmFunctionTemplate [NamedSqmFunctionTemplate(localtime)] under localtime; prior registration was null
2024-07-23T15:04:19.425-05:00 DEBUG 52024 --- [app_aurora] [           main] o.h.q.sqm.function.SqmFunctionRegistry   : Registered SqmFunctionTemplate [NamedSqmFunctionTemplate(localtimestamp)] under localtimestamp; prior registration was null
2024-07-23T15:04:19.425-05:00 DEBUG 52024 --- [app_aurora] [           main] o.h.q.sqm.function.SqmFunctionRegistry   : Registered SqmFunctionTemplate [NamedSqmFunctionTemplate(localtime)] under local_time; prior registration was org.hibernate.dialect.function.CurrentFunction@2ea4e762
2024-07-23T15:04:19.425-05:00 DEBUG 52024 --- [app_aurora] [           main] o.h.q.sqm.function.SqmFunctionRegistry   : Registered SqmFunctionTemplate [NamedSqmFunctionTemplate(localtimestamp)] under local_datetime; prior registration was org.hibernate.dialect.function.CurrentFunction@444c0f9a
2024-07-23T15:04:19.425-05:00 DEBUG 52024 --- [app_aurora] [           main] o.h.q.sqm.function.SqmFunctionRegistry   : Registered SqmFunctionTemplate [NamedSqmFunctionTemplate(localtime)] under localtime; prior registration was NamedSqmFunctionTemplate(localtime)
2024-07-23T15:04:19.425-05:00 DEBUG 52024 --- [app_aurora] [           main] o.h.q.sqm.function.SqmFunctionRegistry   : Registered SqmFunctionTemplate [org.hibernate.query.sqm.function.PatternBasedSqmFunctionDescriptor@276aa33f] under pi; prior registration was org.hibernate.query.sqm.function.PatternBasedSqmFunctionDescriptor@5dc120ab
2024-07-23T15:04:19.425-05:00 DEBUG 52024 --- [app_aurora] [           main] o.h.q.sqm.function.SqmFunctionRegistry   : Registered SqmFunctionTemplate [org.hibernate.query.sqm.function.PatternBasedSqmFunctionDescriptor@34065642] under chr; prior registration was null
2024-07-23T15:04:19.425-05:00 DEBUG 52024 --- [app_aurora] [           main] o.h.q.sqm.function.SqmFunctionRegistry   : Registering alternate key : char -> chr
2024-07-23T15:04:19.425-05:00 DEBUG 52024 --- [app_aurora] [           main] o.h.q.sqm.function.SqmFunctionRegistry   : Registered SqmFunctionTemplate [org.hibernate.query.sqm.function.PatternBasedSqmFunctionDescriptor@c85486] under sysdate; prior registration was null
2024-07-23T15:04:19.425-05:00 DEBUG 52024 --- [app_aurora] [           main] o.h.q.sqm.function.SqmFunctionRegistry   : Registered SqmFunctionTemplate [org.hibernate.dialect.function.ListaggGroupConcatEmulation@677c2820] under listagg; prior registration was null
2024-07-23T15:04:19.425-05:00 DEBUG 52024 --- [app_aurora] [           main] org.hibernate.HQL_FUNCTIONS              : abs(NUMERIC arg)
2024-07-23T15:04:19.425-05:00 DEBUG 52024 --- [app_aurora] [           main] org.hibernate.HQL_FUNCTIONS              : Double acos(NUMERIC arg)
2024-07-23T15:04:19.425-05:00 DEBUG 52024 --- [app_aurora] [           main] org.hibernate.HQL_FUNCTIONS              : adddate(DATE datetime, INTEGER days)
2024-07-23T15:04:19.425-05:00 DEBUG 52024 --- [app_aurora] [           main] org.hibernate.HQL_FUNCTIONS              : addtime(TIME datetime, TIME time)
2024-07-23T15:04:19.425-05:00 DEBUG 52024 --- [app_aurora] [           main] org.hibernate.HQL_FUNCTIONS              : Boolean any(BOOLEAN arg)
2024-07-23T15:04:19.429-05:00 DEBUG 52024 --- [app_aurora] [           main] org.hibernate.HQL_FUNCTIONS              : Integer ascii(STRING arg)
2024-07-23T15:04:19.429-05:00 DEBUG 52024 --- [app_aurora] [           main] org.hibernate.HQL_FUNCTIONS              : Double asin(NUMERIC arg)
2024-07-23T15:04:19.429-05:00 DEBUG 52024 --- [app_aurora] [           main] org.hibernate.HQL_FUNCTIONS              : Double atan(NUMERIC arg)
2024-07-23T15:04:19.429-05:00 DEBUG 52024 --- [app_aurora] [           main] org.hibernate.HQL_FUNCTIONS              : Double atan2(NUMERIC arg0, NUMERIC arg1)
2024-07-23T15:04:19.429-05:00 DEBUG 52024 --- [app_aurora] [           main] org.hibernate.HQL_FUNCTIONS              : avg(arg)
2024-07-23T15:04:19.429-05:00 DEBUG 52024 --- [app_aurora] [           main] org.hibernate.HQL_FUNCTIONS              : bit_and(arg)
2024-07-23T15:04:19.429-05:00 DEBUG 52024 --- [app_aurora] [           main] org.hibernate.HQL_FUNCTIONS              : Integer bit_length(STRING_OR_CLOB arg)
2024-07-23T15:04:19.429-05:00 DEBUG 52024 --- [app_aurora] [           main] org.hibernate.HQL_FUNCTIONS              : bit_or(arg)
2024-07-23T15:04:19.429-05:00 DEBUG 52024 --- [app_aurora] [           main] org.hibernate.HQL_FUNCTIONS              : bitand(arg0, arg1)
2024-07-23T15:04:19.429-05:00 DEBUG 52024 --- [app_aurora] [           main] org.hibernate.HQL_FUNCTIONS              : bitnot(arg)
2024-07-23T15:04:19.429-05:00 DEBUG 52024 --- [app_aurora] [           main] org.hibernate.HQL_FUNCTIONS              : bitor(arg0, arg1)
2024-07-23T15:04:19.429-05:00 DEBUG 52024 --- [app_aurora] [           main] org.hibernate.HQL_FUNCTIONS              : bitxor(arg0, arg1)
2024-07-23T15:04:19.429-05:00 DEBUG 52024 --- [app_aurora] [           main] org.hibernate.HQL_FUNCTIONS              : cast(arg as Type)
2024-07-23T15:04:19.429-05:00 DEBUG 52024 --- [app_aurora] [           main] org.hibernate.HQL_FUNCTIONS              : ceiling(NUMERIC arg)
2024-07-23T15:04:19.429-05:00 DEBUG 52024 --- [app_aurora] [           main] org.hibernate.HQL_FUNCTIONS              : Character char(INTEGER arg)
2024-07-23T15:04:19.429-05:00 DEBUG 52024 --- [app_aurora] [           main] org.hibernate.HQL_FUNCTIONS              : Integer character_length(STRING_OR_CLOB arg)
2024-07-23T15:04:19.429-05:00 DEBUG 52024 --- [app_aurora] [           main] org.hibernate.HQL_FUNCTIONS              : Character chr(INTEGER arg)
2024-07-23T15:04:19.429-05:00 DEBUG 52024 --- [app_aurora] [           main] org.hibernate.HQL_FUNCTIONS              : coalesce(arg0[, arg1[, ...]])
2024-07-23T15:04:19.429-05:00 DEBUG 52024 --- [app_aurora] [           main] org.hibernate.HQL_FUNCTIONS              : String collate(STRING string as COLLATION collation)
2024-07-23T15:04:19.429-05:00 DEBUG 52024 --- [app_aurora] [           main] org.hibernate.HQL_FUNCTIONS              : String concat(STRING string0[, STRING string1[, ...]])
2024-07-23T15:04:19.429-05:00 DEBUG 52024 --- [app_aurora] [           main] org.hibernate.HQL_FUNCTIONS              : Double cos(NUMERIC arg)
2024-07-23T15:04:19.429-05:00 DEBUG 52024 --- [app_aurora] [           main] org.hibernate.HQL_FUNCTIONS              : Double cosh(NUMERIC arg)
2024-07-23T15:04:19.429-05:00 DEBUG 52024 --- [app_aurora] [           main] org.hibernate.HQL_FUNCTIONS              : Double cot(NUMERIC arg)
2024-07-23T15:04:19.429-05:00 DEBUG 52024 --- [app_aurora] [           main] org.hibernate.HQL_FUNCTIONS              : Long count([distinct ]{arg|*})
2024-07-23T15:04:19.429-05:00 DEBUG 52024 --- [app_aurora] [           main] org.hibernate.HQL_FUNCTIONS              : Integer crc32(arg)
2024-07-23T15:04:19.429-05:00 DEBUG 52024 --- [app_aurora] [           main] org.hibernate.HQL_FUNCTIONS              : Date curdate()
2024-07-23T15:04:19.429-05:00 DEBUG 52024 --- [app_aurora] [           main] org.hibernate.HQL_FUNCTIONS              : Date current date
2024-07-23T15:04:19.429-05:00 DEBUG 52024 --- [app_aurora] [           main] org.hibernate.HQL_FUNCTIONS              : Time current time
2024-07-23T15:04:19.429-05:00 DEBUG 52024 --- [app_aurora] [           main] org.hibernate.HQL_FUNCTIONS              : Timestamp current timestamp
2024-07-23T15:04:19.429-05:00 DEBUG 52024 --- [app_aurora] [           main] org.hibernate.HQL_FUNCTIONS              : Date current_date
2024-07-23T15:04:19.429-05:00 DEBUG 52024 --- [app_aurora] [           main] org.hibernate.HQL_FUNCTIONS              : Instant current_instant
2024-07-23T15:04:19.429-05:00 DEBUG 52024 --- [app_aurora] [           main] org.hibernate.HQL_FUNCTIONS              : Time current_time
2024-07-23T15:04:19.429-05:00 DEBUG 52024 --- [app_aurora] [           main] org.hibernate.HQL_FUNCTIONS              : Timestamp current_timestamp
2024-07-23T15:04:19.429-05:00 DEBUG 52024 --- [app_aurora] [           main] org.hibernate.HQL_FUNCTIONS              : Time curtime()
2024-07-23T15:04:19.429-05:00 DEBUG 52024 --- [app_aurora] [           main] org.hibernate.HQL_FUNCTIONS              : Date date(arg)
2024-07-23T15:04:19.429-05:00 DEBUG 52024 --- [app_aurora] [           main] org.hibernate.HQL_FUNCTIONS              : dateadd(TEMPORAL_UNIT field, INTEGER magnitude, TEMPORAL datetime)
2024-07-23T15:04:19.429-05:00 DEBUG 52024 --- [app_aurora] [           main] org.hibernate.HQL_FUNCTIONS              : Integer datediff(DATE end, DATE start)
2024-07-23T15:04:19.429-05:00 DEBUG 52024 --- [app_aurora] [           main] org.hibernate.HQL_FUNCTIONS              : Integer day(DATE arg)
2024-07-23T15:04:19.429-05:00 DEBUG 52024 --- [app_aurora] [           main] org.hibernate.HQL_FUNCTIONS              : String dayname(DATE arg)
2024-07-23T15:04:19.429-05:00 DEBUG 52024 --- [app_aurora] [           main] org.hibernate.HQL_FUNCTIONS              : Integer dayofmonth(DATE arg)
2024-07-23T15:04:19.429-05:00 DEBUG 52024 --- [app_aurora] [           main] org.hibernate.HQL_FUNCTIONS              : Integer dayofweek(DATE arg)
2024-07-23T15:04:19.429-05:00 DEBUG 52024 --- [app_aurora] [           main] org.hibernate.HQL_FUNCTIONS              : Integer dayofyear(DATE arg)
2024-07-23T15:04:19.429-05:00 DEBUG 52024 --- [app_aurora] [           main] org.hibernate.HQL_FUNCTIONS              : Double degrees(NUMERIC arg)
2024-07-23T15:04:19.429-05:00 DEBUG 52024 --- [app_aurora] [           main] org.hibernate.HQL_FUNCTIONS              : Boolean every(BOOLEAN arg)
2024-07-23T15:04:19.429-05:00 DEBUG 52024 --- [app_aurora] [           main] org.hibernate.HQL_FUNCTIONS              : Double exp(NUMERIC arg)
2024-07-23T15:04:19.429-05:00 DEBUG 52024 --- [app_aurora] [           main] org.hibernate.HQL_FUNCTIONS              : extract(TEMPORAL_UNIT field from TEMPORAL arg)
2024-07-23T15:04:19.429-05:00 DEBUG 52024 --- [app_aurora] [           main] org.hibernate.HQL_FUNCTIONS              : floor(NUMERIC arg)
2024-07-23T15:04:19.429-05:00 DEBUG 52024 --- [app_aurora] [           main] org.hibernate.HQL_FUNCTIONS              : String format(TEMPORAL datetime as STRING pattern)
2024-07-23T15:04:19.429-05:00 DEBUG 52024 --- [app_aurora] [           main] org.hibernate.HQL_FUNCTIONS              : greatest(COMPARABLE arg0, COMPARABLE arg1[, arg2[, ...]])
2024-07-23T15:04:19.429-05:00 DEBUG 52024 --- [app_aurora] [           main] org.hibernate.HQL_FUNCTIONS              : Integer hour(TIME arg)
2024-07-23T15:04:19.429-05:00 DEBUG 52024 --- [app_aurora] [           main] org.hibernate.HQL_FUNCTIONS              : ifnull(arg0, arg1)
2024-07-23T15:04:19.429-05:00 DEBUG 52024 --- [app_aurora] [           main] org.hibernate.HQL_FUNCTIONS              : String insert(STRING string, INTEGER start, INTEGER length, STRING replacement)
2024-07-23T15:04:19.429-05:00 DEBUG 52024 --- [app_aurora] [           main] org.hibernate.HQL_FUNCTIONS              : Instant instant
2024-07-23T15:04:19.429-05:00 DEBUG 52024 --- [app_aurora] [           main] org.hibernate.HQL_FUNCTIONS              : Integer instr(STRING string, STRING pattern[, INTEGER start[, INTEGER occurrence]])
2024-07-23T15:04:19.429-05:00 DEBUG 52024 --- [app_aurora] [           main] org.hibernate.HQL_FUNCTIONS              : Date last_day(DATE arg)
2024-07-23T15:04:19.429-05:00 DEBUG 52024 --- [app_aurora] [           main] org.hibernate.HQL_FUNCTIONS              : least(COMPARABLE arg0, COMPARABLE arg1[, arg2[, ...]])
2024-07-23T15:04:19.429-05:00 DEBUG 52024 --- [app_aurora] [           main] org.hibernate.HQL_FUNCTIONS              : String left(STRING string, INTEGER length)
2024-07-23T15:04:19.429-05:00 DEBUG 52024 --- [app_aurora] [           main] org.hibernate.HQL_FUNCTIONS              : Integer length(STRING_OR_CLOB arg)
2024-07-23T15:04:19.429-05:00 DEBUG 52024 --- [app_aurora] [           main] org.hibernate.HQL_FUNCTIONS              : String listagg(STRING arg0, STRING arg1)
2024-07-23T15:04:19.429-05:00 DEBUG 52024 --- [app_aurora] [           main] org.hibernate.HQL_FUNCTIONS              : Double ln(NUMERIC arg)
2024-07-23T15:04:19.429-05:00 DEBUG 52024 --- [app_aurora] [           main] org.hibernate.HQL_FUNCTIONS              : LocalDate local date
2024-07-23T15:04:19.429-05:00 DEBUG 52024 --- [app_aurora] [           main] org.hibernate.HQL_FUNCTIONS              : LocalDateTime local datetime
2024-07-23T15:04:19.429-05:00 DEBUG 52024 --- [app_aurora] [           main] org.hibernate.HQL_FUNCTIONS              : LocalTime local time
2024-07-23T15:04:19.429-05:00 DEBUG 52024 --- [app_aurora] [           main] org.hibernate.HQL_FUNCTIONS              : LocalDate local_date
2024-07-23T15:04:19.429-05:00 DEBUG 52024 --- [app_aurora] [           main] org.hibernate.HQL_FUNCTIONS              : LocalDateTime local_datetime
2024-07-23T15:04:19.429-05:00 DEBUG 52024 --- [app_aurora] [           main] org.hibernate.HQL_FUNCTIONS              : LocalTime local_time
2024-07-23T15:04:19.429-05:00 DEBUG 52024 --- [app_aurora] [           main] org.hibernate.HQL_FUNCTIONS              : Timestamp localtime
2024-07-23T15:04:19.429-05:00 DEBUG 52024 --- [app_aurora] [           main] org.hibernate.HQL_FUNCTIONS              : Timestamp localtimestamp
2024-07-23T15:04:19.429-05:00 DEBUG 52024 --- [app_aurora] [           main] org.hibernate.HQL_FUNCTIONS              : Integer locate(STRING pattern, STRING string[, INTEGER start])
2024-07-23T15:04:19.429-05:00 DEBUG 52024 --- [app_aurora] [           main] org.hibernate.HQL_FUNCTIONS              : Double log(NUMERIC arg0[, NUMERIC arg1])
2024-07-23T15:04:19.429-05:00 DEBUG 52024 --- [app_aurora] [           main] org.hibernate.HQL_FUNCTIONS              : Double log10(NUMERIC arg)
2024-07-23T15:04:19.429-05:00 DEBUG 52024 --- [app_aurora] [           main] org.hibernate.HQL_FUNCTIONS              : Double log2(NUMERIC arg)
2024-07-23T15:04:19.429-05:00 DEBUG 52024 --- [app_aurora] [           main] org.hibernate.HQL_FUNCTIONS              : String lower(STRING string)
2024-07-23T15:04:19.429-05:00 DEBUG 52024 --- [app_aurora] [           main] org.hibernate.HQL_FUNCTIONS              : String lpad(string, length[, padding])
2024-07-23T15:04:19.429-05:00 DEBUG 52024 --- [app_aurora] [           main] org.hibernate.HQL_FUNCTIONS              : String ltrim(STRING string[, STRING characters])
2024-07-23T15:04:19.429-05:00 DEBUG 52024 --- [app_aurora] [           main] org.hibernate.HQL_FUNCTIONS              : Date makedate(INTEGER year, INTEGER dayofyear)
2024-07-23T15:04:19.429-05:00 DEBUG 52024 --- [app_aurora] [           main] org.hibernate.HQL_FUNCTIONS              : Time maketime(INTEGER hour, INTEGER min, INTEGER sec)
2024-07-23T15:04:19.429-05:00 DEBUG 52024 --- [app_aurora] [           main] org.hibernate.HQL_FUNCTIONS              : max(COMPARABLE arg)
2024-07-23T15:04:19.429-05:00 DEBUG 52024 --- [app_aurora] [           main] org.hibernate.HQL_FUNCTIONS              : String md5(arg)
2024-07-23T15:04:19.429-05:00 DEBUG 52024 --- [app_aurora] [           main] org.hibernate.HQL_FUNCTIONS              : Integer microsecond(TIME arg)
2024-07-23T15:04:19.429-05:00 DEBUG 52024 --- [app_aurora] [           main] org.hibernate.HQL_FUNCTIONS              : min(COMPARABLE arg)
2024-07-23T15:04:19.429-05:00 DEBUG 52024 --- [app_aurora] [           main] org.hibernate.HQL_FUNCTIONS              : Integer minute(TIME arg)
2024-07-23T15:04:19.429-05:00 DEBUG 52024 --- [app_aurora] [           main] org.hibernate.HQL_FUNCTIONS              : Integer mod(INTEGER arg0, INTEGER arg1)
2024-07-23T15:04:19.429-05:00 DEBUG 52024 --- [app_aurora] [           main] org.hibernate.HQL_FUNCTIONS              : Integer month(DATE arg)
2024-07-23T15:04:19.429-05:00 DEBUG 52024 --- [app_aurora] [           main] org.hibernate.HQL_FUNCTIONS              : String monthname(DATE arg)
2024-07-23T15:04:19.429-05:00 DEBUG 52024 --- [app_aurora] [           main] org.hibernate.HQL_FUNCTIONS              : Timestamp now()
2024-07-23T15:04:19.429-05:00 DEBUG 52024 --- [app_aurora] [           main] org.hibernate.HQL_FUNCTIONS              : nullif(arg0, arg1)
2024-07-23T15:04:19.429-05:00 DEBUG 52024 --- [app_aurora] [           main] org.hibernate.HQL_FUNCTIONS              : Integer octet_length(STRING_OR_CLOB arg)
2024-07-23T15:04:19.429-05:00 DEBUG 52024 --- [app_aurora] [           main] org.hibernate.HQL_FUNCTIONS              : OffsetDateTime offset datetime
2024-07-23T15:04:19.429-05:00 DEBUG 52024 --- [app_aurora] [           main] org.hibernate.HQL_FUNCTIONS              : OffsetDateTime offset_datetime
2024-07-23T15:04:19.429-05:00 DEBUG 52024 --- [app_aurora] [           main] org.hibernate.HQL_FUNCTIONS              : String overlay(STRING string placing STRING replacement from INTEGER start[ for INTEGER length])
2024-07-23T15:04:19.429-05:00 DEBUG 52024 --- [app_aurora] [           main] org.hibernate.HQL_FUNCTIONS              : String pad(STRING string with INTEGER length {leading|trailing}[ STRING character])
2024-07-23T15:04:19.429-05:00 DEBUG 52024 --- [app_aurora] [           main] org.hibernate.HQL_FUNCTIONS              : Double pi
2024-07-23T15:04:19.429-05:00 DEBUG 52024 --- [app_aurora] [           main] org.hibernate.HQL_FUNCTIONS              : Integer position(STRING pattern in STRING string)
2024-07-23T15:04:19.429-05:00 DEBUG 52024 --- [app_aurora] [           main] org.hibernate.HQL_FUNCTIONS              : Double power(NUMERIC arg0, NUMERIC arg1)
2024-07-23T15:04:19.429-05:00 DEBUG 52024 --- [app_aurora] [           main] org.hibernate.HQL_FUNCTIONS              : Integer quarter(DATE arg)
2024-07-23T15:04:19.429-05:00 DEBUG 52024 --- [app_aurora] [           main] org.hibernate.HQL_FUNCTIONS              : Double radians(NUMERIC arg)
2024-07-23T15:04:19.429-05:00 DEBUG 52024 --- [app_aurora] [           main] org.hibernate.HQL_FUNCTIONS              : Double rand([INTEGER seed])
2024-07-23T15:04:19.429-05:00 DEBUG 52024 --- [app_aurora] [           main] org.hibernate.HQL_FUNCTIONS              : String repeat(STRING string, INTEGER times)
2024-07-23T15:04:19.429-05:00 DEBUG 52024 --- [app_aurora] [           main] org.hibernate.HQL_FUNCTIONS              : String replace(STRING string, STRING pattern, STRING replacement)
2024-07-23T15:04:19.429-05:00 DEBUG 52024 --- [app_aurora] [           main] org.hibernate.HQL_FUNCTIONS              : String reverse(STRING arg)
2024-07-23T15:04:19.429-05:00 DEBUG 52024 --- [app_aurora] [           main] org.hibernate.HQL_FUNCTIONS              : String right(STRING string, INTEGER length)
2024-07-23T15:04:19.429-05:00 DEBUG 52024 --- [app_aurora] [           main] org.hibernate.HQL_FUNCTIONS              : round(NUMERIC number[, INTEGER places])
2024-07-23T15:04:19.429-05:00 DEBUG 52024 --- [app_aurora] [           main] org.hibernate.HQL_FUNCTIONS              : String rpad(string, length[, padding])
2024-07-23T15:04:19.429-05:00 DEBUG 52024 --- [app_aurora] [           main] org.hibernate.HQL_FUNCTIONS              : String rtrim(STRING string[, STRING characters])
2024-07-23T15:04:19.429-05:00 DEBUG 52024 --- [app_aurora] [           main] org.hibernate.HQL_FUNCTIONS              : Integer second(TIME arg)
2024-07-23T15:04:19.429-05:00 DEBUG 52024 --- [app_aurora] [           main] org.hibernate.HQL_FUNCTIONS              : String sha(arg)
2024-07-23T15:04:19.429-05:00 DEBUG 52024 --- [app_aurora] [           main] org.hibernate.HQL_FUNCTIONS              : String sha1(arg)
2024-07-23T15:04:19.429-05:00 DEBUG 52024 --- [app_aurora] [           main] org.hibernate.HQL_FUNCTIONS              : String sha2(arg0, arg1)
2024-07-23T15:04:19.429-05:00 DEBUG 52024 --- [app_aurora] [           main] org.hibernate.HQL_FUNCTIONS              : Integer sign(NUMERIC arg)
2024-07-23T15:04:19.429-05:00 DEBUG 52024 --- [app_aurora] [           main] org.hibernate.HQL_FUNCTIONS              : Double sin(NUMERIC arg)
2024-07-23T15:04:19.429-05:00 DEBUG 52024 --- [app_aurora] [           main] org.hibernate.HQL_FUNCTIONS              : Double sinh(NUMERIC arg)
2024-07-23T15:04:19.429-05:00 DEBUG 52024 --- [app_aurora] [           main] org.hibernate.HQL_FUNCTIONS              : String soundex(arg)
2024-07-23T15:04:19.429-05:00 DEBUG 52024 --- [app_aurora] [           main] org.hibernate.HQL_FUNCTIONS              : String space(INTEGER arg)
2024-07-23T15:04:19.429-05:00 DEBUG 52024 --- [app_aurora] [           main] org.hibernate.HQL_FUNCTIONS              : Object sql
2024-07-23T15:04:19.429-05:00 DEBUG 52024 --- [app_aurora] [           main] org.hibernate.HQL_FUNCTIONS              : Double sqrt(NUMERIC arg)
2024-07-23T15:04:19.429-05:00 DEBUG 52024 --- [app_aurora] [           main] org.hibernate.HQL_FUNCTIONS              : Double stddev(NUMERIC arg)
2024-07-23T15:04:19.429-05:00 DEBUG 52024 --- [app_aurora] [           main] org.hibernate.HQL_FUNCTIONS              : Double stddev_pop(NUMERIC arg)
2024-07-23T15:04:19.429-05:00 DEBUG 52024 --- [app_aurora] [           main] org.hibernate.HQL_FUNCTIONS              : Double stddev_samp(NUMERIC arg)
2024-07-23T15:04:19.429-05:00 DEBUG 52024 --- [app_aurora] [           main] org.hibernate.HQL_FUNCTIONS              : String str(arg)
2024-07-23T15:04:19.429-05:00 DEBUG 52024 --- [app_aurora] [           main] org.hibernate.HQL_FUNCTIONS              : subdate(DATE datetime, INTEGER days)
2024-07-23T15:04:19.429-05:00 DEBUG 52024 --- [app_aurora] [           main] org.hibernate.HQL_FUNCTIONS              : String substr(STRING string, INTEGER start[, INTEGER length])
2024-07-23T15:04:19.429-05:00 DEBUG 52024 --- [app_aurora] [           main] org.hibernate.HQL_FUNCTIONS              : String substring(STRING string{ from|,} INTEGER start[{ for|,} INTEGER length])
2024-07-23T15:04:19.429-05:00 DEBUG 52024 --- [app_aurora] [           main] org.hibernate.HQL_FUNCTIONS              : subtime(TIME datetime, TIME time)
2024-07-23T15:04:19.429-05:00 DEBUG 52024 --- [app_aurora] [           main] org.hibernate.HQL_FUNCTIONS              : sum(arg)
2024-07-23T15:04:19.429-05:00 DEBUG 52024 --- [app_aurora] [           main] org.hibernate.HQL_FUNCTIONS              : Timestamp sysdate()
2024-07-23T15:04:19.429-05:00 DEBUG 52024 --- [app_aurora] [           main] org.hibernate.HQL_FUNCTIONS              : Double tan(NUMERIC arg)
2024-07-23T15:04:19.429-05:00 DEBUG 52024 --- [app_aurora] [           main] org.hibernate.HQL_FUNCTIONS              : Double tanh(NUMERIC arg)
2024-07-23T15:04:19.429-05:00 DEBUG 52024 --- [app_aurora] [           main] org.hibernate.HQL_FUNCTIONS              : String time(arg)
2024-07-23T15:04:19.429-05:00 DEBUG 52024 --- [app_aurora] [           main] org.hibernate.HQL_FUNCTIONS              : Timestamp timestamp(arg0[, arg1])
2024-07-23T15:04:19.429-05:00 DEBUG 52024 --- [app_aurora] [           main] org.hibernate.HQL_FUNCTIONS              : timestampadd(TEMPORAL_UNIT field, INTEGER magnitude, TEMPORAL datetime)
2024-07-23T15:04:19.429-05:00 DEBUG 52024 --- [app_aurora] [           main] org.hibernate.HQL_FUNCTIONS              : Long|Double timestampdiff(TEMPORAL_UNIT field, TEMPORAL start, TEMPORAL end)
2024-07-23T15:04:19.429-05:00 DEBUG 52024 --- [app_aurora] [           main] org.hibernate.HQL_FUNCTIONS              : String trim([[{leading|trailing|both} ][STRING arg0 ]from] STRING arg1)
2024-07-23T15:04:19.429-05:00 DEBUG 52024 --- [app_aurora] [           main] org.hibernate.HQL_FUNCTIONS              : trunc( ... )
2024-07-23T15:04:19.429-05:00 DEBUG 52024 --- [app_aurora] [           main] org.hibernate.HQL_FUNCTIONS              : truncate( ... )
2024-07-23T15:04:19.429-05:00 DEBUG 52024 --- [app_aurora] [           main] org.hibernate.HQL_FUNCTIONS              : String upper(STRING string)
2024-07-23T15:04:19.429-05:00 DEBUG 52024 --- [app_aurora] [           main] org.hibernate.HQL_FUNCTIONS              : Date utc_date
2024-07-23T15:04:19.434-05:00 DEBUG 52024 --- [app_aurora] [           main] org.hibernate.HQL_FUNCTIONS              : Time utc_time
2024-07-23T15:04:19.434-05:00 DEBUG 52024 --- [app_aurora] [           main] org.hibernate.HQL_FUNCTIONS              : Timestamp utc_timestamp
2024-07-23T15:04:19.434-05:00 DEBUG 52024 --- [app_aurora] [           main] org.hibernate.HQL_FUNCTIONS              : Double var_pop(NUMERIC arg)
2024-07-23T15:04:19.434-05:00 DEBUG 52024 --- [app_aurora] [           main] org.hibernate.HQL_FUNCTIONS              : Double var_samp(NUMERIC arg)
2024-07-23T15:04:19.434-05:00 DEBUG 52024 --- [app_aurora] [           main] org.hibernate.HQL_FUNCTIONS              : Double variance(NUMERIC arg)
2024-07-23T15:04:19.434-05:00 DEBUG 52024 --- [app_aurora] [           main] org.hibernate.HQL_FUNCTIONS              : Integer week(DATE arg)
2024-07-23T15:04:19.434-05:00 DEBUG 52024 --- [app_aurora] [           main] org.hibernate.HQL_FUNCTIONS              : Integer year(DATE arg)
2024-07-23T15:04:19.434-05:00 DEBUG 52024 --- [app_aurora] [           main] org.hibernate.orm.query.plan.cache       : Starting QueryInterpretationCache(2048)
2024-07-23T15:04:19.494-05:00 DEBUG 52024 --- [app_aurora] [           main] .h.s.i.SessionFactoryServiceRegistryImpl : EventListenerRegistry access via ServiceRegistry is deprecated.  Use `sessionFactory.getEventEngine().getListenerRegistry()` instead
2024-07-23T15:04:19.494-05:00 DEBUG 52024 --- [app_aurora] [           main] h.e.i.EntityCopyObserverFactoryInitiator : Configured EntityCopyObserver strategy: disallow
2024-07-23T15:04:19.564-05:00 DEBUG 52024 --- [app_aurora] [           main] org.hibernate.ormbytecode.interceptor    : To-one property `NameCheap.nameCheap.entidades.PasswordResetToken#usuario` was mapped with LAZY + NO_PROXY but the class was not enhanced
2024-07-23T15:04:19.564-05:00 DEBUG 52024 --- [app_aurora] [           main] org.hibernate.ormbytecode.interceptor    : To-one property `NameCheap.nameCheap.entidades.PasswordResetToken#usuario` was mapped with LAZY + NO_PROXY but the class was not enhanced
2024-07-23T15:04:19.564-05:00 DEBUG 52024 --- [app_aurora] [           main] o.h.boot.internal.ClassLoaderAccessImpl  : Not known whether passed class name [NameCheap.nameCheap.entidades.PasswordResetToken] is safe
2024-07-23T15:04:19.564-05:00 DEBUG 52024 --- [app_aurora] [           main] o.h.boot.internal.ClassLoaderAccessImpl  : No temp ClassLoader provided; using live ClassLoader for loading potentially unsafe class : NameCheap.nameCheap.entidades.PasswordResetToken
2024-07-23T15:04:19.714-05:00 DEBUG 52024 --- [app_aurora] [           main] o.h.b.i.bytebuddy.BytecodeProviderImpl   : HHH000513: Unable to create the ReflectionOptimizer for [NameCheap.nameCheap.entidades.PasswordResetToken]: private accessor [email]
2024-07-23T15:04:19.719-05:00 DEBUG 52024 --- [app_aurora] [           main] org.hibernate.ormbytecode.interceptor    : To-one property `NameCheap.nameCheap.entidades.PasswordResetToken#usuario` was mapped with LAZY + NO_PROXY but the class was not enhanced
2024-07-23T15:04:19.739-05:00 DEBUG 52024 --- [app_aurora] [           main] o.h.boot.internal.ClassLoaderAccessImpl  : Not known whether passed class name [NameCheap.nameCheap.entidades.Rol] is safe
2024-07-23T15:04:19.739-05:00 DEBUG 52024 --- [app_aurora] [           main] o.h.boot.internal.ClassLoaderAccessImpl  : No temp ClassLoader provided; using live ClassLoader for loading potentially unsafe class : NameCheap.nameCheap.entidades.Rol
2024-07-23T15:04:19.749-05:00 DEBUG 52024 --- [app_aurora] [           main] o.h.b.i.bytebuddy.BytecodeProviderImpl   : HHH000513: Unable to create the ReflectionOptimizer for [NameCheap.nameCheap.entidades.Rol]: private accessor [descripcion]
2024-07-23T15:04:19.749-05:00 DEBUG 52024 --- [app_aurora] [           main] org.hibernate.ormbytecode.interceptor    : To-one property `NameCheap.nameCheap.entidades.Imagen#info` was mapped with LAZY + NO_PROXY but the class was not enhanced
2024-07-23T15:04:19.749-05:00 DEBUG 52024 --- [app_aurora] [           main] org.hibernate.ormbytecode.interceptor    : To-one property `NameCheap.nameCheap.entidades.Imagen#info` was mapped with LAZY + NO_PROXY but the class was not enhanced
2024-07-23T15:04:19.749-05:00 DEBUG 52024 --- [app_aurora] [           main] o.h.boot.internal.ClassLoaderAccessImpl  : Not known whether passed class name [NameCheap.nameCheap.entidades.Imagen] is safe
2024-07-23T15:04:19.749-05:00 DEBUG 52024 --- [app_aurora] [           main] o.h.boot.internal.ClassLoaderAccessImpl  : No temp ClassLoader provided; using live ClassLoader for loading potentially unsafe class : NameCheap.nameCheap.entidades.Imagen
2024-07-23T15:04:19.759-05:00 DEBUG 52024 --- [app_aurora] [           main] o.h.b.i.bytebuddy.BytecodeProviderImpl   : HHH000513: Unable to create the ReflectionOptimizer for [NameCheap.nameCheap.entidades.Imagen]: private accessor [fileType]
2024-07-23T15:04:19.759-05:00 DEBUG 52024 --- [app_aurora] [           main] org.hibernate.ormbytecode.interceptor    : To-one property `NameCheap.nameCheap.entidades.Imagen#info` was mapped with LAZY + NO_PROXY but the class was not enhanced
2024-07-23T15:04:19.759-05:00 DEBUG 52024 --- [app_aurora] [           main] o.h.boot.internal.ClassLoaderAccessImpl  : Not known whether passed class name [NameCheap.nameCheap.entidades.Informacion] is safe
2024-07-23T15:04:19.759-05:00 DEBUG 52024 --- [app_aurora] [           main] o.h.boot.internal.ClassLoaderAccessImpl  : No temp ClassLoader provided; using live ClassLoader for loading potentially unsafe class : NameCheap.nameCheap.entidades.Informacion
2024-07-23T15:04:19.769-05:00 DEBUG 52024 --- [app_aurora] [           main] o.h.b.i.bytebuddy.BytecodeProviderImpl   : HHH000513: Unable to create the ReflectionOptimizer for [NameCheap.nameCheap.entidades.Informacion]: private accessor [iconoServicio]
2024-07-23T15:04:19.774-05:00 DEBUG 52024 --- [app_aurora] [           main] org.hibernate.ormbytecode.interceptor    : To-one property `NameCheap.nameCheap.entidades.Usuario#rol` was mapped with LAZY + NO_PROXY but the class was not enhanced
2024-07-23T15:04:19.774-05:00 DEBUG 52024 --- [app_aurora] [           main] org.hibernate.ormbytecode.interceptor    : To-one property `NameCheap.nameCheap.entidades.Usuario#rol` was mapped with LAZY + NO_PROXY but the class was not enhanced
2024-07-23T15:04:19.774-05:00 DEBUG 52024 --- [app_aurora] [           main] o.h.boot.internal.ClassLoaderAccessImpl  : Not known whether passed class name [NameCheap.nameCheap.entidades.Usuario] is safe
2024-07-23T15:04:19.774-05:00 DEBUG 52024 --- [app_aurora] [           main] o.h.boot.internal.ClassLoaderAccessImpl  : No temp ClassLoader provided; using live ClassLoader for loading potentially unsafe class : NameCheap.nameCheap.entidades.Usuario
2024-07-23T15:04:19.785-05:00 DEBUG 52024 --- [app_aurora] [           main] o.h.b.i.bytebuddy.BytecodeProviderImpl   : HHH000513: Unable to create the ReflectionOptimizer for [NameCheap.nameCheap.entidades.Usuario]: private accessor [email]
2024-07-23T15:04:19.785-05:00 DEBUG 52024 --- [app_aurora] [           main] org.hibernate.ormbytecode.interceptor    : To-one property `NameCheap.nameCheap.entidades.Usuario#rol` was mapped with LAZY + NO_PROXY but the class was not enhanced
2024-07-23T15:04:19.819-05:00 DEBUG 52024 --- [app_aurora] [           main] org.hibernate.orm.jdbc.mutation          : Skipping collection row updates - NameCheap.nameCheap.entidades.Informacion.imagen
2024-07-23T15:04:19.844-05:00 DEBUG 52024 --- [app_aurora] [           main] o.hibernate.orm.model.mapping.creation   : Starting post-init callbacks
2024-07-23T15:04:19.844-05:00 DEBUG 52024 --- [app_aurora] [           main] o.hibernate.orm.model.mapping.creation   : Starting PostInitCallbackEntry : To-one key - NavigableRole[NameCheap.nameCheap.entidades.PasswordResetToken.usuario]
2024-07-23T15:04:19.849-05:00 DEBUG 52024 --- [app_aurora] [           main] o.hibernate.orm.model.mapping.creation   : Starting PostInitCallbackEntry : Entity(NameCheap.nameCheap.entidades.PasswordResetToken) `staticFetchableList` generator
2024-07-23T15:04:19.849-05:00 DEBUG 52024 --- [app_aurora] [           main] o.hibernate.orm.model.mapping.creation   : Starting PostInitCallbackEntry : Entity(NameCheap.nameCheap.entidades.PasswordResetToken) `sqmMultiTableInsertStrategy` interpretation
2024-07-23T15:04:19.854-05:00 DEBUG 52024 --- [app_aurora] [           main] o.hibernate.orm.model.mapping.creation   : Starting PostInitCallbackEntry : PluralAttributeMapping( NavigableRole[NameCheap.nameCheap.entidades.Rol.usuario#{element}]) - element descriptor
2024-07-23T15:04:19.854-05:00 DEBUG 52024 --- [app_aurora] [           main] o.hibernate.orm.model.mapping.creation   : Starting PostInitCallbackEntry : PluralAttributeMapping(NameCheap.nameCheap.entidades.Rol.usuario)#finishInitialization
2024-07-23T15:04:19.854-05:00 DEBUG 52024 --- [app_aurora] [           main] o.hibernate.orm.model.mapping.creation   : Starting PostInitCallbackEntry : PluralAttributeMapping(NameCheap.nameCheap.entidades.Rol.usuario) - key descriptor
2024-07-23T15:04:19.854-05:00 DEBUG 52024 --- [app_aurora] [           main] o.hibernate.orm.model.mapping.creation   : Starting PostInitCallbackEntry : Entity(NameCheap.nameCheap.entidades.Rol) `staticFetchableList` generator
2024-07-23T15:04:19.854-05:00 DEBUG 52024 --- [app_aurora] [           main] o.hibernate.orm.model.mapping.creation   : Starting PostInitCallbackEntry : Entity(NameCheap.nameCheap.entidades.Rol) `sqmMultiTableInsertStrategy` interpretation
2024-07-23T15:04:19.854-05:00 DEBUG 52024 --- [app_aurora] [           main] o.hibernate.orm.model.mapping.creation   : Starting PostInitCallbackEntry : To-one key - NavigableRole[NameCheap.nameCheap.entidades.Imagen.info]
2024-07-23T15:04:19.854-05:00 DEBUG 52024 --- [app_aurora] [           main] o.hibernate.orm.model.mapping.creation   : Starting PostInitCallbackEntry : Entity(NameCheap.nameCheap.entidades.Imagen) `staticFetchableList` generator
2024-07-23T15:04:19.854-05:00 DEBUG 52024 --- [app_aurora] [           main] o.hibernate.orm.model.mapping.creation   : Starting PostInitCallbackEntry : Entity(NameCheap.nameCheap.entidades.Imagen) `sqmMultiTableInsertStrategy` interpretation
2024-07-23T15:04:19.854-05:00 DEBUG 52024 --- [app_aurora] [           main] o.hibernate.orm.model.mapping.creation   : Starting PostInitCallbackEntry : PluralAttributeMapping( NavigableRole[NameCheap.nameCheap.entidades.Informacion.imagen#{element}]) - element descriptor
2024-07-23T15:04:19.854-05:00 DEBUG 52024 --- [app_aurora] [           main] o.hibernate.orm.model.mapping.creation   : Starting PostInitCallbackEntry : PluralAttributeMapping(NameCheap.nameCheap.entidades.Informacion.imagen)#finishInitialization
2024-07-23T15:04:19.854-05:00 DEBUG 52024 --- [app_aurora] [           main] o.hibernate.orm.model.mapping.creation   : Starting PostInitCallbackEntry : PluralAttributeMapping(NameCheap.nameCheap.entidades.Informacion.imagen) - key descriptor
2024-07-23T15:04:19.854-05:00 DEBUG 52024 --- [app_aurora] [           main] o.hibernate.orm.model.mapping.creation   : Starting PostInitCallbackEntry : Entity(NameCheap.nameCheap.entidades.Informacion) `staticFetchableList` generator
2024-07-23T15:04:19.854-05:00 DEBUG 52024 --- [app_aurora] [           main] o.hibernate.orm.model.mapping.creation   : Starting PostInitCallbackEntry : Entity(NameCheap.nameCheap.entidades.Informacion) `sqmMultiTableInsertStrategy` interpretation
2024-07-23T15:04:19.854-05:00 DEBUG 52024 --- [app_aurora] [           main] o.hibernate.orm.model.mapping.creation   : Starting PostInitCallbackEntry : To-one key - NavigableRole[NameCheap.nameCheap.entidades.Usuario.rol]
2024-07-23T15:04:19.854-05:00 DEBUG 52024 --- [app_aurora] [           main] o.hibernate.orm.model.mapping.creation   : Starting PostInitCallbackEntry : Entity(NameCheap.nameCheap.entidades.Usuario) `staticFetchableList` generator
2024-07-23T15:04:19.854-05:00 DEBUG 52024 --- [app_aurora] [           main] o.hibernate.orm.model.mapping.creation   : Starting PostInitCallbackEntry : Entity(NameCheap.nameCheap.entidades.Usuario) `sqmMultiTableInsertStrategy` interpretation
2024-07-23T15:04:19.854-05:00 DEBUG 52024 --- [app_aurora] [           main] o.hibernate.orm.model.mapping.creation   : Starting PostInitCallbackEntry : PluralAttributeMapping( NavigableRole[NameCheap.nameCheap.entidades.Rol.usuario#{element}]) - element descriptor
2024-07-23T15:04:19.914-05:00 DEBUG 52024 --- [app_aurora] [           main] org.hibernate.orm.sql.ast.create         : Created new SQL alias : prt1_0
2024-07-23T15:04:19.914-05:00 DEBUG 52024 --- [app_aurora] [           main] org.hibernate.orm.sql.ast.create         : Registration of TableGroup [StandardTableGroup(NameCheap.nameCheap.entidades.PasswordResetToken)] with identifierForTableGroup [NameCheap.nameCheap.entidades.PasswordResetToken] for NavigablePath [NameCheap.nameCheap.entidades.PasswordResetToken] 
2024-07-23T15:04:19.924-05:00 DEBUG 52024 --- [app_aurora] [           main] org.hibernate.orm.sql.ast.create         : Registration of TableGroup [org.hibernate.sql.ast.tree.from.LazyTableGroup@4b2af0eb] with identifierForTableGroup [NameCheap.nameCheap.entidades.PasswordResetToken.usuario] for NavigablePath [NameCheap.nameCheap.entidades.PasswordResetToken.usuario] 
2024-07-23T15:04:19.924-05:00 DEBUG 52024 --- [app_aurora] [           main] org.hibernate.orm.sql.ast.create         : Created new SQL alias : u1_0
2024-07-23T15:04:19.929-05:00 DEBUG 52024 --- [app_aurora] [           main] org.hibernate.orm.sql.ast.create         : Registration of TableGroup [org.hibernate.sql.ast.tree.from.LazyTableGroup@5a6d4dee] with identifierForTableGroup [NameCheap.nameCheap.entidades.PasswordResetToken.usuario.rol] for NavigablePath [NameCheap.nameCheap.entidades.PasswordResetToken.usuario.rol] 
2024-07-23T15:04:19.929-05:00 DEBUG 52024 --- [app_aurora] [           main] org.hibernate.orm.sql.ast.create         : Created new SQL alias : r1_0
2024-07-23T15:04:19.934-05:00 DEBUG 52024 --- [app_aurora] [           main] org.hibernate.orm.results.graph.AST      : DomainResult Graph:
 \-EntityResultImpl [NameCheap.nameCheap.entidades.PasswordResetToken]
 |  +-BasicFetch [NameCheap.nameCheap.entidades.PasswordResetToken.email]
 |  +-BasicFetch [NameCheap.nameCheap.entidades.PasswordResetToken.expirationTime]
 |  +-BasicFetch [NameCheap.nameCheap.entidades.PasswordResetToken.token]
 |  \-EntityFetchJoinedImpl [NameCheap.nameCheap.entidades.PasswordResetToken.usuario]

2024-07-23T15:04:19.934-05:00 DEBUG 52024 --- [app_aurora] [           main] org.hibernate.orm.sql.ast.tree           : SQL AST Tree:
    SelectStatement {
      FromClause {
        StandardTableGroup (prt1 : NameCheap.nameCheap.entidades.PasswordResetToken) {
          primaryTableReference : password_reset_token as prt1_0
          TableGroupJoins {
            left  join LazyTableGroup (u1 : NameCheap.nameCheap.entidades.PasswordResetToken.usuario) {
              primaryTableReference : usuario as u1_0
              TableGroupJoins {
                left  join LazyTableGroup (r1 : NameCheap.nameCheap.entidades.PasswordResetToken.usuario.rol) {
                  primaryTableReference : rol as r1_0
                }
              }
            }
          }
        }
      }
    }

2024-07-23T15:04:19.944-05:00 DEBUG 52024 --- [app_aurora] [           main] o.h.p.entity.AbstractEntityPersister     : Static SQL for entity: NameCheap.nameCheap.entidades.PasswordResetToken
2024-07-23T15:04:19.944-05:00 DEBUG 52024 --- [app_aurora] [           main] o.h.p.entity.AbstractEntityPersister     :  Version select: select id from password_reset_token where id=?
2024-07-23T15:04:19.944-05:00 DEBUG 52024 --- [app_aurora] [           main] o.h.p.entity.AbstractEntityPersister     :  Insert (0): insert into password_reset_token (email,expiration_time,token,usuario_id,id) values (?,?,?,?,?)
2024-07-23T15:04:19.944-05:00 DEBUG 52024 --- [app_aurora] [           main] o.h.p.entity.AbstractEntityPersister     :  Update (0): update password_reset_token set email=?,expiration_time=?,token=?,usuario_id=? where id=?
2024-07-23T15:04:19.944-05:00 DEBUG 52024 --- [app_aurora] [           main] o.h.p.entity.AbstractEntityPersister     :  Delete (0): delete from password_reset_token where id=?
2024-07-23T15:04:19.944-05:00 DEBUG 52024 --- [app_aurora] [           main] org.hibernate.orm.sql.ast.create         : Created new SQL alias : r1_0
2024-07-23T15:04:19.944-05:00 DEBUG 52024 --- [app_aurora] [           main] org.hibernate.orm.sql.ast.create         : Registration of TableGroup [StandardTableGroup(NameCheap.nameCheap.entidades.Rol)] with identifierForTableGroup [NameCheap.nameCheap.entidades.Rol] for NavigablePath [NameCheap.nameCheap.entidades.Rol] 
2024-07-23T15:04:19.944-05:00 DEBUG 52024 --- [app_aurora] [           main] org.hibernate.orm.sql.ast.create         : Created new SQL alias : u1_0
2024-07-23T15:04:19.944-05:00 DEBUG 52024 --- [app_aurora] [           main] org.hibernate.orm.sql.ast.create         : Registration of TableGroup [org.hibernate.sql.ast.tree.from.OneToManyTableGroup@11d0bff5] with identifierForTableGroup [NameCheap.nameCheap.entidades.Rol.usuario] for NavigablePath [NameCheap.nameCheap.entidades.Rol.usuario] 
2024-07-23T15:04:19.949-05:00 DEBUG 52024 --- [app_aurora] [           main] org.hibernate.orm.sql.ast.create         : Registration of TableGroup [StandardTableGroup(NameCheap.nameCheap.entidades.Rol.usuario.{element})] with identifierForTableGroup [NameCheap.nameCheap.entidades.Rol.usuario.{element}] for NavigablePath [NameCheap.nameCheap.entidades.Rol.usuario.{element}] 
2024-07-23T15:04:19.949-05:00 DEBUG 52024 --- [app_aurora] [           main] org.hibernate.orm.sql.ast.create         : Registration of TableGroup [org.hibernate.sql.ast.tree.from.LazyTableGroup@318a81a0] with identifierForTableGroup [NameCheap.nameCheap.entidades.Rol.usuario.{element}.rol] for NavigablePath [NameCheap.nameCheap.entidades.Rol.usuario.{element}.rol] 
2024-07-23T15:04:19.949-05:00 DEBUG 52024 --- [app_aurora] [           main] org.hibernate.orm.sql.ast.create         : Created new SQL alias : r2_0
2024-07-23T15:04:19.949-05:00 DEBUG 52024 --- [app_aurora] [           main] org.hibernate.orm.results.graph.AST      : DomainResult Graph:
 \-EntityResultImpl [NameCheap.nameCheap.entidades.Rol]
 |  +-BasicFetch [NameCheap.nameCheap.entidades.Rol.descripcion]
 |  +-BasicFetch [NameCheap.nameCheap.entidades.Rol.nombre]
 |  \-EagerCollectionFetch [NameCheap.nameCheap.entidades.Rol.usuario]
 |  |  \-EntityFetchJoinedImpl [NameCheap.nameCheap.entidades.Rol.usuario.{element}]

2024-07-23T15:04:19.949-05:00 DEBUG 52024 --- [app_aurora] [           main] org.hibernate.orm.sql.ast.tree           : SQL AST Tree:
    SelectStatement {
      FromClause {
        StandardTableGroup (r1 : NameCheap.nameCheap.entidades.Rol) {
          primaryTableReference : rol as r1_0
          TableGroupJoins {
            left  join OneToManyTableGroup (u1 : NameCheap.nameCheap.entidades.Rol.usuario) {
              primaryTableReference : usuario as u1_0
              TableGroupJoins {
                left  join LazyTableGroup (r2 : NameCheap.nameCheap.entidades.Rol.usuario.{element}.rol) {
                  primaryTableReference : rol as r2_0
                }
              }
            }
          }
        }
      }
    }

2024-07-23T15:04:19.949-05:00 DEBUG 52024 --- [app_aurora] [           main] o.h.p.entity.AbstractEntityPersister     : Static SQL for entity: NameCheap.nameCheap.entidades.Rol
2024-07-23T15:04:19.949-05:00 DEBUG 52024 --- [app_aurora] [           main] o.h.p.entity.AbstractEntityPersister     :  Version select: select id from rol where id=?
2024-07-23T15:04:19.949-05:00 DEBUG 52024 --- [app_aurora] [           main] o.h.p.entity.AbstractEntityPersister     :  Insert (0): insert into rol (descripcion,nombre,id) values (?,?,?)
2024-07-23T15:04:19.949-05:00 DEBUG 52024 --- [app_aurora] [           main] o.h.p.entity.AbstractEntityPersister     :  Update (0): update rol set descripcion=?,nombre=? where id=?
2024-07-23T15:04:19.949-05:00 DEBUG 52024 --- [app_aurora] [           main] o.h.p.entity.AbstractEntityPersister     :  Delete (0): delete from rol where id=?
2024-07-23T15:04:19.949-05:00 DEBUG 52024 --- [app_aurora] [           main] org.hibernate.orm.sql.ast.create         : Created new SQL alias : i1_0
2024-07-23T15:04:19.949-05:00 DEBUG 52024 --- [app_aurora] [           main] org.hibernate.orm.sql.ast.create         : Registration of TableGroup [StandardTableGroup(NameCheap.nameCheap.entidades.Imagen)] with identifierForTableGroup [NameCheap.nameCheap.entidades.Imagen] for NavigablePath [NameCheap.nameCheap.entidades.Imagen] 
2024-07-23T15:04:19.949-05:00 DEBUG 52024 --- [app_aurora] [           main] org.hibernate.orm.sql.ast.create         : Registration of TableGroup [org.hibernate.sql.ast.tree.from.LazyTableGroup@3733b1f4] with identifierForTableGroup [NameCheap.nameCheap.entidades.Imagen.info] for NavigablePath [NameCheap.nameCheap.entidades.Imagen.info] 
2024-07-23T15:04:19.949-05:00 DEBUG 52024 --- [app_aurora] [           main] org.hibernate.orm.sql.ast.create         : Created new SQL alias : i2_0
2024-07-23T15:04:19.949-05:00 DEBUG 52024 --- [app_aurora] [           main] org.hibernate.orm.sql.ast.create         : Created new SQL alias : i3_0
2024-07-23T15:04:19.949-05:00 DEBUG 52024 --- [app_aurora] [           main] org.hibernate.orm.sql.ast.create         : Registration of TableGroup [CollectionTableGroup(NameCheap.nameCheap.entidades.Imagen.info.imagen)] with identifierForTableGroup [NameCheap.nameCheap.entidades.Imagen.info.imagen] for NavigablePath [NameCheap.nameCheap.entidades.Imagen.info.imagen] 
2024-07-23T15:04:19.949-05:00 DEBUG 52024 --- [app_aurora] [           main] org.hibernate.orm.sql.ast.create         : Registration of TableGroup [org.hibernate.sql.ast.tree.from.LazyTableGroup@446fb72e] with identifierForTableGroup [NameCheap.nameCheap.entidades.Imagen.info.imagen.{element}] for NavigablePath [NameCheap.nameCheap.entidades.Imagen.info.imagen.{element}] 
2024-07-23T15:04:19.949-05:00 DEBUG 52024 --- [app_aurora] [           main] org.hibernate.orm.sql.ast.create         : Created new SQL alias : i3_1
2024-07-23T15:04:19.954-05:00 DEBUG 52024 --- [app_aurora] [           main] org.hibernate.orm.results.graph.AST      : DomainResult Graph:
 \-EntityResultImpl [NameCheap.nameCheap.entidades.Imagen]
 |  +-BasicFetch [NameCheap.nameCheap.entidades.Imagen.fileType]
 |  +-EntityFetchJoinedImpl [NameCheap.nameCheap.entidades.Imagen.info]
 |  +-BasicFetch [NameCheap.nameCheap.entidades.Imagen.nombreImagen]
 |  +-BasicFetch [NameCheap.nameCheap.entidades.Imagen.ruta]
 |  +-BasicFetch [NameCheap.nameCheap.entidades.Imagen.tamano]
 |  \-BasicFetch [NameCheap.nameCheap.entidades.Imagen.titulo]

2024-07-23T15:04:19.954-05:00 DEBUG 52024 --- [app_aurora] [           main] org.hibernate.orm.sql.ast.tree           : SQL AST Tree:
    SelectStatement {
      FromClause {
        StandardTableGroup (i1 : NameCheap.nameCheap.entidades.Imagen) {
          primaryTableReference : imagen as i1_0
          TableGroupJoins {
            left  join LazyTableGroup (i2 : NameCheap.nameCheap.entidades.Imagen.info) {
              primaryTableReference : informacion as i2_0
              TableGroupJoins {
                left  join CollectionTableGroup (i3 : NameCheap.nameCheap.entidades.Imagen.info.imagen) {
                  primaryTableReference : informacion_imagen as i3_0
                  TableGroupJoins {
                    left  join LazyTableGroup (i3 : NameCheap.nameCheap.entidades.Imagen.info.imagen.{element}) {
                      primaryTableReference : imagen as i3_1
                    }
                  }
                }
              }
            }
          }
        }
      }
    }

2024-07-23T15:04:19.954-05:00 DEBUG 52024 --- [app_aurora] [           main] o.h.p.entity.AbstractEntityPersister     : Static SQL for entity: NameCheap.nameCheap.entidades.Imagen
2024-07-23T15:04:19.954-05:00 DEBUG 52024 --- [app_aurora] [           main] o.h.p.entity.AbstractEntityPersister     :  Version select: select id from imagen where id=?
2024-07-23T15:04:19.954-05:00 DEBUG 52024 --- [app_aurora] [           main] o.h.p.entity.AbstractEntityPersister     :  Insert (0): insert into imagen (file_type,info_id,nombre_imagen,ruta,tamano,titulo,id) values (?,?,?,?,?,?,?)
2024-07-23T15:04:19.954-05:00 DEBUG 52024 --- [app_aurora] [           main] o.h.p.entity.AbstractEntityPersister     :  Update (0): update imagen set file_type=?,info_id=?,nombre_imagen=?,ruta=?,tamano=?,titulo=? where id=?
2024-07-23T15:04:19.954-05:00 DEBUG 52024 --- [app_aurora] [           main] o.h.p.entity.AbstractEntityPersister     :  Delete (0): delete from imagen where id=?
2024-07-23T15:04:19.954-05:00 DEBUG 52024 --- [app_aurora] [           main] org.hibernate.orm.sql.ast.create         : Created new SQL alias : i1_0
2024-07-23T15:04:19.954-05:00 DEBUG 52024 --- [app_aurora] [           main] org.hibernate.orm.sql.ast.create         : Registration of TableGroup [StandardTableGroup(NameCheap.nameCheap.entidades.Informacion)] with identifierForTableGroup [NameCheap.nameCheap.entidades.Informacion] for NavigablePath [NameCheap.nameCheap.entidades.Informacion] 
2024-07-23T15:04:19.954-05:00 DEBUG 52024 --- [app_aurora] [           main] org.hibernate.orm.sql.ast.create         : Created new SQL alias : i2_0
2024-07-23T15:04:19.954-05:00 DEBUG 52024 --- [app_aurora] [           main] org.hibernate.orm.sql.ast.create         : Registration of TableGroup [CollectionTableGroup(NameCheap.nameCheap.entidades.Informacion.imagen)] with identifierForTableGroup [NameCheap.nameCheap.entidades.Informacion.imagen] for NavigablePath [NameCheap.nameCheap.entidades.Informacion.imagen] 
2024-07-23T15:04:19.954-05:00 DEBUG 52024 --- [app_aurora] [           main] org.hibernate.orm.sql.ast.create         : Registration of TableGroup [org.hibernate.sql.ast.tree.from.LazyTableGroup@3b39bee2] with identifierForTableGroup [NameCheap.nameCheap.entidades.Informacion.imagen.{element}] for NavigablePath [NameCheap.nameCheap.entidades.Informacion.imagen.{element}] 
2024-07-23T15:04:19.954-05:00 DEBUG 52024 --- [app_aurora] [           main] org.hibernate.orm.sql.ast.create         : Created new SQL alias : i2_1
2024-07-23T15:04:19.954-05:00 DEBUG 52024 --- [app_aurora] [           main] org.hibernate.orm.sql.ast.create         : Registration of TableGroup [org.hibernate.sql.ast.tree.from.LazyTableGroup@20ddc780] with identifierForTableGroup [NameCheap.nameCheap.entidades.Informacion.imagen.{element}.info] for NavigablePath [NameCheap.nameCheap.entidades.Informacion.imagen.{element}.info] 
2024-07-23T15:04:19.954-05:00 DEBUG 52024 --- [app_aurora] [           main] org.hibernate.orm.sql.ast.create         : Created new SQL alias : i3_0
2024-07-23T15:04:19.954-05:00 DEBUG 52024 --- [app_aurora] [           main] org.hibernate.orm.results.graph.AST      : DomainResult Graph:
 \-EntityResultImpl [NameCheap.nameCheap.entidades.Informacion]
 |  +-BasicFetch [NameCheap.nameCheap.entidades.Informacion.iconoServicio]
 |  +-EagerCollectionFetch [NameCheap.nameCheap.entidades.Informacion.imagen]
 |  |  \-EntityFetchJoinedImpl [NameCheap.nameCheap.entidades.Informacion.imagen.{element}]
 |  +-BasicFetch [NameCheap.nameCheap.entidades.Informacion.seccion]
 |  +-BasicFetch [NameCheap.nameCheap.entidades.Informacion.texto]
 |  \-BasicFetch [NameCheap.nameCheap.entidades.Informacion.titulo]

2024-07-23T15:04:19.954-05:00 DEBUG 52024 --- [app_aurora] [           main] org.hibernate.orm.sql.ast.tree           : SQL AST Tree:
    SelectStatement {
      FromClause {
        StandardTableGroup (i1 : NameCheap.nameCheap.entidades.Informacion) {
          primaryTableReference : informacion as i1_0
          TableGroupJoins {
            left  join CollectionTableGroup (i2 : NameCheap.nameCheap.entidades.Informacion.imagen) {
              primaryTableReference : informacion_imagen as i2_0
              TableGroupJoins {
                left  join LazyTableGroup (i2 : NameCheap.nameCheap.entidades.Informacion.imagen.{element}) {
                  primaryTableReference : imagen as i2_1
                  TableGroupJoins {
                    left  join LazyTableGroup (i3 : NameCheap.nameCheap.entidades.Informacion.imagen.{element}.info) {
                      primaryTableReference : informacion as i3_0
                    }
                  }
                }
              }
            }
          }
        }
      }
    }

2024-07-23T15:04:19.954-05:00 DEBUG 52024 --- [app_aurora] [           main] o.h.p.entity.AbstractEntityPersister     : Static SQL for entity: NameCheap.nameCheap.entidades.Informacion
2024-07-23T15:04:19.954-05:00 DEBUG 52024 --- [app_aurora] [           main] o.h.p.entity.AbstractEntityPersister     :  Version select: select id from informacion where id=?
2024-07-23T15:04:19.954-05:00 DEBUG 52024 --- [app_aurora] [           main] o.h.p.entity.AbstractEntityPersister     :  Insert (0): insert into informacion (icono_servicio,seccion,texto,titulo,id) values (?,?,?,?,?)
2024-07-23T15:04:19.954-05:00 DEBUG 52024 --- [app_aurora] [           main] o.h.p.entity.AbstractEntityPersister     :  Update (0): update informacion set icono_servicio=?,seccion=?,texto=?,titulo=? where id=?
2024-07-23T15:04:19.954-05:00 DEBUG 52024 --- [app_aurora] [           main] o.h.p.entity.AbstractEntityPersister     :  Delete (0): delete from informacion where id=?
2024-07-23T15:04:19.954-05:00 DEBUG 52024 --- [app_aurora] [           main] org.hibernate.orm.sql.ast.create         : Created new SQL alias : u1_0
2024-07-23T15:04:19.954-05:00 DEBUG 52024 --- [app_aurora] [           main] org.hibernate.orm.sql.ast.create         : Registration of TableGroup [StandardTableGroup(NameCheap.nameCheap.entidades.Usuario)] with identifierForTableGroup [NameCheap.nameCheap.entidades.Usuario] for NavigablePath [NameCheap.nameCheap.entidades.Usuario] 
2024-07-23T15:04:19.954-05:00 DEBUG 52024 --- [app_aurora] [           main] org.hibernate.orm.sql.ast.create         : Registration of TableGroup [org.hibernate.sql.ast.tree.from.LazyTableGroup@4dc5b887] with identifierForTableGroup [NameCheap.nameCheap.entidades.Usuario.rol] for NavigablePath [NameCheap.nameCheap.entidades.Usuario.rol] 
2024-07-23T15:04:19.954-05:00 DEBUG 52024 --- [app_aurora] [           main] org.hibernate.orm.sql.ast.create         : Created new SQL alias : r1_0
2024-07-23T15:04:19.959-05:00 DEBUG 52024 --- [app_aurora] [           main] org.hibernate.orm.sql.ast.create         : Created new SQL alias : u2_0
2024-07-23T15:04:19.959-05:00 DEBUG 52024 --- [app_aurora] [           main] org.hibernate.orm.sql.ast.create         : Registration of TableGroup [org.hibernate.sql.ast.tree.from.OneToManyTableGroup@3b7dd173] with identifierForTableGroup [NameCheap.nameCheap.entidades.Usuario.rol.usuario] for NavigablePath [NameCheap.nameCheap.entidades.Usuario.rol.usuario] 
2024-07-23T15:04:19.959-05:00 DEBUG 52024 --- [app_aurora] [           main] org.hibernate.orm.sql.ast.create         : Registration of TableGroup [StandardTableGroup(NameCheap.nameCheap.entidades.Usuario.rol.usuario.{element})] with identifierForTableGroup [NameCheap.nameCheap.entidades.Usuario.rol.usuario.{element}] for NavigablePath [NameCheap.nameCheap.entidades.Usuario.rol.usuario.{element}] 
2024-07-23T15:04:19.959-05:00 DEBUG 52024 --- [app_aurora] [           main] org.hibernate.orm.results.graph.AST      : DomainResult Graph:
 \-EntityResultImpl [NameCheap.nameCheap.entidades.Usuario]
 |  +-BasicFetch [NameCheap.nameCheap.entidades.Usuario.email]
 |  +-BasicFetch [NameCheap.nameCheap.entidades.Usuario.nombre]
 |  +-BasicFetch [NameCheap.nameCheap.entidades.Usuario.password]
 |  +-EntityFetchJoinedImpl [NameCheap.nameCheap.entidades.Usuario.rol]
 |  \-BasicFetch [NameCheap.nameCheap.entidades.Usuario.username]

2024-07-23T15:04:19.959-05:00 DEBUG 52024 --- [app_aurora] [           main] org.hibernate.orm.sql.ast.tree           : SQL AST Tree:
    SelectStatement {
      FromClause {
        StandardTableGroup (u1 : NameCheap.nameCheap.entidades.Usuario) {
          primaryTableReference : usuario as u1_0
          TableGroupJoins {
            left  join LazyTableGroup (r1 : NameCheap.nameCheap.entidades.Usuario.rol) {
              primaryTableReference : rol as r1_0
              TableGroupJoins {
                left  join OneToManyTableGroup (u2 : NameCheap.nameCheap.entidades.Usuario.rol.usuario) {
                  primaryTableReference : usuario as u2_0
                }
              }
            }
          }
        }
      }
    }

2024-07-23T15:04:19.959-05:00 DEBUG 52024 --- [app_aurora] [           main] o.h.p.entity.AbstractEntityPersister     : Static SQL for entity: NameCheap.nameCheap.entidades.Usuario
2024-07-23T15:04:19.959-05:00 DEBUG 52024 --- [app_aurora] [           main] o.h.p.entity.AbstractEntityPersister     :  Version select: select id from usuario where id=?
2024-07-23T15:04:19.959-05:00 DEBUG 52024 --- [app_aurora] [           main] o.h.p.entity.AbstractEntityPersister     :  Insert (0): insert into usuario (email,nombre,password,rol_id,username,id) values (?,?,?,?,?,?)
2024-07-23T15:04:19.959-05:00 DEBUG 52024 --- [app_aurora] [           main] o.h.p.entity.AbstractEntityPersister     :  Update (0): update usuario set email=?,nombre=?,password=?,rol_id=?,username=? where id=?
2024-07-23T15:04:19.959-05:00 DEBUG 52024 --- [app_aurora] [           main] o.h.p.entity.AbstractEntityPersister     :  Delete (0): delete from usuario where id=?
2024-07-23T15:04:19.959-05:00 DEBUG 52024 --- [app_aurora] [           main] org.hibernate.orm.sql.ast.create         : Created new SQL alias : u1_0
2024-07-23T15:04:19.959-05:00 DEBUG 52024 --- [app_aurora] [           main] org.hibernate.orm.sql.ast.create         : Registration of TableGroup [org.hibernate.sql.ast.tree.from.OneToManyTableGroup@3f67f5ff] with identifierForTableGroup [NameCheap.nameCheap.entidades.Rol.usuario] for NavigablePath [NameCheap.nameCheap.entidades.Rol.usuario] 
2024-07-23T15:04:19.959-05:00 DEBUG 52024 --- [app_aurora] [           main] org.hibernate.orm.sql.ast.create         : Registration of TableGroup [StandardTableGroup(NameCheap.nameCheap.entidades.Rol.usuario.{element})] with identifierForTableGroup [NameCheap.nameCheap.entidades.Rol.usuario.{element}] for NavigablePath [NameCheap.nameCheap.entidades.Rol.usuario.{element}] 
2024-07-23T15:04:19.959-05:00 DEBUG 52024 --- [app_aurora] [           main] org.hibernate.orm.sql.ast.create         : Registration of TableGroup [org.hibernate.sql.ast.tree.from.LazyTableGroup@674d2b8b] with identifierForTableGroup [NameCheap.nameCheap.entidades.Rol.usuario.{element}.rol] for NavigablePath [NameCheap.nameCheap.entidades.Rol.usuario.{element}.rol] 
2024-07-23T15:04:19.959-05:00 DEBUG 52024 --- [app_aurora] [           main] org.hibernate.orm.sql.ast.create         : Created new SQL alias : r1_0
2024-07-23T15:04:19.964-05:00 DEBUG 52024 --- [app_aurora] [           main] org.hibernate.orm.results.graph.AST      : DomainResult Graph:
 \-CollectionDomainResult [NameCheap.nameCheap.entidades.Rol.usuario]

2024-07-23T15:04:19.964-05:00 DEBUG 52024 --- [app_aurora] [           main] org.hibernate.orm.sql.ast.tree           : SQL AST Tree:
    SelectStatement {
      FromClause {
        OneToManyTableGroup (u1 : NameCheap.nameCheap.entidades.Rol.usuario) {
          primaryTableReference : usuario as u1_0
          TableGroupJoins {
            left  join LazyTableGroup (r1 : NameCheap.nameCheap.entidades.Rol.usuario.{element}.rol) {
              primaryTableReference : rol as r1_0
            }
          }
        }
      }
    }

2024-07-23T15:04:19.964-05:00 DEBUG 52024 --- [app_aurora] [           main] org.hibernate.orm.jdbc.mutation          : Static SQL for collection: NameCheap.nameCheap.entidades.Rol.usuario
2024-07-23T15:04:19.964-05:00 DEBUG 52024 --- [app_aurora] [           main] org.hibernate.orm.jdbc.mutation          :  Row insert: update usuario set usuario_id=? where id=?
2024-07-23T15:04:19.964-05:00 DEBUG 52024 --- [app_aurora] [           main] org.hibernate.orm.jdbc.mutation          :  Row delete: update usuario set usuario_id=null where usuario_id=? and id=?
2024-07-23T15:04:19.964-05:00 DEBUG 52024 --- [app_aurora] [           main] org.hibernate.orm.jdbc.mutation          :  One-shot delete: update usuario set usuario_id=null where usuario_id=?
2024-07-23T15:04:19.964-05:00 DEBUG 52024 --- [app_aurora] [           main] org.hibernate.orm.sql.ast.create         : Created new SQL alias : i1_0
2024-07-23T15:04:19.964-05:00 DEBUG 52024 --- [app_aurora] [           main] org.hibernate.orm.sql.ast.create         : Registration of TableGroup [CollectionTableGroup(NameCheap.nameCheap.entidades.Informacion.imagen)] with identifierForTableGroup [NameCheap.nameCheap.entidades.Informacion.imagen] for NavigablePath [NameCheap.nameCheap.entidades.Informacion.imagen] 
2024-07-23T15:04:19.964-05:00 DEBUG 52024 --- [app_aurora] [           main] org.hibernate.orm.sql.ast.create         : Registration of TableGroup [org.hibernate.sql.ast.tree.from.LazyTableGroup@498f1f63] with identifierForTableGroup [NameCheap.nameCheap.entidades.Informacion.imagen.{element}] for NavigablePath [NameCheap.nameCheap.entidades.Informacion.imagen.{element}] 
2024-07-23T15:04:19.964-05:00 DEBUG 52024 --- [app_aurora] [           main] org.hibernate.orm.sql.ast.create         : Created new SQL alias : i1_1
2024-07-23T15:04:19.964-05:00 DEBUG 52024 --- [app_aurora] [           main] org.hibernate.orm.sql.ast.create         : Registration of TableGroup [org.hibernate.sql.ast.tree.from.LazyTableGroup@6250d33c] with identifierForTableGroup [NameCheap.nameCheap.entidades.Informacion.imagen.{element}.info] for NavigablePath [NameCheap.nameCheap.entidades.Informacion.imagen.{element}.info] 
2024-07-23T15:04:19.964-05:00 DEBUG 52024 --- [app_aurora] [           main] org.hibernate.orm.sql.ast.create         : Created new SQL alias : i2_0
2024-07-23T15:04:19.964-05:00 DEBUG 52024 --- [app_aurora] [           main] org.hibernate.orm.results.graph.AST      : DomainResult Graph:
 \-CollectionDomainResult [NameCheap.nameCheap.entidades.Informacion.imagen]

2024-07-23T15:04:19.964-05:00 DEBUG 52024 --- [app_aurora] [           main] org.hibernate.orm.sql.ast.tree           : SQL AST Tree:
    SelectStatement {
      FromClause {
        CollectionTableGroup (i1 : NameCheap.nameCheap.entidades.Informacion.imagen) {
          primaryTableReference : informacion_imagen as i1_0
          TableGroupJoins {
             join LazyTableGroup (i1 : NameCheap.nameCheap.entidades.Informacion.imagen.{element}) {
              primaryTableReference : imagen as i1_1
              TableGroupJoins {
                left  join LazyTableGroup (i2 : NameCheap.nameCheap.entidades.Informacion.imagen.{element}.info) {
                  primaryTableReference : informacion as i2_0
                }
              }
            }
          }
        }
      }
    }

2024-07-23T15:04:19.964-05:00 DEBUG 52024 --- [app_aurora] [           main] org.hibernate.orm.jdbc.mutation          : Static SQL for collection: NameCheap.nameCheap.entidades.Informacion.imagen
2024-07-23T15:04:19.964-05:00 DEBUG 52024 --- [app_aurora] [           main] org.hibernate.orm.jdbc.mutation          :  Row insert: insert into informacion_imagen (informacion_id,imagen_id) values (?,?)
2024-07-23T15:04:19.964-05:00 DEBUG 52024 --- [app_aurora] [           main] org.hibernate.orm.jdbc.mutation          :  Row delete: delete from informacion_imagen where informacion_id=? and imagen_id=?
2024-07-23T15:04:19.964-05:00 DEBUG 52024 --- [app_aurora] [           main] org.hibernate.orm.jdbc.mutation          :  One-shot delete: delete from informacion_imagen where informacion_id=?
2024-07-23T15:04:19.992-05:00  INFO 52024 --- [app_aurora] [           main] o.h.e.t.j.p.i.JtaPlatformInitiator       : HHH000489: No JTA platform available (set 'hibernate.transaction.jta.platform' to enable JTA platform integration)
2024-07-23T15:04:19.992-05:00 DEBUG 52024 --- [app_aurora] [           main] o.h.type.spi.TypeConfiguration$Scope     : Scoping TypeConfiguration [org.hibernate.type.spi.TypeConfiguration@7bc8ffbc] to SessionFactoryImplementor [org.hibernate.internal.SessionFactoryImpl@1e7797db]
2024-07-23T15:04:19.993-05:00 DEBUG 52024 --- [app_aurora] [           main] o.h.query.named.NamedObjectRepository    : Checking 0 named HQL queries
2024-07-23T15:04:19.993-05:00 DEBUG 52024 --- [app_aurora] [           main] o.h.query.named.NamedObjectRepository    : Checking 0 named SQL queries
2024-07-23T15:04:22.810-05:00 DEBUG 52024 --- [app_aurora] [           main] org.hibernate.mapping.Table              : No alter strings for table : imagen
2024-07-23T15:04:22.810-05:00 DEBUG 52024 --- [app_aurora] [           main] org.hibernate.mapping.Table              : No alter strings for table : imagen_seq
2024-07-23T15:04:22.810-05:00 DEBUG 52024 --- [app_aurora] [           main] org.hibernate.SQL                        : alter table informacion modify column texto varchar(255)
2024-07-23T15:04:23.047-05:00  WARN 52024 --- [app_aurora] [           main] o.h.t.s.i.ExceptionHandlerLoggedImpl     : GenerationTarget encountered exception accepting command : Error executing DDL "alter table informacion modify column texto varchar(255)" via JDBC [Data truncated for column 'texto' at row 7]

org.hibernate.tool.schema.spi.CommandAcceptanceException: Error executing DDL "alter table informacion modify column texto varchar(255)" via JDBC [Data truncated for column 'texto' at row 7]
	at org.hibernate.tool.schema.internal.exec.GenerationTargetToDatabase.accept(GenerationTargetToDatabase.java:94) ~[hibernate-core-6.5.2.Final.jar:6.5.2.Final]
	at org.hibernate.tool.schema.internal.AbstractSchemaMigrator.applySqlString(AbstractSchemaMigrator.java:575) ~[hibernate-core-6.5.2.Final.jar:6.5.2.Final]
	at org.hibernate.tool.schema.internal.AbstractSchemaMigrator.applySqlStrings(AbstractSchemaMigrator.java:515) ~[hibernate-core-6.5.2.Final.jar:6.5.2.Final]
	at org.hibernate.tool.schema.internal.AbstractSchemaMigrator.migrateTable(AbstractSchemaMigrator.java:333) ~[hibernate-core-6.5.2.Final.jar:6.5.2.Final]
	at org.hibernate.tool.schema.internal.GroupedSchemaMigratorImpl.performTablesMigration(GroupedSchemaMigratorImpl.java:84) ~[hibernate-core-6.5.2.Final.jar:6.5.2.Final]
	at org.hibernate.tool.schema.internal.AbstractSchemaMigrator.performMigration(AbstractSchemaMigrator.java:232) ~[hibernate-core-6.5.2.Final.jar:6.5.2.Final]
	at org.hibernate.tool.schema.internal.AbstractSchemaMigrator.doMigration(AbstractSchemaMigrator.java:117) ~[hibernate-core-6.5.2.Final.jar:6.5.2.Final]
	at org.hibernate.tool.schema.spi.SchemaManagementToolCoordinator.performDatabaseAction(SchemaManagementToolCoordinator.java:280) ~[hibernate-core-6.5.2.Final.jar:6.5.2.Final]
	at org.hibernate.tool.schema.spi.SchemaManagementToolCoordinator.lambda$process$5(SchemaManagementToolCoordinator.java:144) ~[hibernate-core-6.5.2.Final.jar:6.5.2.Final]
	at java.base/java.util.HashMap.forEach(HashMap.java:1429) ~[na:na]
	at org.hibernate.tool.schema.spi.SchemaManagementToolCoordinator.process(SchemaManagementToolCoordinator.java:141) ~[hibernate-core-6.5.2.Final.jar:6.5.2.Final]
	at org.hibernate.boot.internal.SessionFactoryObserverForSchemaExport.sessionFactoryCreated(SessionFactoryObserverForSchemaExport.java:37) ~[hibernate-core-6.5.2.Final.jar:6.5.2.Final]
	at org.hibernate.internal.SessionFactoryObserverChain.sessionFactoryCreated(SessionFactoryObserverChain.java:35) ~[hibernate-core-6.5.2.Final.jar:6.5.2.Final]
	at org.hibernate.internal.SessionFactoryImpl.<init>(SessionFactoryImpl.java:322) ~[hibernate-core-6.5.2.Final.jar:6.5.2.Final]
	at org.hibernate.boot.internal.SessionFactoryBuilderImpl.build(SessionFactoryBuilderImpl.java:457) ~[hibernate-core-6.5.2.Final.jar:6.5.2.Final]
	at org.hibernate.jpa.boot.internal.EntityManagerFactoryBuilderImpl.build(EntityManagerFactoryBuilderImpl.java:1506) ~[hibernate-core-6.5.2.Final.jar:6.5.2.Final]
	at org.springframework.orm.jpa.vendor.SpringHibernateJpaPersistenceProvider.createContainerEntityManagerFactory(SpringHibernateJpaPersistenceProvider.java:75) ~[spring-orm-6.1.8.jar:6.1.8]
	at org.springframework.orm.jpa.LocalContainerEntityManagerFactoryBean.createNativeEntityManagerFactory(LocalContainerEntityManagerFactoryBean.java:390) ~[spring-orm-6.1.8.jar:6.1.8]
	at org.springframework.orm.jpa.AbstractEntityManagerFactoryBean.buildNativeEntityManagerFactory(AbstractEntityManagerFactoryBean.java:409) ~[spring-orm-6.1.8.jar:6.1.8]
	at org.springframework.orm.jpa.AbstractEntityManagerFactoryBean.afterPropertiesSet(AbstractEntityManagerFactoryBean.java:396) ~[spring-orm-6.1.8.jar:6.1.8]
	at org.springframework.orm.jpa.LocalContainerEntityManagerFactoryBean.afterPropertiesSet(LocalContainerEntityManagerFactoryBean.java:366) ~[spring-orm-6.1.8.jar:6.1.8]
	at org.springframework.beans.factory.support.AbstractAutowireCapableBeanFactory.invokeInitMethods(AbstractAutowireCapableBeanFactory.java:1835) ~[spring-beans-6.1.8.jar:6.1.8]
	at org.springframework.beans.factory.support.AbstractAutowireCapableBeanFactory.initializeBean(AbstractAutowireCapableBeanFactory.java:1784) ~[spring-beans-6.1.8.jar:6.1.8]
	at org.springframework.beans.factory.support.AbstractAutowireCapableBeanFactory.doCreateBean(AbstractAutowireCapableBeanFactory.java:600) ~[spring-beans-6.1.8.jar:6.1.8]
	at org.springframework.beans.factory.support.AbstractAutowireCapableBeanFactory.createBean(AbstractAutowireCapableBeanFactory.java:522) ~[spring-beans-6.1.8.jar:6.1.8]
	at org.springframework.beans.factory.support.AbstractBeanFactory.lambda$doGetBean$0(AbstractBeanFactory.java:337) ~[spring-beans-6.1.8.jar:6.1.8]
	at org.springframework.beans.factory.support.DefaultSingletonBeanRegistry.getSingleton(DefaultSingletonBeanRegistry.java:234) ~[spring-beans-6.1.8.jar:6.1.8]
	at org.springframework.beans.factory.support.AbstractBeanFactory.doGetBean(AbstractBeanFactory.java:335) ~[spring-beans-6.1.8.jar:6.1.8]
	at org.springframework.beans.factory.support.AbstractBeanFactory.getBean(AbstractBeanFactory.java:205) ~[spring-beans-6.1.8.jar:6.1.8]
	at org.springframework.context.support.AbstractApplicationContext.finishBeanFactoryInitialization(AbstractApplicationContext.java:952) ~[spring-context-6.1.8.jar:6.1.8]
	at org.springframework.context.support.AbstractApplicationContext.refresh(AbstractApplicationContext.java:624) ~[spring-context-6.1.8.jar:6.1.8]
	at org.springframework.boot.SpringApplication.refresh(SpringApplication.java:754) ~[spring-boot-3.3.0.jar:3.3.0]
	at org.springframework.boot.SpringApplication.refreshContext(SpringApplication.java:456) ~[spring-boot-3.3.0.jar:3.3.0]
	at org.springframework.boot.SpringApplication.run(SpringApplication.java:335) ~[spring-boot-3.3.0.jar:3.3.0]
	at org.springframework.boot.test.context.SpringBootContextLoader.lambda$loadContext$3(SpringBootContextLoader.java:137) ~[spring-boot-test-3.3.0.jar:3.3.0]
	at org.springframework.util.function.ThrowingSupplier.get(ThrowingSupplier.java:58) ~[spring-core-6.1.8.jar:6.1.8]
	at org.springframework.util.function.ThrowingSupplier.get(ThrowingSupplier.java:46) ~[spring-core-6.1.8.jar:6.1.8]
	at org.springframework.boot.SpringApplication.withHook(SpringApplication.java:1463) ~[spring-boot-3.3.0.jar:3.3.0]
	at org.springframework.boot.test.context.SpringBootContextLoader$ContextLoaderHook.run(SpringBootContextLoader.java:553) ~[spring-boot-test-3.3.0.jar:3.3.0]
	at org.springframework.boot.test.context.SpringBootContextLoader.loadContext(SpringBootContextLoader.java:137) ~[spring-boot-test-3.3.0.jar:3.3.0]
	at org.springframework.boot.test.context.SpringBootContextLoader.loadContext(SpringBootContextLoader.java:108) ~[spring-boot-test-3.3.0.jar:3.3.0]
	at org.springframework.test.context.cache.DefaultCacheAwareContextLoaderDelegate.loadContextInternal(DefaultCacheAwareContextLoaderDelegate.java:225) ~[spring-test-6.1.8.jar:6.1.8]
	at org.springframework.test.context.cache.DefaultCacheAwareContextLoaderDelegate.loadContext(DefaultCacheAwareContextLoaderDelegate.java:152) ~[spring-test-6.1.8.jar:6.1.8]
	at org.springframework.test.context.support.DefaultTestContext.getApplicationContext(DefaultTestContext.java:130) ~[spring-test-6.1.8.jar:6.1.8]
	at org.springframework.test.context.web.ServletTestExecutionListener.setUpRequestContextIfNecessary(ServletTestExecutionListener.java:191) ~[spring-test-6.1.8.jar:6.1.8]
	at org.springframework.test.context.web.ServletTestExecutionListener.prepareTestInstance(ServletTestExecutionListener.java:130) ~[spring-test-6.1.8.jar:6.1.8]
	at org.springframework.test.context.TestContextManager.prepareTestInstance(TestContextManager.java:260) ~[spring-test-6.1.8.jar:6.1.8]
	at org.springframework.test.context.junit.jupiter.SpringExtension.postProcessTestInstance(SpringExtension.java:163) ~[spring-test-6.1.8.jar:6.1.8]
	at org.junit.jupiter.engine.descriptor.ClassBasedTestDescriptor.lambda$invokeTestInstancePostProcessors$10(ClassBasedTestDescriptor.java:378) ~[junit-jupiter-engine-5.10.2.jar:5.10.2]
	at org.junit.jupiter.engine.descriptor.ClassBasedTestDescriptor.executeAndMaskThrowable(ClassBasedTestDescriptor.java:383) ~[junit-jupiter-engine-5.10.2.jar:5.10.2]
	at org.junit.jupiter.engine.descriptor.ClassBasedTestDescriptor.lambda$invokeTestInstancePostProcessors$11(ClassBasedTestDescriptor.java:378) ~[junit-jupiter-engine-5.10.2.jar:5.10.2]
	at java.base/java.util.stream.ReferencePipeline$3$1.accept(ReferencePipeline.java:197) ~[na:na]
	at java.base/java.util.stream.ReferencePipeline$2$1.accept(ReferencePipeline.java:179) ~[na:na]
	at java.base/java.util.ArrayList$ArrayListSpliterator.forEachRemaining(ArrayList.java:1625) ~[na:na]
	at java.base/java.util.stream.AbstractPipeline.copyInto(AbstractPipeline.java:509) ~[na:na]
	at java.base/java.util.stream.AbstractPipeline.wrapAndCopyInto(AbstractPipeline.java:499) ~[na:na]
	at java.base/java.util.stream.StreamSpliterators$WrappingSpliterator.forEachRemaining(StreamSpliterators.java:310) ~[na:na]
	at java.base/java.util.stream.Streams$ConcatSpliterator.forEachRemaining(Streams.java:735) ~[na:na]
	at java.base/java.util.stream.Streams$ConcatSpliterator.forEachRemaining(Streams.java:734) ~[na:na]
	at java.base/java.util.stream.ReferencePipeline$Head.forEach(ReferencePipeline.java:762) ~[na:na]
	at org.junit.jupiter.engine.descriptor.ClassBasedTestDescriptor.invokeTestInstancePostProcessors(ClassBasedTestDescriptor.java:377) ~[junit-jupiter-engine-5.10.2.jar:5.10.2]
	at org.junit.jupiter.engine.descriptor.ClassBasedTestDescriptor.lambda$instantiateAndPostProcessTestInstance$6(ClassBasedTestDescriptor.java:290) ~[junit-jupiter-engine-5.10.2.jar:5.10.2]
	at org.junit.platform.engine.support.hierarchical.ThrowableCollector.execute(ThrowableCollector.java:73) ~[junit-platform-engine-1.10.2.jar:1.10.2]
	at org.junit.jupiter.engine.descriptor.ClassBasedTestDescriptor.instantiateAndPostProcessTestInstance(ClassBasedTestDescriptor.java:289) ~[junit-jupiter-engine-5.10.2.jar:5.10.2]
	at org.junit.jupiter.engine.descriptor.ClassBasedTestDescriptor.lambda$testInstancesProvider$4(ClassBasedTestDescriptor.java:279) ~[junit-jupiter-engine-5.10.2.jar:5.10.2]
	at java.base/java.util.Optional.orElseGet(Optional.java:364) ~[na:na]
	at org.junit.jupiter.engine.descriptor.ClassBasedTestDescriptor.lambda$testInstancesProvider$5(ClassBasedTestDescriptor.java:278) ~[junit-jupiter-engine-5.10.2.jar:5.10.2]
	at org.junit.jupiter.engine.execution.TestInstancesProvider.getTestInstances(TestInstancesProvider.java:31) ~[junit-jupiter-engine-5.10.2.jar:5.10.2]
	at org.junit.jupiter.engine.descriptor.TestMethodTestDescriptor.lambda$prepare$0(TestMethodTestDescriptor.java:106) ~[junit-jupiter-engine-5.10.2.jar:5.10.2]
	at org.junit.platform.engine.support.hierarchical.ThrowableCollector.execute(ThrowableCollector.java:73) ~[junit-platform-engine-1.10.2.jar:1.10.2]
	at org.junit.jupiter.engine.descriptor.TestMethodTestDescriptor.prepare(TestMethodTestDescriptor.java:105) ~[junit-jupiter-engine-5.10.2.jar:5.10.2]
	at org.junit.jupiter.engine.descriptor.TestMethodTestDescriptor.prepare(TestMethodTestDescriptor.java:69) ~[junit-jupiter-engine-5.10.2.jar:5.10.2]
	at org.junit.platform.engine.support.hierarchical.NodeTestTask.lambda$prepare$2(NodeTestTask.java:123) ~[junit-platform-engine-1.10.2.jar:1.10.2]
	at org.junit.platform.engine.support.hierarchical.ThrowableCollector.execute(ThrowableCollector.java:73) ~[junit-platform-engine-1.10.2.jar:1.10.2]
	at org.junit.platform.engine.support.hierarchical.NodeTestTask.prepare(NodeTestTask.java:123) ~[junit-platform-engine-1.10.2.jar:1.10.2]
	at org.junit.platform.engine.support.hierarchical.NodeTestTask.execute(NodeTestTask.java:90) ~[junit-platform-engine-1.10.2.jar:1.10.2]
	at java.base/java.util.ArrayList.forEach(ArrayList.java:1511) ~[na:na]
	at org.junit.platform.engine.support.hierarchical.SameThreadHierarchicalTestExecutorService.invokeAll(SameThreadHierarchicalTestExecutorService.java:41) ~[junit-platform-engine-1.10.2.jar:1.10.2]
	at org.junit.platform.engine.support.hierarchical.NodeTestTask.lambda$executeRecursively$6(NodeTestTask.java:155) ~[junit-platform-engine-1.10.2.jar:1.10.2]
	at org.junit.platform.engine.support.hierarchical.ThrowableCollector.execute(ThrowableCollector.java:73) ~[junit-platform-engine-1.10.2.jar:1.10.2]
	at org.junit.platform.engine.support.hierarchical.NodeTestTask.lambda$executeRecursively$8(NodeTestTask.java:141) ~[junit-platform-engine-1.10.2.jar:1.10.2]
	at org.junit.platform.engine.support.hierarchical.Node.around(Node.java:137) ~[junit-platform-engine-1.10.2.jar:1.10.2]
	at org.junit.platform.engine.support.hierarchical.NodeTestTask.lambda$executeRecursively$9(NodeTestTask.java:139) ~[junit-platform-engine-1.10.2.jar:1.10.2]
	at org.junit.platform.engine.support.hierarchical.ThrowableCollector.execute(ThrowableCollector.java:73) ~[junit-platform-engine-1.10.2.jar:1.10.2]
	at org.junit.platform.engine.support.hierarchical.NodeTestTask.executeRecursively(NodeTestTask.java:138) ~[junit-platform-engine-1.10.2.jar:1.10.2]
	at org.junit.platform.engine.support.hierarchical.NodeTestTask.execute(NodeTestTask.java:95) ~[junit-platform-engine-1.10.2.jar:1.10.2]
	at java.base/java.util.ArrayList.forEach(ArrayList.java:1511) ~[na:na]
	at org.junit.platform.engine.support.hierarchical.SameThreadHierarchicalTestExecutorService.invokeAll(SameThreadHierarchicalTestExecutorService.java:41) ~[junit-platform-engine-1.10.2.jar:1.10.2]
	at org.junit.platform.engine.support.hierarchical.NodeTestTask.lambda$executeRecursively$6(NodeTestTask.java:155) ~[junit-platform-engine-1.10.2.jar:1.10.2]
	at org.junit.platform.engine.support.hierarchical.ThrowableCollector.execute(ThrowableCollector.java:73) ~[junit-platform-engine-1.10.2.jar:1.10.2]
	at org.junit.platform.engine.support.hierarchical.NodeTestTask.lambda$executeRecursively$8(NodeTestTask.java:141) ~[junit-platform-engine-1.10.2.jar:1.10.2]
	at org.junit.platform.engine.support.hierarchical.Node.around(Node.java:137) ~[junit-platform-engine-1.10.2.jar:1.10.2]
	at org.junit.platform.engine.support.hierarchical.NodeTestTask.lambda$executeRecursively$9(NodeTestTask.java:139) ~[junit-platform-engine-1.10.2.jar:1.10.2]
	at org.junit.platform.engine.support.hierarchical.ThrowableCollector.execute(ThrowableCollector.java:73) ~[junit-platform-engine-1.10.2.jar:1.10.2]
	at org.junit.platform.engine.support.hierarchical.NodeTestTask.executeRecursively(NodeTestTask.java:138) ~[junit-platform-engine-1.10.2.jar:1.10.2]
	at org.junit.platform.engine.support.hierarchical.NodeTestTask.execute(NodeTestTask.java:95) ~[junit-platform-engine-1.10.2.jar:1.10.2]
	at org.junit.platform.engine.support.hierarchical.SameThreadHierarchicalTestExecutorService.submit(SameThreadHierarchicalTestExecutorService.java:35) ~[junit-platform-engine-1.10.2.jar:1.10.2]
	at org.junit.platform.engine.support.hierarchical.HierarchicalTestExecutor.execute(HierarchicalTestExecutor.java:57) ~[junit-platform-engine-1.10.2.jar:1.10.2]
	at org.junit.platform.engine.support.hierarchical.HierarchicalTestEngine.execute(HierarchicalTestEngine.java:54) ~[junit-platform-engine-1.10.2.jar:1.10.2]
	at org.junit.platform.launcher.core.EngineExecutionOrchestrator.execute(EngineExecutionOrchestrator.java:198) ~[junit-platform-launcher-1.10.2.jar:1.10.2]
	at org.junit.platform.launcher.core.EngineExecutionOrchestrator.execute(EngineExecutionOrchestrator.java:169) ~[junit-platform-launcher-1.10.2.jar:1.10.2]
	at org.junit.platform.launcher.core.EngineExecutionOrchestrator.execute(EngineExecutionOrchestrator.java:93) ~[junit-platform-launcher-1.10.2.jar:1.10.2]
	at org.junit.platform.launcher.core.EngineExecutionOrchestrator.lambda$execute$0(EngineExecutionOrchestrator.java:58) ~[junit-platform-launcher-1.10.2.jar:1.10.2]
	at org.junit.platform.launcher.core.EngineExecutionOrchestrator.withInterceptedStreams(EngineExecutionOrchestrator.java:141) ~[junit-platform-launcher-1.10.2.jar:1.10.2]
	at org.junit.platform.launcher.core.EngineExecutionOrchestrator.execute(EngineExecutionOrchestrator.java:57) ~[junit-platform-launcher-1.10.2.jar:1.10.2]
	at org.junit.platform.launcher.core.DefaultLauncher.execute(DefaultLauncher.java:103) ~[junit-platform-launcher-1.10.2.jar:1.10.2]
	at org.junit.platform.launcher.core.DefaultLauncher.execute(DefaultLauncher.java:85) ~[junit-platform-launcher-1.10.2.jar:1.10.2]
	at org.junit.platform.launcher.core.DelegatingLauncher.execute(DelegatingLauncher.java:47) ~[junit-platform-launcher-1.10.2.jar:1.10.2]
	at org.apache.maven.surefire.junitplatform.LazyLauncher.execute(LazyLauncher.java:56) ~[surefire-junit-platform-3.2.5.jar:3.2.5]
	at org.apache.maven.surefire.junitplatform.JUnitPlatformProvider.execute(JUnitPlatformProvider.java:184) ~[surefire-junit-platform-3.2.5.jar:3.2.5]
	at org.apache.maven.surefire.junitplatform.JUnitPlatformProvider.invokeAllTests(JUnitPlatformProvider.java:148) ~[surefire-junit-platform-3.2.5.jar:3.2.5]
	at org.apache.maven.surefire.junitplatform.JUnitPlatformProvider.invoke(JUnitPlatformProvider.java:122) ~[surefire-junit-platform-3.2.5.jar:3.2.5]
	at org.apache.maven.surefire.booter.ForkedBooter.runSuitesInProcess(ForkedBooter.java:385) ~[surefire-booter-3.2.5.jar:3.2.5]
	at org.apache.maven.surefire.booter.ForkedBooter.execute(ForkedBooter.java:162) ~[surefire-booter-3.2.5.jar:3.2.5]
	at org.apache.maven.surefire.booter.ForkedBooter.run(ForkedBooter.java:507) ~[surefire-booter-3.2.5.jar:3.2.5]
	at org.apache.maven.surefire.booter.ForkedBooter.main(ForkedBooter.java:495) ~[surefire-booter-3.2.5.jar:3.2.5]
Caused by: java.sql.SQLException: Data truncated for column 'texto' at row 7
	at com.mysql.cj.jdbc.exceptions.SQLError.createSQLException(SQLError.java:130) ~[mysql-connector-j-8.3.0.jar:8.3.0]
	at com.mysql.cj.jdbc.exceptions.SQLExceptionsMapping.translateException(SQLExceptionsMapping.java:122) ~[mysql-connector-j-8.3.0.jar:8.3.0]
	at com.mysql.cj.jdbc.StatementImpl.executeInternal(StatementImpl.java:770) ~[mysql-connector-j-8.3.0.jar:8.3.0]
	at com.mysql.cj.jdbc.StatementImpl.execute(StatementImpl.java:653) ~[mysql-connector-j-8.3.0.jar:8.3.0]
	at com.zaxxer.hikari.pool.ProxyStatement.execute(ProxyStatement.java:94) ~[HikariCP-5.1.0.jar:na]
	at com.zaxxer.hikari.pool.HikariProxyStatement.execute(HikariProxyStatement.java) ~[HikariCP-5.1.0.jar:na]
	at org.hibernate.tool.schema.internal.exec.GenerationTargetToDatabase.accept(GenerationTargetToDatabase.java:80) ~[hibernate-core-6.5.2.Final.jar:6.5.2.Final]
	... 115 common frames omitted

2024-07-23T15:04:23.051-05:00 DEBUG 52024 --- [app_aurora] [           main] org.hibernate.mapping.Table              : No alter strings for table : informacion_imagen
2024-07-23T15:04:23.051-05:00 DEBUG 52024 --- [app_aurora] [           main] org.hibernate.mapping.Table              : No alter strings for table : informacion_seq
2024-07-23T15:04:23.051-05:00 DEBUG 52024 --- [app_aurora] [           main] org.hibernate.mapping.Table              : No alter strings for table : password_reset_token_seq
2024-07-23T15:04:23.051-05:00 DEBUG 52024 --- [app_aurora] [           main] org.hibernate.mapping.Table              : No alter strings for table : password_reset_token
2024-07-23T15:04:23.051-05:00 DEBUG 52024 --- [app_aurora] [           main] org.hibernate.mapping.Table              : No alter strings for table : rol
2024-07-23T15:04:23.051-05:00 DEBUG 52024 --- [app_aurora] [           main] org.hibernate.mapping.Table              : No alter strings for table : rol_seq
2024-07-23T15:04:23.051-05:00 DEBUG 52024 --- [app_aurora] [           main] org.hibernate.mapping.Table              : No alter strings for table : usuario
2024-07-23T15:04:23.051-05:00 DEBUG 52024 --- [app_aurora] [           main] org.hibernate.mapping.Table              : No alter strings for table : usuario_seq
2024-07-23T15:04:26.244-05:00 DEBUG 52024 --- [app_aurora] [           main] o.h.internal.SessionFactoryRegistry      : Initializing SessionFactoryRegistry : org.hibernate.internal.SessionFactoryRegistry@76efa2b7
2024-07-23T15:04:26.244-05:00 DEBUG 52024 --- [app_aurora] [           main] o.h.internal.SessionFactoryRegistry      : Registering SessionFactory: 20489b23-8623-481d-9e00-e60169cc3004 (<unnamed>)
2024-07-23T15:04:26.244-05:00 DEBUG 52024 --- [app_aurora] [           main] o.h.internal.SessionFactoryRegistry      : Not binding SessionFactory to JNDI, no JNDI name configured
2024-07-23T15:04:26.244-05:00 DEBUG 52024 --- [app_aurora] [           main] o.hibernate.internal.SessionFactoryImpl  : Instantiated SessionFactory
2024-07-23T15:04:26.244-05:00  INFO 52024 --- [app_aurora] [           main] j.LocalContainerEntityManagerFactoryBean : Initialized JPA EntityManagerFactory for persistence unit 'default'
2024-07-23T15:04:26.369-05:00 DEBUG 52024 --- [app_aurora] [           main] o.h.stat.internal.StatisticsInitiator    : Statistics initialized [enabled=false]
2024-07-23T15:04:26.494-05:00 DEBUG 52024 --- [app_aurora] [           main] cResourceLocalTransactionCoordinatorImpl : JDBC transaction marked for rollback-only (exception provided for stack trace)

java.lang.Exception: exception just for purpose of providing stack trace
	at org.hibernate.resource.transaction.backend.jdbc.internal.JdbcResourceLocalTransactionCoordinatorImpl$TransactionDriverControlImpl.markRollbackOnly(JdbcResourceLocalTransactionCoordinatorImpl.java:309) ~[hibernate-core-6.5.2.Final.jar:6.5.2.Final]
	at org.hibernate.internal.AbstractSharedSessionContract.buildNamedQuery(AbstractSharedSessionContract.java:1109) ~[hibernate-core-6.5.2.Final.jar:6.5.2.Final]
	at org.hibernate.internal.AbstractSharedSessionContract.createNamedQuery(AbstractSharedSessionContract.java:987) ~[hibernate-core-6.5.2.Final.jar:6.5.2.Final]
	at org.hibernate.internal.AbstractSharedSessionContract.createNamedQuery(AbstractSharedSessionContract.java:140) ~[hibernate-core-6.5.2.Final.jar:6.5.2.Final]
	at java.base/jdk.internal.reflect.DirectMethodHandleAccessor.invoke(DirectMethodHandleAccessor.java:104) ~[na:na]
	at java.base/java.lang.reflect.Method.invoke(Method.java:578) ~[na:na]
	at org.springframework.orm.jpa.ExtendedEntityManagerCreator$ExtendedEntityManagerInvocationHandler.invoke(ExtendedEntityManagerCreator.java:364) ~[spring-orm-6.1.8.jar:6.1.8]
	at jdk.proxy2/jdk.proxy2.$Proxy128.createNamedQuery(Unknown Source) ~[na:na]
	at org.springframework.data.jpa.repository.query.NamedQuery.hasNamedQuery(NamedQuery.java:112) ~[spring-data-jpa-3.3.0.jar:3.3.0]
	at org.springframework.data.jpa.repository.query.NamedQuery.lookupFrom(NamedQuery.java:138) ~[spring-data-jpa-3.3.0.jar:3.3.0]
	at org.springframework.data.jpa.repository.query.JpaQueryLookupStrategy$DeclaredQueryLookupStrategy.resolveQuery(JpaQueryLookupStrategy.java:180) ~[spring-data-jpa-3.3.0.jar:3.3.0]
	at org.springframework.data.jpa.repository.query.JpaQueryLookupStrategy$CreateIfNotFoundQueryLookupStrategy.resolveQuery(JpaQueryLookupStrategy.java:252) ~[spring-data-jpa-3.3.0.jar:3.3.0]
	at org.springframework.data.jpa.repository.query.JpaQueryLookupStrategy$AbstractQueryLookupStrategy.resolveQuery(JpaQueryLookupStrategy.java:95) ~[spring-data-jpa-3.3.0.jar:3.3.0]
	at org.springframework.data.repository.core.support.QueryExecutorMethodInterceptor.lookupQuery(QueryExecutorMethodInterceptor.java:111) ~[spring-data-commons-3.3.0.jar:3.3.0]
	at org.springframework.data.repository.core.support.QueryExecutorMethodInterceptor.mapMethodsToQuery(QueryExecutorMethodInterceptor.java:99) ~[spring-data-commons-3.3.0.jar:3.3.0]
	at org.springframework.data.repository.core.support.QueryExecutorMethodInterceptor.lambda$new$0(QueryExecutorMethodInterceptor.java:88) ~[spring-data-commons-3.3.0.jar:3.3.0]
	at java.base/java.util.Optional.map(Optional.java:260) ~[na:na]
	at org.springframework.data.repository.core.support.QueryExecutorMethodInterceptor.<init>(QueryExecutorMethodInterceptor.java:88) ~[spring-data-commons-3.3.0.jar:3.3.0]
	at org.springframework.data.repository.core.support.RepositoryFactorySupport.getRepository(RepositoryFactorySupport.java:357) ~[spring-data-commons-3.3.0.jar:3.3.0]
	at org.springframework.data.repository.core.support.RepositoryFactoryBeanSupport.lambda$afterPropertiesSet$5(RepositoryFactoryBeanSupport.java:286) ~[spring-data-commons-3.3.0.jar:3.3.0]
	at org.springframework.data.util.Lazy.getNullable(Lazy.java:135) ~[spring-data-commons-3.3.0.jar:3.3.0]
	at org.springframework.data.util.Lazy.get(Lazy.java:113) ~[spring-data-commons-3.3.0.jar:3.3.0]
	at org.springframework.data.repository.core.support.RepositoryFactoryBeanSupport.afterPropertiesSet(RepositoryFactoryBeanSupport.java:292) ~[spring-data-commons-3.3.0.jar:3.3.0]
	at org.springframework.data.jpa.repository.support.JpaRepositoryFactoryBean.afterPropertiesSet(JpaRepositoryFactoryBean.java:132) ~[spring-data-jpa-3.3.0.jar:3.3.0]
	at org.springframework.beans.factory.support.AbstractAutowireCapableBeanFactory.invokeInitMethods(AbstractAutowireCapableBeanFactory.java:1835) ~[spring-beans-6.1.8.jar:6.1.8]
	at org.springframework.beans.factory.support.AbstractAutowireCapableBeanFactory.initializeBean(AbstractAutowireCapableBeanFactory.java:1784) ~[spring-beans-6.1.8.jar:6.1.8]
	at org.springframework.beans.factory.support.AbstractAutowireCapableBeanFactory.doCreateBean(AbstractAutowireCapableBeanFactory.java:600) ~[spring-beans-6.1.8.jar:6.1.8]
	at org.springframework.beans.factory.support.AbstractAutowireCapableBeanFactory.createBean(AbstractAutowireCapableBeanFactory.java:522) ~[spring-beans-6.1.8.jar:6.1.8]
	at org.springframework.beans.factory.support.AbstractBeanFactory.lambda$doGetBean$0(AbstractBeanFactory.java:337) ~[spring-beans-6.1.8.jar:6.1.8]
	at org.springframework.beans.factory.support.DefaultSingletonBeanRegistry.getSingleton(DefaultSingletonBeanRegistry.java:234) ~[spring-beans-6.1.8.jar:6.1.8]
	at org.springframework.beans.factory.support.AbstractBeanFactory.doGetBean(AbstractBeanFactory.java:335) ~[spring-beans-6.1.8.jar:6.1.8]
	at org.springframework.beans.factory.support.AbstractBeanFactory.getBean(AbstractBeanFactory.java:200) ~[spring-beans-6.1.8.jar:6.1.8]
	at org.springframework.beans.factory.config.DependencyDescriptor.resolveCandidate(DependencyDescriptor.java:254) ~[spring-beans-6.1.8.jar:6.1.8]
	at org.springframework.beans.factory.support.DefaultListableBeanFactory.doResolveDependency(DefaultListableBeanFactory.java:1443) ~[spring-beans-6.1.8.jar:6.1.8]
	at org.springframework.beans.factory.support.DefaultListableBeanFactory.resolveDependency(DefaultListableBeanFactory.java:1353) ~[spring-beans-6.1.8.jar:6.1.8]
	at org.springframework.beans.factory.annotation.AutowiredAnnotationBeanPostProcessor$AutowiredFieldElement.resolveFieldValue(AutowiredAnnotationBeanPostProcessor.java:784) ~[spring-beans-6.1.8.jar:6.1.8]
	at org.springframework.beans.factory.annotation.AutowiredAnnotationBeanPostProcessor$AutowiredFieldElement.inject(AutowiredAnnotationBeanPostProcessor.java:767) ~[spring-beans-6.1.8.jar:6.1.8]
	at org.springframework.beans.factory.annotation.InjectionMetadata.inject(InjectionMetadata.java:145) ~[spring-beans-6.1.8.jar:6.1.8]
	at org.springframework.beans.factory.annotation.AutowiredAnnotationBeanPostProcessor.postProcessProperties(AutowiredAnnotationBeanPostProcessor.java:508) ~[spring-beans-6.1.8.jar:6.1.8]
	at org.springframework.beans.factory.support.AbstractAutowireCapableBeanFactory.populateBean(AbstractAutowireCapableBeanFactory.java:1421) ~[spring-beans-6.1.8.jar:6.1.8]
	at org.springframework.beans.factory.support.AbstractAutowireCapableBeanFactory.doCreateBean(AbstractAutowireCapableBeanFactory.java:599) ~[spring-beans-6.1.8.jar:6.1.8]
	at org.springframework.beans.factory.support.AbstractAutowireCapableBeanFactory.createBean(AbstractAutowireCapableBeanFactory.java:522) ~[spring-beans-6.1.8.jar:6.1.8]
	at org.springframework.beans.factory.support.AbstractBeanFactory.lambda$doGetBean$0(AbstractBeanFactory.java:337) ~[spring-beans-6.1.8.jar:6.1.8]
	at org.springframework.beans.factory.support.DefaultSingletonBeanRegistry.getSingleton(DefaultSingletonBeanRegistry.java:234) ~[spring-beans-6.1.8.jar:6.1.8]
	at org.springframework.beans.factory.support.AbstractBeanFactory.doGetBean(AbstractBeanFactory.java:335) ~[spring-beans-6.1.8.jar:6.1.8]
	at org.springframework.beans.factory.support.AbstractBeanFactory.getBean(AbstractBeanFactory.java:200) ~[spring-beans-6.1.8.jar:6.1.8]
	at org.springframework.beans.factory.config.DependencyDescriptor.resolveCandidate(DependencyDescriptor.java:254) ~[spring-beans-6.1.8.jar:6.1.8]
	at org.springframework.beans.factory.support.DefaultListableBeanFactory.doResolveDependency(DefaultListableBeanFactory.java:1443) ~[spring-beans-6.1.8.jar:6.1.8]
	at org.springframework.beans.factory.support.DefaultListableBeanFactory.resolveDependency(DefaultListableBeanFactory.java:1353) ~[spring-beans-6.1.8.jar:6.1.8]
	at org.springframework.beans.factory.annotation.AutowiredAnnotationBeanPostProcessor$AutowiredFieldElement.resolveFieldValue(AutowiredAnnotationBeanPostProcessor.java:784) ~[spring-beans-6.1.8.jar:6.1.8]
	at org.springframework.beans.factory.annotation.AutowiredAnnotationBeanPostProcessor$AutowiredFieldElement.inject(AutowiredAnnotationBeanPostProcessor.java:767) ~[spring-beans-6.1.8.jar:6.1.8]
	at org.springframework.beans.factory.annotation.InjectionMetadata.inject(InjectionMetadata.java:145) ~[spring-beans-6.1.8.jar:6.1.8]
	at org.springframework.beans.factory.annotation.AutowiredAnnotationBeanPostProcessor.postProcessProperties(AutowiredAnnotationBeanPostProcessor.java:508) ~[spring-beans-6.1.8.jar:6.1.8]
	at org.springframework.beans.factory.support.AbstractAutowireCapableBeanFactory.populateBean(AbstractAutowireCapableBeanFactory.java:1421) ~[spring-beans-6.1.8.jar:6.1.8]
	at org.springframework.beans.factory.support.AbstractAutowireCapableBeanFactory.doCreateBean(AbstractAutowireCapableBeanFactory.java:599) ~[spring-beans-6.1.8.jar:6.1.8]
	at org.springframework.beans.factory.support.AbstractAutowireCapableBeanFactory.createBean(AbstractAutowireCapableBeanFactory.java:522) ~[spring-beans-6.1.8.jar:6.1.8]
	at org.springframework.beans.factory.support.AbstractBeanFactory.lambda$doGetBean$0(AbstractBeanFactory.java:337) ~[spring-beans-6.1.8.jar:6.1.8]
	at org.springframework.beans.factory.support.DefaultSingletonBeanRegistry.getSingleton(DefaultSingletonBeanRegistry.java:234) ~[spring-beans-6.1.8.jar:6.1.8]
	at org.springframework.beans.factory.support.AbstractBeanFactory.doGetBean(AbstractBeanFactory.java:335) ~[spring-beans-6.1.8.jar:6.1.8]
	at org.springframework.beans.factory.support.AbstractBeanFactory.getBean(AbstractBeanFactory.java:200) ~[spring-beans-6.1.8.jar:6.1.8]
	at org.springframework.beans.factory.support.DefaultListableBeanFactory.preInstantiateSingletons(DefaultListableBeanFactory.java:975) ~[spring-beans-6.1.8.jar:6.1.8]
	at org.springframework.context.support.AbstractApplicationContext.finishBeanFactoryInitialization(AbstractApplicationContext.java:962) ~[spring-context-6.1.8.jar:6.1.8]
	at org.springframework.context.support.AbstractApplicationContext.refresh(AbstractApplicationContext.java:624) ~[spring-context-6.1.8.jar:6.1.8]
	at org.springframework.boot.SpringApplication.refresh(SpringApplication.java:754) ~[spring-boot-3.3.0.jar:3.3.0]
	at org.springframework.boot.SpringApplication.refreshContext(SpringApplication.java:456) ~[spring-boot-3.3.0.jar:3.3.0]
	at org.springframework.boot.SpringApplication.run(SpringApplication.java:335) ~[spring-boot-3.3.0.jar:3.3.0]
	at org.springframework.boot.test.context.SpringBootContextLoader.lambda$loadContext$3(SpringBootContextLoader.java:137) ~[spring-boot-test-3.3.0.jar:3.3.0]
	at org.springframework.util.function.ThrowingSupplier.get(ThrowingSupplier.java:58) ~[spring-core-6.1.8.jar:6.1.8]
	at org.springframework.util.function.ThrowingSupplier.get(ThrowingSupplier.java:46) ~[spring-core-6.1.8.jar:6.1.8]
	at org.springframework.boot.SpringApplication.withHook(SpringApplication.java:1463) ~[spring-boot-3.3.0.jar:3.3.0]
	at org.springframework.boot.test.context.SpringBootContextLoader$ContextLoaderHook.run(SpringBootContextLoader.java:553) ~[spring-boot-test-3.3.0.jar:3.3.0]
	at org.springframework.boot.test.context.SpringBootContextLoader.loadContext(SpringBootContextLoader.java:137) ~[spring-boot-test-3.3.0.jar:3.3.0]
	at org.springframework.boot.test.context.SpringBootContextLoader.loadContext(SpringBootContextLoader.java:108) ~[spring-boot-test-3.3.0.jar:3.3.0]
	at org.springframework.test.context.cache.DefaultCacheAwareContextLoaderDelegate.loadContextInternal(DefaultCacheAwareContextLoaderDelegate.java:225) ~[spring-test-6.1.8.jar:6.1.8]
	at org.springframework.test.context.cache.DefaultCacheAwareContextLoaderDelegate.loadContext(DefaultCacheAwareContextLoaderDelegate.java:152) ~[spring-test-6.1.8.jar:6.1.8]
	at org.springframework.test.context.support.DefaultTestContext.getApplicationContext(DefaultTestContext.java:130) ~[spring-test-6.1.8.jar:6.1.8]
	at org.springframework.test.context.web.ServletTestExecutionListener.setUpRequestContextIfNecessary(ServletTestExecutionListener.java:191) ~[spring-test-6.1.8.jar:6.1.8]
	at org.springframework.test.context.web.ServletTestExecutionListener.prepareTestInstance(ServletTestExecutionListener.java:130) ~[spring-test-6.1.8.jar:6.1.8]
	at org.springframework.test.context.TestContextManager.prepareTestInstance(TestContextManager.java:260) ~[spring-test-6.1.8.jar:6.1.8]
	at org.springframework.test.context.junit.jupiter.SpringExtension.postProcessTestInstance(SpringExtension.java:163) ~[spring-test-6.1.8.jar:6.1.8]
	at org.junit.jupiter.engine.descriptor.ClassBasedTestDescriptor.lambda$invokeTestInstancePostProcessors$10(ClassBasedTestDescriptor.java:378) ~[junit-jupiter-engine-5.10.2.jar:5.10.2]
	at org.junit.jupiter.engine.descriptor.ClassBasedTestDescriptor.executeAndMaskThrowable(ClassBasedTestDescriptor.java:383) ~[junit-jupiter-engine-5.10.2.jar:5.10.2]
	at org.junit.jupiter.engine.descriptor.ClassBasedTestDescriptor.lambda$invokeTestInstancePostProcessors$11(ClassBasedTestDescriptor.java:378) ~[junit-jupiter-engine-5.10.2.jar:5.10.2]
	at java.base/java.util.stream.ReferencePipeline$3$1.accept(ReferencePipeline.java:197) ~[na:na]
	at java.base/java.util.stream.ReferencePipeline$2$1.accept(ReferencePipeline.java:179) ~[na:na]
	at java.base/java.util.ArrayList$ArrayListSpliterator.forEachRemaining(ArrayList.java:1625) ~[na:na]
	at java.base/java.util.stream.AbstractPipeline.copyInto(AbstractPipeline.java:509) ~[na:na]
	at java.base/java.util.stream.AbstractPipeline.wrapAndCopyInto(AbstractPipeline.java:499) ~[na:na]
	at java.base/java.util.stream.StreamSpliterators$WrappingSpliterator.forEachRemaining(StreamSpliterators.java:310) ~[na:na]
	at java.base/java.util.stream.Streams$ConcatSpliterator.forEachRemaining(Streams.java:735) ~[na:na]
	at java.base/java.util.stream.Streams$ConcatSpliterator.forEachRemaining(Streams.java:734) ~[na:na]
	at java.base/java.util.stream.ReferencePipeline$Head.forEach(ReferencePipeline.java:762) ~[na:na]
	at org.junit.jupiter.engine.descriptor.ClassBasedTestDescriptor.invokeTestInstancePostProcessors(ClassBasedTestDescriptor.java:377) ~[junit-jupiter-engine-5.10.2.jar:5.10.2]
	at org.junit.jupiter.engine.descriptor.ClassBasedTestDescriptor.lambda$instantiateAndPostProcessTestInstance$6(ClassBasedTestDescriptor.java:290) ~[junit-jupiter-engine-5.10.2.jar:5.10.2]
	at org.junit.platform.engine.support.hierarchical.ThrowableCollector.execute(ThrowableCollector.java:73) ~[junit-platform-engine-1.10.2.jar:1.10.2]
	at org.junit.jupiter.engine.descriptor.ClassBasedTestDescriptor.instantiateAndPostProcessTestInstance(ClassBasedTestDescriptor.java:289) ~[junit-jupiter-engine-5.10.2.jar:5.10.2]
	at org.junit.jupiter.engine.descriptor.ClassBasedTestDescriptor.lambda$testInstancesProvider$4(ClassBasedTestDescriptor.java:279) ~[junit-jupiter-engine-5.10.2.jar:5.10.2]
	at java.base/java.util.Optional.orElseGet(Optional.java:364) ~[na:na]
	at org.junit.jupiter.engine.descriptor.ClassBasedTestDescriptor.lambda$testInstancesProvider$5(ClassBasedTestDescriptor.java:278) ~[junit-jupiter-engine-5.10.2.jar:5.10.2]
	at org.junit.jupiter.engine.execution.TestInstancesProvider.getTestInstances(TestInstancesProvider.java:31) ~[junit-jupiter-engine-5.10.2.jar:5.10.2]
	at org.junit.jupiter.engine.descriptor.TestMethodTestDescriptor.lambda$prepare$0(TestMethodTestDescriptor.java:106) ~[junit-jupiter-engine-5.10.2.jar:5.10.2]
	at org.junit.platform.engine.support.hierarchical.ThrowableCollector.execute(ThrowableCollector.java:73) ~[junit-platform-engine-1.10.2.jar:1.10.2]
	at org.junit.jupiter.engine.descriptor.TestMethodTestDescriptor.prepare(TestMethodTestDescriptor.java:105) ~[junit-jupiter-engine-5.10.2.jar:5.10.2]
	at org.junit.jupiter.engine.descriptor.TestMethodTestDescriptor.prepare(TestMethodTestDescriptor.java:69) ~[junit-jupiter-engine-5.10.2.jar:5.10.2]
	at org.junit.platform.engine.support.hierarchical.NodeTestTask.lambda$prepare$2(NodeTestTask.java:123) ~[junit-platform-engine-1.10.2.jar:1.10.2]
	at org.junit.platform.engine.support.hierarchical.ThrowableCollector.execute(ThrowableCollector.java:73) ~[junit-platform-engine-1.10.2.jar:1.10.2]
	at org.junit.platform.engine.support.hierarchical.NodeTestTask.prepare(NodeTestTask.java:123) ~[junit-platform-engine-1.10.2.jar:1.10.2]
	at org.junit.platform.engine.support.hierarchical.NodeTestTask.execute(NodeTestTask.java:90) ~[junit-platform-engine-1.10.2.jar:1.10.2]
	at java.base/java.util.ArrayList.forEach(ArrayList.java:1511) ~[na:na]
	at org.junit.platform.engine.support.hierarchical.SameThreadHierarchicalTestExecutorService.invokeAll(SameThreadHierarchicalTestExecutorService.java:41) ~[junit-platform-engine-1.10.2.jar:1.10.2]
	at org.junit.platform.engine.support.hierarchical.NodeTestTask.lambda$executeRecursively$6(NodeTestTask.java:155) ~[junit-platform-engine-1.10.2.jar:1.10.2]
	at org.junit.platform.engine.support.hierarchical.ThrowableCollector.execute(ThrowableCollector.java:73) ~[junit-platform-engine-1.10.2.jar:1.10.2]
	at org.junit.platform.engine.support.hierarchical.NodeTestTask.lambda$executeRecursively$8(NodeTestTask.java:141) ~[junit-platform-engine-1.10.2.jar:1.10.2]
	at org.junit.platform.engine.support.hierarchical.Node.around(Node.java:137) ~[junit-platform-engine-1.10.2.jar:1.10.2]
	at org.junit.platform.engine.support.hierarchical.NodeTestTask.lambda$executeRecursively$9(NodeTestTask.java:139) ~[junit-platform-engine-1.10.2.jar:1.10.2]
	at org.junit.platform.engine.support.hierarchical.ThrowableCollector.execute(ThrowableCollector.java:73) ~[junit-platform-engine-1.10.2.jar:1.10.2]
	at org.junit.platform.engine.support.hierarchical.NodeTestTask.executeRecursively(NodeTestTask.java:138) ~[junit-platform-engine-1.10.2.jar:1.10.2]
	at org.junit.platform.engine.support.hierarchical.NodeTestTask.execute(NodeTestTask.java:95) ~[junit-platform-engine-1.10.2.jar:1.10.2]
	at java.base/java.util.ArrayList.forEach(ArrayList.java:1511) ~[na:na]
	at org.junit.platform.engine.support.hierarchical.SameThreadHierarchicalTestExecutorService.invokeAll(SameThreadHierarchicalTestExecutorService.java:41) ~[junit-platform-engine-1.10.2.jar:1.10.2]
	at org.junit.platform.engine.support.hierarchical.NodeTestTask.lambda$executeRecursively$6(NodeTestTask.java:155) ~[junit-platform-engine-1.10.2.jar:1.10.2]
	at org.junit.platform.engine.support.hierarchical.ThrowableCollector.execute(ThrowableCollector.java:73) ~[junit-platform-engine-1.10.2.jar:1.10.2]
	at org.junit.platform.engine.support.hierarchical.NodeTestTask.lambda$executeRecursively$8(NodeTestTask.java:141) ~[junit-platform-engine-1.10.2.jar:1.10.2]
	at org.junit.platform.engine.support.hierarchical.Node.around(Node.java:137) ~[junit-platform-engine-1.10.2.jar:1.10.2]
	at org.junit.platform.engine.support.hierarchical.NodeTestTask.lambda$executeRecursively$9(NodeTestTask.java:139) ~[junit-platform-engine-1.10.2.jar:1.10.2]
	at org.junit.platform.engine.support.hierarchical.ThrowableCollector.execute(ThrowableCollector.java:73) ~[junit-platform-engine-1.10.2.jar:1.10.2]
	at org.junit.platform.engine.support.hierarchical.NodeTestTask.executeRecursively(NodeTestTask.java:138) ~[junit-platform-engine-1.10.2.jar:1.10.2]
	at org.junit.platform.engine.support.hierarchical.NodeTestTask.execute(NodeTestTask.java:95) ~[junit-platform-engine-1.10.2.jar:1.10.2]
	at org.junit.platform.engine.support.hierarchical.SameThreadHierarchicalTestExecutorService.submit(SameThreadHierarchicalTestExecutorService.java:35) ~[junit-platform-engine-1.10.2.jar:1.10.2]
	at org.junit.platform.engine.support.hierarchical.HierarchicalTestExecutor.execute(HierarchicalTestExecutor.java:57) ~[junit-platform-engine-1.10.2.jar:1.10.2]
	at org.junit.platform.engine.support.hierarchical.HierarchicalTestEngine.execute(HierarchicalTestEngine.java:54) ~[junit-platform-engine-1.10.2.jar:1.10.2]
	at org.junit.platform.launcher.core.EngineExecutionOrchestrator.execute(EngineExecutionOrchestrator.java:198) ~[junit-platform-launcher-1.10.2.jar:1.10.2]
	at org.junit.platform.launcher.core.EngineExecutionOrchestrator.execute(EngineExecutionOrchestrator.java:169) ~[junit-platform-launcher-1.10.2.jar:1.10.2]
	at org.junit.platform.launcher.core.EngineExecutionOrchestrator.execute(EngineExecutionOrchestrator.java:93) ~[junit-platform-launcher-1.10.2.jar:1.10.2]
	at org.junit.platform.launcher.core.EngineExecutionOrchestrator.lambda$execute$0(EngineExecutionOrchestrator.java:58) ~[junit-platform-launcher-1.10.2.jar:1.10.2]
	at org.junit.platform.launcher.core.EngineExecutionOrchestrator.withInterceptedStreams(EngineExecutionOrchestrator.java:141) ~[junit-platform-launcher-1.10.2.jar:1.10.2]
	at org.junit.platform.launcher.core.EngineExecutionOrchestrator.execute(EngineExecutionOrchestrator.java:57) ~[junit-platform-launcher-1.10.2.jar:1.10.2]
	at org.junit.platform.launcher.core.DefaultLauncher.execute(DefaultLauncher.java:103) ~[junit-platform-launcher-1.10.2.jar:1.10.2]
	at org.junit.platform.launcher.core.DefaultLauncher.execute(DefaultLauncher.java:85) ~[junit-platform-launcher-1.10.2.jar:1.10.2]
	at org.junit.platform.launcher.core.DelegatingLauncher.execute(DelegatingLauncher.java:47) ~[junit-platform-launcher-1.10.2.jar:1.10.2]
	at org.apache.maven.surefire.junitplatform.LazyLauncher.execute(LazyLauncher.java:56) ~[surefire-junit-platform-3.2.5.jar:3.2.5]
	at org.apache.maven.surefire.junitplatform.JUnitPlatformProvider.execute(JUnitPlatformProvider.java:184) ~[surefire-junit-platform-3.2.5.jar:3.2.5]
	at org.apache.maven.surefire.junitplatform.JUnitPlatformProvider.invokeAllTests(JUnitPlatformProvider.java:148) ~[surefire-junit-platform-3.2.5.jar:3.2.5]
	at org.apache.maven.surefire.junitplatform.JUnitPlatformProvider.invoke(JUnitPlatformProvider.java:122) ~[surefire-junit-platform-3.2.5.jar:3.2.5]
	at org.apache.maven.surefire.booter.ForkedBooter.runSuitesInProcess(ForkedBooter.java:385) ~[surefire-booter-3.2.5.jar:3.2.5]
	at org.apache.maven.surefire.booter.ForkedBooter.execute(ForkedBooter.java:162) ~[surefire-booter-3.2.5.jar:3.2.5]
	at org.apache.maven.surefire.booter.ForkedBooter.run(ForkedBooter.java:507) ~[surefire-booter-3.2.5.jar:3.2.5]
	at org.apache.maven.surefire.booter.ForkedBooter.main(ForkedBooter.java:495) ~[surefire-booter-3.2.5.jar:3.2.5]

2024-07-23T15:04:26.692-05:00  WARN 52024 --- [app_aurora] [           main] JpaBaseConfiguration$JpaWebConfiguration : spring.jpa.open-in-view is enabled by default. Therefore, database queries may be performed during view rendering. Explicitly configure spring.jpa.open-in-view to disable this warning
2024-07-23T15:04:26.723-05:00  INFO 52024 --- [app_aurora] [           main] r$InitializeUserDetailsManagerConfigurer : Global AuthenticationManager configured with UserDetailsService bean with name usuarioServicio
2024-07-23T15:04:26.818-05:00  INFO 52024 --- [app_aurora] [           main] o.s.b.a.w.s.WelcomePageHandlerMapping    : Adding welcome page template: index
2024-07-23T15:04:26.865-05:00 DEBUG 52024 --- [app_aurora] [           main] s.w.s.m.m.a.RequestMappingHandlerMapping : 23 mappings in 'requestMappingHandlerMapping'
2024-07-23T15:04:26.988-05:00 DEBUG 52024 --- [app_aurora] [           main] o.s.w.s.handler.SimpleUrlHandlerMapping  : Patterns [/webjars/**, /**] in 'resourceHandlerMapping'
2024-07-23T15:04:27.050-05:00  INFO 52024 --- [app_aurora] [           main] o.s.s.web.DefaultSecurityFilterChain     : Will secure any request with [org.springframework.security.web.session.DisableEncodeUrlFilter@56a63c28, org.springframework.security.web.context.request.async.WebAsyncManagerIntegrationFilter@3b6098fd, org.springframework.security.web.context.SecurityContextHolderFilter@7b88a2e2, org.springframework.security.web.header.HeaderWriterFilter@5339cdc6, org.springframework.web.filter.CorsFilter@4ce5013a, org.springframework.security.web.csrf.CsrfFilter@5eba0cc5, org.springframework.security.web.authentication.logout.LogoutFilter@6e1a8e78, org.springframework.security.web.authentication.UsernamePasswordAuthenticationFilter@7ee0dbd1, org.springframework.security.web.savedrequest.RequestCacheAwareFilter@4b4a3114, org.springframework.security.web.servletapi.SecurityContextHolderAwareRequestFilter@74d4f542, org.springframework.security.web.authentication.AnonymousAuthenticationFilter@4c219c84, org.springframework.security.web.access.ExceptionTranslationFilter@6426ad0b, org.springframework.security.web.access.intercept.AuthorizationFilter@555454c7]
2024-07-23T15:04:27.055-05:00 DEBUG 52024 --- [app_aurora] [           main] cResourceLocalTransactionCoordinatorImpl : JDBC transaction marked for rollback-only (exception provided for stack trace)

java.lang.Exception: exception just for purpose of providing stack trace
	at org.hibernate.resource.transaction.backend.jdbc.internal.JdbcResourceLocalTransactionCoordinatorImpl$TransactionDriverControlImpl.markRollbackOnly(JdbcResourceLocalTransactionCoordinatorImpl.java:309) ~[hibernate-core-6.5.2.Final.jar:6.5.2.Final]
	at org.hibernate.internal.AbstractSharedSessionContract.buildNamedQuery(AbstractSharedSessionContract.java:1109) ~[hibernate-core-6.5.2.Final.jar:6.5.2.Final]
	at org.hibernate.internal.AbstractSharedSessionContract.createNamedQuery(AbstractSharedSessionContract.java:987) ~[hibernate-core-6.5.2.Final.jar:6.5.2.Final]
	at org.hibernate.internal.AbstractSharedSessionContract.createNamedQuery(AbstractSharedSessionContract.java:140) ~[hibernate-core-6.5.2.Final.jar:6.5.2.Final]
	at java.base/jdk.internal.reflect.DirectMethodHandleAccessor.invoke(DirectMethodHandleAccessor.java:104) ~[na:na]
	at java.base/java.lang.reflect.Method.invoke(Method.java:578) ~[na:na]
	at org.springframework.orm.jpa.ExtendedEntityManagerCreator$ExtendedEntityManagerInvocationHandler.invoke(ExtendedEntityManagerCreator.java:364) ~[spring-orm-6.1.8.jar:6.1.8]
	at jdk.proxy2/jdk.proxy2.$Proxy128.createNamedQuery(Unknown Source) ~[na:na]
	at org.springframework.data.jpa.repository.query.NamedQuery.hasNamedQuery(NamedQuery.java:112) ~[spring-data-jpa-3.3.0.jar:3.3.0]
	at org.springframework.data.jpa.repository.query.NamedQuery.lookupFrom(NamedQuery.java:138) ~[spring-data-jpa-3.3.0.jar:3.3.0]
	at org.springframework.data.jpa.repository.query.JpaQueryLookupStrategy$DeclaredQueryLookupStrategy.resolveQuery(JpaQueryLookupStrategy.java:180) ~[spring-data-jpa-3.3.0.jar:3.3.0]
	at org.springframework.data.jpa.repository.query.JpaQueryLookupStrategy$CreateIfNotFoundQueryLookupStrategy.resolveQuery(JpaQueryLookupStrategy.java:252) ~[spring-data-jpa-3.3.0.jar:3.3.0]
	at org.springframework.data.jpa.repository.query.JpaQueryLookupStrategy$AbstractQueryLookupStrategy.resolveQuery(JpaQueryLookupStrategy.java:95) ~[spring-data-jpa-3.3.0.jar:3.3.0]
	at org.springframework.data.repository.core.support.QueryExecutorMethodInterceptor.lookupQuery(QueryExecutorMethodInterceptor.java:111) ~[spring-data-commons-3.3.0.jar:3.3.0]
	at org.springframework.data.repository.core.support.QueryExecutorMethodInterceptor.mapMethodsToQuery(QueryExecutorMethodInterceptor.java:99) ~[spring-data-commons-3.3.0.jar:3.3.0]
	at org.springframework.data.repository.core.support.QueryExecutorMethodInterceptor.lambda$new$0(QueryExecutorMethodInterceptor.java:88) ~[spring-data-commons-3.3.0.jar:3.3.0]
	at java.base/java.util.Optional.map(Optional.java:260) ~[na:na]
	at org.springframework.data.repository.core.support.QueryExecutorMethodInterceptor.<init>(QueryExecutorMethodInterceptor.java:88) ~[spring-data-commons-3.3.0.jar:3.3.0]
	at org.springframework.data.repository.core.support.RepositoryFactorySupport.getRepository(RepositoryFactorySupport.java:357) ~[spring-data-commons-3.3.0.jar:3.3.0]
	at org.springframework.data.repository.core.support.RepositoryFactoryBeanSupport.lambda$afterPropertiesSet$5(RepositoryFactoryBeanSupport.java:286) ~[spring-data-commons-3.3.0.jar:3.3.0]
	at org.springframework.data.util.Lazy.getNullable(Lazy.java:135) ~[spring-data-commons-3.3.0.jar:3.3.0]
	at org.springframework.data.util.Lazy.get(Lazy.java:113) ~[spring-data-commons-3.3.0.jar:3.3.0]
	at org.springframework.data.repository.core.support.RepositoryFactoryBeanSupport.afterPropertiesSet(RepositoryFactoryBeanSupport.java:292) ~[spring-data-commons-3.3.0.jar:3.3.0]
	at org.springframework.data.jpa.repository.support.JpaRepositoryFactoryBean.afterPropertiesSet(JpaRepositoryFactoryBean.java:132) ~[spring-data-jpa-3.3.0.jar:3.3.0]
	at org.springframework.beans.factory.support.AbstractAutowireCapableBeanFactory.invokeInitMethods(AbstractAutowireCapableBeanFactory.java:1835) ~[spring-beans-6.1.8.jar:6.1.8]
	at org.springframework.beans.factory.support.AbstractAutowireCapableBeanFactory.initializeBean(AbstractAutowireCapableBeanFactory.java:1784) ~[spring-beans-6.1.8.jar:6.1.8]
	at org.springframework.beans.factory.support.AbstractAutowireCapableBeanFactory.doCreateBean(AbstractAutowireCapableBeanFactory.java:600) ~[spring-beans-6.1.8.jar:6.1.8]
	at org.springframework.beans.factory.support.AbstractAutowireCapableBeanFactory.createBean(AbstractAutowireCapableBeanFactory.java:522) ~[spring-beans-6.1.8.jar:6.1.8]
	at org.springframework.beans.factory.support.AbstractBeanFactory.lambda$doGetBean$0(AbstractBeanFactory.java:337) ~[spring-beans-6.1.8.jar:6.1.8]
	at org.springframework.beans.factory.support.DefaultSingletonBeanRegistry.getSingleton(DefaultSingletonBeanRegistry.java:234) ~[spring-beans-6.1.8.jar:6.1.8]
	at org.springframework.beans.factory.support.AbstractBeanFactory.doGetBean(AbstractBeanFactory.java:335) ~[spring-beans-6.1.8.jar:6.1.8]
	at org.springframework.beans.factory.support.AbstractBeanFactory.getBean(AbstractBeanFactory.java:200) ~[spring-beans-6.1.8.jar:6.1.8]
	at org.springframework.beans.factory.config.DependencyDescriptor.resolveCandidate(DependencyDescriptor.java:254) ~[spring-beans-6.1.8.jar:6.1.8]
	at org.springframework.beans.factory.support.DefaultListableBeanFactory.doResolveDependency(DefaultListableBeanFactory.java:1443) ~[spring-beans-6.1.8.jar:6.1.8]
	at org.springframework.beans.factory.support.DefaultListableBeanFactory.resolveDependency(DefaultListableBeanFactory.java:1353) ~[spring-beans-6.1.8.jar:6.1.8]
	at org.springframework.beans.factory.support.ConstructorResolver.resolveAutowiredArgument(ConstructorResolver.java:904) ~[spring-beans-6.1.8.jar:6.1.8]
	at org.springframework.beans.factory.support.ConstructorResolver.createArgumentArray(ConstructorResolver.java:782) ~[spring-beans-6.1.8.jar:6.1.8]
	at org.springframework.beans.factory.support.ConstructorResolver.instantiateUsingFactoryMethod(ConstructorResolver.java:542) ~[spring-beans-6.1.8.jar:6.1.8]
	at org.springframework.beans.factory.support.AbstractAutowireCapableBeanFactory.instantiateUsingFactoryMethod(AbstractAutowireCapableBeanFactory.java:1337) ~[spring-beans-6.1.8.jar:6.1.8]
	at org.springframework.beans.factory.support.AbstractAutowireCapableBeanFactory.createBeanInstance(AbstractAutowireCapableBeanFactory.java:1167) ~[spring-beans-6.1.8.jar:6.1.8]
	at org.springframework.beans.factory.support.AbstractAutowireCapableBeanFactory.doCreateBean(AbstractAutowireCapableBeanFactory.java:562) ~[spring-beans-6.1.8.jar:6.1.8]
	at org.springframework.beans.factory.support.AbstractAutowireCapableBeanFactory.createBean(AbstractAutowireCapableBeanFactory.java:522) ~[spring-beans-6.1.8.jar:6.1.8]
	at org.springframework.beans.factory.support.AbstractBeanFactory.lambda$doGetBean$0(AbstractBeanFactory.java:337) ~[spring-beans-6.1.8.jar:6.1.8]
	at org.springframework.beans.factory.support.DefaultSingletonBeanRegistry.getSingleton(DefaultSingletonBeanRegistry.java:234) ~[spring-beans-6.1.8.jar:6.1.8]
	at org.springframework.beans.factory.support.AbstractBeanFactory.doGetBean(AbstractBeanFactory.java:335) ~[spring-beans-6.1.8.jar:6.1.8]
	at org.springframework.beans.factory.support.AbstractBeanFactory.getBean(AbstractBeanFactory.java:200) ~[spring-beans-6.1.8.jar:6.1.8]
	at org.springframework.beans.factory.support.DefaultListableBeanFactory.preInstantiateSingletons(DefaultListableBeanFactory.java:975) ~[spring-beans-6.1.8.jar:6.1.8]
	at org.springframework.context.support.AbstractApplicationContext.finishBeanFactoryInitialization(AbstractApplicationContext.java:962) ~[spring-context-6.1.8.jar:6.1.8]
	at org.springframework.context.support.AbstractApplicationContext.refresh(AbstractApplicationContext.java:624) ~[spring-context-6.1.8.jar:6.1.8]
	at org.springframework.boot.SpringApplication.refresh(SpringApplication.java:754) ~[spring-boot-3.3.0.jar:3.3.0]
	at org.springframework.boot.SpringApplication.refreshContext(SpringApplication.java:456) ~[spring-boot-3.3.0.jar:3.3.0]
	at org.springframework.boot.SpringApplication.run(SpringApplication.java:335) ~[spring-boot-3.3.0.jar:3.3.0]
	at org.springframework.boot.test.context.SpringBootContextLoader.lambda$loadContext$3(SpringBootContextLoader.java:137) ~[spring-boot-test-3.3.0.jar:3.3.0]
	at org.springframework.util.function.ThrowingSupplier.get(ThrowingSupplier.java:58) ~[spring-core-6.1.8.jar:6.1.8]
	at org.springframework.util.function.ThrowingSupplier.get(ThrowingSupplier.java:46) ~[spring-core-6.1.8.jar:6.1.8]
	at org.springframework.boot.SpringApplication.withHook(SpringApplication.java:1463) ~[spring-boot-3.3.0.jar:3.3.0]
	at org.springframework.boot.test.context.SpringBootContextLoader$ContextLoaderHook.run(SpringBootContextLoader.java:553) ~[spring-boot-test-3.3.0.jar:3.3.0]
	at org.springframework.boot.test.context.SpringBootContextLoader.loadContext(SpringBootContextLoader.java:137) ~[spring-boot-test-3.3.0.jar:3.3.0]
	at org.springframework.boot.test.context.SpringBootContextLoader.loadContext(SpringBootContextLoader.java:108) ~[spring-boot-test-3.3.0.jar:3.3.0]
	at org.springframework.test.context.cache.DefaultCacheAwareContextLoaderDelegate.loadContextInternal(DefaultCacheAwareContextLoaderDelegate.java:225) ~[spring-test-6.1.8.jar:6.1.8]
	at org.springframework.test.context.cache.DefaultCacheAwareContextLoaderDelegate.loadContext(DefaultCacheAwareContextLoaderDelegate.java:152) ~[spring-test-6.1.8.jar:6.1.8]
	at org.springframework.test.context.support.DefaultTestContext.getApplicationContext(DefaultTestContext.java:130) ~[spring-test-6.1.8.jar:6.1.8]
	at org.springframework.test.context.web.ServletTestExecutionListener.setUpRequestContextIfNecessary(ServletTestExecutionListener.java:191) ~[spring-test-6.1.8.jar:6.1.8]
	at org.springframework.test.context.web.ServletTestExecutionListener.prepareTestInstance(ServletTestExecutionListener.java:130) ~[spring-test-6.1.8.jar:6.1.8]
	at org.springframework.test.context.TestContextManager.prepareTestInstance(TestContextManager.java:260) ~[spring-test-6.1.8.jar:6.1.8]
	at org.springframework.test.context.junit.jupiter.SpringExtension.postProcessTestInstance(SpringExtension.java:163) ~[spring-test-6.1.8.jar:6.1.8]
	at org.junit.jupiter.engine.descriptor.ClassBasedTestDescriptor.lambda$invokeTestInstancePostProcessors$10(ClassBasedTestDescriptor.java:378) ~[junit-jupiter-engine-5.10.2.jar:5.10.2]
	at org.junit.jupiter.engine.descriptor.ClassBasedTestDescriptor.executeAndMaskThrowable(ClassBasedTestDescriptor.java:383) ~[junit-jupiter-engine-5.10.2.jar:5.10.2]
	at org.junit.jupiter.engine.descriptor.ClassBasedTestDescriptor.lambda$invokeTestInstancePostProcessors$11(ClassBasedTestDescriptor.java:378) ~[junit-jupiter-engine-5.10.2.jar:5.10.2]
	at java.base/java.util.stream.ReferencePipeline$3$1.accept(ReferencePipeline.java:197) ~[na:na]
	at java.base/java.util.stream.ReferencePipeline$2$1.accept(ReferencePipeline.java:179) ~[na:na]
	at java.base/java.util.ArrayList$ArrayListSpliterator.forEachRemaining(ArrayList.java:1625) ~[na:na]
	at java.base/java.util.stream.AbstractPipeline.copyInto(AbstractPipeline.java:509) ~[na:na]
	at java.base/java.util.stream.AbstractPipeline.wrapAndCopyInto(AbstractPipeline.java:499) ~[na:na]
	at java.base/java.util.stream.StreamSpliterators$WrappingSpliterator.forEachRemaining(StreamSpliterators.java:310) ~[na:na]
	at java.base/java.util.stream.Streams$ConcatSpliterator.forEachRemaining(Streams.java:735) ~[na:na]
	at java.base/java.util.stream.Streams$ConcatSpliterator.forEachRemaining(Streams.java:734) ~[na:na]
	at java.base/java.util.stream.ReferencePipeline$Head.forEach(ReferencePipeline.java:762) ~[na:na]
	at org.junit.jupiter.engine.descriptor.ClassBasedTestDescriptor.invokeTestInstancePostProcessors(ClassBasedTestDescriptor.java:377) ~[junit-jupiter-engine-5.10.2.jar:5.10.2]
	at org.junit.jupiter.engine.descriptor.ClassBasedTestDescriptor.lambda$instantiateAndPostProcessTestInstance$6(ClassBasedTestDescriptor.java:290) ~[junit-jupiter-engine-5.10.2.jar:5.10.2]
	at org.junit.platform.engine.support.hierarchical.ThrowableCollector.execute(ThrowableCollector.java:73) ~[junit-platform-engine-1.10.2.jar:1.10.2]
	at org.junit.jupiter.engine.descriptor.ClassBasedTestDescriptor.instantiateAndPostProcessTestInstance(ClassBasedTestDescriptor.java:289) ~[junit-jupiter-engine-5.10.2.jar:5.10.2]
	at org.junit.jupiter.engine.descriptor.ClassBasedTestDescriptor.lambda$testInstancesProvider$4(ClassBasedTestDescriptor.java:279) ~[junit-jupiter-engine-5.10.2.jar:5.10.2]
	at java.base/java.util.Optional.orElseGet(Optional.java:364) ~[na:na]
	at org.junit.jupiter.engine.descriptor.ClassBasedTestDescriptor.lambda$testInstancesProvider$5(ClassBasedTestDescriptor.java:278) ~[junit-jupiter-engine-5.10.2.jar:5.10.2]
	at org.junit.jupiter.engine.execution.TestInstancesProvider.getTestInstances(TestInstancesProvider.java:31) ~[junit-jupiter-engine-5.10.2.jar:5.10.2]
	at org.junit.jupiter.engine.descriptor.TestMethodTestDescriptor.lambda$prepare$0(TestMethodTestDescriptor.java:106) ~[junit-jupiter-engine-5.10.2.jar:5.10.2]
	at org.junit.platform.engine.support.hierarchical.ThrowableCollector.execute(ThrowableCollector.java:73) ~[junit-platform-engine-1.10.2.jar:1.10.2]
	at org.junit.jupiter.engine.descriptor.TestMethodTestDescriptor.prepare(TestMethodTestDescriptor.java:105) ~[junit-jupiter-engine-5.10.2.jar:5.10.2]
	at org.junit.jupiter.engine.descriptor.TestMethodTestDescriptor.prepare(TestMethodTestDescriptor.java:69) ~[junit-jupiter-engine-5.10.2.jar:5.10.2]
	at org.junit.platform.engine.support.hierarchical.NodeTestTask.lambda$prepare$2(NodeTestTask.java:123) ~[junit-platform-engine-1.10.2.jar:1.10.2]
	at org.junit.platform.engine.support.hierarchical.ThrowableCollector.execute(ThrowableCollector.java:73) ~[junit-platform-engine-1.10.2.jar:1.10.2]
	at org.junit.platform.engine.support.hierarchical.NodeTestTask.prepare(NodeTestTask.java:123) ~[junit-platform-engine-1.10.2.jar:1.10.2]
	at org.junit.platform.engine.support.hierarchical.NodeTestTask.execute(NodeTestTask.java:90) ~[junit-platform-engine-1.10.2.jar:1.10.2]
	at java.base/java.util.ArrayList.forEach(ArrayList.java:1511) ~[na:na]
	at org.junit.platform.engine.support.hierarchical.SameThreadHierarchicalTestExecutorService.invokeAll(SameThreadHierarchicalTestExecutorService.java:41) ~[junit-platform-engine-1.10.2.jar:1.10.2]
	at org.junit.platform.engine.support.hierarchical.NodeTestTask.lambda$executeRecursively$6(NodeTestTask.java:155) ~[junit-platform-engine-1.10.2.jar:1.10.2]
	at org.junit.platform.engine.support.hierarchical.ThrowableCollector.execute(ThrowableCollector.java:73) ~[junit-platform-engine-1.10.2.jar:1.10.2]
	at org.junit.platform.engine.support.hierarchical.NodeTestTask.lambda$executeRecursively$8(NodeTestTask.java:141) ~[junit-platform-engine-1.10.2.jar:1.10.2]
	at org.junit.platform.engine.support.hierarchical.Node.around(Node.java:137) ~[junit-platform-engine-1.10.2.jar:1.10.2]
	at org.junit.platform.engine.support.hierarchical.NodeTestTask.lambda$executeRecursively$9(NodeTestTask.java:139) ~[junit-platform-engine-1.10.2.jar:1.10.2]
	at org.junit.platform.engine.support.hierarchical.ThrowableCollector.execute(ThrowableCollector.java:73) ~[junit-platform-engine-1.10.2.jar:1.10.2]
	at org.junit.platform.engine.support.hierarchical.NodeTestTask.executeRecursively(NodeTestTask.java:138) ~[junit-platform-engine-1.10.2.jar:1.10.2]
	at org.junit.platform.engine.support.hierarchical.NodeTestTask.execute(NodeTestTask.java:95) ~[junit-platform-engine-1.10.2.jar:1.10.2]
	at java.base/java.util.ArrayList.forEach(ArrayList.java:1511) ~[na:na]
	at org.junit.platform.engine.support.hierarchical.SameThreadHierarchicalTestExecutorService.invokeAll(SameThreadHierarchicalTestExecutorService.java:41) ~[junit-platform-engine-1.10.2.jar:1.10.2]
	at org.junit.platform.engine.support.hierarchical.NodeTestTask.lambda$executeRecursively$6(NodeTestTask.java:155) ~[junit-platform-engine-1.10.2.jar:1.10.2]
	at org.junit.platform.engine.support.hierarchical.ThrowableCollector.execute(ThrowableCollector.java:73) ~[junit-platform-engine-1.10.2.jar:1.10.2]
	at org.junit.platform.engine.support.hierarchical.NodeTestTask.lambda$executeRecursively$8(NodeTestTask.java:141) ~[junit-platform-engine-1.10.2.jar:1.10.2]
	at org.junit.platform.engine.support.hierarchical.Node.around(Node.java:137) ~[junit-platform-engine-1.10.2.jar:1.10.2]
	at org.junit.platform.engine.support.hierarchical.NodeTestTask.lambda$executeRecursively$9(NodeTestTask.java:139) ~[junit-platform-engine-1.10.2.jar:1.10.2]
	at org.junit.platform.engine.support.hierarchical.ThrowableCollector.execute(ThrowableCollector.java:73) ~[junit-platform-engine-1.10.2.jar:1.10.2]
	at org.junit.platform.engine.support.hierarchical.NodeTestTask.executeRecursively(NodeTestTask.java:138) ~[junit-platform-engine-1.10.2.jar:1.10.2]
	at org.junit.platform.engine.support.hierarchical.NodeTestTask.execute(NodeTestTask.java:95) ~[junit-platform-engine-1.10.2.jar:1.10.2]
	at org.junit.platform.engine.support.hierarchical.SameThreadHierarchicalTestExecutorService.submit(SameThreadHierarchicalTestExecutorService.java:35) ~[junit-platform-engine-1.10.2.jar:1.10.2]
	at org.junit.platform.engine.support.hierarchical.HierarchicalTestExecutor.execute(HierarchicalTestExecutor.java:57) ~[junit-platform-engine-1.10.2.jar:1.10.2]
	at org.junit.platform.engine.support.hierarchical.HierarchicalTestEngine.execute(HierarchicalTestEngine.java:54) ~[junit-platform-engine-1.10.2.jar:1.10.2]
	at org.junit.platform.launcher.core.EngineExecutionOrchestrator.execute(EngineExecutionOrchestrator.java:198) ~[junit-platform-launcher-1.10.2.jar:1.10.2]
	at org.junit.platform.launcher.core.EngineExecutionOrchestrator.execute(EngineExecutionOrchestrator.java:169) ~[junit-platform-launcher-1.10.2.jar:1.10.2]
	at org.junit.platform.launcher.core.EngineExecutionOrchestrator.execute(EngineExecutionOrchestrator.java:93) ~[junit-platform-launcher-1.10.2.jar:1.10.2]
	at org.junit.platform.launcher.core.EngineExecutionOrchestrator.lambda$execute$0(EngineExecutionOrchestrator.java:58) ~[junit-platform-launcher-1.10.2.jar:1.10.2]
	at org.junit.platform.launcher.core.EngineExecutionOrchestrator.withInterceptedStreams(EngineExecutionOrchestrator.java:141) ~[junit-platform-launcher-1.10.2.jar:1.10.2]
	at org.junit.platform.launcher.core.EngineExecutionOrchestrator.execute(EngineExecutionOrchestrator.java:57) ~[junit-platform-launcher-1.10.2.jar:1.10.2]
	at org.junit.platform.launcher.core.DefaultLauncher.execute(DefaultLauncher.java:103) ~[junit-platform-launcher-1.10.2.jar:1.10.2]
	at org.junit.platform.launcher.core.DefaultLauncher.execute(DefaultLauncher.java:85) ~[junit-platform-launcher-1.10.2.jar:1.10.2]
	at org.junit.platform.launcher.core.DelegatingLauncher.execute(DelegatingLauncher.java:47) ~[junit-platform-launcher-1.10.2.jar:1.10.2]
	at org.apache.maven.surefire.junitplatform.LazyLauncher.execute(LazyLauncher.java:56) ~[surefire-junit-platform-3.2.5.jar:3.2.5]
	at org.apache.maven.surefire.junitplatform.JUnitPlatformProvider.execute(JUnitPlatformProvider.java:184) ~[surefire-junit-platform-3.2.5.jar:3.2.5]
	at org.apache.maven.surefire.junitplatform.JUnitPlatformProvider.invokeAllTests(JUnitPlatformProvider.java:148) ~[surefire-junit-platform-3.2.5.jar:3.2.5]
	at org.apache.maven.surefire.junitplatform.JUnitPlatformProvider.invoke(JUnitPlatformProvider.java:122) ~[surefire-junit-platform-3.2.5.jar:3.2.5]
	at org.apache.maven.surefire.booter.ForkedBooter.runSuitesInProcess(ForkedBooter.java:385) ~[surefire-booter-3.2.5.jar:3.2.5]
	at org.apache.maven.surefire.booter.ForkedBooter.execute(ForkedBooter.java:162) ~[surefire-booter-3.2.5.jar:3.2.5]
	at org.apache.maven.surefire.booter.ForkedBooter.run(ForkedBooter.java:507) ~[surefire-booter-3.2.5.jar:3.2.5]
	at org.apache.maven.surefire.booter.ForkedBooter.main(ForkedBooter.java:495) ~[surefire-booter-3.2.5.jar:3.2.5]

2024-07-23T15:04:27.210-05:00 DEBUG 52024 --- [app_aurora] [           main] s.w.s.m.m.a.RequestMappingHandlerAdapter : ControllerAdvice beans: 0 @ModelAttribute, 0 @InitBinder, 1 RequestBodyAdvice, 1 ResponseBodyAdvice
2024-07-23T15:04:27.253-05:00 DEBUG 52024 --- [app_aurora] [           main] .m.m.a.ExceptionHandlerExceptionResolver : ControllerAdvice beans: 0 @ExceptionHandler, 1 ResponseBodyAdvice
2024-07-23T15:04:27.861-05:00  INFO 52024 --- [app_aurora] [           main] o.s.i.endpoint.EventDrivenConsumer       : Adding {logging-channel-adapter:_org.springframework.integration.errorLogger} as a subscriber to the 'errorChannel' channel
2024-07-23T15:04:27.861-05:00  INFO 52024 --- [app_aurora] [           main] o.s.i.channel.PublishSubscribeChannel    : Channel 'app_aurora.errorChannel' has 1 subscriber(s).
2024-07-23T15:04:27.861-05:00  INFO 52024 --- [app_aurora] [           main] o.s.i.endpoint.EventDrivenConsumer       : started bean '_org.springframework.integration.errorLogger'
2024-07-23T15:04:27.877-05:00 DEBUG 52024 --- [app_aurora] [           main] .s.b.a.l.ConditionEvaluationReportLogger : 


============================
CONDITIONS EVALUATION REPORT
============================


Positive matches:
-----------------

   AopAutoConfiguration matched:
      - @ConditionalOnProperty (spring.aop.auto=true) matched (OnPropertyCondition)

   AopAutoConfiguration.AspectJAutoProxyingConfiguration matched:
      - @ConditionalOnClass found required class 'org.aspectj.weaver.Advice' (OnClassCondition)

   AopAutoConfiguration.AspectJAutoProxyingConfiguration.CglibAutoProxyConfiguration matched:
      - @ConditionalOnProperty (spring.aop.proxy-target-class=true) matched (OnPropertyCondition)

   ApplicationAvailabilityAutoConfiguration#applicationAvailability matched:
      - @ConditionalOnMissingBean (types: org.springframework.boot.availability.ApplicationAvailability; SearchStrategy: all) did not find any beans (OnBeanCondition)

   ClientHttpConnectorAutoConfiguration matched:
      - @ConditionalOnClass found required class 'org.springframework.web.reactive.function.client.WebClient' (OnClassCondition)

   ClientHttpConnectorAutoConfiguration#webClientHttpConnector matched:
      - @ConditionalOnMissingBean (types: org.springframework.http.client.reactive.ClientHttpConnector; SearchStrategy: all) did not find any beans (OnBeanCondition)

   ClientHttpConnectorAutoConfiguration#webClientHttpConnectorCustomizer matched:
      - @ConditionalOnBean (types: org.springframework.http.client.reactive.ClientHttpConnector; SearchStrategy: all) found bean 'webClientHttpConnector' (OnBeanCondition)

   ClientHttpConnectorFactoryConfiguration.ReactorNetty matched:
      - @ConditionalOnClass found required class 'reactor.netty.http.client.HttpClient' (OnClassCondition)
      - @ConditionalOnMissingBean (types: org.springframework.boot.autoconfigure.web.reactive.function.client.ClientHttpConnectorFactory; SearchStrategy: all) did not find any beans (OnBeanCondition)

   CodecsAutoConfiguration matched:
      - @ConditionalOnClass found required classes 'org.springframework.http.codec.CodecConfigurer', 'org.springframework.web.reactive.function.client.WebClient' (OnClassCondition)

   CodecsAutoConfiguration.JacksonCodecConfiguration matched:
      - @ConditionalOnClass found required class 'com.fasterxml.jackson.databind.ObjectMapper' (OnClassCondition)

   CodecsAutoConfiguration.JacksonCodecConfiguration#jacksonCodecCustomizer matched:
      - @ConditionalOnBean (types: com.fasterxml.jackson.databind.ObjectMapper; SearchStrategy: all) found bean 'jacksonObjectMapper' (OnBeanCondition)

   DataSourceAutoConfiguration matched:
      - @ConditionalOnClass found required classes 'javax.sql.DataSource', 'org.springframework.jdbc.datasource.embedded.EmbeddedDatabaseType' (OnClassCondition)
      - @ConditionalOnMissingBean (types: io.r2dbc.spi.ConnectionFactory; SearchStrategy: all) did not find any beans (OnBeanCondition)

   DataSourceAutoConfiguration.PooledDataSourceConfiguration matched:
      - AnyNestedCondition 1 matched 1 did not; NestedCondition on DataSourceAutoConfiguration.PooledDataSourceCondition.PooledDataSourceAvailable PooledDataSource found supported DataSource; NestedCondition on DataSourceAutoConfiguration.PooledDataSourceCondition.ExplicitType @ConditionalOnProperty (spring.datasource.type) did not find property 'type' (DataSourceAutoConfiguration.PooledDataSourceCondition)
      - @ConditionalOnMissingBean (types: javax.sql.DataSource,javax.sql.XADataSource; SearchStrategy: all) did not find any beans (OnBeanCondition)

   DataSourceAutoConfiguration.PooledDataSourceConfiguration#jdbcConnectionDetails matched:
      - @ConditionalOnMissingBean (types: org.springframework.boot.autoconfigure.jdbc.JdbcConnectionDetails; SearchStrategy: all) did not find any beans (OnBeanCondition)

   DataSourceConfiguration.Hikari matched:
      - @ConditionalOnClass found required class 'com.zaxxer.hikari.HikariDataSource' (OnClassCondition)
      - @ConditionalOnProperty (spring.datasource.type=com.zaxxer.hikari.HikariDataSource) matched (OnPropertyCondition)
      - @ConditionalOnMissingBean (types: javax.sql.DataSource; SearchStrategy: all) did not find any beans (OnBeanCondition)

   DataSourceInitializationConfiguration matched:
      - @ConditionalOnClass found required class 'org.springframework.jdbc.datasource.init.DatabasePopulator' (OnClassCondition)
      - @ConditionalOnSingleCandidate (types: javax.sql.DataSource; SearchStrategy: all) found a single bean 'dataSource'; @ConditionalOnMissingBean (types: org.springframework.boot.autoconfigure.sql.init.SqlDataSourceScriptDatabaseInitializer,org.springframework.boot.autoconfigure.sql.init.SqlR2dbcScriptDatabaseInitializer; SearchStrategy: all) did not find any beans (OnBeanCondition)

   DataSourcePoolMetadataProvidersConfiguration.HikariPoolDataSourceMetadataProviderConfiguration matched:
      - @ConditionalOnClass found required class 'com.zaxxer.hikari.HikariDataSource' (OnClassCondition)

   DataSourceTransactionManagerAutoConfiguration matched:
      - @ConditionalOnClass found required classes 'org.springframework.jdbc.core.JdbcTemplate', 'org.springframework.transaction.TransactionManager' (OnClassCondition)

   DataSourceTransactionManagerAutoConfiguration.JdbcTransactionManagerConfiguration matched:
      - @ConditionalOnSingleCandidate (types: javax.sql.DataSource; SearchStrategy: all) found a single bean 'dataSource' (OnBeanCondition)

   DispatcherServletAutoConfiguration matched:
      - @ConditionalOnClass found required class 'org.springframework.web.servlet.DispatcherServlet' (OnClassCondition)
      - found 'session' scope (OnWebApplicationCondition)

   DispatcherServletAutoConfiguration.DispatcherServletConfiguration matched:
      - @ConditionalOnClass found required class 'jakarta.servlet.ServletRegistration' (OnClassCondition)
      - Default DispatcherServlet did not find dispatcher servlet beans (DispatcherServletAutoConfiguration.DefaultDispatcherServletCondition)

   DispatcherServletAutoConfiguration.DispatcherServletRegistrationConfiguration matched:
      - @ConditionalOnClass found required class 'jakarta.servlet.ServletRegistration' (OnClassCondition)
      - DispatcherServlet Registration did not find servlet registration bean (DispatcherServletAutoConfiguration.DispatcherServletRegistrationCondition)

   DispatcherServletAutoConfiguration.DispatcherServletRegistrationConfiguration#dispatcherServletRegistration matched:
      - @ConditionalOnBean (names: dispatcherServlet types: org.springframework.web.servlet.DispatcherServlet; SearchStrategy: all) found bean 'dispatcherServlet' (OnBeanCondition)

   ErrorMvcAutoConfiguration matched:
      - @ConditionalOnClass found required classes 'jakarta.servlet.Servlet', 'org.springframework.web.servlet.DispatcherServlet' (OnClassCondition)
      - found 'session' scope (OnWebApplicationCondition)

   ErrorMvcAutoConfiguration#basicErrorController matched:
      - @ConditionalOnMissingBean (types: org.springframework.boot.web.servlet.error.ErrorController; SearchStrategy: current) did not find any beans (OnBeanCondition)

   ErrorMvcAutoConfiguration#errorAttributes matched:
      - @ConditionalOnMissingBean (types: org.springframework.boot.web.servlet.error.ErrorAttributes; SearchStrategy: current) did not find any beans (OnBeanCondition)

   ErrorMvcAutoConfiguration.DefaultErrorViewResolverConfiguration#conventionErrorViewResolver matched:
      - @ConditionalOnBean (types: org.springframework.web.servlet.DispatcherServlet; SearchStrategy: all) found bean 'dispatcherServlet'; @ConditionalOnMissingBean (types: org.springframework.boot.autoconfigure.web.servlet.error.ErrorViewResolver; SearchStrategy: all) did not find any beans (OnBeanCondition)

   ErrorMvcAutoConfiguration.WhitelabelErrorViewConfiguration matched:
      - @ConditionalOnProperty (server.error.whitelabel.enabled) matched (OnPropertyCondition)
      - ErrorTemplate Missing did not find error template view (ErrorMvcAutoConfiguration.ErrorTemplateMissingCondition)

   ErrorMvcAutoConfiguration.WhitelabelErrorViewConfiguration#beanNameViewResolver matched:
      - @ConditionalOnMissingBean (types: org.springframework.web.servlet.view.BeanNameViewResolver; SearchStrategy: all) did not find any beans (OnBeanCondition)

   ErrorMvcAutoConfiguration.WhitelabelErrorViewConfiguration#defaultErrorView matched:
      - @ConditionalOnMissingBean (names: error; SearchStrategy: all) did not find any beans (OnBeanCondition)

   GenericCacheConfiguration matched:
      - Cache org.springframework.boot.autoconfigure.cache.GenericCacheConfiguration automatic cache type (CacheCondition)

   HibernateJpaAutoConfiguration matched:
      - @ConditionalOnClass found required classes 'org.springframework.orm.jpa.LocalContainerEntityManagerFactoryBean', 'jakarta.persistence.EntityManager', 'org.hibernate.engine.spi.SessionImplementor' (OnClassCondition)

   HibernateJpaConfiguration matched:
      - @ConditionalOnSingleCandidate (types: javax.sql.DataSource; SearchStrategy: all) found a single bean 'dataSource' (OnBeanCondition)

   HttpEncodingAutoConfiguration matched:
      - @ConditionalOnClass found required class 'org.springframework.web.filter.CharacterEncodingFilter' (OnClassCondition)
      - found 'session' scope (OnWebApplicationCondition)
      - @ConditionalOnProperty (server.servlet.encoding.enabled) matched (OnPropertyCondition)

   HttpEncodingAutoConfiguration#characterEncodingFilter matched:
      - @ConditionalOnMissingBean (types: org.springframework.web.filter.CharacterEncodingFilter; SearchStrategy: all) did not find any beans (OnBeanCondition)

   HttpMessageConvertersAutoConfiguration matched:
      - @ConditionalOnClass found required class 'org.springframework.http.converter.HttpMessageConverter' (OnClassCondition)
      - NoneNestedConditions 0 matched 1 did not; NestedCondition on HttpMessageConvertersAutoConfiguration.NotReactiveWebApplicationCondition.ReactiveWebApplication not a reactive web application (HttpMessageConvertersAutoConfiguration.NotReactiveWebApplicationCondition)

   HttpMessageConvertersAutoConfiguration#messageConverters matched:
      - @ConditionalOnMissingBean (types: org.springframework.boot.autoconfigure.http.HttpMessageConverters; SearchStrategy: all) did not find any beans (OnBeanCondition)

   HttpMessageConvertersAutoConfiguration.StringHttpMessageConverterConfiguration matched:
      - @ConditionalOnClass found required class 'org.springframework.http.converter.StringHttpMessageConverter' (OnClassCondition)

   HttpMessageConvertersAutoConfiguration.StringHttpMessageConverterConfiguration#stringHttpMessageConverter matched:
      - @ConditionalOnMissingBean (types: org.springframework.http.converter.StringHttpMessageConverter; SearchStrategy: all) did not find any beans (OnBeanCondition)

   IntegrationAutoConfiguration matched:
      - @ConditionalOnClass found required class 'org.springframework.integration.config.EnableIntegration' (OnClassCondition)

   IntegrationAutoConfiguration#integrationGlobalProperties matched:
      - @ConditionalOnMissingBean (names: integrationGlobalProperties; SearchStrategy: all) did not find any beans (OnBeanCondition)

   IntegrationAutoConfiguration.IntegrationComponentScanConfiguration matched:
      - @ConditionalOnMissingBean (types: org.springframework.integration.config.IntegrationComponentScanRegistrar; SearchStrategy: all) did not find any beans (OnBeanCondition)

   IntegrationAutoConfiguration.IntegrationConfiguration#defaultPollerMetadata matched:
      - @ConditionalOnMissingBean (names: org.springframework.integration.context.defaultPollerMetadata; SearchStrategy: all) did not find any beans (OnBeanCondition)

   IntegrationAutoConfiguration.IntegrationJdbcConfiguration matched:
      - @ConditionalOnClass found required class 'org.springframework.integration.jdbc.store.JdbcMessageStore' (OnClassCondition)
      - IntegrationDatabase Initialization default value is EMBEDDED (IntegrationAutoConfiguration.OnIntegrationDatasourceInitializationCondition)
      - @ConditionalOnSingleCandidate (types: javax.sql.DataSource; SearchStrategy: all) found a single bean 'dataSource' (OnBeanCondition)

   IntegrationAutoConfiguration.IntegrationJdbcConfiguration#integrationDataSourceInitializer matched:
      - @ConditionalOnMissingBean (types: org.springframework.boot.autoconfigure.integration.IntegrationDataSourceScriptDatabaseInitializer; SearchStrategy: all) did not find any beans (OnBeanCondition)

   IntegrationAutoConfiguration.IntegrationManagementConfiguration matched:
      - @ConditionalOnClass found required class 'org.springframework.integration.config.EnableIntegrationManagement' (OnClassCondition)
      - @ConditionalOnMissingBean (names: integrationManagementConfigurer types: org.springframework.integration.config.IntegrationManagementConfigurer; SearchStrategy: current) did not find any beans (OnBeanCondition)

   IntegrationAutoConfiguration.IntegrationTaskSchedulerConfiguration matched:
      - @ConditionalOnBean (types: org.springframework.boot.task.TaskSchedulerBuilder; SearchStrategy: all) found bean 'taskSchedulerBuilder'; @ConditionalOnMissingBean (names: taskScheduler; SearchStrategy: all) did not find any beans (OnBeanCondition)

   JacksonAutoConfiguration matched:
      - @ConditionalOnClass found required class 'com.fasterxml.jackson.databind.ObjectMapper' (OnClassCondition)

   JacksonAutoConfiguration.Jackson2ObjectMapperBuilderCustomizerConfiguration matched:
      - @ConditionalOnClass found required class 'org.springframework.http.converter.json.Jackson2ObjectMapperBuilder' (OnClassCondition)

   JacksonAutoConfiguration.JacksonObjectMapperBuilderConfiguration matched:
      - @ConditionalOnClass found required class 'org.springframework.http.converter.json.Jackson2ObjectMapperBuilder' (OnClassCondition)

   JacksonAutoConfiguration.JacksonObjectMapperBuilderConfiguration#jacksonObjectMapperBuilder matched:
      - @ConditionalOnMissingBean (types: org.springframework.http.converter.json.Jackson2ObjectMapperBuilder; SearchStrategy: all) did not find any beans (OnBeanCondition)

   JacksonAutoConfiguration.JacksonObjectMapperConfiguration matched:
      - @ConditionalOnClass found required class 'org.springframework.http.converter.json.Jackson2ObjectMapperBuilder' (OnClassCondition)

   JacksonAutoConfiguration.JacksonObjectMapperConfiguration#jacksonObjectMapper matched:
      - @ConditionalOnMissingBean (types: com.fasterxml.jackson.databind.ObjectMapper; SearchStrategy: all) did not find any beans (OnBeanCondition)

   JacksonAutoConfiguration.ParameterNamesModuleConfiguration matched:
      - @ConditionalOnClass found required class 'com.fasterxml.jackson.module.paramnames.ParameterNamesModule' (OnClassCondition)

   JacksonAutoConfiguration.ParameterNamesModuleConfiguration#parameterNamesModule matched:
      - @ConditionalOnMissingBean (types: com.fasterxml.jackson.module.paramnames.ParameterNamesModule; SearchStrategy: all) did not find any beans (OnBeanCondition)

   JacksonHttpMessageConvertersConfiguration.MappingJackson2HttpMessageConverterConfiguration matched:
      - @ConditionalOnClass found required class 'com.fasterxml.jackson.databind.ObjectMapper' (OnClassCondition)
      - @ConditionalOnProperty (spring.mvc.converters.preferred-json-mapper=jackson) matched (OnPropertyCondition)
      - @ConditionalOnBean (types: com.fasterxml.jackson.databind.ObjectMapper; SearchStrategy: all) found bean 'jacksonObjectMapper' (OnBeanCondition)

   JacksonHttpMessageConvertersConfiguration.MappingJackson2HttpMessageConverterConfiguration#mappingJackson2HttpMessageConverter matched:
      - @ConditionalOnMissingBean (types: org.springframework.http.converter.json.MappingJackson2HttpMessageConverter ignored: org.springframework.hateoas.server.mvc.TypeConstrainedMappingJackson2HttpMessageConverter,org.springframework.data.rest.webmvc.alps.AlpsJsonHttpMessageConverter; SearchStrategy: all) did not find any beans (OnBeanCondition)

   JdbcClientAutoConfiguration matched:
      - @ConditionalOnSingleCandidate (types: org.springframework.jdbc.core.namedparam.NamedParameterJdbcTemplate; SearchStrategy: all) found a single bean 'namedParameterJdbcTemplate'; @ConditionalOnMissingBean (types: org.springframework.jdbc.core.simple.JdbcClient; SearchStrategy: all) did not find any beans (OnBeanCondition)

   JdbcRepositoriesAutoConfiguration matched:
      - @ConditionalOnClass found required classes 'org.springframework.jdbc.core.namedparam.NamedParameterJdbcOperations', 'org.springframework.data.jdbc.repository.config.AbstractJdbcConfiguration' (OnClassCondition)
      - @ConditionalOnProperty (spring.data.jdbc.repositories.enabled=true) matched (OnPropertyCondition)
      - @ConditionalOnBean (types: org.springframework.jdbc.core.namedparam.NamedParameterJdbcOperations,org.springframework.transaction.PlatformTransactionManager; SearchStrategy: all) found beans 'transactionManager', 'namedParameterJdbcTemplate' (OnBeanCondition)

   JdbcRepositoriesAutoConfiguration.JdbcRepositoriesConfiguration matched:
      - @ConditionalOnMissingBean (types: org.springframework.data.jdbc.repository.config.JdbcRepositoryConfigExtension; SearchStrategy: all) did not find any beans (OnBeanCondition)

   JdbcRepositoriesAutoConfiguration.SpringBootJdbcConfiguration matched:
      - @ConditionalOnMissingBean (types: org.springframework.data.jdbc.repository.config.AbstractJdbcConfiguration; SearchStrategy: all) did not find any beans (OnBeanCondition)

   JdbcRepositoriesAutoConfiguration.SpringBootJdbcConfiguration#dataAccessStrategyBean matched:
      - @ConditionalOnMissingBean (types: org.springframework.data.jdbc.core.convert.DataAccessStrategy; SearchStrategy: all) did not find any beans (OnBeanCondition)

   JdbcRepositoriesAutoConfiguration.SpringBootJdbcConfiguration#jdbcAggregateTemplate matched:
      - @ConditionalOnMissingBean (types: org.springframework.data.jdbc.core.JdbcAggregateTemplate; SearchStrategy: all) did not find any beans (OnBeanCondition)

   JdbcRepositoriesAutoConfiguration.SpringBootJdbcConfiguration#jdbcConverter matched:
      - @ConditionalOnMissingBean (types: org.springframework.data.jdbc.core.convert.JdbcConverter; SearchStrategy: all) did not find any beans (OnBeanCondition)

   JdbcRepositoriesAutoConfiguration.SpringBootJdbcConfiguration#jdbcCustomConversions matched:
      - @ConditionalOnMissingBean (types: org.springframework.data.jdbc.core.convert.JdbcCustomConversions; SearchStrategy: all) did not find any beans (OnBeanCondition)

   JdbcRepositoriesAutoConfiguration.SpringBootJdbcConfiguration#jdbcDialect matched:
      - @ConditionalOnMissingBean (types: org.springframework.data.relational.core.dialect.Dialect; SearchStrategy: all) did not find any beans (OnBeanCondition)

   JdbcRepositoriesAutoConfiguration.SpringBootJdbcConfiguration#jdbcManagedTypes matched:
      - @ConditionalOnMissingBean (types: org.springframework.data.relational.RelationalManagedTypes; SearchStrategy: all) did not find any beans (OnBeanCondition)

   JdbcRepositoriesAutoConfiguration.SpringBootJdbcConfiguration#jdbcMappingContext matched:
      - @ConditionalOnMissingBean (types: org.springframework.data.jdbc.core.mapping.JdbcMappingContext; SearchStrategy: all) did not find any beans (OnBeanCondition)

   JdbcTemplateAutoConfiguration matched:
      - @ConditionalOnClass found required classes 'javax.sql.DataSource', 'org.springframework.jdbc.core.JdbcTemplate' (OnClassCondition)
      - @ConditionalOnSingleCandidate (types: javax.sql.DataSource; SearchStrategy: all) found a single bean 'dataSource' (OnBeanCondition)

   JdbcTemplateConfiguration matched:
      - @ConditionalOnMissingBean (types: org.springframework.jdbc.core.JdbcOperations; SearchStrategy: all) did not find any beans (OnBeanCondition)

   JpaBaseConfiguration#entityManagerFactory matched:
      - @ConditionalOnMissingBean (types: org.springframework.orm.jpa.LocalContainerEntityManagerFactoryBean,jakarta.persistence.EntityManagerFactory; SearchStrategy: all) did not find any beans (OnBeanCondition)

   JpaBaseConfiguration#entityManagerFactoryBuilder matched:
      - @ConditionalOnMissingBean (types: org.springframework.boot.orm.jpa.EntityManagerFactoryBuilder; SearchStrategy: all) did not find any beans (OnBeanCondition)

   JpaBaseConfiguration#jpaVendorAdapter matched:
      - @ConditionalOnMissingBean (types: org.springframework.orm.jpa.JpaVendorAdapter; SearchStrategy: all) did not find any beans (OnBeanCondition)

   JpaBaseConfiguration#transactionManager matched:
      - @ConditionalOnMissingBean (types: org.springframework.transaction.TransactionManager; SearchStrategy: all) did not find any beans (OnBeanCondition)

   JpaBaseConfiguration.JpaWebConfiguration matched:
      - @ConditionalOnClass found required class 'org.springframework.web.servlet.config.annotation.WebMvcConfigurer' (OnClassCondition)
      - found 'session' scope (OnWebApplicationCondition)
      - @ConditionalOnProperty (spring.jpa.open-in-view=true) matched (OnPropertyCondition)
      - @ConditionalOnMissingBean (types: org.springframework.orm.jpa.support.OpenEntityManagerInViewInterceptor,org.springframework.orm.jpa.support.OpenEntityManagerInViewFilter; SearchStrategy: all) did not find any beans (OnBeanCondition)

   JpaBaseConfiguration.PersistenceManagedTypesConfiguration matched:
      - @ConditionalOnMissingBean (types: org.springframework.orm.jpa.LocalContainerEntityManagerFactoryBean,jakarta.persistence.EntityManagerFactory; SearchStrategy: all) did not find any beans (OnBeanCondition)

   JpaBaseConfiguration.PersistenceManagedTypesConfiguration#persistenceManagedTypes matched:
      - @ConditionalOnMissingBean (types: org.springframework.orm.jpa.persistenceunit.PersistenceManagedTypes; SearchStrategy: all) did not find any beans (OnBeanCondition)

   JpaRepositoriesAutoConfiguration matched:
      - @ConditionalOnClass found required class 'org.springframework.data.jpa.repository.JpaRepository' (OnClassCondition)
      - @ConditionalOnProperty (spring.data.jpa.repositories.enabled=true) matched (OnPropertyCondition)
      - @ConditionalOnBean (types: javax.sql.DataSource; SearchStrategy: all) found bean 'dataSource'; @ConditionalOnMissingBean (types: org.springframework.data.jpa.repository.support.JpaRepositoryFactoryBean,org.springframework.data.jpa.repository.config.JpaRepositoryConfigExtension; SearchStrategy: all) did not find any beans (OnBeanCondition)

   JtaAutoConfiguration matched:
      - @ConditionalOnClass found required class 'jakarta.transaction.Transaction' (OnClassCondition)
      - @ConditionalOnProperty (spring.jta.enabled) matched (OnPropertyCondition)

   LifecycleAutoConfiguration#defaultLifecycleProcessor matched:
      - @ConditionalOnMissingBean (names: lifecycleProcessor; SearchStrategy: current) did not find any beans (OnBeanCondition)

   MailSenderPropertiesConfiguration matched:
      - @ConditionalOnProperty (spring.mail.host) matched (OnPropertyCondition)

   MultipartAutoConfiguration matched:
      - @ConditionalOnClass found required classes 'jakarta.servlet.Servlet', 'org.springframework.web.multipart.support.StandardServletMultipartResolver', 'jakarta.servlet.MultipartConfigElement' (OnClassCondition)
      - found 'session' scope (OnWebApplicationCondition)
      - @ConditionalOnProperty (spring.servlet.multipart.enabled) matched (OnPropertyCondition)

   MultipartAutoConfiguration#multipartConfigElement matched:
      - @ConditionalOnMissingBean (types: jakarta.servlet.MultipartConfigElement; SearchStrategy: all) did not find any beans (OnBeanCondition)

   MultipartAutoConfiguration#multipartResolver matched:
      - @ConditionalOnMissingBean (types: org.springframework.web.multipart.MultipartResolver; SearchStrategy: all) did not find any beans (OnBeanCondition)

   NamedParameterJdbcTemplateConfiguration matched:
      - @ConditionalOnSingleCandidate (types: org.springframework.jdbc.core.JdbcTemplate; SearchStrategy: all) found a single bean 'jdbcTemplate'; @ConditionalOnMissingBean (types: org.springframework.jdbc.core.namedparam.NamedParameterJdbcOperations; SearchStrategy: all) did not find any beans (OnBeanCondition)

   NettyAutoConfiguration matched:
      - @ConditionalOnClass found required class 'io.netty.util.NettyRuntime' (OnClassCondition)

   NoOpCacheConfiguration matched:
      - Cache org.springframework.boot.autoconfigure.cache.NoOpCacheConfiguration automatic cache type (CacheCondition)

   PersistenceExceptionTranslationAutoConfiguration matched:
      - @ConditionalOnClass found required class 'org.springframework.dao.annotation.PersistenceExceptionTranslationPostProcessor' (OnClassCondition)

   PersistenceExceptionTranslationAutoConfiguration#persistenceExceptionTranslationPostProcessor matched:
      - @ConditionalOnProperty (spring.dao.exceptiontranslation.enabled) matched (OnPropertyCondition)
      - @ConditionalOnMissingBean (types: org.springframework.dao.annotation.PersistenceExceptionTranslationPostProcessor; SearchStrategy: all) did not find any beans (OnBeanCondition)

   PropertyPlaceholderAutoConfiguration#propertySourcesPlaceholderConfigurer matched:
      - @ConditionalOnMissingBean (types: org.springframework.context.support.PropertySourcesPlaceholderConfigurer; SearchStrategy: current) did not find any beans (OnBeanCondition)

   ReactiveSecurityAutoConfiguration matched:
      - @ConditionalOnClass found required classes 'reactor.core.publisher.Flux', 'org.springframework.security.config.annotation.web.reactive.EnableWebFluxSecurity', 'org.springframework.security.web.server.WebFilterChainProxy', 'org.springframework.web.reactive.config.WebFluxConfigurer' (OnClassCondition)

   ReactorAutoConfiguration matched:
      - @ConditionalOnClass found required class 'reactor.core.publisher.Hooks' (OnClassCondition)

   ReactorNettyConfigurations.ReactorResourceFactoryConfiguration#reactorResourceFactory matched:
      - @ConditionalOnMissingBean (types: org.springframework.http.client.ReactorResourceFactory; SearchStrategy: all) did not find any beans (OnBeanCondition)

   RestClientAutoConfiguration matched:
      - @ConditionalOnClass found required class 'org.springframework.web.client.RestClient' (OnClassCondition)
      - NoneNestedConditions 0 matched 1 did not; NestedCondition on NotReactiveWebApplicationCondition.ReactiveWebApplication not a reactive web application (NotReactiveWebApplicationCondition)

   RestClientAutoConfiguration#httpMessageConvertersRestClientCustomizer matched:
      - @ConditionalOnMissingBean (types: org.springframework.boot.autoconfigure.web.client.HttpMessageConvertersRestClientCustomizer; SearchStrategy: all) did not find any beans (OnBeanCondition)

   RestClientAutoConfiguration#restClientBuilder matched:
      - @ConditionalOnMissingBean (types: org.springframework.web.client.RestClient$Builder; SearchStrategy: all) did not find any beans (OnBeanCondition)

   RestClientAutoConfiguration#restClientBuilderConfigurer matched:
      - @ConditionalOnMissingBean (types: org.springframework.boot.autoconfigure.web.client.RestClientBuilderConfigurer; SearchStrategy: all) did not find any beans (OnBeanCondition)

   RestClientAutoConfiguration#restClientSsl matched:
      - @ConditionalOnBean (types: org.springframework.boot.ssl.SslBundles; SearchStrategy: all) found bean 'sslBundleRegistry'; @ConditionalOnMissingBean (types: org.springframework.boot.autoconfigure.web.client.RestClientSsl; SearchStrategy: all) did not find any beans (OnBeanCondition)

   RestTemplateAutoConfiguration matched:
      - @ConditionalOnClass found required class 'org.springframework.web.client.RestTemplate' (OnClassCondition)
      - NoneNestedConditions 0 matched 1 did not; NestedCondition on NotReactiveWebApplicationCondition.ReactiveWebApplication not a reactive web application (NotReactiveWebApplicationCondition)

   RestTemplateAutoConfiguration#restTemplateBuilder matched:
      - @ConditionalOnMissingBean (types: org.springframework.boot.web.client.RestTemplateBuilder; SearchStrategy: all) did not find any beans (OnBeanCondition)

   SecurityAutoConfiguration matched:
      - @ConditionalOnClass found required class 'org.springframework.security.authentication.DefaultAuthenticationEventPublisher' (OnClassCondition)

   SecurityAutoConfiguration#authenticationEventPublisher matched:
      - @ConditionalOnMissingBean (types: org.springframework.security.authentication.AuthenticationEventPublisher; SearchStrategy: all) did not find any beans (OnBeanCondition)

   SecurityFilterAutoConfiguration matched:
      - @ConditionalOnClass found required classes 'org.springframework.security.web.context.AbstractSecurityWebApplicationInitializer', 'org.springframework.security.config.http.SessionCreationPolicy' (OnClassCondition)
      - found 'session' scope (OnWebApplicationCondition)

   SecurityFilterAutoConfiguration#securityFilterChainRegistration matched:
      - @ConditionalOnBean (names: springSecurityFilterChain; SearchStrategy: all) found bean 'springSecurityFilterChain' (OnBeanCondition)

   ServletWebServerFactoryAutoConfiguration matched:
      - @ConditionalOnClass found required class 'jakarta.servlet.ServletRequest' (OnClassCondition)
      - found 'session' scope (OnWebApplicationCondition)

   ServletWebServerFactoryAutoConfiguration#tomcatServletWebServerFactoryCustomizer matched:
      - @ConditionalOnClass found required class 'org.apache.catalina.startup.Tomcat' (OnClassCondition)

   ServletWebServerFactoryConfiguration.EmbeddedTomcat matched:
      - @ConditionalOnClass found required classes 'jakarta.servlet.Servlet', 'org.apache.catalina.startup.Tomcat', 'org.apache.coyote.UpgradeProtocol' (OnClassCondition)
      - @ConditionalOnMissingBean (types: org.springframework.boot.web.servlet.server.ServletWebServerFactory; SearchStrategy: current) did not find any beans (OnBeanCondition)

   SimpleCacheConfiguration matched:
      - Cache org.springframework.boot.autoconfigure.cache.SimpleCacheConfiguration automatic cache type (CacheCondition)

   SpringBootWebSecurityConfiguration matched:
      - found 'session' scope (OnWebApplicationCondition)

   SpringBootWebSecurityConfiguration.WebSecurityEnablerConfiguration matched:
      - @ConditionalOnClass found required class 'org.springframework.security.config.annotation.web.configuration.EnableWebSecurity' (OnClassCondition)
      - @ConditionalOnMissingBean (names: springSecurityFilterChain; SearchStrategy: all) did not find any beans (OnBeanCondition)

   SpringDataWebAutoConfiguration matched:
      - @ConditionalOnClass found required classes 'org.springframework.data.web.PageableHandlerMethodArgumentResolver', 'org.springframework.web.servlet.config.annotation.WebMvcConfigurer' (OnClassCondition)
      - found 'session' scope (OnWebApplicationCondition)
      - @ConditionalOnMissingBean (types: org.springframework.data.web.PageableHandlerMethodArgumentResolver; SearchStrategy: all) did not find any beans (OnBeanCondition)

   SpringDataWebAutoConfiguration#pageableCustomizer matched:
      - @ConditionalOnMissingBean (types: org.springframework.data.web.config.PageableHandlerMethodArgumentResolverCustomizer; SearchStrategy: all) did not find any beans (OnBeanCondition)

   SpringDataWebAutoConfiguration#sortCustomizer matched:
      - @ConditionalOnMissingBean (types: org.springframework.data.web.config.SortHandlerMethodArgumentResolverCustomizer; SearchStrategy: all) did not find any beans (OnBeanCondition)

   SqlInitializationAutoConfiguration matched:
      - @ConditionalOnProperty (spring.sql.init.enabled) matched (OnPropertyCondition)
      - NoneNestedConditions 0 matched 1 did not; NestedCondition on SqlInitializationAutoConfiguration.SqlInitializationModeCondition.ModeIsNever @ConditionalOnProperty (spring.sql.init.mode=never) did not find property 'mode' (SqlInitializationAutoConfiguration.SqlInitializationModeCondition)

   SslAutoConfiguration#sslBundleRegistry matched:
      - @ConditionalOnMissingBean (types: org.springframework.boot.ssl.SslBundleRegistry,org.springframework.boot.ssl.SslBundles; SearchStrategy: all) did not find any beans (OnBeanCondition)

   TaskExecutionAutoConfiguration matched:
      - @ConditionalOnClass found required class 'org.springframework.scheduling.concurrent.ThreadPoolTaskExecutor' (OnClassCondition)

   TaskExecutorConfigurations.SimpleAsyncTaskExecutorBuilderConfiguration#simpleAsyncTaskExecutorBuilder matched:
      - @ConditionalOnMissingBean (types: org.springframework.boot.task.SimpleAsyncTaskExecutorBuilder; SearchStrategy: all) did not find any beans (OnBeanCondition)
      - @ConditionalOnThreading found PLATFORM (OnThreadingCondition)

   TaskExecutorConfigurations.TaskExecutorBuilderConfiguration#taskExecutorBuilder matched:
      - @ConditionalOnMissingBean (types: org.springframework.boot.task.TaskExecutorBuilder; SearchStrategy: all) did not find any beans (OnBeanCondition)

   TaskExecutorConfigurations.TaskExecutorConfiguration matched:
      - @ConditionalOnMissingBean (types: java.util.concurrent.Executor; SearchStrategy: all) did not find any beans (OnBeanCondition)

   TaskExecutorConfigurations.TaskExecutorConfiguration#applicationTaskExecutor matched:
      - @ConditionalOnThreading found PLATFORM (OnThreadingCondition)

   TaskExecutorConfigurations.ThreadPoolTaskExecutorBuilderConfiguration#threadPoolTaskExecutorBuilder matched:
      - @ConditionalOnMissingBean (types: org.springframework.boot.task.TaskExecutorBuilder,org.springframework.boot.task.ThreadPoolTaskExecutorBuilder; SearchStrategy: all) did not find any beans (OnBeanCondition)

   TaskSchedulingAutoConfiguration matched:
      - @ConditionalOnClass found required class 'org.springframework.scheduling.concurrent.ThreadPoolTaskScheduler' (OnClassCondition)

   TaskSchedulingConfigurations.SimpleAsyncTaskSchedulerBuilderConfiguration#simpleAsyncTaskSchedulerBuilder matched:
      - @ConditionalOnMissingBean (types: org.springframework.boot.task.SimpleAsyncTaskSchedulerBuilder; SearchStrategy: all) did not find any beans (OnBeanCondition)
      - @ConditionalOnThreading found PLATFORM (OnThreadingCondition)

   TaskSchedulingConfigurations.TaskSchedulerBuilderConfiguration#taskSchedulerBuilder matched:
      - @ConditionalOnMissingBean (types: org.springframework.boot.task.TaskSchedulerBuilder; SearchStrategy: all) did not find any beans (OnBeanCondition)

   TaskSchedulingConfigurations.ThreadPoolTaskSchedulerBuilderConfiguration#threadPoolTaskSchedulerBuilder matched:
      - @ConditionalOnMissingBean (types: org.springframework.boot.task.TaskSchedulerBuilder,org.springframework.boot.task.ThreadPoolTaskSchedulerBuilder; SearchStrategy: all) did not find any beans (OnBeanCondition)

   TemplateEngineConfigurations.DefaultTemplateEngineConfiguration#templateEngine matched:
      - @ConditionalOnMissingBean (types: org.thymeleaf.spring6.ISpringTemplateEngine; SearchStrategy: all) did not find any beans (OnBeanCondition)

   ThymeleafAutoConfiguration matched:
      - @ConditionalOnClass found required classes 'org.thymeleaf.templatemode.TemplateMode', 'org.thymeleaf.spring6.SpringTemplateEngine' (OnClassCondition)

   ThymeleafAutoConfiguration.DefaultTemplateResolverConfiguration matched:
      - @ConditionalOnMissingBean (names: defaultTemplateResolver; SearchStrategy: all) did not find any beans (OnBeanCondition)

   ThymeleafAutoConfiguration.ThymeleafSecurityDialectConfiguration matched:
      - @ConditionalOnClass found required classes 'org.thymeleaf.extras.springsecurity6.dialect.SpringSecurityDialect', 'org.springframework.security.web.server.csrf.CsrfToken' (OnClassCondition)

   ThymeleafAutoConfiguration.ThymeleafSecurityDialectConfiguration#securityDialect matched:
      - @ConditionalOnMissingBean (types: org.thymeleaf.extras.springsecurity6.dialect.SpringSecurityDialect; SearchStrategy: all) did not find any beans (OnBeanCondition)

   ThymeleafAutoConfiguration.ThymeleafWebMvcConfiguration matched:
      - found 'session' scope (OnWebApplicationCondition)
      - @ConditionalOnProperty (spring.thymeleaf.enabled) matched (OnPropertyCondition)

   ThymeleafAutoConfiguration.ThymeleafWebMvcConfiguration.ThymeleafViewResolverConfiguration#thymeleafViewResolver matched:
      - @ConditionalOnMissingBean (names: thymeleafViewResolver; SearchStrategy: all) did not find any beans (OnBeanCondition)

   TransactionAutoConfiguration matched:
      - @ConditionalOnClass found required class 'org.springframework.transaction.PlatformTransactionManager' (OnClassCondition)

   TransactionAutoConfiguration.EnableTransactionManagementConfiguration matched:
      - @ConditionalOnBean (types: org.springframework.transaction.TransactionManager; SearchStrategy: all) found bean 'transactionManager'; @ConditionalOnMissingBean (types: org.springframework.transaction.annotation.AbstractTransactionManagementConfiguration; SearchStrategy: all) did not find any beans (OnBeanCondition)

   TransactionAutoConfiguration.EnableTransactionManagementConfiguration.CglibAutoProxyConfiguration matched:
      - @ConditionalOnProperty (spring.aop.proxy-target-class=true) matched (OnPropertyCondition)

   TransactionAutoConfiguration.TransactionTemplateConfiguration matched:
      - @ConditionalOnSingleCandidate (types: org.springframework.transaction.PlatformTransactionManager; SearchStrategy: all) found a single bean 'transactionManager' (OnBeanCondition)

   TransactionAutoConfiguration.TransactionTemplateConfiguration#transactionTemplate matched:
      - @ConditionalOnMissingBean (types: org.springframework.transaction.support.TransactionOperations; SearchStrategy: all) did not find any beans (OnBeanCondition)

   TransactionManagerCustomizationAutoConfiguration matched:
      - @ConditionalOnClass found required class 'org.springframework.transaction.PlatformTransactionManager' (OnClassCondition)

   TransactionManagerCustomizationAutoConfiguration#platformTransactionManagerCustomizers matched:
      - @ConditionalOnMissingBean (types: org.springframework.boot.autoconfigure.transaction.TransactionManagerCustomizers; SearchStrategy: all) did not find any beans (OnBeanCondition)

   WebClientAutoConfiguration matched:
      - @ConditionalOnClass found required class 'org.springframework.web.reactive.function.client.WebClient' (OnClassCondition)

   WebClientAutoConfiguration#webClientBuilder matched:
      - @ConditionalOnMissingBean (types: org.springframework.web.reactive.function.client.WebClient$Builder; SearchStrategy: all) did not find any beans (OnBeanCondition)

   WebClientAutoConfiguration#webClientSsl matched:
      - @ConditionalOnBean (types: org.springframework.boot.ssl.SslBundles; SearchStrategy: all) found bean 'sslBundleRegistry'; @ConditionalOnMissingBean (types: org.springframework.boot.autoconfigure.web.reactive.function.client.WebClientSsl; SearchStrategy: all) did not find any beans (OnBeanCondition)

   WebClientAutoConfiguration.WebClientCodecsConfiguration matched:
      - @ConditionalOnBean (types: org.springframework.boot.web.codec.CodecCustomizer; SearchStrategy: all) found beans 'jacksonCodecCustomizer', 'defaultCodecCustomizer' (OnBeanCondition)

   WebClientAutoConfiguration.WebClientCodecsConfiguration#exchangeStrategiesCustomizer matched:
      - @ConditionalOnMissingBean (types: org.springframework.boot.autoconfigure.web.reactive.function.client.WebClientCodecCustomizer; SearchStrategy: all) did not find any beans (OnBeanCondition)

   WebMvcAutoConfiguration matched:
      - @ConditionalOnClass found required classes 'jakarta.servlet.Servlet', 'org.springframework.web.servlet.DispatcherServlet', 'org.springframework.web.servlet.config.annotation.WebMvcConfigurer' (OnClassCondition)
      - found 'session' scope (OnWebApplicationCondition)
      - @ConditionalOnMissingBean (types: org.springframework.web.servlet.config.annotation.WebMvcConfigurationSupport; SearchStrategy: all) did not find any beans (OnBeanCondition)

   WebMvcAutoConfiguration#formContentFilter matched:
      - @ConditionalOnProperty (spring.mvc.formcontent.filter.enabled) matched (OnPropertyCondition)
      - @ConditionalOnMissingBean (types: org.springframework.web.filter.FormContentFilter; SearchStrategy: all) did not find any beans (OnBeanCondition)

   WebMvcAutoConfiguration.EnableWebMvcConfiguration#flashMapManager matched:
      - @ConditionalOnMissingBean (names: flashMapManager; SearchStrategy: all) did not find any beans (OnBeanCondition)

   WebMvcAutoConfiguration.EnableWebMvcConfiguration#localeResolver matched:
      - @ConditionalOnMissingBean (names: localeResolver; SearchStrategy: all) did not find any beans (OnBeanCondition)

   WebMvcAutoConfiguration.EnableWebMvcConfiguration#themeResolver matched:
      - @ConditionalOnMissingBean (names: themeResolver; SearchStrategy: all) did not find any beans (OnBeanCondition)

   WebMvcAutoConfiguration.WebMvcAutoConfigurationAdapter#defaultViewResolver matched:
      - @ConditionalOnMissingBean (types: org.springframework.web.servlet.view.InternalResourceViewResolver; SearchStrategy: all) did not find any beans (OnBeanCondition)

   WebMvcAutoConfiguration.WebMvcAutoConfigurationAdapter#requestContextFilter matched:
      - @ConditionalOnMissingBean (types: org.springframework.web.context.request.RequestContextListener,org.springframework.web.filter.RequestContextFilter; SearchStrategy: all) did not find any beans (OnBeanCondition)

   WebMvcAutoConfiguration.WebMvcAutoConfigurationAdapter#viewResolver matched:
      - @ConditionalOnBean (types: org.springframework.web.servlet.ViewResolver; SearchStrategy: all) found beans 'defaultViewResolver', 'beanNameViewResolver', 'mvcViewResolver'; @ConditionalOnMissingBean (names: viewResolver types: org.springframework.web.servlet.view.ContentNegotiatingViewResolver; SearchStrategy: all) did not find any beans (OnBeanCondition)

   WebSocketServletAutoConfiguration matched:
      - @ConditionalOnClass found required classes 'jakarta.servlet.Servlet', 'jakarta.websocket.server.ServerContainer' (OnClassCondition)
      - found 'session' scope (OnWebApplicationCondition)

   WebSocketServletAutoConfiguration.TomcatWebSocketConfiguration matched:
      - @ConditionalOnClass found required classes 'org.apache.catalina.startup.Tomcat', 'org.apache.tomcat.websocket.server.WsSci' (OnClassCondition)

   WebSocketServletAutoConfiguration.TomcatWebSocketConfiguration#websocketServletWebServerCustomizer matched:
      - @ConditionalOnMissingBean (names: websocketServletWebServerCustomizer; SearchStrategy: all) did not find any beans (OnBeanCondition)


Negative matches:
-----------------

   ActiveMQAutoConfiguration:
      Did not match:
         - @ConditionalOnClass did not find required class 'jakarta.jms.ConnectionFactory' (OnClassCondition)

   AopAutoConfiguration.AspectJAutoProxyingConfiguration.JdkDynamicAutoProxyConfiguration:
      Did not match:
         - @ConditionalOnProperty (spring.aop.proxy-target-class=false) did not find property 'proxy-target-class' (OnPropertyCondition)

   AopAutoConfiguration.ClassProxyingConfiguration:
      Did not match:
         - @ConditionalOnMissingClass found unwanted class 'org.aspectj.weaver.Advice' (OnClassCondition)

   ArtemisAutoConfiguration:
      Did not match:
         - @ConditionalOnClass did not find required class 'jakarta.jms.ConnectionFactory' (OnClassCondition)

   BatchAutoConfiguration:
      Did not match:
         - @ConditionalOnClass did not find required class 'org.springframework.batch.core.launch.JobLauncher' (OnClassCondition)

   Cache2kCacheConfiguration:
      Did not match:
         - @ConditionalOnClass did not find required class 'org.cache2k.Cache2kBuilder' (OnClassCondition)

   CacheAutoConfiguration:
      Did not match:
         - @ConditionalOnBean (types: org.springframework.cache.interceptor.CacheAspectSupport; SearchStrategy: all) did not find any beans of type org.springframework.cache.interceptor.CacheAspectSupport (OnBeanCondition)
      Matched:
         - @ConditionalOnClass found required class 'org.springframework.cache.CacheManager' (OnClassCondition)

   CacheAutoConfiguration.CacheManagerEntityManagerFactoryDependsOnPostProcessor:
      Did not match:
         - Ancestor org.springframework.boot.autoconfigure.cache.CacheAutoConfiguration did not match (ConditionEvaluationReport.AncestorsMatchedCondition)
      Matched:
         - @ConditionalOnClass found required class 'org.springframework.orm.jpa.LocalContainerEntityManagerFactoryBean' (OnClassCondition)

   CaffeineCacheConfiguration:
      Did not match:
         - @ConditionalOnClass did not find required class 'com.github.benmanes.caffeine.cache.Caffeine' (OnClassCondition)

   CassandraAutoConfiguration:
      Did not match:
         - @ConditionalOnClass did not find required class 'com.datastax.oss.driver.api.core.CqlSession' (OnClassCondition)

   CassandraDataAutoConfiguration:
      Did not match:
         - @ConditionalOnClass did not find required class 'com.datastax.oss.driver.api.core.CqlSession' (OnClassCondition)

   CassandraReactiveDataAutoConfiguration:
      Did not match:
         - @ConditionalOnClass did not find required class 'com.datastax.oss.driver.api.core.CqlSession' (OnClassCondition)

   CassandraReactiveRepositoriesAutoConfiguration:
      Did not match:
         - @ConditionalOnClass did not find required class 'org.springframework.data.cassandra.ReactiveSession' (OnClassCondition)

   CassandraRepositoriesAutoConfiguration:
      Did not match:
         - @ConditionalOnClass did not find required class 'com.datastax.oss.driver.api.core.CqlSession' (OnClassCondition)

   ClientHttpConnectorFactoryConfiguration.HttpClient5:
      Did not match:
         - @ConditionalOnClass did not find required classes 'org.apache.hc.client5.http.impl.async.HttpAsyncClients', 'org.apache.hc.core5.http.nio.AsyncRequestProducer', 'org.apache.hc.core5.reactive.ReactiveResponseConsumer' (OnClassCondition)

   ClientHttpConnectorFactoryConfiguration.JdkClient:
      Did not match:
         - @ConditionalOnMissingBean (types: org.springframework.boot.autoconfigure.web.reactive.function.client.ClientHttpConnectorFactory; SearchStrategy: all) found beans of type 'org.springframework.boot.autoconfigure.web.reactive.function.client.ClientHttpConnectorFactory' reactorClientHttpConnectorFactory (OnBeanCondition)
      Matched:
         - @ConditionalOnClass found required class 'java.net.http.HttpClient' (OnClassCondition)

   CouchbaseAutoConfiguration:
      Did not match:
         - @ConditionalOnClass did not find required class 'com.couchbase.client.java.Cluster' (OnClassCondition)

   CouchbaseCacheConfiguration:
      Did not match:
         - @ConditionalOnClass did not find required class 'com.couchbase.client.java.Cluster' (OnClassCondition)

   CouchbaseDataAutoConfiguration:
      Did not match:
         - @ConditionalOnClass did not find required class 'com.couchbase.client.java.Bucket' (OnClassCondition)

   CouchbaseReactiveDataAutoConfiguration:
      Did not match:
         - @ConditionalOnClass did not find required class 'com.couchbase.client.java.Cluster' (OnClassCondition)

   CouchbaseReactiveRepositoriesAutoConfiguration:
      Did not match:
         - @ConditionalOnClass did not find required class 'com.couchbase.client.java.Cluster' (OnClassCondition)

   CouchbaseRepositoriesAutoConfiguration:
      Did not match:
         - @ConditionalOnClass did not find required class 'com.couchbase.client.java.Bucket' (OnClassCondition)

   DataSourceAutoConfiguration.EmbeddedDatabaseConfiguration:
      Did not match:
         - EmbeddedDataSource spring.datasource.url is set (DataSourceAutoConfiguration.EmbeddedDatabaseCondition)

   DataSourceCheckpointRestoreConfiguration:
      Did not match:
         - @ConditionalOnClass did not find required class 'org.crac.Resource' (OnClassCondition)

   DataSourceConfiguration.Dbcp2:
      Did not match:
         - @ConditionalOnClass did not find required class 'org.apache.commons.dbcp2.BasicDataSource' (OnClassCondition)

   DataSourceConfiguration.Generic:
      Did not match:
         - @ConditionalOnProperty (spring.datasource.type) did not find property 'spring.datasource.type' (OnPropertyCondition)

   DataSourceConfiguration.OracleUcp:
      Did not match:
         - @ConditionalOnClass did not find required classes 'oracle.ucp.jdbc.PoolDataSourceImpl', 'oracle.jdbc.OracleConnection' (OnClassCondition)

   DataSourceConfiguration.Tomcat:
      Did not match:
         - @ConditionalOnClass did not find required class 'org.apache.tomcat.jdbc.pool.DataSource' (OnClassCondition)

   DataSourceJmxConfiguration:
      Did not match:
         - @ConditionalOnProperty (spring.jmx.enabled=true) found different value in property 'enabled' (OnPropertyCondition)

   DataSourcePoolMetadataProvidersConfiguration.CommonsDbcp2PoolDataSourceMetadataProviderConfiguration:
      Did not match:
         - @ConditionalOnClass did not find required class 'org.apache.commons.dbcp2.BasicDataSource' (OnClassCondition)

   DataSourcePoolMetadataProvidersConfiguration.OracleUcpPoolDataSourceMetadataProviderConfiguration:
      Did not match:
         - @ConditionalOnClass did not find required classes 'oracle.ucp.jdbc.PoolDataSource', 'oracle.jdbc.OracleConnection' (OnClassCondition)

   DataSourcePoolMetadataProvidersConfiguration.TomcatDataSourcePoolMetadataProviderConfiguration:
      Did not match:
         - @ConditionalOnClass did not find required class 'org.apache.tomcat.jdbc.pool.DataSource' (OnClassCondition)

   DataSourceTransactionManagerAutoConfiguration.JdbcTransactionManagerConfiguration#transactionManager:
      Did not match:
         - @ConditionalOnMissingBean (types: org.springframework.transaction.TransactionManager; SearchStrategy: all) found beans of type 'org.springframework.transaction.TransactionManager' transactionManager (OnBeanCondition)

   DispatcherServletAutoConfiguration.DispatcherServletConfiguration#multipartResolver:
      Did not match:
         - @ConditionalOnBean (types: org.springframework.web.multipart.MultipartResolver; SearchStrategy: all) did not find any beans of type org.springframework.web.multipart.MultipartResolver (OnBeanCondition)

   ElasticsearchClientAutoConfiguration:
      Did not match:
         - @ConditionalOnClass did not find required class 'co.elastic.clients.elasticsearch.ElasticsearchClient' (OnClassCondition)

   ElasticsearchDataAutoConfiguration:
      Did not match:
         - @ConditionalOnClass did not find required class 'org.springframework.data.elasticsearch.client.elc.ElasticsearchTemplate' (OnClassCondition)

   ElasticsearchRepositoriesAutoConfiguration:
      Did not match:
         - @ConditionalOnClass did not find required class 'org.springframework.data.elasticsearch.repository.ElasticsearchRepository' (OnClassCondition)

   ElasticsearchRestClientAutoConfiguration:
      Did not match:
         - @ConditionalOnClass did not find required class 'org.elasticsearch.client.RestClientBuilder' (OnClassCondition)

   EmbeddedLdapAutoConfiguration:
      Did not match:
         - @ConditionalOnClass did not find required class 'com.unboundid.ldap.listener.InMemoryDirectoryServer' (OnClassCondition)

   EmbeddedWebServerFactoryCustomizerAutoConfiguration:
      Did not match:
         - Application is deployed as a WAR file. (OnWarDeploymentCondition)
      Matched:
         - @ConditionalOnWebApplication (required) found 'session' scope (OnWebApplicationCondition)

   ErrorWebFluxAutoConfiguration:
      Did not match:
         - not a reactive web application (OnWebApplicationCondition)
      Matched:
         - @ConditionalOnClass found required class 'org.springframework.web.reactive.config.WebFluxConfigurer' (OnClassCondition)

   FlywayAutoConfiguration:
      Did not match:
         - @ConditionalOnClass did not find required class 'org.flywaydb.core.Flyway' (OnClassCondition)

   FreeMarkerAutoConfiguration:
      Did not match:
         - @ConditionalOnClass did not find required class 'freemarker.template.Configuration' (OnClassCondition)

   GraphQlAutoConfiguration:
      Did not match:
         - @ConditionalOnClass did not find required class 'graphql.GraphQL' (OnClassCondition)

   GraphQlQueryByExampleAutoConfiguration:
      Did not match:
         - @ConditionalOnClass did not find required class 'graphql.GraphQL' (OnClassCondition)

   GraphQlQuerydslAutoConfiguration:
      Did not match:
         - @ConditionalOnClass did not find required class 'com.querydsl.core.Query' (OnClassCondition)

   GraphQlRSocketAutoConfiguration:
      Did not match:
         - @ConditionalOnClass did not find required class 'graphql.GraphQL' (OnClassCondition)

   GraphQlReactiveQueryByExampleAutoConfiguration:
      Did not match:
         - @ConditionalOnClass did not find required class 'graphql.GraphQL' (OnClassCondition)

   GraphQlReactiveQuerydslAutoConfiguration:
      Did not match:
         - @ConditionalOnClass did not find required class 'com.querydsl.core.Query' (OnClassCondition)

   GraphQlWebFluxAutoConfiguration:
      Did not match:
         - @ConditionalOnClass did not find required class 'graphql.GraphQL' (OnClassCondition)

   GraphQlWebFluxSecurityAutoConfiguration:
      Did not match:
         - @ConditionalOnClass did not find required class 'graphql.GraphQL' (OnClassCondition)

   GraphQlWebMvcAutoConfiguration:
      Did not match:
         - @ConditionalOnClass did not find required class 'graphql.GraphQL' (OnClassCondition)

   GraphQlWebMvcSecurityAutoConfiguration:
      Did not match:
         - @ConditionalOnClass did not find required class 'graphql.GraphQL' (OnClassCondition)

   GroovyTemplateAutoConfiguration:
      Did not match:
         - @ConditionalOnClass did not find required class 'groovy.text.markup.MarkupTemplateEngine' (OnClassCondition)

   GsonAutoConfiguration:
      Did not match:
         - @ConditionalOnClass did not find required class 'com.google.gson.Gson' (OnClassCondition)

   GsonHttpMessageConvertersConfiguration:
      Did not match:
         - @ConditionalOnClass did not find required class 'com.google.gson.Gson' (OnClassCondition)

   H2ConsoleAutoConfiguration:
      Did not match:
         - @ConditionalOnClass did not find required class 'org.h2.server.web.JakartaWebServlet' (OnClassCondition)

   HazelcastAutoConfiguration:
      Did not match:
         - @ConditionalOnClass did not find required class 'com.hazelcast.core.HazelcastInstance' (OnClassCondition)

   HazelcastCacheConfiguration:
      Did not match:
         - @ConditionalOnClass did not find required class 'com.hazelcast.core.HazelcastInstance' (OnClassCondition)

   HazelcastJpaDependencyAutoConfiguration:
      Did not match:
         - @ConditionalOnClass did not find required class 'com.hazelcast.core.HazelcastInstance' (OnClassCondition)

   HttpHandlerAutoConfiguration:
      Did not match:
         - not a reactive web application (OnWebApplicationCondition)
      Matched:
         - @ConditionalOnClass found required classes 'org.springframework.web.reactive.DispatcherHandler', 'org.springframework.http.server.reactive.HttpHandler' (OnClassCondition)

   HypermediaAutoConfiguration:
      Did not match:
         - @ConditionalOnClass did not find required class 'org.springframework.hateoas.EntityModel' (OnClassCondition)

   InfinispanCacheConfiguration:
      Did not match:
         - @ConditionalOnClass did not find required class 'org.infinispan.spring.embedded.provider.SpringEmbeddedCacheManager' (OnClassCondition)

   InfluxDbAutoConfiguration:
      Did not match:
         - @ConditionalOnClass did not find required class 'org.influxdb.InfluxDB' (OnClassCondition)

   IntegrationAutoConfiguration.IntegrationJmxConfiguration:
      Did not match:
         - @ConditionalOnClass did not find required class 'org.springframework.integration.jmx.config.EnableIntegrationMBeanExport' (OnClassCondition)

   IntegrationAutoConfiguration.IntegrationRSocketConfiguration:
      Did not match:
         - @ConditionalOnClass did not find required classes 'org.springframework.integration.rsocket.IntegrationRSocketEndpoint', 'io.rsocket.RSocket' (OnClassCondition)

   JCacheCacheConfiguration:
      Did not match:
         - @ConditionalOnClass did not find required class 'javax.cache.Caching' (OnClassCondition)

   JacksonHttpMessageConvertersConfiguration.MappingJackson2XmlHttpMessageConverterConfiguration:
      Did not match:
         - @ConditionalOnClass did not find required class 'com.fasterxml.jackson.dataformat.xml.XmlMapper' (OnClassCondition)

   JerseyAutoConfiguration:
      Did not match:
         - @ConditionalOnClass did not find required class 'org.glassfish.jersey.server.spring.SpringComponentProvider' (OnClassCondition)

   JmsAutoConfiguration:
      Did not match:
         - @ConditionalOnClass did not find required class 'jakarta.jms.Message' (OnClassCondition)

   JmxAutoConfiguration:
      Did not match:
         - @ConditionalOnProperty (spring.jmx.enabled=true) found different value in property 'enabled' (OnPropertyCondition)
      Matched:
         - @ConditionalOnClass found required class 'org.springframework.jmx.export.MBeanExporter' (OnClassCondition)

   JndiConnectionFactoryAutoConfiguration:
      Did not match:
         - @ConditionalOnClass did not find required class 'org.springframework.jms.core.JmsTemplate' (OnClassCondition)

   JndiDataSourceAutoConfiguration:
      Did not match:
         - @ConditionalOnProperty (spring.datasource.jndi-name) did not find property 'jndi-name' (OnPropertyCondition)
      Matched:
         - @ConditionalOnClass found required classes 'javax.sql.DataSource', 'org.springframework.jdbc.datasource.embedded.EmbeddedDatabaseType' (OnClassCondition)

   JndiJtaConfiguration:
      Did not match:
         - @ConditionalOnJndi JNDI environment is not available (OnJndiCondition)
      Matched:
         - @ConditionalOnClass found required class 'org.springframework.transaction.jta.JtaTransactionManager' (OnClassCondition)

   JooqAutoConfiguration:
      Did not match:
         - @ConditionalOnClass did not find required class 'org.jooq.DSLContext' (OnClassCondition)

   JpaRepositoriesAutoConfiguration#entityManagerFactoryBootstrapExecutorCustomizer:
      Did not match:
         - AnyNestedCondition 0 matched 2 did not; NestedCondition on JpaRepositoriesAutoConfiguration.BootstrapExecutorCondition.LazyBootstrapMode @ConditionalOnProperty (spring.data.jpa.repositories.bootstrap-mode=lazy) did not find property 'bootstrap-mode'; NestedCondition on JpaRepositoriesAutoConfiguration.BootstrapExecutorCondition.DeferredBootstrapMode @ConditionalOnProperty (spring.data.jpa.repositories.bootstrap-mode=deferred) did not find property 'bootstrap-mode' (JpaRepositoriesAutoConfiguration.BootstrapExecutorCondition)

   JsonbAutoConfiguration:
      Did not match:
         - @ConditionalOnClass did not find required class 'jakarta.json.bind.Jsonb' (OnClassCondition)

   JsonbHttpMessageConvertersConfiguration:
      Did not match:
         - @ConditionalOnClass did not find required class 'jakarta.json.bind.Jsonb' (OnClassCondition)

   KafkaAutoConfiguration:
      Did not match:
         - @ConditionalOnClass did not find required class 'org.springframework.kafka.core.KafkaTemplate' (OnClassCondition)

   LdapAutoConfiguration:
      Did not match:
         - @ConditionalOnClass did not find required class 'org.springframework.ldap.core.ContextSource' (OnClassCondition)

   LdapRepositoriesAutoConfiguration:
      Did not match:
         - @ConditionalOnClass did not find required class 'org.springframework.data.ldap.repository.LdapRepository' (OnClassCondition)

   LiquibaseAutoConfiguration:
      Did not match:
         - @ConditionalOnClass did not find required class 'liquibase.change.DatabaseChange' (OnClassCondition)

   MailSenderAutoConfiguration:
      Did not match:
         - @ConditionalOnMissingBean (types: org.springframework.mail.MailSender; SearchStrategy: all) found beans of type 'org.springframework.mail.MailSender' javaMail (OnBeanCondition)
      Matched:
         - @ConditionalOnClass found required classes 'jakarta.mail.internet.MimeMessage', 'jakarta.activation.MimeType', 'org.springframework.mail.MailSender' (OnClassCondition)
         - AnyNestedCondition 1 matched 1 did not; NestedCondition on MailSenderAutoConfiguration.MailSenderCondition.JndiNameProperty @ConditionalOnProperty (spring.mail.jndi-name) did not find property 'jndi-name'; NestedCondition on MailSenderAutoConfiguration.MailSenderCondition.HostProperty @ConditionalOnProperty (spring.mail.host) matched (MailSenderAutoConfiguration.MailSenderCondition)

   MailSenderJndiConfiguration:
      Did not match:
         - @ConditionalOnProperty (spring.mail.jndi-name) did not find property 'jndi-name' (OnPropertyCondition)
      Matched:
         - @ConditionalOnClass found required class 'jakarta.mail.Session' (OnClassCondition)

   MailSenderValidatorAutoConfiguration:
      Did not match:
         - @ConditionalOnProperty (spring.mail.test-connection) did not find property 'test-connection' (OnPropertyCondition)

   MessageSourceAutoConfiguration:
      Did not match:
         - ResourceBundle did not find bundle with basename messages (MessageSourceAutoConfiguration.ResourceBundleCondition)

   MongoAutoConfiguration:
      Did not match:
         - @ConditionalOnClass did not find required class 'com.mongodb.client.MongoClient' (OnClassCondition)

   MongoDataAutoConfiguration:
      Did not match:
         - @ConditionalOnClass did not find required class 'com.mongodb.client.MongoClient' (OnClassCondition)

   MongoReactiveAutoConfiguration:
      Did not match:
         - @ConditionalOnClass did not find required class 'com.mongodb.reactivestreams.client.MongoClient' (OnClassCondition)

   MongoReactiveDataAutoConfiguration:
      Did not match:
         - @ConditionalOnClass did not find required class 'com.mongodb.reactivestreams.client.MongoClient' (OnClassCondition)

   MongoReactiveRepositoriesAutoConfiguration:
      Did not match:
         - @ConditionalOnClass did not find required class 'com.mongodb.reactivestreams.client.MongoClient' (OnClassCondition)

   MongoRepositoriesAutoConfiguration:
      Did not match:
         - @ConditionalOnClass did not find required class 'com.mongodb.client.MongoClient' (OnClassCondition)

   MustacheAutoConfiguration:
      Did not match:
         - @ConditionalOnClass did not find required class 'com.samskivert.mustache.Mustache' (OnClassCondition)

   Neo4jAutoConfiguration:
      Did not match:
         - @ConditionalOnClass did not find required class 'org.neo4j.driver.Driver' (OnClassCondition)

   Neo4jDataAutoConfiguration:
      Did not match:
         - @ConditionalOnClass did not find required class 'org.neo4j.driver.Driver' (OnClassCondition)

   Neo4jReactiveDataAutoConfiguration:
      Did not match:
         - @ConditionalOnClass did not find required class 'org.neo4j.driver.Driver' (OnClassCondition)

   Neo4jReactiveRepositoriesAutoConfiguration:
      Did not match:
         - @ConditionalOnClass did not find required class 'org.neo4j.driver.Driver' (OnClassCondition)

   Neo4jRepositoriesAutoConfiguration:
      Did not match:
         - @ConditionalOnClass did not find required class 'org.neo4j.driver.Driver' (OnClassCondition)

   OAuth2AuthorizationServerAutoConfiguration:
      Did not match:
         - @ConditionalOnClass did not find required class 'org.springframework.security.oauth2.server.authorization.OAuth2Authorization' (OnClassCondition)

   OAuth2AuthorizationServerJwtAutoConfiguration:
      Did not match:
         - @ConditionalOnClass did not find required class 'org.springframework.security.oauth2.server.authorization.OAuth2Authorization' (OnClassCondition)

   OAuth2ClientAutoConfiguration:
      Did not match:
         - @ConditionalOnClass did not find required class 'org.springframework.security.oauth2.client.registration.ClientRegistration' (OnClassCondition)

   OAuth2ResourceServerAutoConfiguration:
      Did not match:
         - @ConditionalOnClass did not find required class 'org.springframework.security.oauth2.server.resource.authentication.BearerTokenAuthenticationToken' (OnClassCondition)

   ProjectInfoAutoConfiguration#buildProperties:
      Did not match:
         - @ConditionalOnResource did not find resource '${spring.info.build.location:classpath:META-INF/build-info.properties}' (OnResourceCondition)

   ProjectInfoAutoConfiguration#gitProperties:
      Did not match:
         - GitResource did not find git info at classpath:git.properties (ProjectInfoAutoConfiguration.GitResourceAvailableCondition)

   PulsarAutoConfiguration:
      Did not match:
         - @ConditionalOnClass did not find required class 'org.apache.pulsar.client.api.PulsarClient' (OnClassCondition)

   PulsarReactiveAutoConfiguration:
      Did not match:
         - @ConditionalOnClass did not find required class 'org.apache.pulsar.client.api.PulsarClient' (OnClassCondition)

   QuartzAutoConfiguration:
      Did not match:
         - @ConditionalOnClass did not find required class 'org.quartz.Scheduler' (OnClassCondition)

   R2dbcAutoConfiguration:
      Did not match:
         - @ConditionalOnClass did not find required class 'io.r2dbc.spi.ConnectionFactory' (OnClassCondition)

   R2dbcDataAutoConfiguration:
      Did not match:
         - @ConditionalOnClass did not find required class 'org.springframework.data.r2dbc.core.R2dbcEntityTemplate' (OnClassCondition)

   R2dbcInitializationConfiguration:
      Did not match:
         - @ConditionalOnClass did not find required classes 'io.r2dbc.spi.ConnectionFactory', 'org.springframework.r2dbc.connection.init.DatabasePopulator' (OnClassCondition)

   R2dbcRepositoriesAutoConfiguration:
      Did not match:
         - @ConditionalOnClass did not find required class 'io.r2dbc.spi.ConnectionFactory' (OnClassCondition)

   R2dbcTransactionManagerAutoConfiguration:
      Did not match:
         - @ConditionalOnClass did not find required class 'org.springframework.r2dbc.connection.R2dbcTransactionManager' (OnClassCondition)

   RSocketGraphQlClientAutoConfiguration:
      Did not match:
         - @ConditionalOnClass did not find required class 'graphql.GraphQL' (OnClassCondition)

   RSocketMessagingAutoConfiguration:
      Did not match:
         - @ConditionalOnClass did not find required class 'io.rsocket.RSocket' (OnClassCondition)

   RSocketRequesterAutoConfiguration:
      Did not match:
         - @ConditionalOnClass did not find required class 'io.rsocket.RSocket' (OnClassCondition)

   RSocketSecurityAutoConfiguration:
      Did not match:
         - @ConditionalOnClass did not find required class 'org.springframework.security.rsocket.core.SecuritySocketAcceptorInterceptor' (OnClassCondition)

   RSocketServerAutoConfiguration:
      Did not match:
         - @ConditionalOnClass did not find required class 'io.rsocket.core.RSocketServer' (OnClassCondition)

   RSocketStrategiesAutoConfiguration:
      Did not match:
         - @ConditionalOnClass did not find required class 'io.rsocket.RSocket' (OnClassCondition)

   RabbitAutoConfiguration:
      Did not match:
         - @ConditionalOnClass did not find required class 'com.rabbitmq.client.Channel' (OnClassCondition)

   ReactiveElasticsearchClientAutoConfiguration:
      Did not match:
         - @ConditionalOnClass did not find required class 'co.elastic.clients.transport.ElasticsearchTransport' (OnClassCondition)

   ReactiveElasticsearchRepositoriesAutoConfiguration:
      Did not match:
         - @ConditionalOnClass did not find required class 'org.springframework.data.elasticsearch.client.elc.ReactiveElasticsearchClient' (OnClassCondition)

   ReactiveMultipartAutoConfiguration:
      Did not match:
         - not a reactive web application (OnWebApplicationCondition)
      Matched:
         - @ConditionalOnClass found required classes 'org.springframework.http.codec.multipart.DefaultPartHttpMessageReader', 'org.springframework.web.reactive.config.WebFluxConfigurer' (OnClassCondition)

   ReactiveOAuth2ClientAutoConfiguration:
      Did not match:
         - @ConditionalOnClass did not find required class 'org.springframework.security.oauth2.client.registration.ClientRegistration' (OnClassCondition)

   ReactiveOAuth2ResourceServerAutoConfiguration:
      Did not match:
         - not a reactive web application (OnWebApplicationCondition)
      Matched:
         - @ConditionalOnClass found required class 'org.springframework.security.config.annotation.web.reactive.EnableWebFluxSecurity' (OnClassCondition)

   ReactiveSecurityAutoConfiguration.SpringBootWebFluxSecurityConfiguration:
      Did not match:
         - not a reactive web application (OnWebApplicationCondition)

   ReactiveUserDetailsServiceAutoConfiguration:
      Did not match:
         - AnyNestedCondition 0 matched 2 did not; NestedCondition on ReactiveUserDetailsServiceAutoConfiguration.RSocketEnabledOrReactiveWebApplication.ReactiveWebApplicationCondition not a reactive web application; NestedCondition on ReactiveUserDetailsServiceAutoConfiguration.RSocketEnabledOrReactiveWebApplication.RSocketSecurityEnabledCondition @ConditionalOnBean (types: org.springframework.messaging.rsocket.annotation.support.RSocketMessageHandler; SearchStrategy: all) did not find any beans of type org.springframework.messaging.rsocket.annotation.support.RSocketMessageHandler (ReactiveUserDetailsServiceAutoConfiguration.RSocketEnabledOrReactiveWebApplication)
      Matched:
         - @ConditionalOnClass found required class 'org.springframework.security.authentication.ReactiveAuthenticationManager' (OnClassCondition)
         - AnyNestedCondition 1 matched 2 did not; NestedCondition on ReactiveUserDetailsServiceAutoConfiguration.MissingAlternativeOrUserPropertiesConfigured.PasswordConfigured @ConditionalOnProperty (spring.security.user.password) did not find property 'password'; NestedCondition on ReactiveUserDetailsServiceAutoConfiguration.MissingAlternativeOrUserPropertiesConfigured.NameConfigured @ConditionalOnProperty (spring.security.user.name) did not find property 'name'; NestedCondition on ReactiveUserDetailsServiceAutoConfiguration.MissingAlternativeOrUserPropertiesConfigured.MissingAlternative @ConditionalOnMissingClass did not find unwanted classes 'org.springframework.security.oauth2.client.registration.ClientRegistrationRepository', 'org.springframework.security.oauth2.server.resource.introspection.ReactiveOpaqueTokenIntrospector' (ReactiveUserDetailsServiceAutoConfiguration.MissingAlternativeOrUserPropertiesConfigured)

   ReactiveWebServerFactoryAutoConfiguration:
      Did not match:
         - not a reactive web application (OnWebApplicationCondition)
      Matched:
         - @ConditionalOnClass found required class 'org.springframework.http.ReactiveHttpInputMessage' (OnClassCondition)

   RedisAutoConfiguration:
      Did not match:
         - @ConditionalOnClass did not find required class 'org.springframework.data.redis.core.RedisOperations' (OnClassCondition)

   RedisCacheConfiguration:
      Did not match:
         - @ConditionalOnClass did not find required class 'org.springframework.data.redis.connection.RedisConnectionFactory' (OnClassCondition)

   RedisReactiveAutoConfiguration:
      Did not match:
         - @ConditionalOnClass did not find required class 'org.springframework.data.redis.connection.ReactiveRedisConnectionFactory' (OnClassCondition)

   RedisRepositoriesAutoConfiguration:
      Did not match:
         - @ConditionalOnClass did not find required class 'org.springframework.data.redis.repository.configuration.EnableRedisRepositories' (OnClassCondition)

   RepositoryRestMvcAutoConfiguration:
      Did not match:
         - @ConditionalOnClass did not find required class 'org.springframework.data.rest.webmvc.config.RepositoryRestMvcConfiguration' (OnClassCondition)

   Saml2RelyingPartyAutoConfiguration:
      Did not match:
         - @ConditionalOnClass did not find required class 'org.springframework.security.saml2.provider.service.registration.RelyingPartyRegistrationRepository' (OnClassCondition)

   SecurityDataConfiguration:
      Did not match:
         - @ConditionalOnClass did not find required class 'org.springframework.security.data.repository.query.SecurityEvaluationContextExtension' (OnClassCondition)

   SendGridAutoConfiguration:
      Did not match:
         - @ConditionalOnClass did not find required class 'com.sendgrid.SendGrid' (OnClassCondition)

   ServletWebServerFactoryAutoConfiguration.ForwardedHeaderFilterConfiguration:
      Did not match:
         - @ConditionalOnProperty (server.forward-headers-strategy=framework) did not find property 'server.forward-headers-strategy' (OnPropertyCondition)

   ServletWebServerFactoryConfiguration.EmbeddedJetty:
      Did not match:
         - @ConditionalOnClass did not find required classes 'org.eclipse.jetty.server.Server', 'org.eclipse.jetty.util.Loader', 'org.eclipse.jetty.ee10.webapp.WebAppContext' (OnClassCondition)

   ServletWebServerFactoryConfiguration.EmbeddedUndertow:
      Did not match:
         - @ConditionalOnClass did not find required classes 'io.undertow.Undertow', 'org.xnio.SslClientAuthMode' (OnClassCondition)

   SessionAutoConfiguration:
      Did not match:
         - @ConditionalOnClass did not find required class 'org.springframework.session.Session' (OnClassCondition)

   SpringApplicationAdminJmxAutoConfiguration:
      Did not match:
         - @ConditionalOnProperty (spring.application.admin.enabled=true) did not find property 'enabled' (OnPropertyCondition)

   SpringBootWebSecurityConfiguration.SecurityFilterChainConfiguration:
      Did not match:
         - AllNestedConditions 1 matched 1 did not; NestedCondition on DefaultWebSecurityCondition.Beans @ConditionalOnMissingBean (types: org.springframework.security.web.SecurityFilterChain; SearchStrategy: all) found beans of type 'org.springframework.security.web.SecurityFilterChain' securityFilterChain; NestedCondition on DefaultWebSecurityCondition.Classes @ConditionalOnClass found required classes 'org.springframework.security.web.SecurityFilterChain', 'org.springframework.security.config.annotation.web.builders.HttpSecurity' (DefaultWebSecurityCondition)

   TaskExecutorConfigurations.SimpleAsyncTaskExecutorBuilderConfiguration#simpleAsyncTaskExecutorBuilderVirtualThreads:
      Did not match:
         - @ConditionalOnMissingBean (types: org.springframework.boot.task.SimpleAsyncTaskExecutorBuilder; SearchStrategy: all) found beans of type 'org.springframework.boot.task.SimpleAsyncTaskExecutorBuilder' simpleAsyncTaskExecutorBuilder (OnBeanCondition)

   TaskExecutorConfigurations.TaskExecutorConfiguration#applicationTaskExecutorVirtualThreads:
      Did not match:
         - @ConditionalOnThreading did not find VIRTUAL (OnThreadingCondition)

   TaskSchedulingAutoConfiguration#scheduledBeanLazyInitializationExcludeFilter:
      Did not match:
         - @ConditionalOnBean (names: org.springframework.context.annotation.internalScheduledAnnotationProcessor; SearchStrategy: all) did not find any beans named org.springframework.context.annotation.internalScheduledAnnotationProcessor (OnBeanCondition)

   TaskSchedulingConfigurations.SimpleAsyncTaskSchedulerBuilderConfiguration#simpleAsyncTaskSchedulerBuilderVirtualThreads:
      Did not match:
         - @ConditionalOnMissingBean (types: org.springframework.boot.task.SimpleAsyncTaskSchedulerBuilder; SearchStrategy: all) found beans of type 'org.springframework.boot.task.SimpleAsyncTaskSchedulerBuilder' simpleAsyncTaskSchedulerBuilder (OnBeanCondition)

   TaskSchedulingConfigurations.TaskSchedulerConfiguration:
      Did not match:
         - @ConditionalOnBean (names: org.springframework.context.annotation.internalScheduledAnnotationProcessor; SearchStrategy: all) did not find any beans named org.springframework.context.annotation.internalScheduledAnnotationProcessor (OnBeanCondition)

   TemplateEngineConfigurations.ReactiveTemplateEngineConfiguration:
      Did not match:
         - not a reactive web application (OnWebApplicationCondition)

   ThymeleafAutoConfiguration.DataAttributeDialectConfiguration:
      Did not match:
         - @ConditionalOnClass did not find required class 'com.github.mxab.thymeleaf.extras.dataattribute.dialect.DataAttributeDialect' (OnClassCondition)

   ThymeleafAutoConfiguration.ThymeleafWebFluxConfiguration:
      Did not match:
         - not a reactive web application (OnWebApplicationCondition)

   ThymeleafAutoConfiguration.ThymeleafWebLayoutConfiguration:
      Did not match:
         - @ConditionalOnClass did not find required class 'nz.net.ultraq.thymeleaf.layoutdialect.LayoutDialect' (OnClassCondition)

   ThymeleafAutoConfiguration.ThymeleafWebMvcConfiguration#resourceUrlEncodingFilter:
      Did not match:
         - @ConditionalOnEnabledResourceChain did not find class org.webjars.WebJarAssetLocator (OnEnabledResourceChainCondition)

   TransactionAutoConfiguration#transactionalOperator:
      Did not match:
         - @ConditionalOnSingleCandidate (types: org.springframework.transaction.ReactiveTransactionManager; SearchStrategy: all) did not find any beans (OnBeanCondition)

   TransactionAutoConfiguration.AspectJTransactionManagementConfiguration:
      Did not match:
         - @ConditionalOnBean (types: org.springframework.transaction.aspectj.AbstractTransactionAspect; SearchStrategy: all) did not find any beans of type org.springframework.transaction.aspectj.AbstractTransactionAspect (OnBeanCondition)

   TransactionAutoConfiguration.EnableTransactionManagementConfiguration.JdkDynamicAutoProxyConfiguration:
      Did not match:
         - @ConditionalOnProperty (spring.aop.proxy-target-class=false) did not find property 'proxy-target-class' (OnPropertyCondition)

   UserDetailsServiceAutoConfiguration:
      Did not match:
         - @ConditionalOnMissingBean (types: org.springframework.security.authentication.AuthenticationManager,org.springframework.security.authentication.AuthenticationProvider,org.springframework.security.core.userdetails.UserDetailsService,org.springframework.security.authentication.AuthenticationManagerResolver,org.springframework.security.oauth2.jwt.JwtDecoder; SearchStrategy: all) found beans of type 'org.springframework.security.authentication.AuthenticationManager' authenticationManager and found beans of type 'org.springframework.security.core.userdetails.UserDetailsService' usuarioServicio (OnBeanCondition)
      Matched:
         - @ConditionalOnClass found required class 'org.springframework.security.authentication.AuthenticationManager' (OnClassCondition)
         - AnyNestedCondition 1 matched 2 did not; NestedCondition on UserDetailsServiceAutoConfiguration.MissingAlternativeOrUserPropertiesConfigured.PasswordConfigured @ConditionalOnProperty (spring.security.user.password) did not find property 'password'; NestedCondition on UserDetailsServiceAutoConfiguration.MissingAlternativeOrUserPropertiesConfigured.NameConfigured @ConditionalOnProperty (spring.security.user.name) did not find property 'name'; NestedCondition on UserDetailsServiceAutoConfiguration.MissingAlternativeOrUserPropertiesConfigured.MissingAlternative @ConditionalOnMissingClass did not find unwanted classes 'org.springframework.security.oauth2.client.registration.ClientRegistrationRepository', 'org.springframework.security.oauth2.server.resource.introspection.OpaqueTokenIntrospector', 'org.springframework.security.saml2.provider.service.registration.RelyingPartyRegistrationRepository' (UserDetailsServiceAutoConfiguration.MissingAlternativeOrUserPropertiesConfigured)

   ValidationAutoConfiguration:
      Did not match:
         - @ConditionalOnClass did not find required class 'jakarta.validation.executable.ExecutableValidator' (OnClassCondition)

   WebFluxAutoConfiguration:
      Did not match:
         - not a reactive web application (OnWebApplicationCondition)
      Matched:
         - @ConditionalOnClass found required class 'org.springframework.web.reactive.config.WebFluxConfigurer' (OnClassCondition)

   WebMvcAutoConfiguration#hiddenHttpMethodFilter:
      Did not match:
         - @ConditionalOnProperty (spring.mvc.hiddenmethod.filter.enabled) did not find property 'enabled' (OnPropertyCondition)

   WebMvcAutoConfiguration.ProblemDetailsErrorHandlingConfiguration:
      Did not match:
         - @ConditionalOnProperty (spring.mvc.problemdetails.enabled=true) did not find property 'enabled' (OnPropertyCondition)

   WebMvcAutoConfiguration.ResourceChainCustomizerConfiguration:
      Did not match:
         - @ConditionalOnEnabledResourceChain did not find class org.webjars.WebJarAssetLocator (OnEnabledResourceChainCondition)

   WebMvcAutoConfiguration.WebMvcAutoConfigurationAdapter#beanNameViewResolver:
      Did not match:
         - @ConditionalOnMissingBean (types: org.springframework.web.servlet.view.BeanNameViewResolver; SearchStrategy: all) found beans of type 'org.springframework.web.servlet.view.BeanNameViewResolver' beanNameViewResolver (OnBeanCondition)

   WebServiceTemplateAutoConfiguration:
      Did not match:
         - @ConditionalOnClass did not find required class 'org.springframework.oxm.Marshaller' (OnClassCondition)

   WebServicesAutoConfiguration:
      Did not match:
         - @ConditionalOnClass did not find required class 'org.springframework.ws.transport.http.MessageDispatcherServlet' (OnClassCondition)

   WebSessionIdResolverAutoConfiguration:
      Did not match:
         - not a reactive web application (OnWebApplicationCondition)
      Matched:
         - @ConditionalOnClass found required classes 'org.springframework.web.server.session.WebSessionManager', 'reactor.core.publisher.Mono' (OnClassCondition)

   WebSocketMessagingAutoConfiguration:
      Did not match:
         - @ConditionalOnClass did not find required class 'org.springframework.web.socket.config.annotation.WebSocketMessageBrokerConfigurer' (OnClassCondition)

   WebSocketReactiveAutoConfiguration:
      Did not match:
         - not a reactive web application (OnWebApplicationCondition)
      Matched:
         - @ConditionalOnClass found required classes 'jakarta.servlet.Servlet', 'jakarta.websocket.server.ServerContainer' (OnClassCondition)

   WebSocketServletAutoConfiguration.JettyWebSocketConfiguration:
      Did not match:
         - @ConditionalOnClass did not find required class 'org.eclipse.jetty.ee10.websocket.jakarta.server.config.JakartaWebSocketServletContainerInitializer' (OnClassCondition)

   WebSocketServletAutoConfiguration.UndertowWebSocketConfiguration:
      Did not match:
         - @ConditionalOnClass did not find required class 'io.undertow.websockets.jsr.Bootstrap' (OnClassCondition)

   XADataSourceAutoConfiguration:
      Did not match:
         - @ConditionalOnBean (types: org.springframework.boot.jdbc.XADataSourceWrapper; SearchStrategy: all) did not find any beans of type org.springframework.boot.jdbc.XADataSourceWrapper (OnBeanCondition)
      Matched:
         - @ConditionalOnClass found required classes 'javax.sql.DataSource', 'jakarta.transaction.TransactionManager', 'org.springframework.jdbc.datasource.embedded.EmbeddedDatabaseType' (OnClassCondition)


Exclusions:
-----------

    None


Unconditional classes:
----------------------

    org.springframework.boot.autoconfigure.context.ConfigurationPropertiesAutoConfiguration

    org.springframework.boot.autoconfigure.ssl.SslAutoConfiguration

    org.springframework.boot.autoconfigure.context.PropertyPlaceholderAutoConfiguration

    org.springframework.boot.autoconfigure.context.LifecycleAutoConfiguration

    org.springframework.boot.autoconfigure.availability.ApplicationAvailabilityAutoConfiguration

    org.springframework.boot.autoconfigure.info.ProjectInfoAutoConfiguration



2024-07-23T15:04:27.889-05:00  INFO 52024 --- [app_aurora] [           main] N.nameCheap.NameCheapApplicationTests    : Started NameCheapApplicationTests in 14.051 seconds (process running for 15.141)
2024-07-23T15:04:27.889-05:00 DEBUG 52024 --- [app_aurora] [           main] o.s.b.a.ApplicationAvailabilityBean      : Application availability state LivenessState changed to CORRECT
2024-07-23T15:04:28.001-05:00 DEBUG 52024 --- [app_aurora] [           main] org.hibernate.orm.sql.ast.create         : Created new SQL alias : u1_0
2024-07-23T15:04:28.002-05:00 DEBUG 52024 --- [app_aurora] [           main] org.hibernate.orm.sql.ast.create         : Registration of TableGroup [StandardTableGroup(NameCheap.nameCheap.entidades.Usuario(2748433852960400))] with identifierForTableGroup [NameCheap.nameCheap.entidades.Usuario] for NavigablePath [NameCheap.nameCheap.entidades.Usuario] 
2024-07-23T15:04:28.007-05:00 DEBUG 52024 --- [app_aurora] [           main] org.hibernate.orm.sql.ast.create         : Registration of TableGroup [org.hibernate.sql.ast.tree.from.LazyTableGroup@7083e548] with identifierForTableGroup [NameCheap.nameCheap.entidades.Usuario.rol] for NavigablePath [NameCheap.nameCheap.entidades.Usuario.rol] 
2024-07-23T15:04:28.011-05:00 DEBUG 52024 --- [app_aurora] [           main] o.h.q.sqm.sql.BaseSqmToSqlAstConverter   : Determining mapping-model type for SqmParameter : org.hibernate.query.sqm.tree.expression.SqmJpaCriteriaParameterWrapper@2835574b
2024-07-23T15:04:28.011-05:00 DEBUG 52024 --- [app_aurora] [           main] o.h.q.sqm.sql.BaseSqmToSqlAstConverter   : Determining mapping-model type for SqmPath : SqmBasicValuedSimplePath(NameCheap.nameCheap.entidades.Usuario(2748433852960400).username) 
2024-07-23T15:04:28.015-05:00 DEBUG 52024 --- [app_aurora] [           main] org.hibernate.orm.results.graph.AST      : DomainResult Graph:
 \-EntityResultImpl [NameCheap.nameCheap.entidades.Usuario(2748433852960400)]
 |  +-BasicFetch [NameCheap.nameCheap.entidades.Usuario(2748433852960400).email]
 |  +-BasicFetch [NameCheap.nameCheap.entidades.Usuario(2748433852960400).nombre]
 |  +-BasicFetch [NameCheap.nameCheap.entidades.Usuario(2748433852960400).password]
 |  +-EntityFetchSelectImpl [NameCheap.nameCheap.entidades.Usuario(2748433852960400).rol]
 |  \-BasicFetch [NameCheap.nameCheap.entidades.Usuario(2748433852960400).username]

2024-07-23T15:04:28.016-05:00 DEBUG 52024 --- [app_aurora] [           main] org.hibernate.orm.sql.ast.tree           : SQL AST Tree:
    SelectStatement {
      FromClause {
        StandardTableGroup (u1 : NameCheap.nameCheap.entidades.Usuario(2748433852960400)) {
          primaryTableReference : usuario as u1_0
          TableGroupJoins {
            left  join LazyTableGroup (r1 : NameCheap.nameCheap.entidades.Usuario(2748433852960400).rol) {
            }
          }
        }
      }
    }

2024-07-23T15:04:28.024-05:00 DEBUG 52024 --- [app_aurora] [           main] org.hibernate.orm.sql.exec               : Skipping reading Query result cache data: cache-enabled = false, cache-mode = NORMAL
2024-07-23T15:04:28.035-05:00 DEBUG 52024 --- [app_aurora] [           main] org.hibernate.orm.results                : Initializer list:
	  NameCheap.nameCheap.entidades.Usuario(2748433852960400) -> EntityResultInitializer(NameCheap.nameCheap.entidades.Usuario(2748433852960400))@1303008224 (SingleTableEntityPersister(NameCheap.nameCheap.entidades.Usuario))
	  NameCheap.nameCheap.entidades.Usuario(2748433852960400).rol -> EntitySelectFetchInitializer(NameCheap.nameCheap.entidades.Usuario(2748433852960400).rol)@1805162633 (ToOneAttributeMapping(NavigableRole[NameCheap.nameCheap.entidades.Usuario.rol])@141458554)

2024-07-23T15:04:28.039-05:00 DEBUG 52024 --- [app_aurora] [           main] org.hibernate.SQL                        : select u1_0.id,u1_0.email,u1_0.nombre,u1_0.password,u1_0.rol_id,u1_0.username from usuario u1_0 where u1_0.username=?
2024-07-23T15:04:28.240-05:00 DEBUG 52024 --- [app_aurora] [           main] org.hibernate.orm.results                : Extracted JDBC value [0] - [1]
2024-07-23T15:04:28.240-05:00 DEBUG 52024 --- [app_aurora] [           main] o.hibernate.orm.results.loading.entity   : (EntityResultInitializer) Hydrated EntityKey (NameCheap.nameCheap.entidades.Usuario(2748433852960400)): 1
2024-07-23T15:04:28.255-05:00 DEBUG 52024 --- [app_aurora] [           main] o.hibernate.orm.results.loading.entity   : (EntityResultInitializer) Created new entity instance [NameCheap.nameCheap.entidades.Usuario(2748433852960400)#1] : 287711177
2024-07-23T15:04:28.255-05:00 DEBUG 52024 --- [app_aurora] [           main] org.hibernate.orm.results                : Extracted JDBC value [4] - [1]
2024-07-23T15:04:28.255-05:00 DEBUG 52024 --- [app_aurora] [           main] o.hibernate.orm.results.loading.entity   : (EntitySelectFetchInitializer) Invoking session#internalLoad for entity (NameCheap.nameCheap.entidades.Usuario(2748433852960400).rol#1) : 1
2024-07-23T15:04:28.255-05:00 DEBUG 52024 --- [app_aurora] [           main] org.hibernate.orm.sql.exec               : Skipping reading Query result cache data: cache-enabled = false, cache-mode = IGNORE
2024-07-23T15:04:28.255-05:00 DEBUG 52024 --- [app_aurora] [           main] org.hibernate.orm.results                : Initializer list:
	  NameCheap.nameCheap.entidades.Rol.usuario.{element}.rol.usuario -> SelectEagerCollectionInitializer(NameCheap.nameCheap.entidades.Rol.usuario.{element}.rol.usuario)@1776694988 (PluralAttribute(NameCheap.nameCheap.entidades.Rol.usuario))
	  NameCheap.nameCheap.entidades.Rol.usuario -> BagInitializer(NameCheap.nameCheap.entidades.Rol.usuario)@173617743 (PluralAttribute(NameCheap.nameCheap.entidades.Rol.usuario))
	  NameCheap.nameCheap.entidades.Rol.usuario.{element}.rol -> EntityJoinedFetchInitializer(NameCheap.nameCheap.entidades.Rol.usuario.{element}.rol)@69716214 (ToOneAttributeMapping(NavigableRole[NameCheap.nameCheap.entidades.Usuario.rol])@141458554)
	  NameCheap.nameCheap.entidades.Rol -> EntityResultInitializer(NameCheap.nameCheap.entidades.Rol)@576931540 (SingleTableEntityPersister(NameCheap.nameCheap.entidades.Rol))
	  NameCheap.nameCheap.entidades.Rol.usuario.{element} -> EntityJoinedFetchInitializer(NameCheap.nameCheap.entidades.Rol.usuario.{element})@2062242818 (EntityCollectionPart(NameCheap.nameCheap.entidades.Rol.usuario#{element})@971233882)

2024-07-23T15:04:28.255-05:00 DEBUG 52024 --- [app_aurora] [           main] org.hibernate.SQL                        : select r1_0.id,r1_0.descripcion,r1_0.nombre,u1_0.usuario_id,u1_0.id,u1_0.email,u1_0.nombre,u1_0.password,r2_0.id,r2_0.descripcion,r2_0.nombre,u1_0.username from rol r1_0 left join usuario u1_0 on r1_0.id=u1_0.usuario_id left join rol r2_0 on r2_0.id=u1_0.rol_id where r1_0.id=?
2024-07-23T15:04:28.463-05:00 DEBUG 52024 --- [app_aurora] [           main] o.hibernate.orm.results.loading.entity   : (EntityResultInitializer) Hydrated EntityKey (NameCheap.nameCheap.entidades.Rol): 1
2024-07-23T15:04:28.463-05:00 DEBUG 52024 --- [app_aurora] [           main] o.h.o.r.l.o.h.o.r.loading.collection     : (BagInitializer) Current row collection key : NameCheap.nameCheap.entidades.Rol.usuario#1
2024-07-23T15:04:28.463-05:00 DEBUG 52024 --- [app_aurora] [           main] org.hibernate.orm.results                : Extracted JDBC value [3] - [null]
2024-07-23T15:04:28.463-05:00 DEBUG 52024 --- [app_aurora] [           main] org.hibernate.orm.results                : Extracted JDBC value [4] - [null]
2024-07-23T15:04:28.464-05:00 DEBUG 52024 --- [app_aurora] [           main] o.hibernate.orm.results.loading.entity   : (EntityJoinedFetchInitializer) EntityKey (NameCheap.nameCheap.entidades.Rol.usuario.{element}) is null
2024-07-23T15:04:28.464-05:00 DEBUG 52024 --- [app_aurora] [           main] o.hibernate.orm.results.loading.entity   : (EntityResultInitializer) Created new entity instance [NameCheap.nameCheap.entidades.Rol#1] : 226288412
2024-07-23T15:04:28.467-05:00 DEBUG 52024 --- [app_aurora] [           main] o.h.o.r.l.o.h.o.r.loading.collection     : (BagInitializer) Created new collection wrapper [NameCheap.nameCheap.entidades.Rol.usuario#1] : org.hibernate.collection.spi.PersistentBag@593773415
2024-07-23T15:04:28.469-05:00 DEBUG 52024 --- [app_aurora] [           main] o.h.o.r.l.o.h.o.r.loading.collection     : (BagInitializer) Responsible for loading collection [NameCheap.nameCheap.entidades.Rol.usuario#1] : org.hibernate.collection.spi.PersistentBag@593773415
2024-07-23T15:04:28.469-05:00 DEBUG 52024 --- [app_aurora] [           main] org.hibernate.orm.results                : Extracted JDBC value [1] - [null]
2024-07-23T15:04:28.469-05:00 DEBUG 52024 --- [app_aurora] [           main] org.hibernate.orm.results                : Extracted JDBC value [2] - [user]
2024-07-23T15:04:28.473-05:00 DEBUG 52024 --- [app_aurora] [           main] o.hibernate.orm.results.loading.entity   : (EntityResultInitializer) Done materializing entityInstance : NameCheap.nameCheap.entidades.Rol#1
2024-07-23T15:04:28.473-05:00 DEBUG 52024 --- [app_aurora] [           main] org.hibernate.orm.results.loading        : Calling top-level assembler (0 / 1) : org.hibernate.sql.results.graph.entity.internal.EntityAssembler@71b38b11
2024-07-23T15:04:28.474-05:00 DEBUG 52024 --- [app_aurora] [           main] o.h.sql.results.internal.ResultsHelper   : Collection fully initialized: [NameCheap.nameCheap.entidades.Rol.usuario#1]
2024-07-23T15:04:28.475-05:00 DEBUG 52024 --- [app_aurora] [           main] o.hibernate.orm.results.loading.entity   : (EntitySelectFetchInitializer) Entity [NameCheap.nameCheap.entidades.Usuario(2748433852960400).rol#1] : 1 has being loaded by session.internalLoad.
2024-07-23T15:04:28.475-05:00 DEBUG 52024 --- [app_aurora] [           main] org.hibernate.orm.results                : Extracted JDBC value [1] - [josedavids123@live.com]
2024-07-23T15:04:28.475-05:00 DEBUG 52024 --- [app_aurora] [           main] org.hibernate.orm.results                : Extracted JDBC value [2] - [usuario]
2024-07-23T15:04:28.475-05:00 DEBUG 52024 --- [app_aurora] [           main] org.hibernate.orm.results                : Extracted JDBC value [3] - [$2a$10$gvlnvJ85iJPVPsuz52gJEeELFBweLD2I5mXCqgwkw7WuJl7ErDkfq]
2024-07-23T15:04:28.475-05:00 DEBUG 52024 --- [app_aurora] [           main] org.hibernate.orm.results                : Extracted JDBC value [5] - [user]
2024-07-23T15:04:28.475-05:00 DEBUG 52024 --- [app_aurora] [           main] o.hibernate.orm.results.loading.entity   : (EntityResultInitializer) Done materializing entityInstance : NameCheap.nameCheap.entidades.Usuario(2748433852960400)#1
2024-07-23T15:04:28.475-05:00 DEBUG 52024 --- [app_aurora] [           main] org.hibernate.orm.results.loading        : Calling top-level assembler (0 / 1) : org.hibernate.sql.results.graph.entity.internal.EntityAssembler@5f8c319
2024-07-23T15:04:28.478-05:00 DEBUG 52024 --- [app_aurora] [           main] org.hibernate.orm.sql.ast.create         : Created new SQL alias : u1_0
2024-07-23T15:04:28.478-05:00 DEBUG 52024 --- [app_aurora] [           main] org.hibernate.orm.sql.ast.create         : Registration of TableGroup [StandardTableGroup(NameCheap.nameCheap.entidades.Usuario(2748433852960400))] with identifierForTableGroup [NameCheap.nameCheap.entidades.Usuario] for NavigablePath [NameCheap.nameCheap.entidades.Usuario] 
2024-07-23T15:04:28.478-05:00 DEBUG 52024 --- [app_aurora] [           main] org.hibernate.orm.sql.ast.create         : Registration of TableGroup [org.hibernate.sql.ast.tree.from.LazyTableGroup@7951a08c] with identifierForTableGroup [NameCheap.nameCheap.entidades.Usuario.rol] for NavigablePath [NameCheap.nameCheap.entidades.Usuario.rol] 
2024-07-23T15:04:28.478-05:00 DEBUG 52024 --- [app_aurora] [           main] o.h.q.sqm.sql.BaseSqmToSqlAstConverter   : Determining mapping-model type for SqmParameter : org.hibernate.query.sqm.tree.expression.SqmJpaCriteriaParameterWrapper@73602e88
2024-07-23T15:04:28.478-05:00 DEBUG 52024 --- [app_aurora] [           main] o.h.q.sqm.sql.BaseSqmToSqlAstConverter   : Determining mapping-model type for SqmPath : SqmBasicValuedSimplePath(NameCheap.nameCheap.entidades.Usuario(2748433852960400).username) 
2024-07-23T15:04:28.479-05:00 DEBUG 52024 --- [app_aurora] [           main] org.hibernate.orm.results.graph.AST      : DomainResult Graph:
 \-EntityResultImpl [NameCheap.nameCheap.entidades.Usuario(2748433852960400)]
 |  +-BasicFetch [NameCheap.nameCheap.entidades.Usuario(2748433852960400).email]
 |  +-BasicFetch [NameCheap.nameCheap.entidades.Usuario(2748433852960400).nombre]
 |  +-BasicFetch [NameCheap.nameCheap.entidades.Usuario(2748433852960400).password]
 |  +-EntityFetchSelectImpl [NameCheap.nameCheap.entidades.Usuario(2748433852960400).rol]
 |  \-BasicFetch [NameCheap.nameCheap.entidades.Usuario(2748433852960400).username]

2024-07-23T15:04:28.479-05:00 DEBUG 52024 --- [app_aurora] [           main] org.hibernate.orm.sql.ast.tree           : SQL AST Tree:
    SelectStatement {
      FromClause {
        StandardTableGroup (u1 : NameCheap.nameCheap.entidades.Usuario(2748433852960400)) {
          primaryTableReference : usuario as u1_0
          TableGroupJoins {
            left  join LazyTableGroup (r1 : NameCheap.nameCheap.entidades.Usuario(2748433852960400).rol) {
            }
          }
        }
      }
    }

2024-07-23T15:04:28.479-05:00 DEBUG 52024 --- [app_aurora] [           main] org.hibernate.orm.sql.exec               : Skipping reading Query result cache data: cache-enabled = false, cache-mode = NORMAL
2024-07-23T15:04:28.479-05:00 DEBUG 52024 --- [app_aurora] [           main] org.hibernate.orm.results                : Initializer list:
	  NameCheap.nameCheap.entidades.Usuario(2748433852960400) -> EntityResultInitializer(NameCheap.nameCheap.entidades.Usuario(2748433852960400))@217114804 (SingleTableEntityPersister(NameCheap.nameCheap.entidades.Usuario))
	  NameCheap.nameCheap.entidades.Usuario(2748433852960400).rol -> EntitySelectFetchInitializer(NameCheap.nameCheap.entidades.Usuario(2748433852960400).rol)@1783877084 (ToOneAttributeMapping(NavigableRole[NameCheap.nameCheap.entidades.Usuario.rol])@141458554)

2024-07-23T15:04:28.479-05:00 DEBUG 52024 --- [app_aurora] [           main] org.hibernate.SQL                        : select u1_0.id,u1_0.email,u1_0.nombre,u1_0.password,u1_0.rol_id,u1_0.username from usuario u1_0 where u1_0.username=?
2024-07-23T15:04:28.676-05:00 DEBUG 52024 --- [app_aurora] [           main] org.hibernate.orm.results                : Extracted JDBC value [0] - [2]
2024-07-23T15:04:28.676-05:00 DEBUG 52024 --- [app_aurora] [           main] o.hibernate.orm.results.loading.entity   : (EntityResultInitializer) Hydrated EntityKey (NameCheap.nameCheap.entidades.Usuario(2748433852960400)): 2
2024-07-23T15:04:28.676-05:00 DEBUG 52024 --- [app_aurora] [           main] o.hibernate.orm.results.loading.entity   : (EntityResultInitializer) Created new entity instance [NameCheap.nameCheap.entidades.Usuario(2748433852960400)#2] : 1602012925
2024-07-23T15:04:28.676-05:00 DEBUG 52024 --- [app_aurora] [           main] org.hibernate.orm.results                : Extracted JDBC value [4] - [2]
2024-07-23T15:04:28.677-05:00 DEBUG 52024 --- [app_aurora] [           main] o.hibernate.orm.results.loading.entity   : (EntitySelectFetchInitializer) Invoking session#internalLoad for entity (NameCheap.nameCheap.entidades.Usuario(2748433852960400).rol#2) : 2
2024-07-23T15:04:28.677-05:00 DEBUG 52024 --- [app_aurora] [           main] org.hibernate.orm.sql.exec               : Skipping reading Query result cache data: cache-enabled = false, cache-mode = IGNORE
2024-07-23T15:04:28.678-05:00 DEBUG 52024 --- [app_aurora] [           main] org.hibernate.orm.results                : Initializer list:
	  NameCheap.nameCheap.entidades.Rol.usuario.{element}.rol.usuario -> SelectEagerCollectionInitializer(NameCheap.nameCheap.entidades.Rol.usuario.{element}.rol.usuario)@724950499 (PluralAttribute(NameCheap.nameCheap.entidades.Rol.usuario))
	  NameCheap.nameCheap.entidades.Rol.usuario -> BagInitializer(NameCheap.nameCheap.entidades.Rol.usuario)@660935114 (PluralAttribute(NameCheap.nameCheap.entidades.Rol.usuario))
	  NameCheap.nameCheap.entidades.Rol.usuario.{element}.rol -> EntityJoinedFetchInitializer(NameCheap.nameCheap.entidades.Rol.usuario.{element}.rol)@1659777734 (ToOneAttributeMapping(NavigableRole[NameCheap.nameCheap.entidades.Usuario.rol])@141458554)
	  NameCheap.nameCheap.entidades.Rol -> EntityResultInitializer(NameCheap.nameCheap.entidades.Rol)@1528580936 (SingleTableEntityPersister(NameCheap.nameCheap.entidades.Rol))
	  NameCheap.nameCheap.entidades.Rol.usuario.{element} -> EntityJoinedFetchInitializer(NameCheap.nameCheap.entidades.Rol.usuario.{element})@1581473549 (EntityCollectionPart(NameCheap.nameCheap.entidades.Rol.usuario#{element})@971233882)

2024-07-23T15:04:28.678-05:00 DEBUG 52024 --- [app_aurora] [           main] org.hibernate.SQL                        : select r1_0.id,r1_0.descripcion,r1_0.nombre,u1_0.usuario_id,u1_0.id,u1_0.email,u1_0.nombre,u1_0.password,r2_0.id,r2_0.descripcion,r2_0.nombre,u1_0.username from rol r1_0 left join usuario u1_0 on r1_0.id=u1_0.usuario_id left join rol r2_0 on r2_0.id=u1_0.rol_id where r1_0.id=?
2024-07-23T15:04:28.881-05:00 DEBUG 52024 --- [app_aurora] [           main] o.hibernate.orm.results.loading.entity   : (EntityResultInitializer) Hydrated EntityKey (NameCheap.nameCheap.entidades.Rol): 2
2024-07-23T15:04:28.881-05:00 DEBUG 52024 --- [app_aurora] [           main] o.h.o.r.l.o.h.o.r.loading.collection     : (BagInitializer) Current row collection key : NameCheap.nameCheap.entidades.Rol.usuario#2
2024-07-23T15:04:28.881-05:00 DEBUG 52024 --- [app_aurora] [           main] org.hibernate.orm.results                : Extracted JDBC value [3] - [null]
2024-07-23T15:04:28.882-05:00 DEBUG 52024 --- [app_aurora] [           main] org.hibernate.orm.results                : Extracted JDBC value [4] - [null]
2024-07-23T15:04:28.882-05:00 DEBUG 52024 --- [app_aurora] [           main] o.hibernate.orm.results.loading.entity   : (EntityJoinedFetchInitializer) EntityKey (NameCheap.nameCheap.entidades.Rol.usuario.{element}) is null
2024-07-23T15:04:28.882-05:00 DEBUG 52024 --- [app_aurora] [           main] o.hibernate.orm.results.loading.entity   : (EntityResultInitializer) Created new entity instance [NameCheap.nameCheap.entidades.Rol#2] : 2075380660
2024-07-23T15:04:28.882-05:00 DEBUG 52024 --- [app_aurora] [           main] o.h.o.r.l.o.h.o.r.loading.collection     : (BagInitializer) Created new collection wrapper [NameCheap.nameCheap.entidades.Rol.usuario#2] : org.hibernate.collection.spi.PersistentBag@1070356728
2024-07-23T15:04:28.882-05:00 DEBUG 52024 --- [app_aurora] [           main] o.h.o.r.l.o.h.o.r.loading.collection     : (BagInitializer) Responsible for loading collection [NameCheap.nameCheap.entidades.Rol.usuario#2] : org.hibernate.collection.spi.PersistentBag@1070356728
2024-07-23T15:04:28.882-05:00 DEBUG 52024 --- [app_aurora] [           main] org.hibernate.orm.results                : Extracted JDBC value [1] - [null]
2024-07-23T15:04:28.882-05:00 DEBUG 52024 --- [app_aurora] [           main] org.hibernate.orm.results                : Extracted JDBC value [2] - [admin]
2024-07-23T15:04:28.883-05:00 DEBUG 52024 --- [app_aurora] [           main] o.hibernate.orm.results.loading.entity   : (EntityResultInitializer) Done materializing entityInstance : NameCheap.nameCheap.entidades.Rol#2
2024-07-23T15:04:28.883-05:00 DEBUG 52024 --- [app_aurora] [           main] org.hibernate.orm.results.loading        : Calling top-level assembler (0 / 1) : org.hibernate.sql.results.graph.entity.internal.EntityAssembler@51f714d1
2024-07-23T15:04:28.883-05:00 DEBUG 52024 --- [app_aurora] [           main] o.h.sql.results.internal.ResultsHelper   : Collection fully initialized: [NameCheap.nameCheap.entidades.Rol.usuario#2]
2024-07-23T15:04:28.883-05:00 DEBUG 52024 --- [app_aurora] [           main] o.hibernate.orm.results.loading.entity   : (EntitySelectFetchInitializer) Entity [NameCheap.nameCheap.entidades.Usuario(2748433852960400).rol#2] : 2 has being loaded by session.internalLoad.
2024-07-23T15:04:28.884-05:00 DEBUG 52024 --- [app_aurora] [           main] org.hibernate.orm.results                : Extracted JDBC value [1] - [josedavids123@live.com]
2024-07-23T15:04:28.884-05:00 DEBUG 52024 --- [app_aurora] [           main] org.hibernate.orm.results                : Extracted JDBC value [2] - [admin]
2024-07-23T15:04:28.884-05:00 DEBUG 52024 --- [app_aurora] [           main] org.hibernate.orm.results                : Extracted JDBC value [3] - [$2a$10$OeSPEYiNVGCBi6nJpSCudemOYGoqUf0IVvEfI7jsoRoZVQ.xDhrX2]
2024-07-23T15:04:28.884-05:00 DEBUG 52024 --- [app_aurora] [           main] org.hibernate.orm.results                : Extracted JDBC value [5] - [admin]
2024-07-23T15:04:28.884-05:00 DEBUG 52024 --- [app_aurora] [           main] o.hibernate.orm.results.loading.entity   : (EntityResultInitializer) Done materializing entityInstance : NameCheap.nameCheap.entidades.Usuario(2748433852960400)#2
2024-07-23T15:04:28.884-05:00 DEBUG 52024 --- [app_aurora] [           main] org.hibernate.orm.results.loading        : Calling top-level assembler (0 / 1) : org.hibernate.sql.results.graph.entity.internal.EntityAssembler@1263d20d
2024-07-23T15:04:28.888-05:00 DEBUG 52024 --- [app_aurora] [           main] org.hibernate.orm.sql.ast.create         : Created new SQL alias : r1_0
2024-07-23T15:04:28.888-05:00 DEBUG 52024 --- [app_aurora] [           main] org.hibernate.orm.sql.ast.create         : Registration of TableGroup [StandardTableGroup(NameCheap.nameCheap.entidades.Rol(2748434365977900))] with identifierForTableGroup [NameCheap.nameCheap.entidades.Rol] for NavigablePath [NameCheap.nameCheap.entidades.Rol] 
2024-07-23T15:04:28.889-05:00 DEBUG 52024 --- [app_aurora] [           main] o.h.q.sqm.sql.BaseSqmToSqlAstConverter   : Determining mapping-model type for SqmParameter : org.hibernate.query.sqm.tree.expression.SqmJpaCriteriaParameterWrapper@4603845b
2024-07-23T15:04:28.889-05:00 DEBUG 52024 --- [app_aurora] [           main] o.h.q.sqm.sql.BaseSqmToSqlAstConverter   : Determining mapping-model type for SqmPath : SqmBasicValuedSimplePath(NameCheap.nameCheap.entidades.Rol(2748434365977900).nombre) 
2024-07-23T15:04:28.890-05:00 DEBUG 52024 --- [app_aurora] [           main] org.hibernate.orm.results.graph.AST      : DomainResult Graph:
 \-EntityResultImpl [NameCheap.nameCheap.entidades.Rol(2748434365977900)]
 |  +-BasicFetch [NameCheap.nameCheap.entidades.Rol(2748434365977900).descripcion]
 |  +-BasicFetch [NameCheap.nameCheap.entidades.Rol(2748434365977900).nombre]
 |  \-SelectEagerCollectionFetch [NameCheap.nameCheap.entidades.Rol(2748434365977900).usuario]

2024-07-23T15:04:28.890-05:00 DEBUG 52024 --- [app_aurora] [           main] org.hibernate.orm.sql.ast.tree           : SQL AST Tree:
    SelectStatement {
      FromClause {
        StandardTableGroup (r1 : NameCheap.nameCheap.entidades.Rol(2748434365977900)) {
          primaryTableReference : rol as r1_0
        }
      }
    }

2024-07-23T15:04:28.890-05:00 DEBUG 52024 --- [app_aurora] [           main] org.hibernate.orm.sql.exec               : Skipping reading Query result cache data: cache-enabled = false, cache-mode = NORMAL
2024-07-23T15:04:28.891-05:00 DEBUG 52024 --- [app_aurora] [           main] org.hibernate.orm.results                : Initializer list:
	  NameCheap.nameCheap.entidades.Rol(2748434365977900).usuario -> SelectEagerCollectionInitializer(NameCheap.nameCheap.entidades.Rol(2748434365977900).usuario)@1610277935 (PluralAttribute(NameCheap.nameCheap.entidades.Rol.usuario))
	  NameCheap.nameCheap.entidades.Rol(2748434365977900) -> EntityResultInitializer(NameCheap.nameCheap.entidades.Rol(2748434365977900))@92373719 (SingleTableEntityPersister(NameCheap.nameCheap.entidades.Rol))

2024-07-23T15:04:28.891-05:00 DEBUG 52024 --- [app_aurora] [           main] org.hibernate.SQL                        : select r1_0.id,r1_0.descripcion,r1_0.nombre from rol r1_0 where r1_0.nombre=?
2024-07-23T15:04:29.129-05:00 DEBUG 52024 --- [app_aurora] [           main] org.hibernate.orm.results                : Extracted JDBC value [0] - [1]
2024-07-23T15:04:29.129-05:00 DEBUG 52024 --- [app_aurora] [           main] o.hibernate.orm.results.loading.entity   : (EntityResultInitializer) Hydrated EntityKey (NameCheap.nameCheap.entidades.Rol(2748434365977900)): 1
2024-07-23T15:04:29.129-05:00 DEBUG 52024 --- [app_aurora] [           main] o.h.o.r.l.o.h.o.r.loading.collection     : (SelectEagerCollectionInitializer) Current row collection key : NameCheap.nameCheap.entidades.Rol(2748434365977900).usuario#1
2024-07-23T15:04:29.129-05:00 DEBUG 52024 --- [app_aurora] [           main] o.hibernate.orm.results.loading.entity   : (EntityResultInitializer) Created new entity instance [NameCheap.nameCheap.entidades.Rol(2748434365977900)#1] : 1838180779
2024-07-23T15:04:29.129-05:00 DEBUG 52024 --- [app_aurora] [           main] org.hibernate.orm.results                : Extracted JDBC value [1] - [null]
2024-07-23T15:04:29.129-05:00 DEBUG 52024 --- [app_aurora] [           main] org.hibernate.orm.results                : Extracted JDBC value [2] - [user]
2024-07-23T15:04:29.129-05:00 DEBUG 52024 --- [app_aurora] [           main] o.hibernate.orm.results.loading.entity   : (EntityResultInitializer) Done materializing entityInstance : NameCheap.nameCheap.entidades.Rol(2748434365977900)#1
2024-07-23T15:04:29.129-05:00 DEBUG 52024 --- [app_aurora] [           main] org.hibernate.orm.results.loading        : Calling top-level assembler (0 / 1) : org.hibernate.sql.results.graph.entity.internal.EntityAssembler@69abff1d
2024-07-23T15:04:29.129-05:00 DEBUG 52024 --- [app_aurora] [           main] org.hibernate.orm.sql.exec               : Skipping reading Query result cache data: cache-enabled = false, cache-mode = IGNORE
2024-07-23T15:04:29.129-05:00 DEBUG 52024 --- [app_aurora] [           main] org.hibernate.orm.results                : Initializer list:
	  NameCheap.nameCheap.entidades.Rol.usuario.{element}.rol -> EntityJoinedFetchInitializer(NameCheap.nameCheap.entidades.Rol.usuario.{element}.rol)@1602467078 (ToOneAttributeMapping(NavigableRole[NameCheap.nameCheap.entidades.Usuario.rol])@141458554)
	  NameCheap.nameCheap.entidades.Rol.usuario.{element} -> EntityJoinedFetchInitializer(NameCheap.nameCheap.entidades.Rol.usuario.{element})@1495876679 (EntityCollectionPart(NameCheap.nameCheap.entidades.Rol.usuario#{element})@971233882)
	  NameCheap.nameCheap.entidades.Rol.usuario.{element}.rol.usuario -> SelectEagerCollectionInitializer(NameCheap.nameCheap.entidades.Rol.usuario.{element}.rol.usuario)@326610761 (PluralAttribute(NameCheap.nameCheap.entidades.Rol.usuario))
	  NameCheap.nameCheap.entidades.Rol.usuario -> BagInitializer(NameCheap.nameCheap.entidades.Rol.usuario)@456538529 (PluralAttribute(NameCheap.nameCheap.entidades.Rol.usuario))

2024-07-23T15:04:29.129-05:00 DEBUG 52024 --- [app_aurora] [           main] org.hibernate.SQL                        : select u1_0.usuario_id,u1_0.id,u1_0.email,u1_0.nombre,u1_0.password,r1_0.id,r1_0.descripcion,r1_0.nombre,u1_0.username from usuario u1_0 left join rol r1_0 on r1_0.id=u1_0.rol_id where u1_0.usuario_id=?
2024-07-23T15:04:29.326-05:00 DEBUG 52024 --- [app_aurora] [           main] o.h.sql.results.internal.ResultsHelper   : Collection fully initialized: [NameCheap.nameCheap.entidades.Rol.usuario#1]
2024-07-23T15:04:29.326-05:00 DEBUG 52024 --- [app_aurora] [           main] org.hibernate.orm.sql.ast.create         : Created new SQL alias : r1_0
2024-07-23T15:04:29.326-05:00 DEBUG 52024 --- [app_aurora] [           main] org.hibernate.orm.sql.ast.create         : Registration of TableGroup [StandardTableGroup(NameCheap.nameCheap.entidades.Rol(2748434365977900))] with identifierForTableGroup [NameCheap.nameCheap.entidades.Rol] for NavigablePath [NameCheap.nameCheap.entidades.Rol] 
2024-07-23T15:04:29.326-05:00 DEBUG 52024 --- [app_aurora] [           main] o.h.q.sqm.sql.BaseSqmToSqlAstConverter   : Determining mapping-model type for SqmParameter : org.hibernate.query.sqm.tree.expression.SqmJpaCriteriaParameterWrapper@4eb5cdae
2024-07-23T15:04:29.326-05:00 DEBUG 52024 --- [app_aurora] [           main] o.h.q.sqm.sql.BaseSqmToSqlAstConverter   : Determining mapping-model type for SqmPath : SqmBasicValuedSimplePath(NameCheap.nameCheap.entidades.Rol(2748434365977900).nombre) 
2024-07-23T15:04:29.326-05:00 DEBUG 52024 --- [app_aurora] [           main] org.hibernate.orm.results.graph.AST      : DomainResult Graph:
 \-EntityResultImpl [NameCheap.nameCheap.entidades.Rol(2748434365977900)]
 |  +-BasicFetch [NameCheap.nameCheap.entidades.Rol(2748434365977900).descripcion]
 |  +-BasicFetch [NameCheap.nameCheap.entidades.Rol(2748434365977900).nombre]
 |  \-SelectEagerCollectionFetch [NameCheap.nameCheap.entidades.Rol(2748434365977900).usuario]

2024-07-23T15:04:29.326-05:00 DEBUG 52024 --- [app_aurora] [           main] org.hibernate.orm.sql.ast.tree           : SQL AST Tree:
    SelectStatement {
      FromClause {
        StandardTableGroup (r1 : NameCheap.nameCheap.entidades.Rol(2748434365977900)) {
          primaryTableReference : rol as r1_0
        }
      }
    }

2024-07-23T15:04:29.326-05:00 DEBUG 52024 --- [app_aurora] [           main] org.hibernate.orm.sql.exec               : Skipping reading Query result cache data: cache-enabled = false, cache-mode = NORMAL
2024-07-23T15:04:29.326-05:00 DEBUG 52024 --- [app_aurora] [           main] org.hibernate.orm.results                : Initializer list:
	  NameCheap.nameCheap.entidades.Rol(2748434365977900).usuario -> SelectEagerCollectionInitializer(NameCheap.nameCheap.entidades.Rol(2748434365977900).usuario)@1524657299 (PluralAttribute(NameCheap.nameCheap.entidades.Rol.usuario))
	  NameCheap.nameCheap.entidades.Rol(2748434365977900) -> EntityResultInitializer(NameCheap.nameCheap.entidades.Rol(2748434365977900))@978850524 (SingleTableEntityPersister(NameCheap.nameCheap.entidades.Rol))

2024-07-23T15:04:29.326-05:00 DEBUG 52024 --- [app_aurora] [           main] org.hibernate.SQL                        : select r1_0.id,r1_0.descripcion,r1_0.nombre from rol r1_0 where r1_0.nombre=?
2024-07-23T15:04:29.536-05:00 DEBUG 52024 --- [app_aurora] [           main] org.hibernate.orm.results                : Extracted JDBC value [0] - [2]
2024-07-23T15:04:29.537-05:00 DEBUG 52024 --- [app_aurora] [           main] o.hibernate.orm.results.loading.entity   : (EntityResultInitializer) Hydrated EntityKey (NameCheap.nameCheap.entidades.Rol(2748434365977900)): 2
2024-07-23T15:04:29.537-05:00 DEBUG 52024 --- [app_aurora] [           main] o.h.o.r.l.o.h.o.r.loading.collection     : (SelectEagerCollectionInitializer) Current row collection key : NameCheap.nameCheap.entidades.Rol(2748434365977900).usuario#2
2024-07-23T15:04:29.537-05:00 DEBUG 52024 --- [app_aurora] [           main] o.hibernate.orm.results.loading.entity   : (EntityResultInitializer) Created new entity instance [NameCheap.nameCheap.entidades.Rol(2748434365977900)#2] : 268518489
2024-07-23T15:04:29.537-05:00 DEBUG 52024 --- [app_aurora] [           main] org.hibernate.orm.results                : Extracted JDBC value [1] - [null]
2024-07-23T15:04:29.537-05:00 DEBUG 52024 --- [app_aurora] [           main] org.hibernate.orm.results                : Extracted JDBC value [2] - [admin]
2024-07-23T15:04:29.538-05:00 DEBUG 52024 --- [app_aurora] [           main] o.hibernate.orm.results.loading.entity   : (EntityResultInitializer) Done materializing entityInstance : NameCheap.nameCheap.entidades.Rol(2748434365977900)#2
2024-07-23T15:04:29.538-05:00 DEBUG 52024 --- [app_aurora] [           main] org.hibernate.orm.results.loading        : Calling top-level assembler (0 / 1) : org.hibernate.sql.results.graph.entity.internal.EntityAssembler@216a3aba
2024-07-23T15:04:29.538-05:00 DEBUG 52024 --- [app_aurora] [           main] org.hibernate.orm.sql.exec               : Skipping reading Query result cache data: cache-enabled = false, cache-mode = IGNORE
2024-07-23T15:04:29.539-05:00 DEBUG 52024 --- [app_aurora] [           main] org.hibernate.orm.results                : Initializer list:
	  NameCheap.nameCheap.entidades.Rol.usuario.{element}.rol -> EntityJoinedFetchInitializer(NameCheap.nameCheap.entidades.Rol.usuario.{element}.rol)@332374508 (ToOneAttributeMapping(NavigableRole[NameCheap.nameCheap.entidades.Usuario.rol])@141458554)
	  NameCheap.nameCheap.entidades.Rol.usuario.{element} -> EntityJoinedFetchInitializer(NameCheap.nameCheap.entidades.Rol.usuario.{element})@1382582064 (EntityCollectionPart(NameCheap.nameCheap.entidades.Rol.usuario#{element})@971233882)
	  NameCheap.nameCheap.entidades.Rol.usuario.{element}.rol.usuario -> SelectEagerCollectionInitializer(NameCheap.nameCheap.entidades.Rol.usuario.{element}.rol.usuario)@573032493 (PluralAttribute(NameCheap.nameCheap.entidades.Rol.usuario))
	  NameCheap.nameCheap.entidades.Rol.usuario -> BagInitializer(NameCheap.nameCheap.entidades.Rol.usuario)@462452169 (PluralAttribute(NameCheap.nameCheap.entidades.Rol.usuario))

2024-07-23T15:04:29.539-05:00 DEBUG 52024 --- [app_aurora] [           main] org.hibernate.SQL                        : select u1_0.usuario_id,u1_0.id,u1_0.email,u1_0.nombre,u1_0.password,r1_0.id,r1_0.descripcion,r1_0.nombre,u1_0.username from usuario u1_0 left join rol r1_0 on r1_0.id=u1_0.rol_id where u1_0.usuario_id=?
2024-07-23T15:04:29.752-05:00 DEBUG 52024 --- [app_aurora] [           main] o.h.sql.results.internal.ResultsHelper   : Collection fully initialized: [NameCheap.nameCheap.entidades.Rol.usuario#2]
Usuario ya existe
Usuario admin ya existe
2024-07-23T15:04:29.755-05:00 DEBUG 52024 --- [app_aurora] [           main] o.s.b.a.ApplicationAvailabilityBean      : Application availability state ReadinessState changed to ACCEPTING_TRAFFIC
]]></system-out>
  </testcase>
</testsuite>